In file included from [01m[K/home/jakeluo/Documents/MonitoringSystemRos2/src/droneutility/src/threadsafequeue.cpp:1[m[K:
[01m[K/home/jakeluo/Documents/MonitoringSystemRos2/src/droneutility/include/threadsafequeue.hpp:14:18:[m[K [01;31m[Kerror: [m[Kâ€˜[01m[Kcondition_variable[m[Kâ€™ in namespace â€˜[01m[Kstd[m[Kâ€™ does not name a type
   14 |     mutable std::[01;31m[Kcondition_variable[m[K data_cond;
      |                  [01;31m[K^~~~~~~~~~~~~~~~~~[m[K
[01m[K/home/jakeluo/Documents/MonitoringSystemRos2/src/droneutility/include/threadsafequeue.hpp:4:1:[m[K [01;36m[Knote: [m[Kâ€˜[01m[Kstd::condition_variable[m[Kâ€™ is defined in header â€˜[01m[K<condition_variable>[m[Kâ€™; did you forget to â€˜[01m[K#include <condition_variable>[m[Kâ€™?
    3 | #include <mutex>
  +++ |+[32m[K#include <condition_variable>[m[K
    4 | 
[01m[K/home/jakeluo/Documents/MonitoringSystemRos2/src/droneutility/src/threadsafequeue.cpp:[m[K In constructor â€˜[01m[KThreadSafeQueue<T>::ThreadSafeQueue(std::initializer_list<typename std::queue<T>::value_type>)[m[Kâ€™:
[01m[K/home/jakeluo/Documents/MonitoringSystemRos2/src/droneutility/src/threadsafequeue.cpp:18:118:[m[K [01;31m[Kerror: [m[Kexpected â€˜[01m[K{[m[Kâ€™ before â€˜[01m[K;[m[Kâ€™ token
   18 | ThreadSafeQueue<T>::ThreadSafeQueue(std::initializer_list<value_type> list):ThreadSafeQueue(list.begin(), list.end())[01;31m[K;[m[K
      |                                                                                                                      [01;31m[K^[m[K
[01m[K/home/jakeluo/Documents/MonitoringSystemRos2/src/droneutility/src/threadsafequeue.cpp:[m[K At global scope:
[01m[K/home/jakeluo/Documents/MonitoringSystemRos2/src/droneutility/src/threadsafequeue.cpp:18:118:[m[K [01;35m[Kwarning: [m[Kextra â€˜[01m[K;[m[Kâ€™ [[01;35m[K-Wpedantic[m[K]
[01m[K/home/jakeluo/Documents/MonitoringSystemRos2/src/droneutility/src/threadsafequeue.cpp:[m[K In member function â€˜[01m[Kvoid ThreadSafeQueue<T>::push(const value_type&)[m[Kâ€™:
[01m[K/home/jakeluo/Documents/MonitoringSystemRos2/src/droneutility/src/threadsafequeue.cpp:25:5:[m[K [01;31m[Kerror: [m[Kâ€˜[01m[Kdata_cond[m[Kâ€™ was not declared in this scope
   25 |     [01;31m[Kdata_cond[m[K.notify_one();
      |     [01;31m[K^~~~~~~~~[m[K
[01m[K/home/jakeluo/Documents/MonitoringSystemRos2/src/droneutility/src/threadsafequeue.cpp:[m[K At global scope:
[01m[K/home/jakeluo/Documents/MonitoringSystemRos2/src/droneutility/src/threadsafequeue.cpp:29:1:[m[K [01;31m[Kerror: [m[Kneed â€˜[01m[Ktypename[m[Kâ€™ before â€˜[01m[KThreadSafeQueue<T>::value_type[m[Kâ€™ because â€˜[01m[KThreadSafeQueue<T>[m[Kâ€™ is a dependent scope
   29 | [01;31m[KThreadSafeQueue<T>[m[K::value_type ThreadSafeQueue<T>::wait_and_pop()
      | [01;31m[K^~~~~~~~~~~~~~~~~~[m[K
      | [32m[Ktypename [m[K
make[2]: *** [CMakeFiles/threadsafequeue.dir/build.make:63ï¼šCMakeFiles/threadsafequeue.dir/src/threadsafequeue.cpp.o] é”™è¯¯ 1
make[1]: *** [CMakeFiles/Makefile2:136ï¼šCMakeFiles/threadsafequeue.dir/all] é”™è¯¯ 2
make[1]: *** æ­£åœ¨ç­‰å¾…æœªå®Œæˆçš„ä»»åŠ¡....
/usr/bin/ld: CMakeFiles/dronemanager.dir/src/droneManager.cpp.o: in function `dronenamespace::DroneManager::recvVideoThread(std::__cxx11::basic_string<char, std::char_traits<char>, std::allocator<char> >)':
droneManager.cpp:(.text+0x1c29): undefined reference to `ThreadSafeQueue<AVFrame>::push(AVFrame const&)'
/usr/bin/ld: droneManager.cpp:(.text+0x1d6c): undefined reference to `ThreadSafeQueue<AVFrame>::size() const'
collect2: error: ld returned 1 exit status
make[2]: *** [CMakeFiles/dronemanager.dir/build.make:140ï¼šdronemanager] é”™è¯¯ 1
make[1]: *** [CMakeFiles/Makefile2:109ï¼šCMakeFiles/dronemanager.dir/all] é”™è¯¯ 2
make: *** [Makefile:141ï¼šall] é”™è¯¯ 2
