In file included from [01m[K/home/jakeluo/Documents/MonitoringSystemRos2/src/droneutility/src/threadsafequeue.cpp:1[m[K:
[01m[K/home/jakeluo/Documents/MonitoringSystemRos2/src/droneutility/include/threadsafequeue.hpp:14:18:[m[K [01;31m[Kerror: [m[K‘[01m[Kcondition_variable[m[K’ in namespace ‘[01m[Kstd[m[K’ does not name a type
   14 |     mutable std::[01;31m[Kcondition_variable[m[K data_cond;
      |                  [01;31m[K^~~~~~~~~~~~~~~~~~[m[K
[01m[K/home/jakeluo/Documents/MonitoringSystemRos2/src/droneutility/include/threadsafequeue.hpp:4:1:[m[K [01;36m[Knote: [m[K‘[01m[Kstd::condition_variable[m[K’ is defined in header ‘[01m[K<condition_variable>[m[K’; did you forget to ‘[01m[K#include <condition_variable>[m[K’?
    3 | #include <mutex>
  +++ |+[32m[K#include <condition_variable>[m[K
    4 | 
[01m[K/home/jakeluo/Documents/MonitoringSystemRos2/src/droneutility/src/threadsafequeue.cpp:[m[K In constructor ‘[01m[KThreadSafeQueue<T>::ThreadSafeQueue(std::initializer_list<typename std::queue<T>::value_type>)[m[K’:
[01m[K/home/jakeluo/Documents/MonitoringSystemRos2/src/droneutility/src/threadsafequeue.cpp:18:118:[m[K [01;31m[Kerror: [m[Kexpected ‘[01m[K{[m[K’ before ‘[01m[K;[m[K’ token
   18 | ThreadSafeQueue<T>::ThreadSafeQueue(std::initializer_list<value_type> list):ThreadSafeQueue(list.begin(), list.end())[01;31m[K;[m[K
      |                                                                                                                      [01;31m[K^[m[K
[01m[K/home/jakeluo/Documents/MonitoringSystemRos2/src/droneutility/src/threadsafequeue.cpp:[m[K At global scope:
[01m[K/home/jakeluo/Documents/MonitoringSystemRos2/src/droneutility/src/threadsafequeue.cpp:18:118:[m[K [01;35m[Kwarning: [m[Kextra ‘[01m[K;[m[K’ [[01;35m[K-Wpedantic[m[K]
[01m[K/home/jakeluo/Documents/MonitoringSystemRos2/src/droneutility/src/threadsafequeue.cpp:[m[K In member function ‘[01m[Kvoid ThreadSafeQueue<T>::push(const value_type&)[m[K’:
[01m[K/home/jakeluo/Documents/MonitoringSystemRos2/src/droneutility/src/threadsafequeue.cpp:25:5:[m[K [01;31m[Kerror: [m[K‘[01m[Kdata_cond[m[K’ was not declared in this scope
   25 |     [01;31m[Kdata_cond[m[K.notify_one();
      |     [01;31m[K^~~~~~~~~[m[K
[01m[K/home/jakeluo/Documents/MonitoringSystemRos2/src/droneutility/src/threadsafequeue.cpp:[m[K At global scope:
[01m[K/home/jakeluo/Documents/MonitoringSystemRos2/src/droneutility/src/threadsafequeue.cpp:29:1:[m[K [01;31m[Kerror: [m[Kneed ‘[01m[Ktypename[m[K’ before ‘[01m[KThreadSafeQueue<T>::value_type[m[K’ because ‘[01m[KThreadSafeQueue<T>[m[K’ is a dependent scope
   29 | [01;31m[KThreadSafeQueue<T>[m[K::value_type ThreadSafeQueue<T>::wait_and_pop()
      | [01;31m[K^~~~~~~~~~~~~~~~~~[m[K
      | [32m[Ktypename [m[K
make[2]: *** [CMakeFiles/threadsafequeue.dir/build.make:63：CMakeFiles/threadsafequeue.dir/src/threadsafequeue.cpp.o] 错误 1
make[1]: *** [CMakeFiles/Makefile2:136：CMakeFiles/threadsafequeue.dir/all] 错误 2
make[1]: *** 正在等待未完成的任务....
/usr/bin/ld: CMakeFiles/dronemanager.dir/src/droneManager.cpp.o: in function `dronenamespace::DroneManager::recvVideoThread(std::__cxx11::basic_string<char, std::char_traits<char>, std::allocator<char> >)':
droneManager.cpp:(.text+0x1c29): undefined reference to `ThreadSafeQueue<AVFrame>::push(AVFrame const&)'
/usr/bin/ld: droneManager.cpp:(.text+0x1d6c): undefined reference to `ThreadSafeQueue<AVFrame>::size() const'
collect2: error: ld returned 1 exit status
make[2]: *** [CMakeFiles/dronemanager.dir/build.make:140：dronemanager] 错误 1
make[1]: *** [CMakeFiles/Makefile2:109：CMakeFiles/dronemanager.dir/all] 错误 2
make: *** [Makefile:141：all] 错误 2
