-- Found ament_cmake: 1.1.4 (/home/jakeluo/Software/ros2_rolling/install/ament_cmake/share/ament_cmake/cmake)
-- Found ament_lint_auto: 0.11.2 (/home/jakeluo/Software/ros2_rolling/install/ament_lint_auto/share/ament_lint_auto/cmake)
-- Added test 'copyright' to check source files copyright and LICENSE
-- Added test 'cppcheck' to perform static code analysis on C / C++ code
-- Configured cppcheck include dirs: $<BUILD_INTERFACE:/home/jakeluo/Documents/MonitoringSystemRos2/src/test1/include>
-- Configured cppcheck exclude dirs and/or files: 
-- Added test 'cpplint' to check C / C++ code against the Google style
-- Configured cpplint exclude dirs and/or files: 
-- Added test 'lint_cmake' to check CMake code style
-- Added test 'uncrustify' to check C / C++ code style
-- Configured uncrustify additional arguments: 
-- Added test 'xmllint' to check XML markup files
-- Configuring done
-- Generating done
-- Build files have been written to: /home/jakeluo/Documents/MonitoringSystemRos2/build/test1
[ 50%] [32m[1mLinking CXX executable test1[0m
/usr/bin/ld: CMakeFiles/test1.dir/src/test1.cpp.o: in function `std::thread::thread<void (&)(int const&), int const&, void>(void (&)(int const&), int const&)':
test1.cpp:(.text._ZNSt6threadC2IRFvRKiEJS2_EvEEOT_DpOT0_[_ZNSt6threadC5IRFvRKiEJS2_EvEEOT_DpOT0_]+0x37): undefined reference to `pthread_create'
collect2: error: ld returned 1 exit status
make[2]: *** [CMakeFiles/test1.dir/build.make:84ï¼štest1] é”™è¯¯ 1
make[1]: *** [CMakeFiles/Makefile2:78ï¼šCMakeFiles/test1.dir/all] é”™è¯¯ 2
make: *** [Makefile:141ï¼šall] é”™è¯¯ 2
