[0.593s] Invoking command in '/home/jakeluo/Documents/MonitoringSystemRos2/src/build/openpose': CMAKE_PREFIX_PATH=/home/jakeluo/Documents/MonitoringSystemRos2/src/install/droneinterfaces:/home/jakeluo/Documents/MonitoringSystemRos2/src/install/qt:/home/jakeluo/Documents/MonitoringSystemRos2/src/install/positioning:/home/jakeluo/Documents/MonitoringSystemRos2/src/install/openpose:/home/jakeluo/Documents/MonitoringSystemRos2/src/install/droneutility:/home/jakeluo/Software/ros2_rolling/install/rosbag2:/home/jakeluo/Software/ros2_rolling/install/rosbag2_compression_zstd:/home/jakeluo/Software/ros2_rolling/install/zstd_vendor:/home/jakeluo/Software/ros2_rolling/install/rviz_visual_testing_framework:/home/jakeluo/Software/ros2_rolling/install/rviz2:/home/jakeluo/Software/ros2_rolling/install/rviz_default_plugins:/home/jakeluo/Software/ros2_rolling/install/rviz_common:/home/jakeluo/Software/ros2_rolling/install/rosbag2_py:/home/jakeluo/Software/ros2_rolling/install/rosbag2_transport:/home/jakeluo/Software/ros2_rolling/install/rosbag2_performance_benchmarking:/home/jakeluo/Software/ros2_rolling/install/rosbag2_compression:/home/jakeluo/Software/ros2_rolling/install/rosbag2_cpp:/home/jakeluo/Software/ros2_rolling/install/rosbag2_storage_default_plugins:/home/jakeluo/Software/ros2_rolling/install/rosbag2_storage:/home/jakeluo/Software/ros2_rolling/install/image_common:/home/jakeluo/Software/ros2_rolling/install/camera_info_manager:/home/jakeluo/Software/ros2_rolling/install/camera_calibration_parsers:/home/jakeluo/Software/ros2_rolling/install/yaml_cpp_vendor:/home/jakeluo/Software/ros2_rolling/install/ros1_bridge:/home/jakeluo/Software/ros2_rolling/install/interactive_markers:/home/jakeluo/Software/ros2_rolling/install/common_interfaces:/home/jakeluo/Software/ros2_rolling/install/visualization_msgs:/home/jakeluo/Software/ros2_rolling/install/dummy_robot_bringup:/home/jakeluo/Software/ros2_rolling/install/robot_state_publisher:/home/jakeluo/Software/ros2_rolling/install/kdl_parser:/home/jakeluo/Software/ros2_rolling/install/urdf:/home/jakeluo/Software/ros2_rolling/install/urdfdom:/home/jakeluo/Software/ros2_rolling/install/urdf_parser_plugin:/home/jakeluo/Software/ros2_rolling/install/urdfdom_headers:/home/jakeluo/Software/ros2_rolling/install/turtlesim:/home/jakeluo/Software/ros2_rolling/install/geometry2:/home/jakeluo/Software/ros2_rolling/install/tf2_sensor_msgs:/home/jakeluo/Software/ros2_rolling/install/test_tf2:/home/jakeluo/Software/ros2_rolling/install/tf2_kdl:/home/jakeluo/Software/ros2_rolling/install/tf2_geometry_msgs:/home/jakeluo/Software/ros2_rolling/install/tf2_eigen:/home/jakeluo/Software/ros2_rolling/install/tf2_bullet:/home/jakeluo/Software/ros2_rolling/install/tf2_ros:/home/jakeluo/Software/ros2_rolling/install/tf2_py:/home/jakeluo/Software/ros2_rolling/install/tf2_msgs:/home/jakeluo/Software/ros2_rolling/install/test_msgs:/home/jakeluo/Software/ros2_rolling/install/sros2_cmake:/home/jakeluo/Software/ros2_rolling/install/ros2cli_common_extensions:/home/jakeluo/Software/ros2_rolling/install/rqt_py_common:/home/jakeluo/Software/ros2_rolling/install/ros_testing:/home/jakeluo/Software/ros2_rolling/install/ros2cli_test_interfaces:/home/jakeluo/Software/ros2_rolling/install/quality_of_service_demo_cpp:/home/jakeluo/Software/ros2_rolling/install/image_transport:/home/jakeluo/Software/ros2_rolling/install/message_filters:/home/jakeluo/Software/ros2_rolling/install/demo_nodes_cpp:/home/jakeluo/Software/ros2_rolling/install/composition:/home/jakeluo/Software/ros2_rolling/install/laser_geometry:/home/jakeluo/Software/ros2_rolling/install/rclpy:/home/jakeluo/Software/ros2_rolling/install/examples_rclcpp_minimal_action_server:/home/jakeluo/Software/ros2_rolling/install/examples_rclcpp_minimal_action_client:/home/jakeluo/Software/ros2_rolling/install/action_tutorials_cpp:/home/jakeluo/Software/ros2_rolling/install/rclcpp_action:/home/jakeluo/Software/ros2_rolling/install/rcl_action:/home/jakeluo/Software/ros2_rolling/install/examples_rclcpp_wait_set:/home/jakeluo/Software/ros2_rolling/install/examples_rclcpp_minimal_service:/home/jakeluo/Software/ros2_rolling/install/examples_rclcpp_minimal_client:/home/jakeluo/Software/ros2_rolling/install/examples_rclcpp_async_client:/home/jakeluo/Software/ros2_rolling/install/example_interfaces:/home/jakeluo/Software/ros2_rolling/install/action_tutorials_interfaces:/home/jakeluo/Software/ros2_rolling/install/action_msgs:/home/jakeluo/Software/ros2_rolling/install/unique_identifier_msgs:/home/jakeluo/Software/ros2_rolling/install/ament_lint_common:/home/jakeluo/Software/ros2_rolling/install/ament_cmake_uncrustify:/home/jakeluo/Software/ros2_rolling/install/uncrustify_vendor:/home/jakeluo/Software/ros2_rolling/install/trajectory_msgs:/home/jakeluo/Software/ros2_rolling/install/topic_statistics_demo:/home/jakeluo/Software/ros2_rolling/install/pendulum_control:/home/jakeluo/Software/ros2_rolling/install/tlsf_cpp:/home/jakeluo/Software/ros2_rolling/install/test_tracetools:/home/jakeluo/Software/ros2_rolling/install/rqt_gui_cpp:/home/jakeluo/Software/ros2_rolling/install/rosbag2_test_common:/home/jakeluo/Software/ros2_rolling/install/ros2lifecycle_test_fixtures:/home/jakeluo/Software/ros2_rolling/install/lifecycle:/home/jakeluo/Software/ros2_rolling/install/rclcpp_lifecycle:/home/jakeluo/Software/ros2_rolling/install/logging_demo:/home/jakeluo/Software/ros2_rolling/install/image_tools:/home/jakeluo/Software/ros2_rolling/install/examples_rclcpp_minimal_subscriber:/home/jakeluo/Software/ros2_rolling/install/examples_rclcpp_minimal_composition:/home/jakeluo/Software/ros2_rolling/install/demo_nodes_cpp_native:/home/jakeluo/Software/ros2_rolling/install/rclcpp_components:/home/jakeluo/Software/ros2_rolling/install/intra_process_demo:/home/jakeluo/Software/ros2_rolling/install/examples_rclcpp_multithreaded_executor:/home/jakeluo/Software/ros2_rolling/install/examples_rclcpp_minimal_timer:/home/jakeluo/Software/ros2_rolling/install/examples_rclcpp_minimal_publisher:/home/jakeluo/Software/ros2_rolling/install/examples_rclcpp_cbg_executor:/home/jakeluo/Software/ros2_rolling/install/dummy_sensors:/home/jakeluo/Software/ros2_rolling/install/dummy_map_server:/home/jakeluo/Software/ros2_rolling/install/rclcpp:/home/jakeluo/Software/ros2_rolling/install/rcl_lifecycle:/home/jakeluo/Software/ros2_rolling/install/libstatistics_collector:/home/jakeluo/Software/ros2_rolling/install/rcl:/home/jakeluo/Software/ros2_rolling/install/rmw_implementation:/home/jakeluo/Software/ros2_rolling/install/rmw_cyclonedds_cpp:/home/jakeluo/Software/ros2_rolling/install/tracetools:/home/jakeluo/Software/ros2_rolling/install/tlsf:/home/jakeluo/Software/ros2_rolling/install/tinyxml_vendor:/home/jakeluo/Software/ros2_rolling/install/qt_gui_core:/home/jakeluo/Software/ros2_rolling/install/qt_gui_cpp:/home/jakeluo/Software/ros2_rolling/install/pluginlib:/home/jakeluo/Software/ros2_rolling/install/tinyxml2_vendor:/home/jakeluo/Software/ros2_rolling/install/tf2_eigen_kdl:/home/jakeluo/Software/ros2_rolling/install/tf2:/home/jakeluo/Software/ros2_rolling/install/test_security:/home/jakeluo/Software/ros2_rolling/install/test_rmw_implementation:/home/jakeluo/Software/ros2_rolling/install/test_rclcpp:/home/jakeluo/Software/ros2_rolling/install/test_quality_of_service:/home/jakeluo/Software/ros2_rolling/install/test_launch_testing:/home/jakeluo/Software/ros2_rolling/install/test_interface_files:/home/jakeluo/Software/ros2_rolling/install/test_communication:/home/jakeluo/Software/ros2_rolling/install/test_cli_remapping:/home/jakeluo/Software/ros2_rolling/install/test_cli:/home/jakeluo/Software/ros2_rolling/install/qt_gui_app:/home/jakeluo/Software/ros2_rolling/install/qt_gui:/home/jakeluo/Software/ros2_rolling/install/tango_icons_vendor:/home/jakeluo/Software/ros2_rolling/install/stereo_msgs:/home/jakeluo/Software/ros2_rolling/install/std_srvs:/home/jakeluo/Software/ros2_rolling/install/shape_msgs:/home/jakeluo/Software/ros2_rolling/install/map_msgs:/home/jakeluo/Software/ros2_rolling/install/sensor_msgs:/home/jakeluo/Software/ros2_rolling/install/nav_msgs:/home/jakeluo/Software/ros2_rolling/install/diagnostic_msgs:/home/jakeluo/Software/ros2_rolling/install/geometry_msgs:/home/jakeluo/Software/ros2_rolling/install/actionlib_msgs:/home/jakeluo/Software/ros2_rolling/install/std_msgs:/home/jakeluo/Software/ros2_rolling/install/statistics_msgs:/home/jakeluo/Software/ros2_rolling/install/sqlite3_vendor:/home/jakeluo/Software/ros2_rolling/install/rcl_logging_spdlog:/home/jakeluo/Software/ros2_rolling/install/spdlog_vendor:/home/jakeluo/Software/ros2_rolling/install/shared_queues_vendor:/home/jakeluo/Software/ros2_rolling/install/rviz_rendering_tests:/home/jakeluo/Software/ros2_rolling/install/rviz_rendering:/home/jakeluo/Software/ros2_rolling/install/rviz_ogre_vendor:/home/jakeluo/Software/ros2_rolling/install/rviz_assimp_vendor:/home/jakeluo/Software/ros2_rolling/install/rttest:/home/jakeluo/Software/ros2_rolling/install/rmw_connextddsmicro:/home/jakeluo/Software/ros2_rolling/install/rmw_connextdds:/home/jakeluo/Software/ros2_rolling/install/rmw_connextdds_common:/home/jakeluo/Software/ros2_rolling/install/rti_connext_dds_cmake_module:/home/jakeluo/Software/ros2_rolling/install/rosgraph_msgs:/home/jakeluo/Software/ros2_rolling/install/rosbag2_interfaces:/home/jakeluo/Software/ros2_rolling/install/rmw_fastrtps_dynamic_cpp:/home/jakeluo/Software/ros2_rolling/install/rmw_fastrtps_cpp:/home/jakeluo/Software/ros2_rolling/install/rmw_fastrtps_shared_cpp:/home/jakeluo/Software/ros2_rolling/install/rmw_dds_common:/home/jakeluo/Software/ros2_rolling/install/composition_interfaces:/home/jakeluo/Software/ros2_rolling/install/rcl_interfaces:/home/jakeluo/Software/ros2_rolling/install/pendulum_msgs:/home/jakeluo/Software/ros2_rolling/install/lifecycle_msgs:/home/jakeluo/Software/ros2_rolling/install/builtin_interfaces:/home/jakeluo/Software/ros2_rolling/install/rosidl_default_runtime:/home/jakeluo/Software/ros2_rolling/install/rosidl_default_generators:/home/jakeluo/Software/ros2_rolling/install/rosidl_generator_py:/home/jakeluo/Software/ros2_rolling/install/rosidl_typesupport_cpp:/home/jakeluo/Software/ros2_rolling/install/rosidl_typesupport_introspection_cpp:/home/jakeluo/Software/ros2_rolling/install/rosidl_typesupport_c:/home/jakeluo/Software/ros2_rolling/install/rosidl_typesupport_introspection_c:/home/jakeluo/Software/ros2_rolling/install/rosidl_typesupport_fastrtps_c:/home/jakeluo/Software/ros2_rolling/install/rosidl_typesupport_fastrtps_cpp:/home/jakeluo/Software/ros2_rolling/install/rcl_yaml_param_parser:/home/jakeluo/Software/ros2_rolling/install/rmw:/home/jakeluo/Software/ros2_rolling/install/rosidl_runtime_c:/home/jakeluo/Software/ros2_rolling/install/rosidl_generator_cpp:/home/jakeluo/Software/ros2_rolling/install/rosidl_generator_c:/home/jakeluo/Software/ros2_rolling/install/rosidl_typesupport_interface:/home/jakeluo/Software/ros2_rolling/install/rosidl_runtime_cpp:/home/jakeluo/Software/ros2_rolling/install/rosidl_generator_dds_idl:/home/jakeluo/Software/ros2_rolling/install/rosidl_cmake:/home/jakeluo/Software/ros2_rolling/install/rosidl_parser:/home/jakeluo/Software/ros2_rolling/install/rosidl_adapter:/home/jakeluo/Software/ros2_rolling/install/rosbag2_tests:/home/jakeluo/Software/ros2_rolling/install/ros_environment:/home/jakeluo/Software/ros2_rolling/install/rmw_implementation_cmake:/home/jakeluo/Software/ros2_rolling/install/resource_retriever:/home/jakeluo/Software/ros2_rolling/install/class_loader:/home/jakeluo/Software/ros2_rolling/install/rcpputils:/home/jakeluo/Software/ros2_rolling/install/rcl_logging_noop:/home/jakeluo/Software/ros2_rolling/install/rcl_logging_interface:/home/jakeluo/Software/ros2_rolling/install/rcutils:/home/jakeluo/Software/ros2_rolling/install/qt_gui_py_common:/home/jakeluo/Software/ros2_rolling/install/qt_dotgraph:/home/jakeluo/Software/ros2_rolling/install/python_qt_binding:/home/jakeluo/Software/ros2_rolling/install/launch_testing_ament_cmake:/home/jakeluo/Software/ros2_rolling/install/python_cmake_module:/home/jakeluo/Software/ros2_rolling/install/pybind11_vendor:/home/jakeluo/Software/ros2_rolling/install/performance_test_fixture:/home/jakeluo/Software/ros2_rolling/install/osrf_testing_tools_cpp:/home/jakeluo/Software/ros2_rolling/install/orocos_kdl:/home/jakeluo/Software/ros2_rolling/install/mimick_vendor:/home/jakeluo/Software/ros2_rolling/install/libyaml_vendor:/home/jakeluo/Software/ros2_rolling/install/libcurl_vendor:/home/jakeluo/Software/ros2_rolling/install/keyboard_handler:/home/jakeluo/Software/ros2_rolling/install/cyclonedds:/home/jakeluo/Software/ros2_rolling/install/iceoryx_utils:/home/jakeluo/Software/ros2_rolling/install/iceoryx_posh:/home/jakeluo/Software/ros2_rolling/install/iceoryx_binding_c:/home/jakeluo/Software/ros2_rolling/install/ament_cmake_ros:/home/jakeluo/Software/ros2_rolling/install/ament_cmake_gmock:/home/jakeluo/Software/ros2_rolling/install/gmock_vendor:/home/jakeluo/Software/ros2_rolling/install/ament_cmake_gtest:/home/jakeluo/Software/ros2_rolling/install/gtest_vendor:/home/jakeluo/Software/ros2_rolling/install/ament_cmake_google_benchmark:/home/jakeluo/Software/ros2_rolling/install/google_benchmark_vendor:/home/jakeluo/Software/ros2_rolling/install/fastrtps:/home/jakeluo/Software/ros2_rolling/install/foonathan_memory_vendor:/home/jakeluo/Software/ros2_rolling/install/fastrtps_cmake_module:/home/jakeluo/Software/ros2_rolling/install/fastcdr:/home/jakeluo/Software/ros2_rolling/install/eigen3_cmake_module:/home/jakeluo/Software/ros2_rolling/install/console_bridge_vendor:/home/jakeluo/Software/ros2_rolling/install/ament_cmake_xmllint:/home/jakeluo/Software/ros2_rolling/install/ament_cmake_pyflakes:/home/jakeluo/Software/ros2_rolling/install/ament_cmake_pycodestyle:/home/jakeluo/Software/ros2_rolling/install/ament_cmake_pep257:/home/jakeluo/Software/ros2_rolling/install/ament_cmake_pclint:/home/jakeluo/Software/ros2_rolling/install/ament_lint_auto:/home/jakeluo/Software/ros2_rolling/install/ament_cmake_auto:/home/jakeluo/Software/ros2_rolling/install/ament_cmake:/home/jakeluo/Software/ros2_rolling/install/ament_cmake_version:/home/jakeluo/Software/ros2_rolling/install/ament_cmake_pytest:/home/jakeluo/Software/ros2_rolling/install/ament_cmake_nose:/home/jakeluo/Software/ros2_rolling/install/ament_cmake_mypy:/home/jakeluo/Software/ros2_rolling/install/ament_cmake_lint_cmake:/home/jakeluo/Software/ros2_rolling/install/ament_cmake_flake8:/home/jakeluo/Software/ros2_rolling/install/ament_cmake_cpplint:/home/jakeluo/Software/ros2_rolling/install/ament_cmake_cppcheck:/home/jakeluo/Software/ros2_rolling/install/ament_cmake_copyright:/home/jakeluo/Software/ros2_rolling/install/ament_cmake_clang_tidy:/home/jakeluo/Software/ros2_rolling/install/ament_cmake_clang_format:/home/jakeluo/Software/ros2_rolling/install/ament_cmake_test:/home/jakeluo/Software/ros2_rolling/install/ament_cmake_target_dependencies:/home/jakeluo/Software/ros2_rolling/install/ament_cmake_python:/home/jakeluo/Software/ros2_rolling/install/ament_cmake_export_dependencies:/home/jakeluo/Software/ros2_rolling/install/ament_cmake_libraries:/home/jakeluo/Software/ros2_rolling/install/ament_cmake_include_directories:/home/jakeluo/Software/ros2_rolling/install/ament_cmake_gen_version_h:/home/jakeluo/Software/ros2_rolling/install/ament_cmake_export_targets:/home/jakeluo/Software/ros2_rolling/install/ament_cmake_export_link_flags:/home/jakeluo/Software/ros2_rolling/install/ament_cmake_export_interfaces:/home/jakeluo/Software/ros2_rolling/install/ament_cmake_export_libraries:/home/jakeluo/Software/ros2_rolling/install/ament_cmake_export_include_directories:/home/jakeluo/Software/ros2_rolling/install/ament_cmake_export_definitions:/home/jakeluo/Software/ros2_rolling/install/ament_cmake_core:/home/jakeluo/Software/ros2_rolling/install/ament_index_cpp:/home/jakeluo/Documents/MonitoringSystemRos2/src/install/humanpose:/home/jakeluo/Software/ros2_rolling/install/rqt_bag_plugins:/home/jakeluo/Software/ros2_rolling/install/rqt_bag:/home/jakeluo/Software/ros2_rolling/install/ros2bag:/home/jakeluo/Software/ros2_rolling/install/tracetools_test:/home/jakeluo/Software/ros2_rolling/install/tracetools_launch:/home/jakeluo/Software/ros2_rolling/install/topic_monitor:/home/jakeluo/Software/ros2_rolling/install/tf2_tools:/home/jakeluo/Software/ros2_rolling/install/examples_tf2_py:/home/jakeluo/Software/ros2_rolling/install/tf2_ros_py:/home/jakeluo/Software/ros2_rolling/install/sros2:/home/jakeluo/Software/ros2_rolling/install/rqt_topic:/home/jakeluo/Software/ros2_rolling/install/rqt_top:/home/jakeluo/Software/ros2_rolling/install/rqt_srv:/home/jakeluo/Software/ros2_rolling/install/rqt_shell:/home/jakeluo/Software/ros2_rolling/install/rqt_service_caller:/home/jakeluo/Software/ros2_rolling/install/rqt_reconfigure:/home/jakeluo/Software/ros2_rolling/install/rqt_py_console:/home/jakeluo/Software/ros2_rolling/install/rqt_publisher:/home/jakeluo/Software/ros2_rolling/install/rqt_plot:/home/jakeluo/Software/ros2_rolling/install/rqt_action:/home/jakeluo/Software/ros2_rolling/install/rqt_msg:/home/jakeluo/Software/ros2_rolling/install/rqt_console:/home/jakeluo/Software/ros2_rolling/install/rqt:/home/jakeluo/Software/ros2_rolling/install/rqt_graph:/home/jakeluo/Software/ros2_rolling/install/rqt_gui_py:/home/jakeluo/Software/ros2_rolling/install/rqt_gui:/home/jakeluo/Software/ros2_rolling/install/ros2trace:/home/jakeluo/Software/ros2_rolling/install/ros2topic:/home/jakeluo/Software/ros2_rolling/install/ros2test:/home/jakeluo/Software/ros2_rolling/install/ros2component:/home/jakeluo/Software/ros2_rolling/install/ros2param:/home/jakeluo/Software/ros2_rolling/install/ros2lifecycle:/home/jakeluo/Software/ros2_rolling/install/ros2service:/home/jakeluo/Software/ros2_rolling/install/ros2run:/home/jakeluo/Software/ros2_rolling/install/ros2launch:/home/jakeluo/Software/ros2_rolling/install/ros2pkg:/home/jakeluo/Software/ros2_rolling/install/ros2node:/home/jakeluo/Software/ros2_rolling/install/ros2multicast:/home/jakeluo/Software/ros2_rolling/install/ros2interface:/home/jakeluo/Software/ros2_rolling/install/ros2doctor:/home/jakeluo/Software/ros2_rolling/install/ros2action:/home/jakeluo/Software/ros2_rolling/install/ros2cli:/home/jakeluo/Software/ros2_rolling/install/quality_of_service_demo_py:/home/jakeluo/Software/ros2_rolling/install/launch_testing_ros:/home/jakeluo/Software/ros2_rolling/install/launch_ros:/home/jakeluo/Software/ros2_rolling/install/examples_rclpy_pointcloud_publisher:/home/jakeluo/Software/ros2_rolling/install/examples_rclpy_minimal_subscriber:/home/jakeluo/Software/ros2_rolling/install/examples_rclpy_minimal_service:/home/jakeluo/Software/ros2_rolling/install/examples_rclpy_minimal_publisher:/home/jakeluo/Software/ros2_rolling/install/examples_rclpy_minimal_client:/home/jakeluo/Software/ros2_rolling/install/examples_rclpy_minimal_action_server:/home/jakeluo/Software/ros2_rolling/install/examples_rclpy_minimal_action_client:/home/jakeluo/Software/ros2_rolling/install/examples_rclpy_guard_conditions:/home/jakeluo/Software/ros2_rolling/install/examples_rclpy_executors:/home/jakeluo/Software/ros2_rolling/install/demo_nodes_py:/home/jakeluo/Software/ros2_rolling/install/action_tutorials_py:/home/jakeluo/Software/ros2_rolling/install/ament_uncrustify:/home/jakeluo/Software/ros2_rolling/install/tracetools_trace:/home/jakeluo/Software/ros2_rolling/install/tracetools_read:/home/jakeluo/Software/ros2_rolling/install/test_launch_ros:/home/jakeluo/Software/ros2_rolling/install/sensor_msgs_py:/home/jakeluo/Software/ros2_rolling/install/rpyutils:/home/jakeluo/Software/ros2_rolling/install/rosidl_runtime_py:/home/jakeluo/Software/ros2_rolling/install/rosidl_cli:/home/jakeluo/Software/ros2_rolling/install/launch_yaml:/home/jakeluo/Software/ros2_rolling/install/launch_xml:/home/jakeluo/Software/ros2_rolling/install/launch_testing:/home/jakeluo/Software/ros2_rolling/install/launch:/home/jakeluo/Software/ros2_rolling/install/osrf_pycommon:/home/jakeluo/Software/ros2_rolling/install/domain_coordinator:/home/jakeluo/Software/ros2_rolling/install/ament_xmllint:/home/jakeluo/Software/ros2_rolling/install/ament_pyflakes:/home/jakeluo/Software/ros2_rolling/install/ament_pycodestyle:/home/jakeluo/Software/ros2_rolling/install/ament_pep257:/home/jakeluo/Software/ros2_rolling/install/ament_pclint:/home/jakeluo/Software/ros2_rolling/install/ament_package:/home/jakeluo/Software/ros2_rolling/install/ament_mypy:/home/jakeluo/Software/ros2_rolling/install/ament_lint_cmake:/home/jakeluo/Software/ros2_rolling/install/ament_flake8:/home/jakeluo/Software/ros2_rolling/install/ament_copyright:/home/jakeluo/Software/ros2_rolling/install/ament_lint:/home/jakeluo/Software/ros2_rolling/install/ament_index_python:/home/jakeluo/Software/ros2_rolling/install/ament_cpplint:/home/jakeluo/Software/ros2_rolling/install/ament_cppcheck:/home/jakeluo/Software/ros2_rolling/install/ament_clang_tidy:/home/jakeluo/Software/ros2_rolling/install/ament_clang_format LD_LIBRARY_PATH=/home/jakeluo/Documents/MonitoringSystemRos2/src/install/droneinterfaces/lib:/home/jakeluo/Software/ros2_rolling/install/rosbag2_compression_zstd/lib:/home/jakeluo/Software/ros2_rolling/install/zstd_vendor/lib:/home/jakeluo/Software/ros2_rolling/install/rviz_default_plugins/lib:/home/jakeluo/Software/ros2_rolling/install/rviz_common/lib:/home/jakeluo/Software/ros2_rolling/install/rosbag2_transport/lib:/home/jakeluo/Software/ros2_rolling/install/rosbag2_compression/lib:/home/jakeluo/Software/ros2_rolling/install/rosbag2_cpp/lib:/home/jakeluo/Software/ros2_rolling/install/rosbag2_storage_default_plugins/lib:/home/jakeluo/Software/ros2_rolling/install/rosbag2_storage/lib:/home/jakeluo/Software/ros2_rolling/install/camera_info_manager/lib:/home/jakeluo/Software/ros2_rolling/install/camera_calibration_parsers/lib:/home/jakeluo/Software/ros2_rolling/install/yaml_cpp_vendor/opt/yaml_cpp_vendor/lib:/home/jakeluo/Software/ros2_rolling/install/interactive_markers/lib:/home/jakeluo/Software/ros2_rolling/install/visualization_msgs/lib:/home/jakeluo/Software/ros2_rolling/install/robot_state_publisher/lib:/home/jakeluo/Software/ros2_rolling/install/kdl_parser/lib:/home/jakeluo/Software/ros2_rolling/install/urdf/lib:/home/jakeluo/Software/ros2_rolling/install/urdfdom/lib:/home/jakeluo/Software/ros2_rolling/install/turtlesim/lib:/home/jakeluo/Software/ros2_rolling/install/tf2_ros/lib:/home/jakeluo/Software/ros2_rolling/install/tf2_msgs/lib:/home/jakeluo/Software/ros2_rolling/install/test_msgs/lib:/home/jakeluo/Software/ros2_rolling/install/ros2cli_test_interfaces/lib:/home/jakeluo/Software/ros2_rolling/install/quality_of_service_demo_cpp/lib:/home/jakeluo/Software/ros2_rolling/install/image_transport/lib:/home/jakeluo/Software/ros2_rolling/install/message_filters/lib:/home/jakeluo/Software/ros2_rolling/install/demo_nodes_cpp/lib:/home/jakeluo/Software/ros2_rolling/install/composition/lib:/home/jakeluo/Software/ros2_rolling/install/laser_geometry/lib:/home/jakeluo/Software/ros2_rolling/install/rclpy/lib:/home/jakeluo/Software/ros2_rolling/install/action_tutorials_cpp/lib:/home/jakeluo/Software/ros2_rolling/install/rclcpp_action/lib:/home/jakeluo/Software/ros2_rolling/install/rcl_action/lib:/home/jakeluo/Software/ros2_rolling/install/examples_rclcpp_wait_set/lib:/home/jakeluo/Software/ros2_rolling/install/example_interfaces/lib:/home/jakeluo/Software/ros2_rolling/install/action_tutorials_interfaces/lib:/home/jakeluo/Software/ros2_rolling/install/action_msgs/lib:/home/jakeluo/Software/ros2_rolling/install/unique_identifier_msgs/lib:/home/jakeluo/Software/ros2_rolling/install/trajectory_msgs/lib:/home/jakeluo/Software/ros2_rolling/install/rqt_gui_cpp/lib:/home/jakeluo/Software/ros2_rolling/install/rclcpp_lifecycle/lib:/home/jakeluo/Software/ros2_rolling/install/logging_demo/lib:/home/jakeluo/Software/ros2_rolling/install/image_tools/lib:/home/jakeluo/Software/ros2_rolling/install/examples_rclcpp_minimal_subscriber/lib:/home/jakeluo/Software/ros2_rolling/install/examples_rclcpp_minimal_composition/lib:/home/jakeluo/Software/ros2_rolling/install/demo_nodes_cpp_native/lib:/home/jakeluo/Software/ros2_rolling/install/rclcpp_components/lib:/home/jakeluo/Software/ros2_rolling/install/rclcpp/lib:/home/jakeluo/Software/ros2_rolling/install/rcl_lifecycle/lib:/home/jakeluo/Software/ros2_rolling/install/libstatistics_collector/lib:/home/jakeluo/Software/ros2_rolling/install/rcl/lib:/home/jakeluo/Software/ros2_rolling/install/rmw_implementation/lib:/home/jakeluo/Software/ros2_rolling/install/rmw_cyclonedds_cpp/lib:/home/jakeluo/Software/ros2_rolling/install/tracetools/lib:/home/jakeluo/Software/ros2_rolling/install/tlsf/lib:/home/jakeluo/Software/ros2_rolling/install/qt_gui_cpp/lib:/home/jakeluo/Software/ros2_rolling/install/tf2_eigen_kdl/lib:/home/jakeluo/Software/ros2_rolling/install/tf2/lib:/home/jakeluo/Software/ros2_rolling/install/stereo_msgs/lib:/home/jakeluo/Software/ros2_rolling/install/std_srvs/lib:/home/jakeluo/Software/ros2_rolling/install/shape_msgs/lib:/home/jakeluo/Software/ros2_rolling/install/map_msgs/lib:/home/jakeluo/Software/ros2_rolling/install/sensor_msgs/lib:/home/jakeluo/Software/ros2_rolling/install/nav_msgs/lib:/home/jakeluo/Software/ros2_rolling/install/diagnostic_msgs/lib:/home/jakeluo/Software/ros2_rolling/install/geometry_msgs/lib:/home/jakeluo/Software/ros2_rolling/install/actionlib_msgs/lib:/home/jakeluo/Software/ros2_rolling/install/std_msgs/lib:/home/jakeluo/Software/ros2_rolling/install/statistics_msgs/lib:/home/jakeluo/Software/ros2_rolling/install/rcl_logging_spdlog/lib:/home/jakeluo/Software/ros2_rolling/install/rviz_rendering/lib:/home/jakeluo/Software/ros2_rolling/install/rviz_ogre_vendor/opt/rviz_ogre_vendor/lib:/home/jakeluo/Software/ros2_rolling/install/rttest/lib:/home/jakeluo/Software/ros2_rolling/install/rosgraph_msgs/lib:/home/jakeluo/Software/ros2_rolling/install/rosbag2_interfaces/lib:/home/jakeluo/Software/ros2_rolling/install/rmw_fastrtps_dynamic_cpp/lib:/home/jakeluo/Software/ros2_rolling/install/rmw_fastrtps_cpp/lib:/home/jakeluo/Software/ros2_rolling/install/rmw_fastrtps_shared_cpp/lib:/home/jakeluo/Software/ros2_rolling/install/rmw_dds_common/lib:/home/jakeluo/Software/ros2_rolling/install/composition_interfaces/lib:/home/jakeluo/Software/ros2_rolling/install/rcl_interfaces/lib:/home/jakeluo/Software/ros2_rolling/install/pendulum_msgs/lib:/home/jakeluo/Software/ros2_rolling/install/lifecycle_msgs/lib:/home/jakeluo/Software/ros2_rolling/install/builtin_interfaces/lib:/home/jakeluo/Software/ros2_rolling/install/rosidl_typesupport_cpp/lib:/home/jakeluo/Software/ros2_rolling/install/rosidl_typesupport_introspection_cpp/lib:/home/jakeluo/Software/ros2_rolling/install/rosidl_typesupport_c/lib:/home/jakeluo/Software/ros2_rolling/install/rosidl_typesupport_introspection_c/lib:/home/jakeluo/Software/ros2_rolling/install/rosidl_typesupport_fastrtps_c/lib:/home/jakeluo/Software/ros2_rolling/install/rosidl_typesupport_fastrtps_cpp/lib:/home/jakeluo/Software/ros2_rolling/install/rcl_yaml_param_parser/lib:/home/jakeluo/Software/ros2_rolling/install/rmw/lib:/home/jakeluo/Software/ros2_rolling/install/rosidl_runtime_c/lib:/home/jakeluo/Software/ros2_rolling/install/resource_retriever/lib:/home/jakeluo/Software/ros2_rolling/install/class_loader/lib:/home/jakeluo/Software/ros2_rolling/install/rcpputils/lib:/home/jakeluo/Software/ros2_rolling/install/rcl_logging_noop/lib:/home/jakeluo/Software/ros2_rolling/install/rcl_logging_interface/lib:/home/jakeluo/Software/ros2_rolling/install/rcutils/lib:/home/jakeluo/Software/ros2_rolling/install/performance_test_fixture/lib:/home/jakeluo/Software/ros2_rolling/install/osrf_testing_tools_cpp/lib:/home/jakeluo/Software/ros2_rolling/install/orocos_kdl/lib:/home/jakeluo/Software/ros2_rolling/install/mimick_vendor/lib:/home/jakeluo/Software/ros2_rolling/install/libyaml_vendor/lib:/home/jakeluo/Software/ros2_rolling/install/keyboard_handler/lib:/home/jakeluo/Software/ros2_rolling/install/cyclonedds/lib:/home/jakeluo/Software/ros2_rolling/install/iceoryx_utils/lib:/home/jakeluo/Software/ros2_rolling/install/iceoryx_posh/lib:/home/jakeluo/Software/ros2_rolling/install/iceoryx_binding_c/lib:/home/jakeluo/Software/ros2_rolling/install/google_benchmark_vendor/lib:/home/jakeluo/Software/ros2_rolling/install/fastrtps/lib:/home/jakeluo/Software/ros2_rolling/install/fastcdr/lib:/home/jakeluo/Software/ros2_rolling/install/console_bridge_vendor/lib:/home/jakeluo/Software/ros2_rolling/install/ament_index_cpp/lib:/usr/local/cuda-11.2/targets/x86_64-linux/lib PYTHONPATH=/home/jakeluo/Documents/MonitoringSystemRos2/src/install/droneinterfaces/lib/python3.8/site-packages:/home/jakeluo/Documents/MonitoringSystemRos2/src/install/humanpose/lib/python3.8/site-packages:/home/jakeluo/Software/ros2_rolling/build/rqt_bag_plugins/src:/home/jakeluo/Software/ros2_rolling/install/rqt_bag_plugins/lib/python3.8/site-packages:/home/jakeluo/Software/ros2_rolling/build/rqt_bag/src:/home/jakeluo/Software/ros2_rolling/install/rqt_bag/lib/python3.8/site-packages:/home/jakeluo/Software/ros2_rolling/build/ros2bag:/home/jakeluo/Software/ros2_rolling/install/ros2bag/lib/python3.8/site-packages:/home/jakeluo/Software/ros2_rolling/install/rosbag2_py/lib/python3.8/site-packages:/home/jakeluo/Software/ros2_rolling/install/interactive_markers/lib/python3.8/site-packages:/home/jakeluo/Software/ros2_rolling/install/visualization_msgs/lib/python3.8/site-packages:/home/jakeluo/Software/ros2_rolling/install/turtlesim/lib/python3.8/site-packages:/home/jakeluo/Software/ros2_rolling/build/tracetools_test:/home/jakeluo/Software/ros2_rolling/install/tracetools_test/lib/python3.8/site-packages:/home/jakeluo/Software/ros2_rolling/build/tracetools_launch:/home/jakeluo/Software/ros2_rolling/install/tracetools_launch/lib/python3.8/site-packages:/home/jakeluo/Software/ros2_rolling/build/topic_monitor:/home/jakeluo/Software/ros2_rolling/install/topic_monitor/lib/python3.8/site-packages:/home/jakeluo/Software/ros2_rolling/build/tf2_tools:/home/jakeluo/Software/ros2_rolling/install/tf2_tools/lib/python3.8/site-packages:/home/jakeluo/Software/ros2_rolling/install/tf2_kdl/lib/python3.8/site-packages:/home/jakeluo/Software/ros2_rolling/build/examples_tf2_py:/home/jakeluo/Software/ros2_rolling/install/examples_tf2_py/lib/python3.8/site-packages:/home/jakeluo/Software/ros2_rolling/build/tf2_ros_py:/home/jakeluo/Software/ros2_rolling/install/tf2_ros_py/lib/python3.8/site-packages:/home/jakeluo/Software/ros2_rolling/install/tf2_py/lib/python3.8/site-packages:/home/jakeluo/Software/ros2_rolling/install/tf2_msgs/lib/python3.8/site-packages:/home/jakeluo/Software/ros2_rolling/install/test_msgs/lib/python3.8/site-packages:/home/jakeluo/Software/ros2_rolling/build/sros2:/home/jakeluo/Software/ros2_rolling/install/sros2/lib/python3.8/site-packages:/home/jakeluo/Software/ros2_rolling/build/rqt_topic/src:/home/jakeluo/Software/ros2_rolling/install/rqt_topic/lib/python3.8/site-packages:/home/jakeluo/Software/ros2_rolling/build/rqt_top/src:/home/jakeluo/Software/ros2_rolling/install/rqt_top/lib/python3.8/site-packages:/home/jakeluo/Software/ros2_rolling/build/rqt_srv/src:/home/jakeluo/Software/ros2_rolling/install/rqt_srv/lib/python3.8/site-packages:/home/jakeluo/Software/ros2_rolling/build/rqt_shell/src:/home/jakeluo/Software/ros2_rolling/install/rqt_shell/lib/python3.8/site-packages:/home/jakeluo/Software/ros2_rolling/build/rqt_service_caller/src:/home/jakeluo/Software/ros2_rolling/install/rqt_service_caller/lib/python3.8/site-packages:/home/jakeluo/Software/ros2_rolling/build/rqt_reconfigure/src:/home/jakeluo/Software/ros2_rolling/install/rqt_reconfigure/lib/python3.8/site-packages:/home/jakeluo/Software/ros2_rolling/build/rqt_py_console/src:/home/jakeluo/Software/ros2_rolling/install/rqt_py_console/lib/python3.8/site-packages:/home/jakeluo/Software/ros2_rolling/build/rqt_publisher/src:/home/jakeluo/Software/ros2_rolling/install/rqt_publisher/lib/python3.8/site-packages:/home/jakeluo/Software/ros2_rolling/build/rqt_plot/src:/home/jakeluo/Software/ros2_rolling/install/rqt_plot/lib/python3.8/site-packages:/home/jakeluo/Software/ros2_rolling/build/rqt_action/src:/home/jakeluo/Software/ros2_rolling/install/rqt_action/lib/python3.8/site-packages:/home/jakeluo/Software/ros2_rolling/build/rqt_msg/src:/home/jakeluo/Software/ros2_rolling/install/rqt_msg/lib/python3.8/site-packages:/home/jakeluo/Software/ros2_rolling/build/rqt_console/src:/home/jakeluo/Software/ros2_rolling/install/rqt_console/lib/python3.8/site-packages:/home/jakeluo/Software/ros2_rolling/build/rqt:/home/jakeluo/Software/ros2_rolling/install/rqt/lib/python3.8/site-packages:/home/jakeluo/Software/ros2_rolling/install/rqt_py_common/lib/python3.8/site-packages:/home/jakeluo/Software/ros2_rolling/build/rqt_graph/src:/home/jakeluo/Software/ros2_rolling/install/rqt_graph/lib/python3.8/site-packages:/home/jakeluo/Software/ros2_rolling/build/rqt_gui_py/src:/home/jakeluo/Software/ros2_rolling/install/rqt_gui_py/lib/python3.8/site-packages:/home/jakeluo/Software/ros2_rolling/build/rqt_gui/src:/home/jakeluo/Software/ros2_rolling/install/rqt_gui/lib/python3.8/site-packages:/home/jakeluo/Software/ros2_rolling/build/ros2trace:/home/jakeluo/Software/ros2_rolling/install/ros2trace/lib/python3.8/site-packages:/home/jakeluo/Software/ros2_rolling/build/ros2topic:/home/jakeluo/Software/ros2_rolling/install/ros2topic/lib/python3.8/site-packages:/home/jakeluo/Software/ros2_rolling/build/ros2test:/home/jakeluo/Software/ros2_rolling/install/ros2test/lib/python3.8/site-packages:/home/jakeluo/Software/ros2_rolling/build/ros2component:/home/jakeluo/Software/ros2_rolling/install/ros2component/lib/python3.8/site-packages:/home/jakeluo/Software/ros2_rolling/build/ros2param:/home/jakeluo/Software/ros2_rolling/install/ros2param/lib/python3.8/site-packages:/home/jakeluo/Software/ros2_rolling/build/ros2lifecycle:/home/jakeluo/Software/ros2_rolling/install/ros2lifecycle/lib/python3.8/site-packages:/home/jakeluo/Software/ros2_rolling/build/ros2service:/home/jakeluo/Software/ros2_rolling/install/ros2service/lib/python3.8/site-packages:/home/jakeluo/Software/ros2_rolling/build/ros2run:/home/jakeluo/Software/ros2_rolling/install/ros2run/lib/python3.8/site-packages:/home/jakeluo/Software/ros2_rolling/build/ros2launch:/home/jakeluo/Software/ros2_rolling/install/ros2launch/lib/python3.8/site-packages:/home/jakeluo/Software/ros2_rolling/build/ros2pkg:/home/jakeluo/Software/ros2_rolling/install/ros2pkg/lib/python3.8/site-packages:/home/jakeluo/Software/ros2_rolling/build/ros2node:/home/jakeluo/Software/ros2_rolling/install/ros2node/lib/python3.8/site-packages:/home/jakeluo/Software/ros2_rolling/build/ros2multicast:/home/jakeluo/Software/ros2_rolling/install/ros2multicast/lib/python3.8/site-packages:/home/jakeluo/Software/ros2_rolling/build/ros2interface:/home/jakeluo/Software/ros2_rolling/install/ros2interface/lib/python3.8/site-packages:/home/jakeluo/Software/ros2_rolling/build/ros2doctor:/home/jakeluo/Software/ros2_rolling/install/ros2doctor/lib/python3.8/site-packages:/home/jakeluo/Software/ros2_rolling/install/ros2cli_test_interfaces/lib/python3.8/site-packages:/home/jakeluo/Software/ros2_rolling/build/ros2action:/home/jakeluo/Software/ros2_rolling/install/ros2action/lib/python3.8/site-packages:/home/jakeluo/Software/ros2_rolling/build/ros2cli:/home/jakeluo/Software/ros2_rolling/install/ros2cli/lib/python3.8/site-packages:/home/jakeluo/Software/ros2_rolling/build/quality_of_service_demo_py:/home/jakeluo/Software/ros2_rolling/install/quality_of_service_demo_py/lib/python3.8/site-packages:/home/jakeluo/Software/ros2_rolling/install/message_filters/lib/python3.8/site-packages:/home/jakeluo/Software/ros2_rolling/build/launch_testing_ros:/home/jakeluo/Software/ros2_rolling/install/launch_testing_ros/lib/python3.8/site-packages:/home/jakeluo/Software/ros2_rolling/build/launch_ros:/home/jakeluo/Software/ros2_rolling/install/launch_ros/lib/python3.8/site-packages:/home/jakeluo/Software/ros2_rolling/install/laser_geometry/lib/python3.8/site-packages:/home/jakeluo/Software/ros2_rolling/build/examples_rclpy_pointcloud_publisher:/home/jakeluo/Software/ros2_rolling/install/examples_rclpy_pointcloud_publisher/lib/python3.8/site-packages:/home/jakeluo/Software/ros2_rolling/build/examples_rclpy_minimal_subscriber:/home/jakeluo/Software/ros2_rolling/install/examples_rclpy_minimal_subscriber/lib/python3.8/site-packages:/home/jakeluo/Software/ros2_rolling/build/examples_rclpy_minimal_service:/home/jakeluo/Software/ros2_rolling/install/examples_rclpy_minimal_service/lib/python3.8/site-packages:/home/jakeluo/Software/ros2_rolling/build/examples_rclpy_minimal_publisher:/home/jakeluo/Software/ros2_rolling/install/examples_rclpy_minimal_publisher/lib/python3.8/site-packages:/home/jakeluo/Software/ros2_rolling/build/examples_rclpy_minimal_client:/home/jakeluo/Software/ros2_rolling/install/examples_rclpy_minimal_client/lib/python3.8/site-packages:/home/jakeluo/Software/ros2_rolling/build/examples_rclpy_minimal_action_server:/home/jakeluo/Software/ros2_rolling/install/examples_rclpy_minimal_action_server/lib/python3.8/site-packages:/home/jakeluo/Software/ros2_rolling/build/examples_rclpy_minimal_action_client:/home/jakeluo/Software/ros2_rolling/install/examples_rclpy_minimal_action_client/lib/python3.8/site-packages:/home/jakeluo/Software/ros2_rolling/build/examples_rclpy_guard_conditions:/home/jakeluo/Software/ros2_rolling/install/examples_rclpy_guard_conditions/lib/python3.8/site-packages:/home/jakeluo/Software/ros2_rolling/build/examples_rclpy_executors:/home/jakeluo/Software/ros2_rolling/install/examples_rclpy_executors/lib/python3.8/site-packages:/home/jakeluo/Software/ros2_rolling/build/demo_nodes_py:/home/jakeluo/Software/ros2_rolling/install/demo_nodes_py/lib/python3.8/site-packages:/home/jakeluo/Software/ros2_rolling/build/action_tutorials_py:/home/jakeluo/Software/ros2_rolling/install/action_tutorials_py/lib/python3.8/site-packages:/home/jakeluo/Software/ros2_rolling/install/rclpy/lib/python3.8/site-packages:/home/jakeluo/Software/ros2_rolling/install/example_interfaces/lib/python3.8/site-packages:/home/jakeluo/Software/ros2_rolling/install/action_tutorials_interfaces/lib/python3.8/site-packages:/home/jakeluo/Software/ros2_rolling/install/action_msgs/lib/python3.8/site-packages:/home/jakeluo/Software/ros2_rolling/install/unique_identifier_msgs/lib/python3.8/site-packages:/home/jakeluo/Software/ros2_rolling/build/ament_uncrustify:/home/jakeluo/Software/ros2_rolling/install/ament_uncrustify/lib/python3.8/site-packages:/home/jakeluo/Software/ros2_rolling/install/trajectory_msgs/lib/python3.8/site-packages:/home/jakeluo/Software/ros2_rolling/build/tracetools_trace:/home/jakeluo/Software/ros2_rolling/install/tracetools_trace/lib/python3.8/site-packages:/home/jakeluo/Software/ros2_rolling/build/tracetools_read:/home/jakeluo/Software/ros2_rolling/install/tracetools_read/lib/python3.8/site-packages:/home/jakeluo/Software/ros2_rolling/install/logging_demo/lib/python3.8/site-packages:/home/jakeluo/Software/ros2_rolling/install/libstatistics_collector/lib/python3.8/site-packages:/home/jakeluo/Software/ros2_rolling/install/qt_gui_cpp/lib/python3.8/site-packages:/home/jakeluo/Software/ros2_rolling/build/test_launch_ros:/home/jakeluo/Software/ros2_rolling/install/test_launch_ros/lib/python3.8/site-packages:/home/jakeluo/Software/ros2_rolling/install/qt_gui/lib/python3.8/site-packages:/home/jakeluo/Software/ros2_rolling/install/stereo_msgs/lib/python3.8/site-packages:/home/jakeluo/Software/ros2_rolling/install/std_srvs/lib/python3.8/site-packages:/home/jakeluo/Software/ros2_rolling/install/shape_msgs/lib/python3.8/site-packages:/home/jakeluo/Software/ros2_rolling/build/sensor_msgs_py:/home/jakeluo/Software/ros2_rolling/install/sensor_msgs_py/lib/python3.8/site-packages:/home/jakeluo/Software/ros2_rolling/install/map_msgs/lib/python3.8/site-packages:/home/jakeluo/Software/ros2_rolling/install/sensor_msgs/lib/python3.8/site-packages:/home/jakeluo/Software/ros2_rolling/install/nav_msgs/lib/python3.8/site-packages:/home/jakeluo/Software/ros2_rolling/install/diagnostic_msgs/lib/python3.8/site-packages:/home/jakeluo/Software/ros2_rolling/install/geometry_msgs/lib/python3.8/site-packages:/home/jakeluo/Software/ros2_rolling/install/actionlib_msgs/lib/python3.8/site-packages:/home/jakeluo/Software/ros2_rolling/install/std_msgs/lib/python3.8/site-packages:/home/jakeluo/Software/ros2_rolling/install/statistics_msgs/lib/python3.8/site-packages:/home/jakeluo/Software/ros2_rolling/install/rosgraph_msgs/lib/python3.8/site-packages:/home/jakeluo/Software/ros2_rolling/install/rosbag2_interfaces/lib/python3.8/site-packages:/home/jakeluo/Software/ros2_rolling/install/rmw_dds_common/lib/python3.8/site-packages:/home/jakeluo/Software/ros2_rolling/install/composition_interfaces/lib/python3.8/site-packages:/home/jakeluo/Software/ros2_rolling/install/rcl_interfaces/lib/python3.8/site-packages:/home/jakeluo/Software/ros2_rolling/install/pendulum_msgs/lib/python3.8/site-packages:/home/jakeluo/Software/ros2_rolling/install/lifecycle_msgs/lib/python3.8/site-packages:/home/jakeluo/Software/ros2_rolling/install/builtin_interfaces/lib/python3.8/site-packages:/home/jakeluo/Software/ros2_rolling/install/rosidl_generator_py/lib/python3.8/site-packages:/home/jakeluo/Software/ros2_rolling/build/rpyutils:/home/jakeluo/Software/ros2_rolling/install/rpyutils/lib/python3.8/site-packages:/home/jakeluo/Software/ros2_rolling/install/rosidl_typesupport_cpp/lib/python3.8/site-packages:/home/jakeluo/Software/ros2_rolling/install/rosidl_typesupport_introspection_cpp/lib/python3.8/site-packages:/home/jakeluo/Software/ros2_rolling/install/rosidl_typesupport_c/lib/python3.8/site-packages:/home/jakeluo/Software/ros2_rolling/install/rosidl_typesupport_introspection_c/lib/python3.8/site-packages:/home/jakeluo/Software/ros2_rolling/install/rosidl_typesupport_fastrtps_c/lib/python3.8/site-packages:/home/jakeluo/Software/ros2_rolling/install/rosidl_typesupport_fastrtps_cpp/lib/python3.8/site-packages:/home/jakeluo/Software/ros2_rolling/install/rosidl_generator_cpp/lib/python3.8/site-packages:/home/jakeluo/Software/ros2_rolling/install/rosidl_generator_c/lib/python3.8/site-packages:/home/jakeluo/Software/ros2_rolling/build/rosidl_runtime_py:/home/jakeluo/Software/ros2_rolling/install/rosidl_runtime_py/lib/python3.8/site-packages:/home/jakeluo/Software/ros2_rolling/install/rosidl_generator_dds_idl/lib/python3.8/site-packages:/home/jakeluo/Software/ros2_rolling/install/rosidl_cmake/lib/python3.8/site-packages:/home/jakeluo/Software/ros2_rolling/install/rosidl_parser/lib/python3.8/site-packages:/home/jakeluo/Software/ros2_rolling/install/rosidl_adapter/lib/python3.8/site-packages:/home/jakeluo/Software/ros2_rolling/build/rosidl_cli:/home/jakeluo/Software/ros2_rolling/install/rosidl_cli/lib/python3.8/site-packages:/home/jakeluo/Software/ros2_rolling/install/resource_retriever/lib/python3.8/site-packages:/home/jakeluo/Software/ros2_rolling/install/rcutils/lib/python3.8/site-packages:/home/jakeluo/Software/ros2_rolling/install/qt_gui_py_common/lib/python3.8/site-packages:/home/jakeluo/Software/ros2_rolling/install/qt_dotgraph/lib/python3.8/site-packages:/home/jakeluo/Software/ros2_rolling/install/python_qt_binding/lib/python3.8/site-packages:/home/jakeluo/Software/ros2_rolling/build/launch_yaml:/home/jakeluo/Software/ros2_rolling/install/launch_yaml/lib/python3.8/site-packages:/home/jakeluo/Software/ros2_rolling/build/launch_xml:/home/jakeluo/Software/ros2_rolling/install/launch_xml/lib/python3.8/site-packages:/home/jakeluo/Software/ros2_rolling/build/launch_testing:/home/jakeluo/Software/ros2_rolling/install/launch_testing/lib/python3.8/site-packages:/home/jakeluo/Software/ros2_rolling/build/launch:/home/jakeluo/Software/ros2_rolling/install/launch/lib/python3.8/site-packages:/home/jakeluo/Software/ros2_rolling/build/osrf_pycommon:/home/jakeluo/Software/ros2_rolling/install/osrf_pycommon/lib/python3.8/site-packages:/home/jakeluo/Software/ros2_rolling/install/ament_cmake_google_benchmark/lib/python3.8/site-packages:/home/jakeluo/Software/ros2_rolling/build/domain_coordinator:/home/jakeluo/Software/ros2_rolling/install/domain_coordinator/lib/python3.8/site-packages:/home/jakeluo/Software/ros2_rolling/build/ament_xmllint:/home/jakeluo/Software/ros2_rolling/install/ament_xmllint/lib/python3.8/site-packages:/home/jakeluo/Software/ros2_rolling/build/ament_pyflakes:/home/jakeluo/Software/ros2_rolling/install/ament_pyflakes/lib/python3.8/site-packages:/home/jakeluo/Software/ros2_rolling/build/ament_pycodestyle:/home/jakeluo/Software/ros2_rolling/install/ament_pycodestyle/lib/python3.8/site-packages:/home/jakeluo/Software/ros2_rolling/build/ament_pep257:/home/jakeluo/Software/ros2_rolling/install/ament_pep257/lib/python3.8/site-packages:/home/jakeluo/Software/ros2_rolling/build/ament_pclint:/home/jakeluo/Software/ros2_rolling/install/ament_pclint/lib/python3.8/site-packages:/home/jakeluo/Software/ros2_rolling/install/ament_cmake_test/lib/python3.8/site-packages:/home/jakeluo/Software/ros2_rolling/build/ament_package:/home/jakeluo/Software/ros2_rolling/install/ament_package/lib/python3.8/site-packages:/home/jakeluo/Software/ros2_rolling/build/ament_mypy:/home/jakeluo/Software/ros2_rolling/install/ament_mypy/lib/python3.8/site-packages:/home/jakeluo/Software/ros2_rolling/build/ament_lint_cmake:/home/jakeluo/Software/ros2_rolling/install/ament_lint_cmake/lib/python3.8/site-packages:/home/jakeluo/Software/ros2_rolling/build/ament_flake8:/home/jakeluo/Software/ros2_rolling/install/ament_flake8/lib/python3.8/site-packages:/home/jakeluo/Software/ros2_rolling/build/ament_copyright:/home/jakeluo/Software/ros2_rolling/install/ament_copyright/lib/python3.8/site-packages:/home/jakeluo/Software/ros2_rolling/build/ament_lint:/home/jakeluo/Software/ros2_rolling/install/ament_lint/lib/python3.8/site-packages:/home/jakeluo/Software/ros2_rolling/build/ament_index_python:/home/jakeluo/Software/ros2_rolling/install/ament_index_python/lib/python3.8/site-packages:/home/jakeluo/Software/ros2_rolling/build/ament_cpplint:/home/jakeluo/Software/ros2_rolling/install/ament_cpplint/lib/python3.8/site-packages:/home/jakeluo/Software/ros2_rolling/build/ament_cppcheck:/home/jakeluo/Software/ros2_rolling/install/ament_cppcheck/lib/python3.8/site-packages:/home/jakeluo/Software/ros2_rolling/build/ament_clang_tidy:/home/jakeluo/Software/ros2_rolling/install/ament_clang_tidy/lib/python3.8/site-packages:/home/jakeluo/Software/ros2_rolling/build/ament_clang_format:/home/jakeluo/Software/ros2_rolling/install/ament_clang_format/lib/python3.8/site-packages /usr/bin/cmake --build /home/jakeluo/Documents/MonitoringSystemRos2/src/build/openpose -- -j12 -l12
[0.687s] [35m[1mScanning dependencies of target estimater[0m
[0.770s] [ 50%] [32mBuilding CXX object CMakeFiles/estimater.dir/src/openpose.cpp.o[0m
[1.159s] In file included from [01m[K/home/jakeluo/Documents/MonitoringSystemRos2/src/openpose/src/openpose.cpp:1[m[K:
[1.159s] [01m[K/home/jakeluo/Documents/MonitoringSystemRos2/src/openpose/include/openpose.hpp:275:2:[m[K [01;31m[Kerror: [m[K#endif without #if
[1.159s]   275 | #[01;31m[Kendif[m[K // OPENPOSE_FLAGS_HPP
[1.159s]       |  [01;31m[K^~~~~[m[K
[4.052s] In file included from [01m[K/home/jakeluo/Documents/MonitoringSystemRos2/src/openpose/src/openpose.cpp:1[m[K:
[4.052s] [01m[K/home/jakeluo/Documents/MonitoringSystemRos2/src/openpose/include/openpose.hpp:14:13:[m[K [01;31m[Kerror: [m[Kexpected constructor, destructor, or type conversion before â€˜[01m[K([m[Kâ€™ token
[4.053s]    14 | DEFINE_int32[01;31m[K([m[Klogging_level,             3,              "The logging level. Integer in the range [0, 255]. 0 will output any opLog() message,"
[4.053s]       |             [01;31m[K^[m[K
[4.053s] In file included from [01m[K/home/jakeluo/Documents/MonitoringSystemRos2/src/openpose/src/openpose.cpp:1[m[K:
[4.053s] [01m[K/home/jakeluo/Documents/MonitoringSystemRos2/src/openpose/include/openpose.hpp:17:12:[m[K [01;31m[Kerror: [m[Kexpected constructor, destructor, or type conversion before â€˜[01m[K([m[Kâ€™ token
[4.053s]    17 | DEFINE_bool[01;31m[K([m[Kdisable_multi_thread,       true,          "It would slightly reduce the frame rate in order to highly reduce the lag. Mainly useful"
[4.053s]       |            [01;31m[K^[m[K
[4.053s] [01m[K/home/jakeluo/Documents/MonitoringSystemRos2/src/openpose/include/openpose.hpp:21:13:[m[K [01;31m[Kerror: [m[Kexpected constructor, destructor, or type conversion before â€˜[01m[K([m[Kâ€™ token
[4.054s]    21 | DEFINE_int32[01;31m[K([m[Kprofile_speed,             1000,           "If PROFILER_ENABLED was set in CMake or Makefile.config files, OpenPose will show some"
[4.054s]       |             [01;31m[K^[m[K
[4.054s] [01m[K/home/jakeluo/Documents/MonitoringSystemRos2/src/openpose/include/openpose.hpp:279:12:[m[K [01;31m[Kerror: [m[Kexpected constructor, destructor, or type conversion before â€˜[01m[K([m[Kâ€™ token
[4.054s]   279 | DEFINE_bool[01;31m[K([m[Kno_display,                 false,
[4.054s]       |            [01;31m[K^[m[K
[4.119s] [01m[K/home/jakeluo/Documents/MonitoringSystemRos2/src/openpose/src/openpose.cpp:[m[K In member function â€˜[01m[Kvoid Openpose::configureWrapper(op::Wrapper&)[m[Kâ€™:
[4.120s] [01m[K/home/jakeluo/Documents/MonitoringSystemRos2/src/openpose/src/openpose.cpp:25:18:[m[K [01;31m[Kerror: [m[Kâ€˜[01m[KFLAGS_logging_level[m[Kâ€™ was not declared in this scope
[4.120s]    25 |             0 <= [01;31m[KFLAGS_logging_level[m[K && FLAGS_logging_level <= 255, "Wrong logging_level value.",
[4.120s]       |                  [01;31m[K^~~~~~~~~~~~~~~~~~~[m[K
[4.131s] [01m[K/home/jakeluo/Documents/MonitoringSystemRos2/src/openpose/src/openpose.cpp:28:35:[m[K [01;31m[Kerror: [m[Kâ€˜[01m[KFLAGS_profile_speed[m[Kâ€™ was not declared in this scope
[4.132s]    28 |         op::Profiler::setDefaultX([01;31m[KFLAGS_profile_speed[m[K);
[4.132s]       |                                   [01;31m[K^~~~~~~~~~~~~~~~~~~[m[K
[4.142s] [01m[K/home/jakeluo/Documents/MonitoringSystemRos2/src/openpose/src/openpose.cpp:35:24:[m[K [01;31m[Kerror: [m[Kâ€˜[01m[KFLAGS_image_dir[m[Kâ€™ was not declared in this scope
[4.142s]    35 |             op::String([01;31m[KFLAGS_image_dir[m[K), op::String(FLAGS_video), op::String(FLAGS_ip_camera), FLAGS_camera,
[4.143s]       |                        [01;31m[K^~~~~~~~~~~~~~~[m[K
[4.148s] [01m[K/home/jakeluo/Documents/MonitoringSystemRos2/src/openpose/src/openpose.cpp:35:53:[m[K [01;31m[Kerror: [m[Kâ€˜[01m[KFLAGS_video[m[Kâ€™ was not declared in this scope
[4.148s]    35 |             op::String(FLAGS_image_dir), op::String([01;31m[KFLAGS_video[m[K), op::String(FLAGS_ip_camera), FLAGS_camera,
[4.149s]       |                                                     [01;31m[K^~~~~~~~~~~[m[K
[4.155s] [01m[K/home/jakeluo/Documents/MonitoringSystemRos2/src/openpose/src/openpose.cpp:35:78:[m[K [01;31m[Kerror: [m[Kâ€˜[01m[KFLAGS_ip_camera[m[Kâ€™ was not declared in this scope
[4.155s]    35 | String(FLAGS_image_dir), op::String(FLAGS_video), op::String([01;31m[KFLAGS_ip_camera[m[K), FLAGS_camera,
[4.155s]       |                                                              [01;31m[K^~~~~~~~~~~~~~~[m[K
[4.156s] 
[4.161s] [01m[K/home/jakeluo/Documents/MonitoringSystemRos2/src/openpose/src/openpose.cpp:35:96:[m[K [01;31m[Kerror: [m[Kâ€˜[01m[KFLAGS_camera[m[Kâ€™ was not declared in this scope
[4.161s]    35 | image_dir), op::String(FLAGS_video), op::String(FLAGS_ip_camera), [01;31m[KFLAGS_camera[m[K,
[4.161s]       |                                                                   [01;31m[K^~~~~~~~~~~~[m[K
[4.161s] 
[4.168s] [01m[K/home/jakeluo/Documents/MonitoringSystemRos2/src/openpose/src/openpose.cpp:36:13:[m[K [01;31m[Kerror: [m[Kâ€˜[01m[KFLAGS_flir_camera[m[Kâ€™ was not declared in this scope
[4.168s]    36 |             [01;31m[KFLAGS_flir_camera[m[K, FLAGS_flir_camera_index);
[4.169s]       |             [01;31m[K^~~~~~~~~~~~~~~~~[m[K
[4.178s] [01m[K/home/jakeluo/Documents/MonitoringSystemRos2/src/openpose/src/openpose.cpp:36:32:[m[K [01;31m[Kerror: [m[Kâ€˜[01m[KFLAGS_flir_camera_index[m[Kâ€™ was not declared in this scope
[4.178s]    36 |             FLAGS_flir_camera, [01;31m[KFLAGS_flir_camera_index[m[K);
[4.178s]       |                                [01;31m[K^~~~~~~~~~~~~~~~~~~~~~~[m[K
[4.187s] [01m[K/home/jakeluo/Documents/MonitoringSystemRos2/src/openpose/src/openpose.cpp:38:61:[m[K [01;31m[Kerror: [m[Kâ€˜[01m[KFLAGS_camera_resolution[m[Kâ€™ was not declared in this scope
[4.188s]    38 |         const auto cameraSize = op::flagsToPoint(op::String([01;31m[KFLAGS_camera_resolution[m[K), "-1x-1");
[4.188s]       |                                                             [01;31m[K^~~~~~~~~~~~~~~~~~~~~~~[m[K
[4.197s] [01m[K/home/jakeluo/Documents/MonitoringSystemRos2/src/openpose/src/openpose.cpp:40:61:[m[K [01;31m[Kerror: [m[Kâ€˜[01m[KFLAGS_output_resolution[m[Kâ€™ was not declared in this scope
[4.197s]    40 |         const auto outputSize = op::flagsToPoint(op::String([01;31m[KFLAGS_output_resolution[m[K), "-1x-1");
[4.197s]       |                                                             [01;31m[K^~~~~~~~~~~~~~~~~~~~~~~[m[K
[4.206s] [01m[K/home/jakeluo/Documents/MonitoringSystemRos2/src/openpose/src/openpose.cpp:42:63:[m[K [01;31m[Kerror: [m[Kâ€˜[01m[KFLAGS_net_resolution[m[Kâ€™ was not declared in this scope
[4.206s]    42 |        const auto netInputSize = op::flagsToPoint(op::String([01;31m[KFLAGS_net_resolution[m[K), "-1x368");
[4.206s]       |                                                              [01;31m[K^~~~~~~~~~~~~~~~~~~~[m[K
[4.206s] 
[4.217s] [01m[K/home/jakeluo/Documents/MonitoringSystemRos2/src/openpose/src/openpose.cpp:44:67:[m[K [01;31m[Kerror: [m[Kâ€˜[01m[KFLAGS_face_net_resolution[m[Kâ€™ was not declared in this scope
[4.217s]    44 |    const auto faceNetInputSize = op::flagsToPoint(op::String([01;31m[KFLAGS_face_net_resolution[m[K), "368x368 (multiples of 16)");
[4.217s]       |                                                              [01;31m[K^~~~~~~~~~~~~~~~~~~~~~~~~[m[K
[4.217s] 
[4.231s] [01m[K/home/jakeluo/Documents/MonitoringSystemRos2/src/openpose/src/openpose.cpp:46:67:[m[K [01;31m[Kerror: [m[Kâ€˜[01m[KFLAGS_hand_net_resolution[m[Kâ€™ was not declared in this scope
[4.231s]    46 |    const auto handNetInputSize = op::flagsToPoint(op::String([01;31m[KFLAGS_hand_net_resolution[m[K), "368x368 (multiples of 16)");
[4.231s]       |                                                              [01;31m[K^~~~~~~~~~~~~~~~~~~~~~~~~[m[K
[4.231s] 
[4.238s] [01m[K/home/jakeluo/Documents/MonitoringSystemRos2/src/openpose/src/openpose.cpp:48:51:[m[K [01;31m[Kerror: [m[Kâ€˜[01m[KFLAGS_body[m[Kâ€™ was not declared in this scope
[4.238s]    48 |         const auto poseMode = op::flagsToPoseMode([01;31m[KFLAGS_body[m[K);
[4.238s]       |                                                   [01;31m[K^~~~~~~~~~[m[K
[4.248s] [01m[K/home/jakeluo/Documents/MonitoringSystemRos2/src/openpose/src/openpose.cpp:50:64:[m[K [01;31m[Kerror: [m[Kâ€˜[01m[KFLAGS_model_pose[m[Kâ€™ was not declared in this scope
[4.248s]    50 |       const auto poseModel = op::flagsToPoseModel(op::String([01;31m[KFLAGS_model_pose[m[K));
[4.248s]       |                                                              [01;31m[K^~~~~~~~~~~~~~~~[m[K
[4.248s] 
[4.261s] [01m[K/home/jakeluo/Documents/MonitoringSystemRos2/src/openpose/src/openpose.cpp:52:14:[m[K [01;31m[Kerror: [m[Kâ€˜[01m[KFLAGS_write_keypoint[m[Kâ€™ was not declared in this scope
[4.261s]    52 |         if (![01;31m[KFLAGS_write_keypoint[m[K.empty())
[4.261s]       |              [01;31m[K^~~~~~~~~~~~~~~~~~~~[m[K
[4.274s] [01m[K/home/jakeluo/Documents/MonitoringSystemRos2/src/openpose/src/openpose.cpp:57:61:[m[K [01;31m[Kerror: [m[Kâ€˜[01m[KFLAGS_keypoint_scale[m[Kâ€™ was not declared in this scope
[4.274s]    57 |         const auto keypointScaleMode = op::flagsToScaleMode([01;31m[KFLAGS_keypoint_scale[m[K);
[4.274s]       |                                                             [01;31m[K^~~~~~~~~~~~~~~~~~~~[m[K
[4.285s] [01m[K/home/jakeluo/Documents/MonitoringSystemRos2/src/openpose/src/openpose.cpp:59:55:[m[K [01;31m[Kerror: [m[Kâ€˜[01m[KFLAGS_heatmaps_add_parts[m[Kâ€™ was not declared in this scope
[4.285s]    59 |         const auto heatMapTypes = op::flagsToHeatMaps([01;31m[KFLAGS_heatmaps_add_parts[m[K, FLAGS_heatmaps_add_bkg,
[4.285s]       |                                                       [01;31m[K^~~~~~~~~~~~~~~~~~~~~~~~[m[K
[4.294s] [01m[K/home/jakeluo/Documents/MonitoringSystemRos2/src/openpose/src/openpose.cpp:59:81:[m[K [01;31m[Kerror: [m[Kâ€˜[01m[KFLAGS_heatmaps_add_bkg[m[Kâ€™ was not declared in this scope
[4.294s]    59 | heatMapTypes = op::flagsToHeatMaps(FLAGS_heatmaps_add_parts, [01;31m[KFLAGS_heatmaps_add_bkg[m[K,
[4.295s]       |                                                              [01;31m[K^~~~~~~~~~~~~~~~~~~~~~[m[K
[4.295s] 
[4.304s] [01m[K/home/jakeluo/Documents/MonitoringSystemRos2/src/openpose/src/openpose.cpp:60:55:[m[K [01;31m[Kerror: [m[Kâ€˜[01m[KFLAGS_heatmaps_add_PAFs[m[Kâ€™ was not declared in this scope
[4.305s]    60 |                                                       [01;31m[KFLAGS_heatmaps_add_PAFs[m[K);
[4.305s]       |                                                       [01;31m[K^~~~~~~~~~~~~~~~~~~~~~~[m[K
[4.315s] [01m[K/home/jakeluo/Documents/MonitoringSystemRos2/src/openpose/src/openpose.cpp:61:67:[m[K [01;31m[Kerror: [m[Kâ€˜[01m[KFLAGS_heatmaps_scale[m[Kâ€™ was not declared in this scope
[4.315s]    61 |    const auto heatMapScaleMode = op::flagsToHeatMapScaleMode([01;31m[KFLAGS_heatmaps_scale[m[K);
[4.315s]       |                                                              [01;31m[K^~~~~~~~~~~~~~~~~~~~[m[K
[4.315s] 
[4.319s] [01m[K/home/jakeluo/Documents/MonitoringSystemRos2/src/openpose/src/openpose.cpp:63:36:[m[K [01;31m[Kerror: [m[Kâ€˜[01m[KFLAGS_3d[m[Kâ€™ was not declared in this scope
[4.320s]    63 |         const auto multipleView = ([01;31m[KFLAGS_3d[m[K || FLAGS_3d_views > 1 || FLAGS_flir_camera);
[4.320s]       |                                    [01;31m[K^~~~~~~~[m[K
[4.326s] [01m[K/home/jakeluo/Documents/MonitoringSystemRos2/src/openpose/src/openpose.cpp:63:48:[m[K [01;31m[Kerror: [m[Kâ€˜[01m[KFLAGS_3d_views[m[Kâ€™ was not declared in this scope
[4.326s]    63 |         const auto multipleView = (FLAGS_3d || [01;31m[KFLAGS_3d_views[m[K > 1 || FLAGS_flir_camera);
[4.326s]       |                                                [01;31m[K^~~~~~~~~~~~~~[m[K
[4.335s] [01m[K/home/jakeluo/Documents/MonitoringSystemRos2/src/openpose/src/openpose.cpp:65:55:[m[K [01;31m[Kerror: [m[Kâ€˜[01m[KFLAGS_face_detector[m[Kâ€™ was not declared in this scope
[4.335s]    65 |         const auto faceDetector = op::flagsToDetector([01;31m[KFLAGS_face_detector[m[K);
[4.335s]       |                                                       [01;31m[K^~~~~~~~~~~~~~~~~~~[m[K
[4.343s] [01m[K/home/jakeluo/Documents/MonitoringSystemRos2/src/openpose/src/openpose.cpp:66:55:[m[K [01;31m[Kerror: [m[Kâ€˜[01m[KFLAGS_hand_detector[m[Kâ€™ was not declared in this scope
[4.343s]    66 |         const auto handDetector = op::flagsToDetector([01;31m[KFLAGS_hand_detector[m[K);
[4.343s]       |                                                       [01;31m[K^~~~~~~~~~~~~~~~~~~[m[K
[4.355s] [01m[K/home/jakeluo/Documents/MonitoringSystemRos2/src/openpose/src/openpose.cpp:72:37:[m[K [01;31m[Kerror: [m[Kâ€˜[01m[KFLAGS_net_resolution_dynamic[m[Kâ€™ was not declared in this scope
[4.355s]    72 |             poseMode, netInputSize, [01;31m[KFLAGS_net_resolution_dynamic[m[K, outputSize, keypointScaleMode, FLAGS_num_gpu,
[4.355s]       |                                     [01;31m[K^~~~~~~~~~~~~~~~~~~~~~~~~~~~[m[K
[4.360s] [01m[K/home/jakeluo/Documents/MonitoringSystemRos2/src/openpose/src/openpose.cpp:72:98:[m[K [01;31m[Kerror: [m[Kâ€˜[01m[KFLAGS_num_gpu[m[Kâ€™ was not declared in this scope
[4.360s]    72 | ze, FLAGS_net_resolution_dynamic, outputSize, keypointScaleMode, [01;31m[KFLAGS_num_gpu[m[K,
[4.360s]       |                                                                  [01;31m[K^~~~~~~~~~~~~[m[K
[4.360s] 
[4.370s] [01m[K/home/jakeluo/Documents/MonitoringSystemRos2/src/openpose/src/openpose.cpp:73:13:[m[K [01;31m[Kerror: [m[Kâ€˜[01m[KFLAGS_num_gpu_start[m[Kâ€™ was not declared in this scope
[4.370s]    73 |             [01;31m[KFLAGS_num_gpu_start[m[K, FLAGS_scale_number, (float)FLAGS_scale_gap,
[4.370s]       |             [01;31m[K^~~~~~~~~~~~~~~~~~~[m[K
[4.378s] [01m[K/home/jakeluo/Documents/MonitoringSystemRos2/src/openpose/src/openpose.cpp:73:34:[m[K [01;31m[Kerror: [m[Kâ€˜[01m[KFLAGS_scale_number[m[Kâ€™ was not declared in this scope
[4.378s]    73 |             FLAGS_num_gpu_start, [01;31m[KFLAGS_scale_number[m[K, (float)FLAGS_scale_gap,
[4.378s]       |                                  [01;31m[K^~~~~~~~~~~~~~~~~~[m[K
[4.385s] [01m[K/home/jakeluo/Documents/MonitoringSystemRos2/src/openpose/src/openpose.cpp:73:61:[m[K [01;31m[Kerror: [m[Kâ€˜[01m[KFLAGS_scale_gap[m[Kâ€™ was not declared in this scope
[4.385s]    73 |             FLAGS_num_gpu_start, FLAGS_scale_number, (float)[01;31m[KFLAGS_scale_gap[m[K,
[4.385s]       |                                                             [01;31m[K^~~~~~~~~~~~~~~[m[K
[4.393s] [01m[K/home/jakeluo/Documents/MonitoringSystemRos2/src/openpose/src/openpose.cpp:74:35:[m[K [01;31m[Kerror: [m[Kâ€˜[01m[KFLAGS_render_pose[m[Kâ€™ was not declared in this scope
[4.393s]    74 |             op::flagsToRenderMode([01;31m[KFLAGS_render_pose[m[K, multipleView), poseModel, !FLAGS_disable_blending,
[4.393s]       |                                   [01;31m[K^~~~~~~~~~~~~~~~~[m[K
[4.402s] [01m[K/home/jakeluo/Documents/MonitoringSystemRos2/src/openpose/src/openpose.cpp:74:81:[m[K [01;31m[Kerror: [m[Kâ€˜[01m[KFLAGS_disable_blending[m[Kâ€™ was not declared in this scope
[4.403s]    74 | gsToRenderMode(FLAGS_render_pose, multipleView), poseModel, ![01;31m[KFLAGS_disable_blending[m[K,
[4.403s]       |                                                              [01;31m[K^~~~~~~~~~~~~~~~~~~~~~[m[K
[4.403s] 
[4.410s] [01m[K/home/jakeluo/Documents/MonitoringSystemRos2/src/openpose/src/openpose.cpp:75:20:[m[K [01;31m[Kerror: [m[Kâ€˜[01m[KFLAGS_alpha_pose[m[Kâ€™ was not declared in this scope
[4.410s]    75 |             (float)[01;31m[KFLAGS_alpha_pose[m[K, (float)FLAGS_alpha_heatmap, FLAGS_part_to_show, op::String(FLAGS_model_folder),
[4.410s]       |                    [01;31m[K^~~~~~~~~~~~~~~~[m[K
[4.418s] [01m[K/home/jakeluo/Documents/MonitoringSystemRos2/src/openpose/src/openpose.cpp:75:45:[m[K [01;31m[Kerror: [m[Kâ€˜[01m[KFLAGS_alpha_heatmap[m[Kâ€™ was not declared in this scope
[4.418s]    75 |             (float)FLAGS_alpha_pose, (float)[01;31m[KFLAGS_alpha_heatmap[m[K, FLAGS_part_to_show, op::String(FLAGS_model_folder),
[4.418s]       |                                             [01;31m[K^~~~~~~~~~~~~~~~~~~[m[K
[4.426s] [01m[K/home/jakeluo/Documents/MonitoringSystemRos2/src/openpose/src/openpose.cpp:75:66:[m[K [01;31m[Kerror: [m[Kâ€˜[01m[KFLAGS_part_to_show[m[Kâ€™ was not declared in this scope
[4.426s]    75 |         (float)FLAGS_alpha_pose, (float)FLAGS_alpha_heatmap, [01;31m[KFLAGS_part_to_show[m[K, op::String(FLAGS_model_folder),
[4.426s]       |                                                              [01;31m[K^~~~~~~~~~~~~~~~~~[m[K
[4.426s] 
[4.434s] [01m[K/home/jakeluo/Documents/MonitoringSystemRos2/src/openpose/src/openpose.cpp:75:97:[m[K [01;31m[Kerror: [m[Kâ€˜[01m[KFLAGS_model_folder[m[Kâ€™ was not declared in this scope
[4.434s]    75 | , (float)FLAGS_alpha_heatmap, FLAGS_part_to_show, op::String([01;31m[KFLAGS_model_folder[m[K),
[4.434s]       |                                                              [01;31m[K^~~~~~~~~~~~~~~~~~[m[K
[4.434s] 
[4.443s] [01m[K/home/jakeluo/Documents/MonitoringSystemRos2/src/openpose/src/openpose.cpp:76:45:[m[K [01;31m[Kerror: [m[Kâ€˜[01m[KFLAGS_part_candidates[m[Kâ€™ was not declared in this scope
[4.443s]    76 |             heatMapTypes, heatMapScaleMode, [01;31m[KFLAGS_part_candidates[m[K, (float)FLAGS_render_threshold,
[4.443s]       |                                             [01;31m[K^~~~~~~~~~~~~~~~~~~~~[m[K
[4.453s] [01m[K/home/jakeluo/Documents/MonitoringSystemRos2/src/openpose/src/openpose.cpp:76:75:[m[K [01;31m[Kerror: [m[Kâ€˜[01m[KFLAGS_render_threshold[m[Kâ€™ was not declared in this scope
[4.453s]    76 | eatMapTypes, heatMapScaleMode, FLAGS_part_candidates, (float)[01;31m[KFLAGS_render_threshold[m[K,
[4.453s]       |                                                              [01;31m[K^~~~~~~~~~~~~~~~~~~~~~[m[K
[4.453s] 
[4.462s] [01m[K/home/jakeluo/Documents/MonitoringSystemRos2/src/openpose/src/openpose.cpp:77:13:[m[K [01;31m[Kerror: [m[Kâ€˜[01m[KFLAGS_number_people_max[m[Kâ€™ was not declared in this scope
[4.462s]    77 |             [01;31m[KFLAGS_number_people_max[m[K, FLAGS_maximize_positives, FLAGS_fps_max, op::String(FLAGS_prototxt_path),
[4.462s]       |             [01;31m[K^~~~~~~~~~~~~~~~~~~~~~~[m[K
[4.472s] [01m[K/home/jakeluo/Documents/MonitoringSystemRos2/src/openpose/src/openpose.cpp:77:38:[m[K [01;31m[Kerror: [m[Kâ€˜[01m[KFLAGS_maximize_positives[m[Kâ€™ was not declared in this scope
[4.472s]    77 |             FLAGS_number_people_max, [01;31m[KFLAGS_maximize_positives[m[K, FLAGS_fps_max, op::String(FLAGS_prototxt_path),
[4.472s]       |                                      [01;31m[K^~~~~~~~~~~~~~~~~~~~~~~~[m[K
[4.478s] [01m[K/home/jakeluo/Documents/MonitoringSystemRos2/src/openpose/src/openpose.cpp:77:64:[m[K [01;31m[Kerror: [m[Kâ€˜[01m[KFLAGS_fps_max[m[Kâ€™ was not declared in this scope
[4.478s]    77 |           FLAGS_number_people_max, FLAGS_maximize_positives, [01;31m[KFLAGS_fps_max[m[K, op::String(FLAGS_prototxt_path),
[4.478s]       |                                                              [01;31m[K^~~~~~~~~~~~~[m[K
[4.478s] 
[4.486s] [01m[K/home/jakeluo/Documents/MonitoringSystemRos2/src/openpose/src/openpose.cpp:77:90:[m[K [01;31m[Kerror: [m[Kâ€˜[01m[KFLAGS_prototxt_path[m[Kâ€™ was not declared in this scope
[4.486s]    77 | ple_max, FLAGS_maximize_positives, FLAGS_fps_max, op::String([01;31m[KFLAGS_prototxt_path[m[K),
[4.486s]       |                                                              [01;31m[K^~~~~~~~~~~~~~~~~~~[m[K
[4.486s] 
[4.495s] [01m[K/home/jakeluo/Documents/MonitoringSystemRos2/src/openpose/src/openpose.cpp:78:24:[m[K [01;31m[Kerror: [m[Kâ€˜[01m[KFLAGS_caffemodel_path[m[Kâ€™ was not declared in this scope
[4.495s]    78 |             op::String([01;31m[KFLAGS_caffemodel_path[m[K), (float)FLAGS_upsampling_ratio, enableGoogleLogging};
[4.496s]       |                        [01;31m[K^~~~~~~~~~~~~~~~~~~~~[m[K
[4.506s] [01m[K/home/jakeluo/Documents/MonitoringSystemRos2/src/openpose/src/openpose.cpp:78:55:[m[K [01;31m[Kerror: [m[Kâ€˜[01m[KFLAGS_upsampling_ratio[m[Kâ€™ was not declared in this scope
[4.506s]    78 |             op::String(FLAGS_caffemodel_path), (float)[01;31m[KFLAGS_upsampling_ratio[m[K, enableGoogleLogging};
[4.506s]       |                                                       [01;31m[K^~~~~~~~~~~~~~~~~~~~~~[m[K
[4.506s] [01m[K/home/jakeluo/Documents/MonitoringSystemRos2/src/openpose/src/openpose.cpp:78:98:[m[K [01;31m[Kerror: [m[Kno matching function for call to â€˜[01m[Kop::WrapperStructPose::WrapperStructPose(<brace-enclosed initializer list>)[m[Kâ€™
[4.506s]    78 | del_path), (float)FLAGS_upsampling_ratio, enableGoogleLogging[01;31m[K}[m[K;
[4.506s]       |                                                              [01;31m[K^[m[K
[4.506s] 
[4.506s] In file included from [01m[K/home/jakeluo/Documents/MonitoringSystemRos2/src/openpose/include/openpose/wrapper/wrapper.hpp:13[m[K,
[4.506s]                  from [01m[K/home/jakeluo/Documents/MonitoringSystemRos2/src/openpose/include/openpose/wrapper/headers.hpp:6[m[K,
[4.506s]                  from [01m[K/home/jakeluo/Documents/MonitoringSystemRos2/src/openpose/include/openpose/headers.hpp:47[m[K,
[4.506s]                  from [01m[K/home/jakeluo/Documents/MonitoringSystemRos2/src/openpose/include/openpose.hpp:8[m[K,
[4.506s]                  from [01m[K/home/jakeluo/Documents/MonitoringSystemRos2/src/openpose/src/openpose.cpp:1[m[K:
[4.506s] [01m[K/home/jakeluo/Documents/MonitoringSystemRos2/src/openpose/include/openpose/wrapper/wrapperStructPose.hpp:221:9:[m[K [01;36m[Knote: [m[Kcandidate: â€˜[01m[Kop::WrapperStructPose::WrapperStructPose(op::PoseMode, const op::Point<int>&, double, const op::Point<int>&, op::ScaleMode, int, int, int, float, op::RenderMode, op::PoseModel, bool, float, float, int, const op::String&, const std::vector<op::HeatMapType>&, op::ScaleMode, bool, float, int, bool, double, const op::String&, const op::String&, float, bool)[m[Kâ€™
[4.507s]   221 |         [01;36m[KWrapperStructPose[m[K(
[4.507s]       |         [01;36m[K^~~~~~~~~~~~~~~~~[m[K
[4.507s] [01m[K/home/jakeluo/Documents/MonitoringSystemRos2/src/openpose/include/openpose/wrapper/wrapperStructPose.hpp:221:9:[m[K [01;36m[Knote: [m[K  conversion of argument 1 would be ill-formed:
[4.507s] [01m[K/home/jakeluo/Documents/MonitoringSystemRos2/src/openpose/include/openpose/wrapper/wrapperStructPose.hpp:18:19:[m[K [01;36m[Knote: [m[Kcandidate: â€˜[01m[Kop::WrapperStructPose::WrapperStructPose(const op::WrapperStructPose&)[m[Kâ€™
[4.507s]    18 |     struct OP_API [01;36m[KWrapperStructPose[m[K
[4.507s]       |                   [01;36m[K^~~~~~~~~~~~~~~~~[m[K
[4.507s] [01m[K/home/jakeluo/Documents/MonitoringSystemRos2/src/openpose/include/openpose/wrapper/wrapperStructPose.hpp:18:19:[m[K [01;36m[Knote: [m[K  candidate expects 1 argument, 27 provided
[4.507s] [01m[K/home/jakeluo/Documents/MonitoringSystemRos2/src/openpose/include/openpose/wrapper/wrapperStructPose.hpp:18:19:[m[K [01;36m[Knote: [m[Kcandidate: â€˜[01m[Kop::WrapperStructPose::WrapperStructPose(op::WrapperStructPose&&)[m[Kâ€™
[4.507s] [01m[K/home/jakeluo/Documents/MonitoringSystemRos2/src/openpose/include/openpose/wrapper/wrapperStructPose.hpp:18:19:[m[K [01;36m[Knote: [m[K  candidate expects 1 argument, 27 provided
[4.511s] [01m[K/home/jakeluo/Documents/MonitoringSystemRos2/src/openpose/src/openpose.cpp:82:13:[m[K [01;31m[Kerror: [m[Kâ€˜[01m[KFLAGS_face[m[Kâ€™ was not declared in this scope
[4.511s]    82 |             [01;31m[KFLAGS_face[m[K, faceDetector, faceNetInputSize,
[4.511s]       |             [01;31m[K^~~~~~~~~~[m[K
[4.519s] [01m[K/home/jakeluo/Documents/MonitoringSystemRos2/src/openpose/src/openpose.cpp:83:35:[m[K [01;31m[Kerror: [m[Kâ€˜[01m[KFLAGS_face_render[m[Kâ€™ was not declared in this scope
[4.519s]    83 |             op::flagsToRenderMode([01;31m[KFLAGS_face_render[m[K, multipleView, FLAGS_render_pose),
[4.519s]       |                                   [01;31m[K^~~~~~~~~~~~~~~~~[m[K
[4.528s] [01m[K/home/jakeluo/Documents/MonitoringSystemRos2/src/openpose/src/openpose.cpp:84:20:[m[K [01;31m[Kerror: [m[Kâ€˜[01m[KFLAGS_face_alpha_pose[m[Kâ€™ was not declared in this scope
[4.528s]    84 |             (float)[01;31m[KFLAGS_face_alpha_pose[m[K, (float)FLAGS_face_alpha_heatmap, (float)FLAGS_face_render_threshold};
[4.528s]       |                    [01;31m[K^~~~~~~~~~~~~~~~~~~~~[m[K
[4.538s] [01m[K/home/jakeluo/Documents/MonitoringSystemRos2/src/openpose/src/openpose.cpp:84:50:[m[K [01;31m[Kerror: [m[Kâ€˜[01m[KFLAGS_face_alpha_heatmap[m[Kâ€™ was not declared in this scope
[4.538s]    84 |             (float)FLAGS_face_alpha_pose, (float)[01;31m[KFLAGS_face_alpha_heatmap[m[K, (float)FLAGS_face_render_threshold};
[4.538s]       |                                                  [01;31m[K^~~~~~~~~~~~~~~~~~~~~~~~[m[K
[4.550s] [01m[K/home/jakeluo/Documents/MonitoringSystemRos2/src/openpose/src/openpose.cpp:84:83:[m[K [01;31m[Kerror: [m[Kâ€˜[01m[KFLAGS_face_render_threshold[m[Kâ€™ was not declared in this scope
[4.550s]    84 | AGS_face_alpha_pose, (float)FLAGS_face_alpha_heatmap, (float)[01;31m[KFLAGS_face_render_threshold[m[K};
[4.550s]       |                                                              [01;31m[K^~~~~~~~~~~~~~~~~~~~~~~~~~~[m[K
[4.550s] 
[4.550s] [01m[K/home/jakeluo/Documents/MonitoringSystemRos2/src/openpose/src/openpose.cpp:84:110:[m[K [01;31m[Kerror: [m[Kno matching function for call to â€˜[01m[Kop::WrapperStructFace::WrapperStructFace(<brace-enclosed initializer list>)[m[Kâ€™
[4.550s]    84 | )FLAGS_face_alpha_heatmap, (float)FLAGS_face_render_threshold[01;31m[K}[m[K;
[4.550s]       |                                                              [01;31m[K^[m[K
[4.550s] 
[4.550s] In file included from [01m[K/home/jakeluo/Documents/MonitoringSystemRos2/src/openpose/include/openpose/wrapper/wrapper.hpp:8[m[K,
[4.550s]                  from [01m[K/home/jakeluo/Documents/MonitoringSystemRos2/src/openpose/include/openpose/wrapper/headers.hpp:6[m[K,
[4.550s]                  from [01m[K/home/jakeluo/Documents/MonitoringSystemRos2/src/openpose/include/openpose/headers.hpp:47[m[K,
[4.551s]                  from [01m[K/home/jakeluo/Documents/MonitoringSystemRos2/src/openpose/include/openpose.hpp:8[m[K,
[4.551s]                  from [01m[K/home/jakeluo/Documents/MonitoringSystemRos2/src/openpose/src/openpose.cpp:1[m[K:
[4.551s] [01m[K/home/jakeluo/Documents/MonitoringSystemRos2/src/openpose/include/openpose/wrapper/wrapperStructFace.hpp:69:9:[m[K [01;36m[Knote: [m[Kcandidate: â€˜[01m[Kop::WrapperStructFace::WrapperStructFace(bool, op::Detector, const op::Point<int>&, op::RenderMode, float, float, float)[m[Kâ€™
[4.551s]    69 |         [01;36m[KWrapperStructFace[m[K(
[4.551s]       |         [01;36m[K^~~~~~~~~~~~~~~~~[m[K
[4.551s] [01m[K/home/jakeluo/Documents/MonitoringSystemRos2/src/openpose/include/openpose/wrapper/wrapperStructFace.hpp:69:9:[m[K [01;36m[Knote: [m[K  conversion of argument 1 would be ill-formed:
[4.551s] [01m[K/home/jakeluo/Documents/MonitoringSystemRos2/src/openpose/include/openpose/wrapper/wrapperStructFace.hpp:16:19:[m[K [01;36m[Knote: [m[Kcandidate: â€˜[01m[Kop::WrapperStructFace::WrapperStructFace(const op::WrapperStructFace&)[m[Kâ€™
[4.551s]    16 |     struct OP_API [01;36m[KWrapperStructFace[m[K
[4.551s]       |                   [01;36m[K^~~~~~~~~~~~~~~~~[m[K
[4.551s] [01m[K/home/jakeluo/Documents/MonitoringSystemRos2/src/openpose/include/openpose/wrapper/wrapperStructFace.hpp:16:19:[m[K [01;36m[Knote: [m[K  candidate expects 1 argument, 7 provided
[4.551s] [01m[K/home/jakeluo/Documents/MonitoringSystemRos2/src/openpose/include/openpose/wrapper/wrapperStructFace.hpp:16:19:[m[K [01;36m[Knote: [m[Kcandidate: â€˜[01m[Kop::WrapperStructFace::WrapperStructFace(op::WrapperStructFace&&)[m[Kâ€™
[4.551s] [01m[K/home/jakeluo/Documents/MonitoringSystemRos2/src/openpose/include/openpose/wrapper/wrapperStructFace.hpp:16:19:[m[K [01;36m[Knote: [m[K  candidate expects 1 argument, 7 provided
[4.555s] [01m[K/home/jakeluo/Documents/MonitoringSystemRos2/src/openpose/src/openpose.cpp:88:13:[m[K [01;31m[Kerror: [m[Kâ€˜[01m[KFLAGS_hand[m[Kâ€™ was not declared in this scope
[4.555s]    88 |             [01;31m[KFLAGS_hand[m[K, handDetector, handNetInputSize, FLAGS_hand_scale_number, (float)FLAGS_hand_scale_range,
[4.556s]       |             [01;31m[K^~~~~~~~~~[m[K
[4.566s] [01m[K/home/jakeluo/Documents/MonitoringSystemRos2/src/openpose/src/openpose.cpp:88:57:[m[K [01;31m[Kerror: [m[Kâ€˜[01m[KFLAGS_hand_scale_number[m[Kâ€™ was not declared in this scope
[4.566s]    88 |             FLAGS_hand, handDetector, handNetInputSize, [01;31m[KFLAGS_hand_scale_number[m[K, (float)FLAGS_hand_scale_range,
[4.566s]       |                                                         [01;31m[K^~~~~~~~~~~~~~~~~~~~~~~[m[K
[4.576s] [01m[K/home/jakeluo/Documents/MonitoringSystemRos2/src/openpose/src/openpose.cpp:88:89:[m[K [01;31m[Kerror: [m[Kâ€˜[01m[KFLAGS_hand_scale_range[m[Kâ€™ was not declared in this scope
[4.576s]    88 | dDetector, handNetInputSize, FLAGS_hand_scale_number, (float)[01;31m[KFLAGS_hand_scale_range[m[K,
[4.576s]       |                                                              [01;31m[K^~~~~~~~~~~~~~~~~~~~~~[m[K
[4.576s] 
[4.584s] [01m[K/home/jakeluo/Documents/MonitoringSystemRos2/src/openpose/src/openpose.cpp:89:35:[m[K [01;31m[Kerror: [m[Kâ€˜[01m[KFLAGS_hand_render[m[Kâ€™ was not declared in this scope
[4.584s]    89 |             op::flagsToRenderMode([01;31m[KFLAGS_hand_render[m[K, multipleView, FLAGS_render_pose), (float)FLAGS_hand_alpha_pose,
[4.584s]       |                                   [01;31m[K^~~~~~~~~~~~~~~~~[m[K
[4.592s] [01m[K/home/jakeluo/Documents/MonitoringSystemRos2/src/openpose/src/openpose.cpp:89:95:[m[K [01;31m[Kerror: [m[Kâ€˜[01m[KFLAGS_hand_alpha_pose[m[Kâ€™ was not declared in this scope
[4.593s]    89 | (FLAGS_hand_render, multipleView, FLAGS_render_pose), (float)[01;31m[KFLAGS_hand_alpha_pose[m[K,
[4.593s]       |                                                              [01;31m[K^~~~~~~~~~~~~~~~~~~~~[m[K
[4.593s] 
[4.602s] [01m[K/home/jakeluo/Documents/MonitoringSystemRos2/src/openpose/src/openpose.cpp:90:20:[m[K [01;31m[Kerror: [m[Kâ€˜[01m[KFLAGS_hand_alpha_heatmap[m[Kâ€™ was not declared in this scope
[4.602s]    90 |             (float)[01;31m[KFLAGS_hand_alpha_heatmap[m[K, (float)FLAGS_hand_render_threshold};
[4.602s]       |                    [01;31m[K^~~~~~~~~~~~~~~~~~~~~~~~[m[K
[4.613s] [01m[K/home/jakeluo/Documents/MonitoringSystemRos2/src/openpose/src/openpose.cpp:90:53:[m[K [01;31m[Kerror: [m[Kâ€˜[01m[KFLAGS_hand_render_threshold[m[Kâ€™ was not declared in this scope
[4.613s]    90 |             (float)FLAGS_hand_alpha_heatmap, (float)[01;31m[KFLAGS_hand_render_threshold[m[K};
[4.614s]       |                                                     [01;31m[K^~~~~~~~~~~~~~~~~~~~~~~~~~~[m[K
[4.614s] [01m[K/home/jakeluo/Documents/MonitoringSystemRos2/src/openpose/src/openpose.cpp:90:80:[m[K [01;31m[Kerror: [m[Kno matching function for call to â€˜[01m[Kop::WrapperStructHand::WrapperStructHand(<brace-enclosed initializer list>)[m[Kâ€™
[4.614s]    90 | )FLAGS_hand_alpha_heatmap, (float)FLAGS_hand_render_threshold[01;31m[K}[m[K;
[4.614s]       |                                                              [01;31m[K^[m[K
[4.614s] 
[4.614s] In file included from [01m[K/home/jakeluo/Documents/MonitoringSystemRos2/src/openpose/include/openpose/wrapper/wrapper.hpp:10[m[K,
[4.614s]                  from [01m[K/home/jakeluo/Documents/MonitoringSystemRos2/src/openpose/include/openpose/wrapper/headers.hpp:6[m[K,
[4.614s]                  from [01m[K/home/jakeluo/Documents/MonitoringSystemRos2/src/openpose/include/openpose/headers.hpp:47[m[K,
[4.614s]                  from [01m[K/home/jakeluo/Documents/MonitoringSystemRos2/src/openpose/include/openpose.hpp:8[m[K,
[4.615s]                  from [01m[K/home/jakeluo/Documents/MonitoringSystemRos2/src/openpose/src/openpose.cpp:1[m[K:
[4.615s] [01m[K/home/jakeluo/Documents/MonitoringSystemRos2/src/openpose/include/openpose/wrapper/wrapperStructHand.hpp:88:9:[m[K [01;36m[Knote: [m[Kcandidate: â€˜[01m[Kop::WrapperStructHand::WrapperStructHand(bool, op::Detector, const op::Point<int>&, int, float, op::RenderMode, float, float, float)[m[Kâ€™
[4.615s]    88 |         [01;36m[KWrapperStructHand[m[K(
[4.615s]       |         [01;36m[K^~~~~~~~~~~~~~~~~[m[K
[4.615s] [01m[K/home/jakeluo/Documents/MonitoringSystemRos2/src/openpose/include/openpose/wrapper/wrapperStructHand.hpp:88:9:[m[K [01;36m[Knote: [m[K  conversion of argument 1 would be ill-formed:
[4.615s] [01m[K/home/jakeluo/Documents/MonitoringSystemRos2/src/openpose/include/openpose/wrapper/wrapperStructHand.hpp:16:19:[m[K [01;36m[Knote: [m[Kcandidate: â€˜[01m[Kop::WrapperStructHand::WrapperStructHand(const op::WrapperStructHand&)[m[Kâ€™
[4.615s]    16 |     struct OP_API [01;36m[KWrapperStructHand[m[K
[4.615s]       |                   [01;36m[K^~~~~~~~~~~~~~~~~[m[K
[4.615s] [01m[K/home/jakeluo/Documents/MonitoringSystemRos2/src/openpose/include/openpose/wrapper/wrapperStructHand.hpp:16:19:[m[K [01;36m[Knote: [m[K  candidate expects 1 argument, 9 provided
[4.615s] [01m[K/home/jakeluo/Documents/MonitoringSystemRos2/src/openpose/include/openpose/wrapper/wrapperStructHand.hpp:16:19:[m[K [01;36m[Knote: [m[Kcandidate: â€˜[01m[Kop::WrapperStructHand::WrapperStructHand(op::WrapperStructHand&&)[m[Kâ€™
[4.616s] [01m[K/home/jakeluo/Documents/MonitoringSystemRos2/src/openpose/include/openpose/wrapper/wrapperStructHand.hpp:16:19:[m[K [01;36m[Knote: [m[K  candidate expects 1 argument, 9 provided
[4.622s] [01m[K/home/jakeluo/Documents/MonitoringSystemRos2/src/openpose/src/openpose.cpp:94:23:[m[K [01;31m[Kerror: [m[Kâ€˜[01m[KFLAGS_3d_min_views[m[Kâ€™ was not declared in this scope
[4.622s]    94 |             FLAGS_3d, [01;31m[KFLAGS_3d_min_views[m[K, FLAGS_identification, FLAGS_tracking, FLAGS_ik_threads};
[4.622s]       |                       [01;31m[K^~~~~~~~~~~~~~~~~~[m[K
[4.631s] [01m[K/home/jakeluo/Documents/MonitoringSystemRos2/src/openpose/src/openpose.cpp:94:43:[m[K [01;31m[Kerror: [m[Kâ€˜[01m[KFLAGS_identification[m[Kâ€™ was not declared in this scope
[4.631s]    94 |             FLAGS_3d, FLAGS_3d_min_views, [01;31m[KFLAGS_identification[m[K, FLAGS_tracking, FLAGS_ik_threads};
[4.632s]       |                                           [01;31m[K^~~~~~~~~~~~~~~~~~~~[m[K
[4.638s] [01m[K/home/jakeluo/Documents/MonitoringSystemRos2/src/openpose/src/openpose.cpp:94:65:[m[K [01;31m[Kerror: [m[Kâ€˜[01m[KFLAGS_tracking[m[Kâ€™ was not declared in this scope
[4.638s]    94 |          FLAGS_3d, FLAGS_3d_min_views, FLAGS_identification, [01;31m[KFLAGS_tracking[m[K, FLAGS_ik_threads};
[4.638s]       |                                                              [01;31m[K^~~~~~~~~~~~~~[m[K
[4.638s] 
[4.645s] [01m[K/home/jakeluo/Documents/MonitoringSystemRos2/src/openpose/src/openpose.cpp:94:81:[m[K [01;31m[Kerror: [m[Kâ€˜[01m[KFLAGS_ik_threads[m[Kâ€™ was not declared in this scope
[4.646s]    94 | d, FLAGS_3d_min_views, FLAGS_identification, FLAGS_tracking, [01;31m[KFLAGS_ik_threads[m[K};
[4.646s]       |                                                              [01;31m[K^~~~~~~~~~~~~~~~[m[K
[4.646s] 
[4.646s] [01m[K/home/jakeluo/Documents/MonitoringSystemRos2/src/openpose/src/openpose.cpp:94:97:[m[K [01;31m[Kerror: [m[Kno matching function for call to â€˜[01m[Kop::WrapperStructExtra::WrapperStructExtra(<brace-enclosed initializer list>)[m[Kâ€™
[4.646s]    94 | views, FLAGS_identification, FLAGS_tracking, FLAGS_ik_threads[01;31m[K}[m[K;
[4.646s]       |                                                              [01;31m[K^[m[K
[4.646s] 
[4.647s] In file included from [01m[K/home/jakeluo/Documents/MonitoringSystemRos2/src/openpose/include/openpose/wrapper/wrapper.hpp:7[m[K,
[4.647s]                  from [01m[K/home/jakeluo/Documents/MonitoringSystemRos2/src/openpose/include/openpose/wrapper/headers.hpp:6[m[K,
[4.647s]                  from [01m[K/home/jakeluo/Documents/MonitoringSystemRos2/src/openpose/include/openpose/headers.hpp:47[m[K,
[4.647s]                  from [01m[K/home/jakeluo/Documents/MonitoringSystemRos2/src/openpose/include/openpose.hpp:8[m[K,
[4.647s]                  from [01m[K/home/jakeluo/Documents/MonitoringSystemRos2/src/openpose/src/openpose.cpp:1[m[K:
[4.647s] [01m[K/home/jakeluo/Documents/MonitoringSystemRos2/src/openpose/include/openpose/wrapper/wrapperStructExtra.hpp:54:9:[m[K [01;36m[Knote: [m[Kcandidate: â€˜[01m[Kop::WrapperStructExtra::WrapperStructExtra(bool, int, bool, int, int)[m[Kâ€™
[4.647s]    54 |         [01;36m[KWrapperStructExtra[m[K(
[4.647s]       |         [01;36m[K^~~~~~~~~~~~~~~~~~[m[K
[4.647s] [01m[K/home/jakeluo/Documents/MonitoringSystemRos2/src/openpose/include/openpose/wrapper/wrapperStructExtra.hpp:54:9:[m[K [01;36m[Knote: [m[K  conversion of argument 1 would be ill-formed:
[4.647s] [01m[K/home/jakeluo/Documents/MonitoringSystemRos2/src/openpose/include/openpose/wrapper/wrapperStructExtra.hpp:13:19:[m[K [01;36m[Knote: [m[Kcandidate: â€˜[01m[Kconstexpr op::WrapperStructExtra::WrapperStructExtra(const op::WrapperStructExtra&)[m[Kâ€™
[4.648s]    13 |     struct OP_API [01;36m[KWrapperStructExtra[m[K
[4.648s]       |                   [01;36m[K^~~~~~~~~~~~~~~~~~[m[K
[4.648s] [01m[K/home/jakeluo/Documents/MonitoringSystemRos2/src/openpose/include/openpose/wrapper/wrapperStructExtra.hpp:13:19:[m[K [01;36m[Knote: [m[K  candidate expects 1 argument, 5 provided
[4.648s] [01m[K/home/jakeluo/Documents/MonitoringSystemRos2/src/openpose/include/openpose/wrapper/wrapperStructExtra.hpp:13:19:[m[K [01;36m[Knote: [m[Kcandidate: â€˜[01m[Kconstexpr op::WrapperStructExtra::WrapperStructExtra(op::WrapperStructExtra&&)[m[Kâ€™
[4.648s] [01m[K/home/jakeluo/Documents/MonitoringSystemRos2/src/openpose/include/openpose/wrapper/wrapperStructExtra.hpp:13:19:[m[K [01;36m[Knote: [m[K  candidate expects 1 argument, 5 provided
[4.654s] [01m[K/home/jakeluo/Documents/MonitoringSystemRos2/src/openpose/src/openpose.cpp:98:43:[m[K [01;31m[Kerror: [m[Kâ€˜[01m[KFLAGS_frame_first[m[Kâ€™ was not declared in this scope
[4.654s]    98 |             producerType, producerString, [01;31m[KFLAGS_frame_first[m[K, FLAGS_frame_step, FLAGS_frame_last,
[4.654s]       |                                           [01;31m[K^~~~~~~~~~~~~~~~~[m[K
[4.662s] [01m[K/home/jakeluo/Documents/MonitoringSystemRos2/src/openpose/src/openpose.cpp:98:62:[m[K [01;31m[Kerror: [m[Kâ€˜[01m[KFLAGS_frame_step[m[Kâ€™ was not declared in this scope
[4.662s]    98 |             producerType, producerString, FLAGS_frame_first, [01;31m[KFLAGS_frame_step[m[K, FLAGS_frame_last,
[4.663s]       |                                                              [01;31m[K^~~~~~~~~~~~~~~~[m[K
[4.672s] [01m[K/home/jakeluo/Documents/MonitoringSystemRos2/src/openpose/src/openpose.cpp:98:80:[m[K [01;31m[Kerror: [m[Kâ€˜[01m[KFLAGS_frame_last[m[Kâ€™ was not declared in this scope
[4.672s]    98 | cerType, producerString, FLAGS_frame_first, FLAGS_frame_step, [01;31m[KFLAGS_frame_last[m[K,
[4.672s]       |                                                               [01;31m[K^~~~~~~~~~~~~~~~[m[K
[4.672s] 
[4.685s] [01m[K/home/jakeluo/Documents/MonitoringSystemRos2/src/openpose/src/openpose.cpp:99:13:[m[K [01;31m[Kerror: [m[Kâ€˜[01m[KFLAGS_process_real_time[m[Kâ€™ was not declared in this scope
[4.685s]    99 |             [01;31m[KFLAGS_process_real_time[m[K, FLAGS_frame_flip, FLAGS_frame_rotate, FLAGS_frames_repeat,
[4.685s]       |             [01;31m[K^~~~~~~~~~~~~~~~~~~~~~~[m[K
[4.694s] [01m[K/home/jakeluo/Documents/MonitoringSystemRos2/src/openpose/src/openpose.cpp:99:38:[m[K [01;31m[Kerror: [m[Kâ€˜[01m[KFLAGS_frame_flip[m[Kâ€™ was not declared in this scope
[4.694s]    99 |             FLAGS_process_real_time, [01;31m[KFLAGS_frame_flip[m[K, FLAGS_frame_rotate, FLAGS_frames_repeat,
[4.695s]       |                                      [01;31m[K^~~~~~~~~~~~~~~~[m[K
[4.703s] [01m[K/home/jakeluo/Documents/MonitoringSystemRos2/src/openpose/src/openpose.cpp:99:56:[m[K [01;31m[Kerror: [m[Kâ€˜[01m[KFLAGS_frame_rotate[m[Kâ€™ was not declared in this scope
[4.703s]    99 |             FLAGS_process_real_time, FLAGS_frame_flip, [01;31m[KFLAGS_frame_rotate[m[K, FLAGS_frames_repeat,
[4.703s]       |                                                        [01;31m[K^~~~~~~~~~~~~~~~~~[m[K
[4.712s] [01m[K/home/jakeluo/Documents/MonitoringSystemRos2/src/openpose/src/openpose.cpp:99:76:[m[K [01;31m[Kerror: [m[Kâ€˜[01m[KFLAGS_frames_repeat[m[Kâ€™ was not declared in this scope
[4.712s]    99 | AGS_process_real_time, FLAGS_frame_flip, FLAGS_frame_rotate, [01;31m[KFLAGS_frames_repeat[m[K,
[4.712s]       |                                                              [01;31m[K^~~~~~~~~~~~~~~~~~~[m[K
[4.712s] 
[4.723s] [01m[K/home/jakeluo/Documents/MonitoringSystemRos2/src/openpose/src/openpose.cpp:100:36:[m[K [01;31m[Kerror: [m[Kâ€˜[01m[KFLAGS_camera_parameter_path[m[Kâ€™ was not declared in this scope
[4.723s]   100 |             cameraSize, op::String([01;31m[KFLAGS_camera_parameter_path[m[K), FLAGS_frame_undistort, FLAGS_3d_views};
[4.723s]       |                                    [01;31m[K^~~~~~~~~~~~~~~~~~~~~~~~~~~[m[K
[4.732s] [01m[K/home/jakeluo/Documents/MonitoringSystemRos2/src/openpose/src/openpose.cpp:100:66:[m[K [01;31m[Kerror: [m[Kâ€˜[01m[KFLAGS_frame_undistort[m[Kâ€™ was not declared in this scope
[4.733s]   100 |         cameraSize, op::String(FLAGS_camera_parameter_path), [01;31m[KFLAGS_frame_undistort[m[K, FLAGS_3d_views};
[4.733s]       |                                                              [01;31m[K^~~~~~~~~~~~~~~~~~~~~[m[K
[4.733s] 
[4.733s] [01m[K/home/jakeluo/Documents/MonitoringSystemRos2/src/openpose/src/openpose.cpp:100:103:[m[K [01;31m[Kerror: [m[Kno matching function for call to â€˜[01m[Kop::WrapperStructInput::WrapperStructInput(<brace-enclosed initializer list>)[m[Kâ€™
[4.733s]   100 | camera_parameter_path), FLAGS_frame_undistort, FLAGS_3d_views[01;31m[K}[m[K;
[4.733s]       |                                                              [01;31m[K^[m[K
[4.733s] 
[4.733s] In file included from [01m[K/home/jakeluo/Documents/MonitoringSystemRos2/src/openpose/include/openpose/wrapper/wrapper.hpp:11[m[K,
[4.733s]                  from [01m[K/home/jakeluo/Documents/MonitoringSystemRos2/src/openpose/include/openpose/wrapper/headers.hpp:6[m[K,
[4.733s]                  from [01m[K/home/jakeluo/Documents/MonitoringSystemRos2/src/openpose/include/openpose/headers.hpp:47[m[K,
[4.734s]                  from [01m[K/home/jakeluo/Documents/MonitoringSystemRos2/src/openpose/include/openpose.hpp:8[m[K,
[4.734s]                  from [01m[K/home/jakeluo/Documents/MonitoringSystemRos2/src/openpose/src/openpose.cpp:1[m[K:
[4.734s] [01m[K/home/jakeluo/Documents/MonitoringSystemRos2/src/openpose/include/openpose/wrapper/wrapperStructInput.hpp:99:9:[m[K [01;36m[Knote: [m[Kcandidate: â€˜[01m[Kop::WrapperStructInput::WrapperStructInput(op::ProducerType, const op::String&, long long unsigned int, long long unsigned int, long long unsigned int, bool, bool, int, bool, const op::Point<int>&, const op::String&, bool, int)[m[Kâ€™
[4.734s]    99 |         [01;36m[KWrapperStructInput[m[K(
[4.734s]       |         [01;36m[K^~~~~~~~~~~~~~~~~~[m[K
[4.734s] [01m[K/home/jakeluo/Documents/MonitoringSystemRos2/src/openpose/include/openpose/wrapper/wrapperStructInput.hpp:99:9:[m[K [01;36m[Knote: [m[K  conversion of argument 3 would be ill-formed:
[4.734s] [01m[K/home/jakeluo/Documents/MonitoringSystemRos2/src/openpose/include/openpose/wrapper/wrapperStructInput.hpp:14:19:[m[K [01;36m[Knote: [m[Kcandidate: â€˜[01m[Kop::WrapperStructInput::WrapperStructInput(const op::WrapperStructInput&)[m[Kâ€™
[4.734s]    14 |     struct OP_API [01;36m[KWrapperStructInput[m[K
[4.734s]       |                   [01;36m[K^~~~~~~~~~~~~~~~~~[m[K
[4.734s] [01m[K/home/jakeluo/Documents/MonitoringSystemRos2/src/openpose/include/openpose/wrapper/wrapperStructInput.hpp:14:19:[m[K [01;36m[Knote: [m[K  candidate expects 1 argument, 13 provided
[4.734s] [01m[K/home/jakeluo/Documents/MonitoringSystemRos2/src/openpose/include/openpose/wrapper/wrapperStructInput.hpp:14:19:[m[K [01;36m[Knote: [m[Kcandidate: â€˜[01m[Kop::WrapperStructInput::WrapperStructInput(op::WrapperStructInput&&)[m[Kâ€™
[4.734s] [01m[K/home/jakeluo/Documents/MonitoringSystemRos2/src/openpose/include/openpose/wrapper/wrapperStructInput.hpp:14:19:[m[K [01;36m[Knote: [m[K  candidate expects 1 argument, 13 provided
[4.740s] [01m[K/home/jakeluo/Documents/MonitoringSystemRos2/src/openpose/src/openpose.cpp:104:13:[m[K [01;31m[Kerror: [m[Kâ€˜[01m[KFLAGS_cli_verbose[m[Kâ€™ was not declared in this scope
[4.741s]   104 |             [01;31m[KFLAGS_cli_verbose[m[K, op::String(FLAGS_write_keypoint), op::stringToDataFormat(FLAGS_write_keypoint_format),
[4.741s]       |             [01;31m[K^~~~~~~~~~~~~~~~~[m[K
[4.750s] [01m[K/home/jakeluo/Documents/MonitoringSystemRos2/src/openpose/src/openpose.cpp:104:43:[m[K [01;31m[Kerror: [m[Kâ€˜[01m[KFLAGS_write_keypoint[m[Kâ€™ was not declared in this scope
[4.750s]   104 |             FLAGS_cli_verbose, op::String([01;31m[KFLAGS_write_keypoint[m[K), op::stringToDataFormat(FLAGS_write_keypoint_format),
[4.750s]       |                                           [01;31m[K^~~~~~~~~~~~~~~~~~~~[m[K
[4.761s] [01m[K/home/jakeluo/Documents/MonitoringSystemRos2/src/openpose/src/openpose.cpp:104:89:[m[K [01;31m[Kerror: [m[Kâ€˜[01m[KFLAGS_write_keypoint_format[m[Kâ€™ was not declared in this scope
[4.761s]   104 | se, op::String(FLAGS_write_keypoint), op::stringToDataFormat([01;31m[KFLAGS_write_keypoint_format[m[K),
[4.761s]       |                                                              [01;31m[K^~~~~~~~~~~~~~~~~~~~~~~~~~~[m[K
[4.761s] 
[4.768s] [01m[K/home/jakeluo/Documents/MonitoringSystemRos2/src/openpose/src/openpose.cpp:105:24:[m[K [01;31m[Kerror: [m[Kâ€˜[01m[KFLAGS_write_json[m[Kâ€™ was not declared in this scope
[4.768s]   105 |             op::String([01;31m[KFLAGS_write_json[m[K), op::String(FLAGS_write_coco_json), FLAGS_write_coco_json_variants,
[4.769s]       |                        [01;31m[K^~~~~~~~~~~~~~~~[m[K
[4.777s] [01m[K/home/jakeluo/Documents/MonitoringSystemRos2/src/openpose/src/openpose.cpp:105:54:[m[K [01;31m[Kerror: [m[Kâ€˜[01m[KFLAGS_write_coco_json[m[Kâ€™ was not declared in this scope
[4.777s]   105 |             op::String(FLAGS_write_json), op::String([01;31m[KFLAGS_write_coco_json[m[K), FLAGS_write_coco_json_variants,
[4.777s]       |                                                      [01;31m[K^~~~~~~~~~~~~~~~~~~~~[m[K
[4.789s] [01m[K/home/jakeluo/Documents/MonitoringSystemRos2/src/openpose/src/openpose.cpp:105:78:[m[K [01;31m[Kerror: [m[Kâ€˜[01m[KFLAGS_write_coco_json_variants[m[Kâ€™ was not declared in this scope
[4.789s]   105 | String(FLAGS_write_json), op::String(FLAGS_write_coco_json), [01;31m[KFLAGS_write_coco_json_variants[m[K,
[4.789s]       |                                                              [01;31m[K^~~~~~~~~~~~~~~~~~~~~~~~~~~~~~[m[K
[4.789s] 
[4.801s] [01m[K/home/jakeluo/Documents/MonitoringSystemRos2/src/openpose/src/openpose.cpp:106:13:[m[K [01;31m[Kerror: [m[Kâ€˜[01m[KFLAGS_write_coco_json_variant[m[Kâ€™ was not declared in this scope
[4.801s]   106 |             [01;31m[KFLAGS_write_coco_json_variant[m[K, op::String(FLAGS_write_images), op::String(FLAGS_write_images_format),
[4.801s]       |             [01;31m[K^~~~~~~~~~~~~~~~~~~~~~~~~~~~~[m[K
[4.808s] [01m[K/home/jakeluo/Documents/MonitoringSystemRos2/src/openpose/src/openpose.cpp:106:55:[m[K [01;31m[Kerror: [m[Kâ€˜[01m[KFLAGS_write_images[m[Kâ€™ was not declared in this scope
[4.809s]   106 |             FLAGS_write_coco_json_variant, op::String([01;31m[KFLAGS_write_images[m[K), op::String(FLAGS_write_images_format),
[4.809s]       |                                                       [01;31m[K^~~~~~~~~~~~~~~~~~[m[K
[4.819s] [01m[K/home/jakeluo/Documents/MonitoringSystemRos2/src/openpose/src/openpose.cpp:106:87:[m[K [01;31m[Kerror: [m[Kâ€˜[01m[KFLAGS_write_images_format[m[Kâ€™ was not declared in this scope
[4.819s]   106 | oco_json_variant, op::String(FLAGS_write_images), op::String([01;31m[KFLAGS_write_images_format[m[K),
[4.819s]       |                                                              [01;31m[K^~~~~~~~~~~~~~~~~~~~~~~~~[m[K
[4.819s] 
[4.827s] [01m[K/home/jakeluo/Documents/MonitoringSystemRos2/src/openpose/src/openpose.cpp:107:24:[m[K [01;31m[Kerror: [m[Kâ€˜[01m[KFLAGS_write_video[m[Kâ€™ was not declared in this scope
[4.827s]   107 |             op::String([01;31m[KFLAGS_write_video[m[K), FLAGS_write_video_fps, FLAGS_write_video_with_audio,
[4.827s]       |                        [01;31m[K^~~~~~~~~~~~~~~~~[m[K
[4.836s] [01m[K/home/jakeluo/Documents/MonitoringSystemRos2/src/openpose/src/openpose.cpp:107:44:[m[K [01;31m[Kerror: [m[Kâ€˜[01m[KFLAGS_write_video_fps[m[Kâ€™ was not declared in this scope
[4.836s]   107 |             op::String(FLAGS_write_video), [01;31m[KFLAGS_write_video_fps[m[K, FLAGS_write_video_with_audio,
[4.836s]       |                                            [01;31m[K^~~~~~~~~~~~~~~~~~~~~[m[K
[4.847s] [01m[K/home/jakeluo/Documents/MonitoringSystemRos2/src/openpose/src/openpose.cpp:107:67:[m[K [01;31m[Kerror: [m[Kâ€˜[01m[KFLAGS_write_video_with_audio[m[Kâ€™ was not declared in this scope
[4.847s]   107 |        op::String(FLAGS_write_video), FLAGS_write_video_fps, [01;31m[KFLAGS_write_video_with_audio[m[K,
[4.847s]       |                                                              [01;31m[K^~~~~~~~~~~~~~~~~~~~~~~~~~~~[m[K
[4.847s] 
[4.856s] [01m[K/home/jakeluo/Documents/MonitoringSystemRos2/src/openpose/src/openpose.cpp:108:24:[m[K [01;31m[Kerror: [m[Kâ€˜[01m[KFLAGS_write_heatmaps[m[Kâ€™ was not declared in this scope
[4.856s]   108 |             op::String([01;31m[KFLAGS_write_heatmaps[m[K), op::String(FLAGS_write_heatmaps_format), op::String(FLAGS_write_video_3d),
[4.856s]       |                        [01;31m[K^~~~~~~~~~~~~~~~~~~~[m[K
[4.867s] [01m[K/home/jakeluo/Documents/MonitoringSystemRos2/src/openpose/src/openpose.cpp:108:58:[m[K [01;31m[Kerror: [m[Kâ€˜[01m[KFLAGS_write_heatmaps_format[m[Kâ€™ was not declared in this scope
[4.867s]   108 |             op::String(FLAGS_write_heatmaps), op::String([01;31m[KFLAGS_write_heatmaps_format[m[K), op::String(FLAGS_write_video_3d),
[4.867s]       |                                                          [01;31m[K^~~~~~~~~~~~~~~~~~~~~~~~~~~[m[K
[4.876s] [01m[K/home/jakeluo/Documents/MonitoringSystemRos2/src/openpose/src/openpose.cpp:108:99:[m[K [01;31m[Kerror: [m[Kâ€˜[01m[KFLAGS_write_video_3d[m[Kâ€™ was not declared in this scope
[4.876s]   108 | atmaps), op::String(FLAGS_write_heatmaps_format), op::String([01;31m[KFLAGS_write_video_3d[m[K),
[4.876s]       |                                                              [01;31m[K^~~~~~~~~~~~~~~~~~~~[m[K
[4.876s] 
[4.886s] [01m[K/home/jakeluo/Documents/MonitoringSystemRos2/src/openpose/src/openpose.cpp:109:24:[m[K [01;31m[Kerror: [m[Kâ€˜[01m[KFLAGS_write_video_adam[m[Kâ€™ was not declared in this scope
[4.886s]   109 |             op::String([01;31m[KFLAGS_write_video_adam[m[K), op::String(FLAGS_write_bvh), op::String(FLAGS_udp_host),
[4.886s]       |                        [01;31m[K^~~~~~~~~~~~~~~~~~~~~~[m[K
[4.892s] [01m[K/home/jakeluo/Documents/MonitoringSystemRos2/src/openpose/src/openpose.cpp:109:60:[m[K [01;31m[Kerror: [m[Kâ€˜[01m[KFLAGS_write_bvh[m[Kâ€™ was not declared in this scope
[4.892s]   109 |             op::String(FLAGS_write_video_adam), op::String([01;31m[KFLAGS_write_bvh[m[K), op::String(FLAGS_udp_host),
[4.892s]       |                                                            [01;31m[K^~~~~~~~~~~~~~~[m[K
[4.899s] [01m[K/home/jakeluo/Documents/MonitoringSystemRos2/src/openpose/src/openpose.cpp:109:89:[m[K [01;31m[Kerror: [m[Kâ€˜[01m[KFLAGS_udp_host[m[Kâ€™ was not declared in this scope
[4.899s]   109 | AGS_write_video_adam), op::String(FLAGS_write_bvh), op::String([01;31m[KFLAGS_udp_host[m[K),
[4.899s]       |                                                                [01;31m[K^~~~~~~~~~~~~~[m[K
[4.899s] 
[4.905s] [01m[K/home/jakeluo/Documents/MonitoringSystemRos2/src/openpose/src/openpose.cpp:110:24:[m[K [01;31m[Kerror: [m[Kâ€˜[01m[KFLAGS_udp_port[m[Kâ€™ was not declared in this scope
[4.905s]   110 |             op::String([01;31m[KFLAGS_udp_port[m[K)};
[4.905s]       |                        [01;31m[K^~~~~~~~~~~~~~[m[K
[4.905s] [01m[K/home/jakeluo/Documents/MonitoringSystemRos2/src/openpose/src/openpose.cpp:110:39:[m[K [01;31m[Kerror: [m[Kno matching function for call to â€˜[01m[Kop::WrapperStructOutput::WrapperStructOutput(<brace-enclosed initializer list>)[m[Kâ€™
[4.905s]   110 |             op::String(FLAGS_udp_port)[01;31m[K}[m[K;
[4.906s]       |                                       [01;31m[K^[m[K
[4.906s] In file included from [01m[K/home/jakeluo/Documents/MonitoringSystemRos2/src/openpose/include/openpose/wrapper/wrapper.hpp:12[m[K,
[4.906s]                  from [01m[K/home/jakeluo/Documents/MonitoringSystemRos2/src/openpose/include/openpose/wrapper/headers.hpp:6[m[K,
[4.906s]                  from [01m[K/home/jakeluo/Documents/MonitoringSystemRos2/src/openpose/include/openpose/headers.hpp:47[m[K,
[4.906s]                  from [01m[K/home/jakeluo/Documents/MonitoringSystemRos2/src/openpose/include/openpose.hpp:8[m[K,
[4.906s]                  from [01m[K/home/jakeluo/Documents/MonitoringSystemRos2/src/openpose/src/openpose.cpp:1[m[K:
[4.906s] [01m[K/home/jakeluo/Documents/MonitoringSystemRos2/src/openpose/include/openpose/wrapper/wrapperStructOutput.hpp:150:9:[m[K [01;36m[Knote: [m[Kcandidate: â€˜[01m[Kop::WrapperStructOutput::WrapperStructOutput(double, const op::String&, op::DataFormat, const op::String&, const op::String&, int, int, const op::String&, const op::String&, const op::String&, double, bool, const op::String&, const op::String&, const op::String&, const op::String&, const op::String&, const op::String&, const op::String&)[m[Kâ€™
[4.906s]   150 |         [01;36m[KWrapperStructOutput[m[K(
[4.906s]       |         [01;36m[K^~~~~~~~~~~~~~~~~~~[m[K
[4.906s] [01m[K/home/jakeluo/Documents/MonitoringSystemRos2/src/openpose/include/openpose/wrapper/wrapperStructOutput.hpp:150:9:[m[K [01;36m[Knote: [m[K  conversion of argument 1 would be ill-formed:
[4.906s] In file included from [01m[K/home/jakeluo/Documents/MonitoringSystemRos2/src/openpose/include/openpose/wrapper/wrapper.hpp:12[m[K,
[4.906s]                  from [01m[K/home/jakeluo/Documents/MonitoringSystemRos2/src/openpose/include/openpose/wrapper/headers.hpp:6[m[K,
[4.907s]                  from [01m[K/home/jakeluo/Documents/MonitoringSystemRos2/src/openpose/include/openpose/headers.hpp:47[m[K,
[4.907s]                  from [01m[K/home/jakeluo/Documents/MonitoringSystemRos2/src/openpose/include/openpose.hpp:8[m[K,
[4.907s]                  from [01m[K/home/jakeluo/Documents/MonitoringSystemRos2/src/openpose/src/openpose.cpp:1[m[K:
[4.907s] [01m[K/home/jakeluo/Documents/MonitoringSystemRos2/src/openpose/include/openpose/wrapper/wrapperStructOutput.hpp:13:19:[m[K [01;36m[Knote: [m[Kcandidate: â€˜[01m[Kop::WrapperStructOutput::WrapperStructOutput(const op::WrapperStructOutput&)[m[Kâ€™
[4.907s]    13 |     struct OP_API [01;36m[KWrapperStructOutput[m[K
[4.907s]       |                   [01;36m[K^~~~~~~~~~~~~~~~~~~[m[K
[4.907s] [01m[K/home/jakeluo/Documents/MonitoringSystemRos2/src/openpose/include/openpose/wrapper/wrapperStructOutput.hpp:13:19:[m[K [01;36m[Knote: [m[K  candidate expects 1 argument, 19 provided
[4.907s] [01m[K/home/jakeluo/Documents/MonitoringSystemRos2/src/openpose/include/openpose/wrapper/wrapperStructOutput.hpp:13:19:[m[K [01;36m[Knote: [m[Kcandidate: â€˜[01m[Kop::WrapperStructOutput::WrapperStructOutput(op::WrapperStructOutput&&)[m[Kâ€™
[4.907s] [01m[K/home/jakeluo/Documents/MonitoringSystemRos2/src/openpose/include/openpose/wrapper/wrapperStructOutput.hpp:13:19:[m[K [01;36m[Knote: [m[K  candidate expects 1 argument, 19 provided
[4.911s] [01m[K/home/jakeluo/Documents/MonitoringSystemRos2/src/openpose/src/openpose.cpp:114:36:[m[K [01;31m[Kerror: [m[Kâ€˜[01m[KFLAGS_display[m[Kâ€™ was not declared in this scope
[4.911s]   114 |             op::flagsToDisplayMode([01;31m[KFLAGS_display[m[K, FLAGS_3d), !FLAGS_no_gui_verbose, FLAGS_fullscreen};
[4.911s]       |                                    [01;31m[K^~~~~~~~~~~~~[m[K
[4.920s] [01m[K/home/jakeluo/Documents/MonitoringSystemRos2/src/openpose/src/openpose.cpp:114:63:[m[K [01;31m[Kerror: [m[Kâ€˜[01m[KFLAGS_no_gui_verbose[m[Kâ€™ was not declared in this scope
[4.920s]   114 |            op::flagsToDisplayMode(FLAGS_display, FLAGS_3d), ![01;31m[KFLAGS_no_gui_verbose[m[K, FLAGS_fullscreen};
[4.920s]       |                                                              [01;31m[K^~~~~~~~~~~~~~~~~~~~[m[K
[4.920s] 
[4.928s] [01m[K/home/jakeluo/Documents/MonitoringSystemRos2/src/openpose/src/openpose.cpp:114:85:[m[K [01;31m[Kerror: [m[Kâ€˜[01m[KFLAGS_fullscreen[m[Kâ€™ was not declared in this scope
[4.928s]   114 | DisplayMode(FLAGS_display, FLAGS_3d), !FLAGS_no_gui_verbose, [01;31m[KFLAGS_fullscreen[m[K};
[4.928s]       |                                                              [01;31m[K^~~~~~~~~~~~~~~~[m[K
[4.928s] 
[4.928s] [01m[K/home/jakeluo/Documents/MonitoringSystemRos2/src/openpose/src/openpose.cpp:114:101:[m[K [01;31m[Kerror: [m[Kno matching function for call to â€˜[01m[Kop::WrapperStructGui::WrapperStructGui(<brace-enclosed initializer list>)[m[Kâ€™
[4.928s]   114 | S_display, FLAGS_3d), !FLAGS_no_gui_verbose, FLAGS_fullscreen[01;31m[K}[m[K;
[4.928s]       |                                                              [01;31m[K^[m[K
[4.928s] 
[4.928s] In file included from [01m[K/home/jakeluo/Documents/MonitoringSystemRos2/src/openpose/include/openpose/wrapper/wrapper.hpp:9[m[K,
[4.929s]                  from [01m[K/home/jakeluo/Documents/MonitoringSystemRos2/src/openpose/include/openpose/wrapper/headers.hpp:6[m[K,
[4.929s]                  from [01m[K/home/jakeluo/Documents/MonitoringSystemRos2/src/openpose/include/openpose/headers.hpp:47[m[K,
[4.929s]                  from [01m[K/home/jakeluo/Documents/MonitoringSystemRos2/src/openpose/include/openpose.hpp:8[m[K,
[4.929s]                  from [01m[K/home/jakeluo/Documents/MonitoringSystemRos2/src/openpose/src/openpose.cpp:1[m[K:
[4.929s] [01m[K/home/jakeluo/Documents/MonitoringSystemRos2/src/openpose/include/openpose/wrapper/wrapperStructGui.hpp:42:9:[m[K [01;36m[Knote: [m[Kcandidate: â€˜[01m[Kop::WrapperStructGui::WrapperStructGui(op::DisplayMode, bool, bool)[m[Kâ€™
[4.929s]    42 |         [01;36m[KWrapperStructGui[m[K(
[4.929s]       |         [01;36m[K^~~~~~~~~~~~~~~~[m[K
[4.929s] [01m[K/home/jakeluo/Documents/MonitoringSystemRos2/src/openpose/include/openpose/wrapper/wrapperStructGui.hpp:42:9:[m[K [01;36m[Knote: [m[K  conversion of argument 1 would be ill-formed:
[4.929s] [01m[K/home/jakeluo/Documents/MonitoringSystemRos2/src/openpose/include/openpose/wrapper/wrapperStructGui.hpp:12:19:[m[K [01;36m[Knote: [m[Kcandidate: â€˜[01m[Kconstexpr op::WrapperStructGui::WrapperStructGui(const op::WrapperStructGui&)[m[Kâ€™
[4.929s]    12 |     struct OP_API [01;36m[KWrapperStructGui[m[K
[4.929s]       |                   [01;36m[K^~~~~~~~~~~~~~~~[m[K
[4.929s] [01m[K/home/jakeluo/Documents/MonitoringSystemRos2/src/openpose/include/openpose/wrapper/wrapperStructGui.hpp:12:19:[m[K [01;36m[Knote: [m[K  candidate expects 1 argument, 3 provided
[4.929s] [01m[K/home/jakeluo/Documents/MonitoringSystemRos2/src/openpose/include/openpose/wrapper/wrapperStructGui.hpp:12:19:[m[K [01;36m[Knote: [m[Kcandidate: â€˜[01m[Kconstexpr op::WrapperStructGui::WrapperStructGui(op::WrapperStructGui&&)[m[Kâ€™
[4.929s] [01m[K/home/jakeluo/Documents/MonitoringSystemRos2/src/openpose/include/openpose/wrapper/wrapperStructGui.hpp:12:19:[m[K [01;36m[Knote: [m[K  candidate expects 1 argument, 3 provided
[4.939s] [01m[K/home/jakeluo/Documents/MonitoringSystemRos2/src/openpose/src/openpose.cpp:117:13:[m[K [01;31m[Kerror: [m[Kâ€˜[01m[KFLAGS_disable_multi_thread[m[Kâ€™ was not declared in this scope
[4.939s]   117 |         if ([01;31m[KFLAGS_disable_multi_thread[m[K)
[4.939s]       |             [01;31m[K^~~~~~~~~~~~~~~~~~~~~~~~~~[m[K
[4.951s] [01m[K/home/jakeluo/Documents/MonitoringSystemRos2/src/openpose/src/openpose.cpp:[m[K In member function â€˜[01m[Kvoid Openpose::predict(cv::Mat)[m[Kâ€™:
[4.952s] [01m[K/home/jakeluo/Documents/MonitoringSystemRos2/src/openpose/src/openpose.cpp:190:14:[m[K [01;31m[Kerror: [m[Kâ€˜[01m[KFLAGS_no_display[m[Kâ€™ was not declared in this scope
[4.952s]   190 |         if (![01;31m[KFLAGS_no_display[m[K)
[4.952s]       |              [01;31m[K^~~~~~~~~~~~~~~~[m[K
[6.861s] make[2]: *** [CMakeFiles/estimater.dir/build.make:63ï¼šCMakeFiles/estimater.dir/src/openpose.cpp.o] é”™è¯¯ 1
[6.861s] make[1]: *** [CMakeFiles/Makefile2:78ï¼šCMakeFiles/estimater.dir/all] é”™è¯¯ 2
[6.861s] make: *** [Makefile:141ï¼šall] é”™è¯¯ 2
[6.864s] Invoked command in '/home/jakeluo/Documents/MonitoringSystemRos2/src/build/openpose' returned '2': CMAKE_PREFIX_PATH=/home/jakeluo/Documents/MonitoringSystemRos2/src/install/droneinterfaces:/home/jakeluo/Documents/MonitoringSystemRos2/src/install/qt:/home/jakeluo/Documents/MonitoringSystemRos2/src/install/positioning:/home/jakeluo/Documents/MonitoringSystemRos2/src/install/openpose:/home/jakeluo/Documents/MonitoringSystemRos2/src/install/droneutility:/home/jakeluo/Software/ros2_rolling/install/rosbag2:/home/jakeluo/Software/ros2_rolling/install/rosbag2_compression_zstd:/home/jakeluo/Software/ros2_rolling/install/zstd_vendor:/home/jakeluo/Software/ros2_rolling/install/rviz_visual_testing_framework:/home/jakeluo/Software/ros2_rolling/install/rviz2:/home/jakeluo/Software/ros2_rolling/install/rviz_default_plugins:/home/jakeluo/Software/ros2_rolling/install/rviz_common:/home/jakeluo/Software/ros2_rolling/install/rosbag2_py:/home/jakeluo/Software/ros2_rolling/install/rosbag2_transport:/home/jakeluo/Software/ros2_rolling/install/rosbag2_performance_benchmarking:/home/jakeluo/Software/ros2_rolling/install/rosbag2_compression:/home/jakeluo/Software/ros2_rolling/install/rosbag2_cpp:/home/jakeluo/Software/ros2_rolling/install/rosbag2_storage_default_plugins:/home/jakeluo/Software/ros2_rolling/install/rosbag2_storage:/home/jakeluo/Software/ros2_rolling/install/image_common:/home/jakeluo/Software/ros2_rolling/install/camera_info_manager:/home/jakeluo/Software/ros2_rolling/install/camera_calibration_parsers:/home/jakeluo/Software/ros2_rolling/install/yaml_cpp_vendor:/home/jakeluo/Software/ros2_rolling/install/ros1_bridge:/home/jakeluo/Software/ros2_rolling/install/interactive_markers:/home/jakeluo/Software/ros2_rolling/install/common_interfaces:/home/jakeluo/Software/ros2_rolling/install/visualization_msgs:/home/jakeluo/Software/ros2_rolling/install/dummy_robot_bringup:/home/jakeluo/Software/ros2_rolling/install/robot_state_publisher:/home/jakeluo/Software/ros2_rolling/install/kdl_parser:/home/jakeluo/Software/ros2_rolling/install/urdf:/home/jakeluo/Software/ros2_rolling/install/urdfdom:/home/jakeluo/Software/ros2_rolling/install/urdf_parser_plugin:/home/jakeluo/Software/ros2_rolling/install/urdfdom_headers:/home/jakeluo/Software/ros2_rolling/install/turtlesim:/home/jakeluo/Software/ros2_rolling/install/geometry2:/home/jakeluo/Software/ros2_rolling/install/tf2_sensor_msgs:/home/jakeluo/Software/ros2_rolling/install/test_tf2:/home/jakeluo/Software/ros2_rolling/install/tf2_kdl:/home/jakeluo/Software/ros2_rolling/install/tf2_geometry_msgs:/home/jakeluo/Software/ros2_rolling/install/tf2_eigen:/home/jakeluo/Software/ros2_rolling/install/tf2_bullet:/home/jakeluo/Software/ros2_rolling/install/tf2_ros:/home/jakeluo/Software/ros2_rolling/install/tf2_py:/home/jakeluo/Software/ros2_rolling/install/tf2_msgs:/home/jakeluo/Software/ros2_rolling/install/test_msgs:/home/jakeluo/Software/ros2_rolling/install/sros2_cmake:/home/jakeluo/Software/ros2_rolling/install/ros2cli_common_extensions:/home/jakeluo/Software/ros2_rolling/install/rqt_py_common:/home/jakeluo/Software/ros2_rolling/install/ros_testing:/home/jakeluo/Software/ros2_rolling/install/ros2cli_test_interfaces:/home/jakeluo/Software/ros2_rolling/install/quality_of_service_demo_cpp:/home/jakeluo/Software/ros2_rolling/install/image_transport:/home/jakeluo/Software/ros2_rolling/install/message_filters:/home/jakeluo/Software/ros2_rolling/install/demo_nodes_cpp:/home/jakeluo/Software/ros2_rolling/install/composition:/home/jakeluo/Software/ros2_rolling/install/laser_geometry:/home/jakeluo/Software/ros2_rolling/install/rclpy:/home/jakeluo/Software/ros2_rolling/install/examples_rclcpp_minimal_action_server:/home/jakeluo/Software/ros2_rolling/install/examples_rclcpp_minimal_action_client:/home/jakeluo/Software/ros2_rolling/install/action_tutorials_cpp:/home/jakeluo/Software/ros2_rolling/install/rclcpp_action:/home/jakeluo/Software/ros2_rolling/install/rcl_action:/home/jakeluo/Software/ros2_rolling/install/examples_rclcpp_wait_set:/home/jakeluo/Software/ros2_rolling/install/examples_rclcpp_minimal_service:/home/jakeluo/Software/ros2_rolling/install/examples_rclcpp_minimal_client:/home/jakeluo/Software/ros2_rolling/install/examples_rclcpp_async_client:/home/jakeluo/Software/ros2_rolling/install/example_interfaces:/home/jakeluo/Software/ros2_rolling/install/action_tutorials_interfaces:/home/jakeluo/Software/ros2_rolling/install/action_msgs:/home/jakeluo/Software/ros2_rolling/install/unique_identifier_msgs:/home/jakeluo/Software/ros2_rolling/install/ament_lint_common:/home/jakeluo/Software/ros2_rolling/install/ament_cmake_uncrustify:/home/jakeluo/Software/ros2_rolling/install/uncrustify_vendor:/home/jakeluo/Software/ros2_rolling/install/trajectory_msgs:/home/jakeluo/Software/ros2_rolling/install/topic_statistics_demo:/home/jakeluo/Software/ros2_rolling/install/pendulum_control:/home/jakeluo/Software/ros2_rolling/install/tlsf_cpp:/home/jakeluo/Software/ros2_rolling/install/test_tracetools:/home/jakeluo/Software/ros2_rolling/install/rqt_gui_cpp:/home/jakeluo/Software/ros2_rolling/install/rosbag2_test_common:/home/jakeluo/Software/ros2_rolling/install/ros2lifecycle_test_fixtures:/home/jakeluo/Software/ros2_rolling/install/lifecycle:/home/jakeluo/Software/ros2_rolling/install/rclcpp_lifecycle:/home/jakeluo/Software/ros2_rolling/install/logging_demo:/home/jakeluo/Software/ros2_rolling/install/image_tools:/home/jakeluo/Software/ros2_rolling/install/examples_rclcpp_minimal_subscriber:/home/jakeluo/Software/ros2_rolling/install/examples_rclcpp_minimal_composition:/home/jakeluo/Software/ros2_rolling/install/demo_nodes_cpp_native:/home/jakeluo/Software/ros2_rolling/install/rclcpp_components:/home/jakeluo/Software/ros2_rolling/install/intra_process_demo:/home/jakeluo/Software/ros2_rolling/install/examples_rclcpp_multithreaded_executor:/home/jakeluo/Software/ros2_rolling/install/examples_rclcpp_minimal_timer:/home/jakeluo/Software/ros2_rolling/install/examples_rclcpp_minimal_publisher:/home/jakeluo/Software/ros2_rolling/install/examples_rclcpp_cbg_executor:/home/jakeluo/Software/ros2_rolling/install/dummy_sensors:/home/jakeluo/Software/ros2_rolling/install/dummy_map_server:/home/jakeluo/Software/ros2_rolling/install/rclcpp:/home/jakeluo/Software/ros2_rolling/install/rcl_lifecycle:/home/jakeluo/Software/ros2_rolling/install/libstatistics_collector:/home/jakeluo/Software/ros2_rolling/install/rcl:/home/jakeluo/Software/ros2_rolling/install/rmw_implementation:/home/jakeluo/Software/ros2_rolling/install/rmw_cyclonedds_cpp:/home/jakeluo/Software/ros2_rolling/install/tracetools:/home/jakeluo/Software/ros2_rolling/install/tlsf:/home/jakeluo/Software/ros2_rolling/install/tinyxml_vendor:/home/jakeluo/Software/ros2_rolling/install/qt_gui_core:/home/jakeluo/Software/ros2_rolling/install/qt_gui_cpp:/home/jakeluo/Software/ros2_rolling/install/pluginlib:/home/jakeluo/Software/ros2_rolling/install/tinyxml2_vendor:/home/jakeluo/Software/ros2_rolling/install/tf2_eigen_kdl:/home/jakeluo/Software/ros2_rolling/install/tf2:/home/jakeluo/Software/ros2_rolling/install/test_security:/home/jakeluo/Software/ros2_rolling/install/test_rmw_implementation:/home/jakeluo/Software/ros2_rolling/install/test_rclcpp:/home/jakeluo/Software/ros2_rolling/install/test_quality_of_service:/home/jakeluo/Software/ros2_rolling/install/test_launch_testing:/home/jakeluo/Software/ros2_rolling/install/test_interface_files:/home/jakeluo/Software/ros2_rolling/install/test_communication:/home/jakeluo/Software/ros2_rolling/install/test_cli_remapping:/home/jakeluo/Software/ros2_rolling/install/test_cli:/home/jakeluo/Software/ros2_rolling/install/qt_gui_app:/home/jakeluo/Software/ros2_rolling/install/qt_gui:/home/jakeluo/Software/ros2_rolling/install/tango_icons_vendor:/home/jakeluo/Software/ros2_rolling/install/stereo_msgs:/home/jakeluo/Software/ros2_rolling/install/std_srvs:/home/jakeluo/Software/ros2_rolling/install/shape_msgs:/home/jakeluo/Software/ros2_rolling/install/map_msgs:/home/jakeluo/Software/ros2_rolling/install/sensor_msgs:/home/jakeluo/Software/ros2_rolling/install/nav_msgs:/home/jakeluo/Software/ros2_rolling/install/diagnostic_msgs:/home/jakeluo/Software/ros2_rolling/install/geometry_msgs:/home/jakeluo/Software/ros2_rolling/install/actionlib_msgs:/home/jakeluo/Software/ros2_rolling/install/std_msgs:/home/jakeluo/Software/ros2_rolling/install/statistics_msgs:/home/jakeluo/Software/ros2_rolling/install/sqlite3_vendor:/home/jakeluo/Software/ros2_rolling/install/rcl_logging_spdlog:/home/jakeluo/Software/ros2_rolling/install/spdlog_vendor:/home/jakeluo/Software/ros2_rolling/install/shared_queues_vendor:/home/jakeluo/Software/ros2_rolling/install/rviz_rendering_tests:/home/jakeluo/Software/ros2_rolling/install/rviz_rendering:/home/jakeluo/Software/ros2_rolling/install/rviz_ogre_vendor:/home/jakeluo/Software/ros2_rolling/install/rviz_assimp_vendor:/home/jakeluo/Software/ros2_rolling/install/rttest:/home/jakeluo/Software/ros2_rolling/install/rmw_connextddsmicro:/home/jakeluo/Software/ros2_rolling/install/rmw_connextdds:/home/jakeluo/Software/ros2_rolling/install/rmw_connextdds_common:/home/jakeluo/Software/ros2_rolling/install/rti_connext_dds_cmake_module:/home/jakeluo/Software/ros2_rolling/install/rosgraph_msgs:/home/jakeluo/Software/ros2_rolling/install/rosbag2_interfaces:/home/jakeluo/Software/ros2_rolling/install/rmw_fastrtps_dynamic_cpp:/home/jakeluo/Software/ros2_rolling/install/rmw_fastrtps_cpp:/home/jakeluo/Software/ros2_rolling/install/rmw_fastrtps_shared_cpp:/home/jakeluo/Software/ros2_rolling/install/rmw_dds_common:/home/jakeluo/Software/ros2_rolling/install/composition_interfaces:/home/jakeluo/Software/ros2_rolling/install/rcl_interfaces:/home/jakeluo/Software/ros2_rolling/install/pendulum_msgs:/home/jakeluo/Software/ros2_rolling/install/lifecycle_msgs:/home/jakeluo/Software/ros2_rolling/install/builtin_interfaces:/home/jakeluo/Software/ros2_rolling/install/rosidl_default_runtime:/home/jakeluo/Software/ros2_rolling/install/rosidl_default_generators:/home/jakeluo/Software/ros2_rolling/install/rosidl_generator_py:/home/jakeluo/Software/ros2_rolling/install/rosidl_typesupport_cpp:/home/jakeluo/Software/ros2_rolling/install/rosidl_typesupport_introspection_cpp:/home/jakeluo/Software/ros2_rolling/install/rosidl_typesupport_c:/home/jakeluo/Software/ros2_rolling/install/rosidl_typesupport_introspection_c:/home/jakeluo/Software/ros2_rolling/install/rosidl_typesupport_fastrtps_c:/home/jakeluo/Software/ros2_rolling/install/rosidl_typesupport_fastrtps_cpp:/home/jakeluo/Software/ros2_rolling/install/rcl_yaml_param_parser:/home/jakeluo/Software/ros2_rolling/install/rmw:/home/jakeluo/Software/ros2_rolling/install/rosidl_runtime_c:/home/jakeluo/Software/ros2_rolling/install/rosidl_generator_cpp:/home/jakeluo/Software/ros2_rolling/install/rosidl_generator_c:/home/jakeluo/Software/ros2_rolling/install/rosidl_typesupport_interface:/home/jakeluo/Software/ros2_rolling/install/rosidl_runtime_cpp:/home/jakeluo/Software/ros2_rolling/install/rosidl_generator_dds_idl:/home/jakeluo/Software/ros2_rolling/install/rosidl_cmake:/home/jakeluo/Software/ros2_rolling/install/rosidl_parser:/home/jakeluo/Software/ros2_rolling/install/rosidl_adapter:/home/jakeluo/Software/ros2_rolling/install/rosbag2_tests:/home/jakeluo/Software/ros2_rolling/install/ros_environment:/home/jakeluo/Software/ros2_rolling/install/rmw_implementation_cmake:/home/jakeluo/Software/ros2_rolling/install/resource_retriever:/home/jakeluo/Software/ros2_rolling/install/class_loader:/home/jakeluo/Software/ros2_rolling/install/rcpputils:/home/jakeluo/Software/ros2_rolling/install/rcl_logging_noop:/home/jakeluo/Software/ros2_rolling/install/rcl_logging_interface:/home/jakeluo/Software/ros2_rolling/install/rcutils:/home/jakeluo/Software/ros2_rolling/install/qt_gui_py_common:/home/jakeluo/Software/ros2_rolling/install/qt_dotgraph:/home/jakeluo/Software/ros2_rolling/install/python_qt_binding:/home/jakeluo/Software/ros2_rolling/install/launch_testing_ament_cmake:/home/jakeluo/Software/ros2_rolling/install/python_cmake_module:/home/jakeluo/Software/ros2_rolling/install/pybind11_vendor:/home/jakeluo/Software/ros2_rolling/install/performance_test_fixture:/home/jakeluo/Software/ros2_rolling/install/osrf_testing_tools_cpp:/home/jakeluo/Software/ros2_rolling/install/orocos_kdl:/home/jakeluo/Software/ros2_rolling/install/mimick_vendor:/home/jakeluo/Software/ros2_rolling/install/libyaml_vendor:/home/jakeluo/Software/ros2_rolling/install/libcurl_vendor:/home/jakeluo/Software/ros2_rolling/install/keyboard_handler:/home/jakeluo/Software/ros2_rolling/install/cyclonedds:/home/jakeluo/Software/ros2_rolling/install/iceoryx_utils:/home/jakeluo/Software/ros2_rolling/install/iceoryx_posh:/home/jakeluo/Software/ros2_rolling/install/iceoryx_binding_c:/home/jakeluo/Software/ros2_rolling/install/ament_cmake_ros:/home/jakeluo/Software/ros2_rolling/install/ament_cmake_gmock:/home/jakeluo/Software/ros2_rolling/install/gmock_vendor:/home/jakeluo/Software/ros2_rolling/install/ament_cmake_gtest:/home/jakeluo/Software/ros2_rolling/install/gtest_vendor:/home/jakeluo/Software/ros2_rolling/install/ament_cmake_google_benchmark:/home/jakeluo/Software/ros2_rolling/install/google_benchmark_vendor:/home/jakeluo/Software/ros2_rolling/install/fastrtps:/home/jakeluo/Software/ros2_rolling/install/foonathan_memory_vendor:/home/jakeluo/Software/ros2_rolling/install/fastrtps_cmake_module:/home/jakeluo/Software/ros2_rolling/install/fastcdr:/home/jakeluo/Software/ros2_rolling/install/eigen3_cmake_module:/home/jakeluo/Software/ros2_rolling/install/console_bridge_vendor:/home/jakeluo/Software/ros2_rolling/install/ament_cmake_xmllint:/home/jakeluo/Software/ros2_rolling/install/ament_cmake_pyflakes:/home/jakeluo/Software/ros2_rolling/install/ament_cmake_pycodestyle:/home/jakeluo/Software/ros2_rolling/install/ament_cmake_pep257:/home/jakeluo/Software/ros2_rolling/install/ament_cmake_pclint:/home/jakeluo/Software/ros2_rolling/install/ament_lint_auto:/home/jakeluo/Software/ros2_rolling/install/ament_cmake_auto:/home/jakeluo/Software/ros2_rolling/install/ament_cmake:/home/jakeluo/Software/ros2_rolling/install/ament_cmake_version:/home/jakeluo/Software/ros2_rolling/install/ament_cmake_pytest:/home/jakeluo/Software/ros2_rolling/install/ament_cmake_nose:/home/jakeluo/Software/ros2_rolling/install/ament_cmake_mypy:/home/jakeluo/Software/ros2_rolling/install/ament_cmake_lint_cmake:/home/jakeluo/Software/ros2_rolling/install/ament_cmake_flake8:/home/jakeluo/Software/ros2_rolling/install/ament_cmake_cpplint:/home/jakeluo/Software/ros2_rolling/install/ament_cmake_cppcheck:/home/jakeluo/Software/ros2_rolling/install/ament_cmake_copyright:/home/jakeluo/Software/ros2_rolling/install/ament_cmake_clang_tidy:/home/jakeluo/Software/ros2_rolling/install/ament_cmake_clang_format:/home/jakeluo/Software/ros2_rolling/install/ament_cmake_test:/home/jakeluo/Software/ros2_rolling/install/ament_cmake_target_dependencies:/home/jakeluo/Software/ros2_rolling/install/ament_cmake_python:/home/jakeluo/Software/ros2_rolling/install/ament_cmake_export_dependencies:/home/jakeluo/Software/ros2_rolling/install/ament_cmake_libraries:/home/jakeluo/Software/ros2_rolling/install/ament_cmake_include_directories:/home/jakeluo/Software/ros2_rolling/install/ament_cmake_gen_version_h:/home/jakeluo/Software/ros2_rolling/install/ament_cmake_export_targets:/home/jakeluo/Software/ros2_rolling/install/ament_cmake_export_link_flags:/home/jakeluo/Software/ros2_rolling/install/ament_cmake_export_interfaces:/home/jakeluo/Software/ros2_rolling/install/ament_cmake_export_libraries:/home/jakeluo/Software/ros2_rolling/install/ament_cmake_export_include_directories:/home/jakeluo/Software/ros2_rolling/install/ament_cmake_export_definitions:/home/jakeluo/Software/ros2_rolling/install/ament_cmake_core:/home/jakeluo/Software/ros2_rolling/install/ament_index_cpp:/home/jakeluo/Documents/MonitoringSystemRos2/src/install/humanpose:/home/jakeluo/Software/ros2_rolling/install/rqt_bag_plugins:/home/jakeluo/Software/ros2_rolling/install/rqt_bag:/home/jakeluo/Software/ros2_rolling/install/ros2bag:/home/jakeluo/Software/ros2_rolling/install/tracetools_test:/home/jakeluo/Software/ros2_rolling/install/tracetools_launch:/home/jakeluo/Software/ros2_rolling/install/topic_monitor:/home/jakeluo/Software/ros2_rolling/install/tf2_tools:/home/jakeluo/Software/ros2_rolling/install/examples_tf2_py:/home/jakeluo/Software/ros2_rolling/install/tf2_ros_py:/home/jakeluo/Software/ros2_rolling/install/sros2:/home/jakeluo/Software/ros2_rolling/install/rqt_topic:/home/jakeluo/Software/ros2_rolling/install/rqt_top:/home/jakeluo/Software/ros2_rolling/install/rqt_srv:/home/jakeluo/Software/ros2_rolling/install/rqt_shell:/home/jakeluo/Software/ros2_rolling/install/rqt_service_caller:/home/jakeluo/Software/ros2_rolling/install/rqt_reconfigure:/home/jakeluo/Software/ros2_rolling/install/rqt_py_console:/home/jakeluo/Software/ros2_rolling/install/rqt_publisher:/home/jakeluo/Software/ros2_rolling/install/rqt_plot:/home/jakeluo/Software/ros2_rolling/install/rqt_action:/home/jakeluo/Software/ros2_rolling/install/rqt_msg:/home/jakeluo/Software/ros2_rolling/install/rqt_console:/home/jakeluo/Software/ros2_rolling/install/rqt:/home/jakeluo/Software/ros2_rolling/install/rqt_graph:/home/jakeluo/Software/ros2_rolling/install/rqt_gui_py:/home/jakeluo/Software/ros2_rolling/install/rqt_gui:/home/jakeluo/Software/ros2_rolling/install/ros2trace:/home/jakeluo/Software/ros2_rolling/install/ros2topic:/home/jakeluo/Software/ros2_rolling/install/ros2test:/home/jakeluo/Software/ros2_rolling/install/ros2component:/home/jakeluo/Software/ros2_rolling/install/ros2param:/home/jakeluo/Software/ros2_rolling/install/ros2lifecycle:/home/jakeluo/Software/ros2_rolling/install/ros2service:/home/jakeluo/Software/ros2_rolling/install/ros2run:/home/jakeluo/Software/ros2_rolling/install/ros2launch:/home/jakeluo/Software/ros2_rolling/install/ros2pkg:/home/jakeluo/Software/ros2_rolling/install/ros2node:/home/jakeluo/Software/ros2_rolling/install/ros2multicast:/home/jakeluo/Software/ros2_rolling/install/ros2interface:/home/jakeluo/Software/ros2_rolling/install/ros2doctor:/home/jakeluo/Software/ros2_rolling/install/ros2action:/home/jakeluo/Software/ros2_rolling/install/ros2cli:/home/jakeluo/Software/ros2_rolling/install/quality_of_service_demo_py:/home/jakeluo/Software/ros2_rolling/install/launch_testing_ros:/home/jakeluo/Software/ros2_rolling/install/launch_ros:/home/jakeluo/Software/ros2_rolling/install/examples_rclpy_pointcloud_publisher:/home/jakeluo/Software/ros2_rolling/install/examples_rclpy_minimal_subscriber:/home/jakeluo/Software/ros2_rolling/install/examples_rclpy_minimal_service:/home/jakeluo/Software/ros2_rolling/install/examples_rclpy_minimal_publisher:/home/jakeluo/Software/ros2_rolling/install/examples_rclpy_minimal_client:/home/jakeluo/Software/ros2_rolling/install/examples_rclpy_minimal_action_server:/home/jakeluo/Software/ros2_rolling/install/examples_rclpy_minimal_action_client:/home/jakeluo/Software/ros2_rolling/install/examples_rclpy_guard_conditions:/home/jakeluo/Software/ros2_rolling/install/examples_rclpy_executors:/home/jakeluo/Software/ros2_rolling/install/demo_nodes_py:/home/jakeluo/Software/ros2_rolling/install/action_tutorials_py:/home/jakeluo/Software/ros2_rolling/install/ament_uncrustify:/home/jakeluo/Software/ros2_rolling/install/tracetools_trace:/home/jakeluo/Software/ros2_rolling/install/tracetools_read:/home/jakeluo/Software/ros2_rolling/install/test_launch_ros:/home/jakeluo/Software/ros2_rolling/install/sensor_msgs_py:/home/jakeluo/Software/ros2_rolling/install/rpyutils:/home/jakeluo/Software/ros2_rolling/install/rosidl_runtime_py:/home/jakeluo/Software/ros2_rolling/install/rosidl_cli:/home/jakeluo/Software/ros2_rolling/install/launch_yaml:/home/jakeluo/Software/ros2_rolling/install/launch_xml:/home/jakeluo/Software/ros2_rolling/install/launch_testing:/home/jakeluo/Software/ros2_rolling/install/launch:/home/jakeluo/Software/ros2_rolling/install/osrf_pycommon:/home/jakeluo/Software/ros2_rolling/install/domain_coordinator:/home/jakeluo/Software/ros2_rolling/install/ament_xmllint:/home/jakeluo/Software/ros2_rolling/install/ament_pyflakes:/home/jakeluo/Software/ros2_rolling/install/ament_pycodestyle:/home/jakeluo/Software/ros2_rolling/install/ament_pep257:/home/jakeluo/Software/ros2_rolling/install/ament_pclint:/home/jakeluo/Software/ros2_rolling/install/ament_package:/home/jakeluo/Software/ros2_rolling/install/ament_mypy:/home/jakeluo/Software/ros2_rolling/install/ament_lint_cmake:/home/jakeluo/Software/ros2_rolling/install/ament_flake8:/home/jakeluo/Software/ros2_rolling/install/ament_copyright:/home/jakeluo/Software/ros2_rolling/install/ament_lint:/home/jakeluo/Software/ros2_rolling/install/ament_index_python:/home/jakeluo/Software/ros2_rolling/install/ament_cpplint:/home/jakeluo/Software/ros2_rolling/install/ament_cppcheck:/home/jakeluo/Software/ros2_rolling/install/ament_clang_tidy:/home/jakeluo/Software/ros2_rolling/install/ament_clang_format LD_LIBRARY_PATH=/home/jakeluo/Documents/MonitoringSystemRos2/src/install/droneinterfaces/lib:/home/jakeluo/Software/ros2_rolling/install/rosbag2_compression_zstd/lib:/home/jakeluo/Software/ros2_rolling/install/zstd_vendor/lib:/home/jakeluo/Software/ros2_rolling/install/rviz_default_plugins/lib:/home/jakeluo/Software/ros2_rolling/install/rviz_common/lib:/home/jakeluo/Software/ros2_rolling/install/rosbag2_transport/lib:/home/jakeluo/Software/ros2_rolling/install/rosbag2_compression/lib:/home/jakeluo/Software/ros2_rolling/install/rosbag2_cpp/lib:/home/jakeluo/Software/ros2_rolling/install/rosbag2_storage_default_plugins/lib:/home/jakeluo/Software/ros2_rolling/install/rosbag2_storage/lib:/home/jakeluo/Software/ros2_rolling/install/camera_info_manager/lib:/home/jakeluo/Software/ros2_rolling/install/camera_calibration_parsers/lib:/home/jakeluo/Software/ros2_rolling/install/yaml_cpp_vendor/opt/yaml_cpp_vendor/lib:/home/jakeluo/Software/ros2_rolling/install/interactive_markers/lib:/home/jakeluo/Software/ros2_rolling/install/visualization_msgs/lib:/home/jakeluo/Software/ros2_rolling/install/robot_state_publisher/lib:/home/jakeluo/Software/ros2_rolling/install/kdl_parser/lib:/home/jakeluo/Software/ros2_rolling/install/urdf/lib:/home/jakeluo/Software/ros2_rolling/install/urdfdom/lib:/home/jakeluo/Software/ros2_rolling/install/turtlesim/lib:/home/jakeluo/Software/ros2_rolling/install/tf2_ros/lib:/home/jakeluo/Software/ros2_rolling/install/tf2_msgs/lib:/home/jakeluo/Software/ros2_rolling/install/test_msgs/lib:/home/jakeluo/Software/ros2_rolling/install/ros2cli_test_interfaces/lib:/home/jakeluo/Software/ros2_rolling/install/quality_of_service_demo_cpp/lib:/home/jakeluo/Software/ros2_rolling/install/image_transport/lib:/home/jakeluo/Software/ros2_rolling/install/message_filters/lib:/home/jakeluo/Software/ros2_rolling/install/demo_nodes_cpp/lib:/home/jakeluo/Software/ros2_rolling/install/composition/lib:/home/jakeluo/Software/ros2_rolling/install/laser_geometry/lib:/home/jakeluo/Software/ros2_rolling/install/rclpy/lib:/home/jakeluo/Software/ros2_rolling/install/action_tutorials_cpp/lib:/home/jakeluo/Software/ros2_rolling/install/rclcpp_action/lib:/home/jakeluo/Software/ros2_rolling/install/rcl_action/lib:/home/jakeluo/Software/ros2_rolling/install/examples_rclcpp_wait_set/lib:/home/jakeluo/Software/ros2_rolling/install/example_interfaces/lib:/home/jakeluo/Software/ros2_rolling/install/action_tutorials_interfaces/lib:/home/jakeluo/Software/ros2_rolling/install/action_msgs/lib:/home/jakeluo/Software/ros2_rolling/install/unique_identifier_msgs/lib:/home/jakeluo/Software/ros2_rolling/install/trajectory_msgs/lib:/home/jakeluo/Software/ros2_rolling/install/rqt_gui_cpp/lib:/home/jakeluo/Software/ros2_rolling/install/rclcpp_lifecycle/lib:/home/jakeluo/Software/ros2_rolling/install/logging_demo/lib:/home/jakeluo/Software/ros2_rolling/install/image_tools/lib:/home/jakeluo/Software/ros2_rolling/install/examples_rclcpp_minimal_subscriber/lib:/home/jakeluo/Software/ros2_rolling/install/examples_rclcpp_minimal_composition/lib:/home/jakeluo/Software/ros2_rolling/install/demo_nodes_cpp_native/lib:/home/jakeluo/Software/ros2_rolling/install/rclcpp_components/lib:/home/jakeluo/Software/ros2_rolling/install/rclcpp/lib:/home/jakeluo/Software/ros2_rolling/install/rcl_lifecycle/lib:/home/jakeluo/Software/ros2_rolling/install/libstatistics_collector/lib:/home/jakeluo/Software/ros2_rolling/install/rcl/lib:/home/jakeluo/Software/ros2_rolling/install/rmw_implementation/lib:/home/jakeluo/Software/ros2_rolling/install/rmw_cyclonedds_cpp/lib:/home/jakeluo/Software/ros2_rolling/install/tracetools/lib:/home/jakeluo/Software/ros2_rolling/install/tlsf/lib:/home/jakeluo/Software/ros2_rolling/install/qt_gui_cpp/lib:/home/jakeluo/Software/ros2_rolling/install/tf2_eigen_kdl/lib:/home/jakeluo/Software/ros2_rolling/install/tf2/lib:/home/jakeluo/Software/ros2_rolling/install/stereo_msgs/lib:/home/jakeluo/Software/ros2_rolling/install/std_srvs/lib:/home/jakeluo/Software/ros2_rolling/install/shape_msgs/lib:/home/jakeluo/Software/ros2_rolling/install/map_msgs/lib:/home/jakeluo/Software/ros2_rolling/install/sensor_msgs/lib:/home/jakeluo/Software/ros2_rolling/install/nav_msgs/lib:/home/jakeluo/Software/ros2_rolling/install/diagnostic_msgs/lib:/home/jakeluo/Software/ros2_rolling/install/geometry_msgs/lib:/home/jakeluo/Software/ros2_rolling/install/actionlib_msgs/lib:/home/jakeluo/Software/ros2_rolling/install/std_msgs/lib:/home/jakeluo/Software/ros2_rolling/install/statistics_msgs/lib:/home/jakeluo/Software/ros2_rolling/install/rcl_logging_spdlog/lib:/home/jakeluo/Software/ros2_rolling/install/rviz_rendering/lib:/home/jakeluo/Software/ros2_rolling/install/rviz_ogre_vendor/opt/rviz_ogre_vendor/lib:/home/jakeluo/Software/ros2_rolling/install/rttest/lib:/home/jakeluo/Software/ros2_rolling/install/rosgraph_msgs/lib:/home/jakeluo/Software/ros2_rolling/install/rosbag2_interfaces/lib:/home/jakeluo/Software/ros2_rolling/install/rmw_fastrtps_dynamic_cpp/lib:/home/jakeluo/Software/ros2_rolling/install/rmw_fastrtps_cpp/lib:/home/jakeluo/Software/ros2_rolling/install/rmw_fastrtps_shared_cpp/lib:/home/jakeluo/Software/ros2_rolling/install/rmw_dds_common/lib:/home/jakeluo/Software/ros2_rolling/install/composition_interfaces/lib:/home/jakeluo/Software/ros2_rolling/install/rcl_interfaces/lib:/home/jakeluo/Software/ros2_rolling/install/pendulum_msgs/lib:/home/jakeluo/Software/ros2_rolling/install/lifecycle_msgs/lib:/home/jakeluo/Software/ros2_rolling/install/builtin_interfaces/lib:/home/jakeluo/Software/ros2_rolling/install/rosidl_typesupport_cpp/lib:/home/jakeluo/Software/ros2_rolling/install/rosidl_typesupport_introspection_cpp/lib:/home/jakeluo/Software/ros2_rolling/install/rosidl_typesupport_c/lib:/home/jakeluo/Software/ros2_rolling/install/rosidl_typesupport_introspection_c/lib:/home/jakeluo/Software/ros2_rolling/install/rosidl_typesupport_fastrtps_c/lib:/home/jakeluo/Software/ros2_rolling/install/rosidl_typesupport_fastrtps_cpp/lib:/home/jakeluo/Software/ros2_rolling/install/rcl_yaml_param_parser/lib:/home/jakeluo/Software/ros2_rolling/install/rmw/lib:/home/jakeluo/Software/ros2_rolling/install/rosidl_runtime_c/lib:/home/jakeluo/Software/ros2_rolling/install/resource_retriever/lib:/home/jakeluo/Software/ros2_rolling/install/class_loader/lib:/home/jakeluo/Software/ros2_rolling/install/rcpputils/lib:/home/jakeluo/Software/ros2_rolling/install/rcl_logging_noop/lib:/home/jakeluo/Software/ros2_rolling/install/rcl_logging_interface/lib:/home/jakeluo/Software/ros2_rolling/install/rcutils/lib:/home/jakeluo/Software/ros2_rolling/install/performance_test_fixture/lib:/home/jakeluo/Software/ros2_rolling/install/osrf_testing_tools_cpp/lib:/home/jakeluo/Software/ros2_rolling/install/orocos_kdl/lib:/home/jakeluo/Software/ros2_rolling/install/mimick_vendor/lib:/home/jakeluo/Software/ros2_rolling/install/libyaml_vendor/lib:/home/jakeluo/Software/ros2_rolling/install/keyboard_handler/lib:/home/jakeluo/Software/ros2_rolling/install/cyclonedds/lib:/home/jakeluo/Software/ros2_rolling/install/iceoryx_utils/lib:/home/jakeluo/Software/ros2_rolling/install/iceoryx_posh/lib:/home/jakeluo/Software/ros2_rolling/install/iceoryx_binding_c/lib:/home/jakeluo/Software/ros2_rolling/install/google_benchmark_vendor/lib:/home/jakeluo/Software/ros2_rolling/install/fastrtps/lib:/home/jakeluo/Software/ros2_rolling/install/fastcdr/lib:/home/jakeluo/Software/ros2_rolling/install/console_bridge_vendor/lib:/home/jakeluo/Software/ros2_rolling/install/ament_index_cpp/lib:/usr/local/cuda-11.2/targets/x86_64-linux/lib PYTHONPATH=/home/jakeluo/Documents/MonitoringSystemRos2/src/install/droneinterfaces/lib/python3.8/site-packages:/home/jakeluo/Documents/MonitoringSystemRos2/src/install/humanpose/lib/python3.8/site-packages:/home/jakeluo/Software/ros2_rolling/build/rqt_bag_plugins/src:/home/jakeluo/Software/ros2_rolling/install/rqt_bag_plugins/lib/python3.8/site-packages:/home/jakeluo/Software/ros2_rolling/build/rqt_bag/src:/home/jakeluo/Software/ros2_rolling/install/rqt_bag/lib/python3.8/site-packages:/home/jakeluo/Software/ros2_rolling/build/ros2bag:/home/jakeluo/Software/ros2_rolling/install/ros2bag/lib/python3.8/site-packages:/home/jakeluo/Software/ros2_rolling/install/rosbag2_py/lib/python3.8/site-packages:/home/jakeluo/Software/ros2_rolling/install/interactive_markers/lib/python3.8/site-packages:/home/jakeluo/Software/ros2_rolling/install/visualization_msgs/lib/python3.8/site-packages:/home/jakeluo/Software/ros2_rolling/install/turtlesim/lib/python3.8/site-packages:/home/jakeluo/Software/ros2_rolling/build/tracetools_test:/home/jakeluo/Software/ros2_rolling/install/tracetools_test/lib/python3.8/site-packages:/home/jakeluo/Software/ros2_rolling/build/tracetools_launch:/home/jakeluo/Software/ros2_rolling/install/tracetools_launch/lib/python3.8/site-packages:/home/jakeluo/Software/ros2_rolling/build/topic_monitor:/home/jakeluo/Software/ros2_rolling/install/topic_monitor/lib/python3.8/site-packages:/home/jakeluo/Software/ros2_rolling/build/tf2_tools:/home/jakeluo/Software/ros2_rolling/install/tf2_tools/lib/python3.8/site-packages:/home/jakeluo/Software/ros2_rolling/install/tf2_kdl/lib/python3.8/site-packages:/home/jakeluo/Software/ros2_rolling/build/examples_tf2_py:/home/jakeluo/Software/ros2_rolling/install/examples_tf2_py/lib/python3.8/site-packages:/home/jakeluo/Software/ros2_rolling/build/tf2_ros_py:/home/jakeluo/Software/ros2_rolling/install/tf2_ros_py/lib/python3.8/site-packages:/home/jakeluo/Software/ros2_rolling/install/tf2_py/lib/python3.8/site-packages:/home/jakeluo/Software/ros2_rolling/install/tf2_msgs/lib/python3.8/site-packages:/home/jakeluo/Software/ros2_rolling/install/test_msgs/lib/python3.8/site-packages:/home/jakeluo/Software/ros2_rolling/build/sros2:/home/jakeluo/Software/ros2_rolling/install/sros2/lib/python3.8/site-packages:/home/jakeluo/Software/ros2_rolling/build/rqt_topic/src:/home/jakeluo/Software/ros2_rolling/install/rqt_topic/lib/python3.8/site-packages:/home/jakeluo/Software/ros2_rolling/build/rqt_top/src:/home/jakeluo/Software/ros2_rolling/install/rqt_top/lib/python3.8/site-packages:/home/jakeluo/Software/ros2_rolling/build/rqt_srv/src:/home/jakeluo/Software/ros2_rolling/install/rqt_srv/lib/python3.8/site-packages:/home/jakeluo/Software/ros2_rolling/build/rqt_shell/src:/home/jakeluo/Software/ros2_rolling/install/rqt_shell/lib/python3.8/site-packages:/home/jakeluo/Software/ros2_rolling/build/rqt_service_caller/src:/home/jakeluo/Software/ros2_rolling/install/rqt_service_caller/lib/python3.8/site-packages:/home/jakeluo/Software/ros2_rolling/build/rqt_reconfigure/src:/home/jakeluo/Software/ros2_rolling/install/rqt_reconfigure/lib/python3.8/site-packages:/home/jakeluo/Software/ros2_rolling/build/rqt_py_console/src:/home/jakeluo/Software/ros2_rolling/install/rqt_py_console/lib/python3.8/site-packages:/home/jakeluo/Software/ros2_rolling/build/rqt_publisher/src:/home/jakeluo/Software/ros2_rolling/install/rqt_publisher/lib/python3.8/site-packages:/home/jakeluo/Software/ros2_rolling/build/rqt_plot/src:/home/jakeluo/Software/ros2_rolling/install/rqt_plot/lib/python3.8/site-packages:/home/jakeluo/Software/ros2_rolling/build/rqt_action/src:/home/jakeluo/Software/ros2_rolling/install/rqt_action/lib/python3.8/site-packages:/home/jakeluo/Software/ros2_rolling/build/rqt_msg/src:/home/jakeluo/Software/ros2_rolling/install/rqt_msg/lib/python3.8/site-packages:/home/jakeluo/Software/ros2_rolling/build/rqt_console/src:/home/jakeluo/Software/ros2_rolling/install/rqt_console/lib/python3.8/site-packages:/home/jakeluo/Software/ros2_rolling/build/rqt:/home/jakeluo/Software/ros2_rolling/install/rqt/lib/python3.8/site-packages:/home/jakeluo/Software/ros2_rolling/install/rqt_py_common/lib/python3.8/site-packages:/home/jakeluo/Software/ros2_rolling/build/rqt_graph/src:/home/jakeluo/Software/ros2_rolling/install/rqt_graph/lib/python3.8/site-packages:/home/jakeluo/Software/ros2_rolling/build/rqt_gui_py/src:/home/jakeluo/Software/ros2_rolling/install/rqt_gui_py/lib/python3.8/site-packages:/home/jakeluo/Software/ros2_rolling/build/rqt_gui/src:/home/jakeluo/Software/ros2_rolling/install/rqt_gui/lib/python3.8/site-packages:/home/jakeluo/Software/ros2_rolling/build/ros2trace:/home/jakeluo/Software/ros2_rolling/install/ros2trace/lib/python3.8/site-packages:/home/jakeluo/Software/ros2_rolling/build/ros2topic:/home/jakeluo/Software/ros2_rolling/install/ros2topic/lib/python3.8/site-packages:/home/jakeluo/Software/ros2_rolling/build/ros2test:/home/jakeluo/Software/ros2_rolling/install/ros2test/lib/python3.8/site-packages:/home/jakeluo/Software/ros2_rolling/build/ros2component:/home/jakeluo/Software/ros2_rolling/install/ros2component/lib/python3.8/site-packages:/home/jakeluo/Software/ros2_rolling/build/ros2param:/home/jakeluo/Software/ros2_rolling/install/ros2param/lib/python3.8/site-packages:/home/jakeluo/Software/ros2_rolling/build/ros2lifecycle:/home/jakeluo/Software/ros2_rolling/install/ros2lifecycle/lib/python3.8/site-packages:/home/jakeluo/Software/ros2_rolling/build/ros2service:/home/jakeluo/Software/ros2_rolling/install/ros2service/lib/python3.8/site-packages:/home/jakeluo/Software/ros2_rolling/build/ros2run:/home/jakeluo/Software/ros2_rolling/install/ros2run/lib/python3.8/site-packages:/home/jakeluo/Software/ros2_rolling/build/ros2launch:/home/jakeluo/Software/ros2_rolling/install/ros2launch/lib/python3.8/site-packages:/home/jakeluo/Software/ros2_rolling/build/ros2pkg:/home/jakeluo/Software/ros2_rolling/install/ros2pkg/lib/python3.8/site-packages:/home/jakeluo/Software/ros2_rolling/build/ros2node:/home/jakeluo/Software/ros2_rolling/install/ros2node/lib/python3.8/site-packages:/home/jakeluo/Software/ros2_rolling/build/ros2multicast:/home/jakeluo/Software/ros2_rolling/install/ros2multicast/lib/python3.8/site-packages:/home/jakeluo/Software/ros2_rolling/build/ros2interface:/home/jakeluo/Software/ros2_rolling/install/ros2interface/lib/python3.8/site-packages:/home/jakeluo/Software/ros2_rolling/build/ros2doctor:/home/jakeluo/Software/ros2_rolling/install/ros2doctor/lib/python3.8/site-packages:/home/jakeluo/Software/ros2_rolling/install/ros2cli_test_interfaces/lib/python3.8/site-packages:/home/jakeluo/Software/ros2_rolling/build/ros2action:/home/jakeluo/Software/ros2_rolling/install/ros2action/lib/python3.8/site-packages:/home/jakeluo/Software/ros2_rolling/build/ros2cli:/home/jakeluo/Software/ros2_rolling/install/ros2cli/lib/python3.8/site-packages:/home/jakeluo/Software/ros2_rolling/build/quality_of_service_demo_py:/home/jakeluo/Software/ros2_rolling/install/quality_of_service_demo_py/lib/python3.8/site-packages:/home/jakeluo/Software/ros2_rolling/install/message_filters/lib/python3.8/site-packages:/home/jakeluo/Software/ros2_rolling/build/launch_testing_ros:/home/jakeluo/Software/ros2_rolling/install/launch_testing_ros/lib/python3.8/site-packages:/home/jakeluo/Software/ros2_rolling/build/launch_ros:/home/jakeluo/Software/ros2_rolling/install/launch_ros/lib/python3.8/site-packages:/home/jakeluo/Software/ros2_rolling/install/laser_geometry/lib/python3.8/site-packages:/home/jakeluo/Software/ros2_rolling/build/examples_rclpy_pointcloud_publisher:/home/jakeluo/Software/ros2_rolling/install/examples_rclpy_pointcloud_publisher/lib/python3.8/site-packages:/home/jakeluo/Software/ros2_rolling/build/examples_rclpy_minimal_subscriber:/home/jakeluo/Software/ros2_rolling/install/examples_rclpy_minimal_subscriber/lib/python3.8/site-packages:/home/jakeluo/Software/ros2_rolling/build/examples_rclpy_minimal_service:/home/jakeluo/Software/ros2_rolling/install/examples_rclpy_minimal_service/lib/python3.8/site-packages:/home/jakeluo/Software/ros2_rolling/build/examples_rclpy_minimal_publisher:/home/jakeluo/Software/ros2_rolling/install/examples_rclpy_minimal_publisher/lib/python3.8/site-packages:/home/jakeluo/Software/ros2_rolling/build/examples_rclpy_minimal_client:/home/jakeluo/Software/ros2_rolling/install/examples_rclpy_minimal_client/lib/python3.8/site-packages:/home/jakeluo/Software/ros2_rolling/build/examples_rclpy_minimal_action_server:/home/jakeluo/Software/ros2_rolling/install/examples_rclpy_minimal_action_server/lib/python3.8/site-packages:/home/jakeluo/Software/ros2_rolling/build/examples_rclpy_minimal_action_client:/home/jakeluo/Software/ros2_rolling/install/examples_rclpy_minimal_action_client/lib/python3.8/site-packages:/home/jakeluo/Software/ros2_rolling/build/examples_rclpy_guard_conditions:/home/jakeluo/Software/ros2_rolling/install/examples_rclpy_guard_conditions/lib/python3.8/site-packages:/home/jakeluo/Software/ros2_rolling/build/examples_rclpy_executors:/home/jakeluo/Software/ros2_rolling/install/examples_rclpy_executors/lib/python3.8/site-packages:/home/jakeluo/Software/ros2_rolling/build/demo_nodes_py:/home/jakeluo/Software/ros2_rolling/install/demo_nodes_py/lib/python3.8/site-packages:/home/jakeluo/Software/ros2_rolling/build/action_tutorials_py:/home/jakeluo/Software/ros2_rolling/install/action_tutorials_py/lib/python3.8/site-packages:/home/jakeluo/Software/ros2_rolling/install/rclpy/lib/python3.8/site-packages:/home/jakeluo/Software/ros2_rolling/install/example_interfaces/lib/python3.8/site-packages:/home/jakeluo/Software/ros2_rolling/install/action_tutorials_interfaces/lib/python3.8/site-packages:/home/jakeluo/Software/ros2_rolling/install/action_msgs/lib/python3.8/site-packages:/home/jakeluo/Software/ros2_rolling/install/unique_identifier_msgs/lib/python3.8/site-packages:/home/jakeluo/Software/ros2_rolling/build/ament_uncrustify:/home/jakeluo/Software/ros2_rolling/install/ament_uncrustify/lib/python3.8/site-packages:/home/jakeluo/Software/ros2_rolling/install/trajectory_msgs/lib/python3.8/site-packages:/home/jakeluo/Software/ros2_rolling/build/tracetools_trace:/home/jakeluo/Software/ros2_rolling/install/tracetools_trace/lib/python3.8/site-packages:/home/jakeluo/Software/ros2_rolling/build/tracetools_read:/home/jakeluo/Software/ros2_rolling/install/tracetools_read/lib/python3.8/site-packages:/home/jakeluo/Software/ros2_rolling/install/logging_demo/lib/python3.8/site-packages:/home/jakeluo/Software/ros2_rolling/install/libstatistics_collector/lib/python3.8/site-packages:/home/jakeluo/Software/ros2_rolling/install/qt_gui_cpp/lib/python3.8/site-packages:/home/jakeluo/Software/ros2_rolling/build/test_launch_ros:/home/jakeluo/Software/ros2_rolling/install/test_launch_ros/lib/python3.8/site-packages:/home/jakeluo/Software/ros2_rolling/install/qt_gui/lib/python3.8/site-packages:/home/jakeluo/Software/ros2_rolling/install/stereo_msgs/lib/python3.8/site-packages:/home/jakeluo/Software/ros2_rolling/install/std_srvs/lib/python3.8/site-packages:/home/jakeluo/Software/ros2_rolling/install/shape_msgs/lib/python3.8/site-packages:/home/jakeluo/Software/ros2_rolling/build/sensor_msgs_py:/home/jakeluo/Software/ros2_rolling/install/sensor_msgs_py/lib/python3.8/site-packages:/home/jakeluo/Software/ros2_rolling/install/map_msgs/lib/python3.8/site-packages:/home/jakeluo/Software/ros2_rolling/install/sensor_msgs/lib/python3.8/site-packages:/home/jakeluo/Software/ros2_rolling/install/nav_msgs/lib/python3.8/site-packages:/home/jakeluo/Software/ros2_rolling/install/diagnostic_msgs/lib/python3.8/site-packages:/home/jakeluo/Software/ros2_rolling/install/geometry_msgs/lib/python3.8/site-packages:/home/jakeluo/Software/ros2_rolling/install/actionlib_msgs/lib/python3.8/site-packages:/home/jakeluo/Software/ros2_rolling/install/std_msgs/lib/python3.8/site-packages:/home/jakeluo/Software/ros2_rolling/install/statistics_msgs/lib/python3.8/site-packages:/home/jakeluo/Software/ros2_rolling/install/rosgraph_msgs/lib/python3.8/site-packages:/home/jakeluo/Software/ros2_rolling/install/rosbag2_interfaces/lib/python3.8/site-packages:/home/jakeluo/Software/ros2_rolling/install/rmw_dds_common/lib/python3.8/site-packages:/home/jakeluo/Software/ros2_rolling/install/composition_interfaces/lib/python3.8/site-packages:/home/jakeluo/Software/ros2_rolling/install/rcl_interfaces/lib/python3.8/site-packages:/home/jakeluo/Software/ros2_rolling/install/pendulum_msgs/lib/python3.8/site-packages:/home/jakeluo/Software/ros2_rolling/install/lifecycle_msgs/lib/python3.8/site-packages:/home/jakeluo/Software/ros2_rolling/install/builtin_interfaces/lib/python3.8/site-packages:/home/jakeluo/Software/ros2_rolling/install/rosidl_generator_py/lib/python3.8/site-packages:/home/jakeluo/Software/ros2_rolling/build/rpyutils:/home/jakeluo/Software/ros2_rolling/install/rpyutils/lib/python3.8/site-packages:/home/jakeluo/Software/ros2_rolling/install/rosidl_typesupport_cpp/lib/python3.8/site-packages:/home/jakeluo/Software/ros2_rolling/install/rosidl_typesupport_introspection_cpp/lib/python3.8/site-packages:/home/jakeluo/Software/ros2_rolling/install/rosidl_typesupport_c/lib/python3.8/site-packages:/home/jakeluo/Software/ros2_rolling/install/rosidl_typesupport_introspection_c/lib/python3.8/site-packages:/home/jakeluo/Software/ros2_rolling/install/rosidl_typesupport_fastrtps_c/lib/python3.8/site-packages:/home/jakeluo/Software/ros2_rolling/install/rosidl_typesupport_fastrtps_cpp/lib/python3.8/site-packages:/home/jakeluo/Software/ros2_rolling/install/rosidl_generator_cpp/lib/python3.8/site-packages:/home/jakeluo/Software/ros2_rolling/install/rosidl_generator_c/lib/python3.8/site-packages:/home/jakeluo/Software/ros2_rolling/build/rosidl_runtime_py:/home/jakeluo/Software/ros2_rolling/install/rosidl_runtime_py/lib/python3.8/site-packages:/home/jakeluo/Software/ros2_rolling/install/rosidl_generator_dds_idl/lib/python3.8/site-packages:/home/jakeluo/Software/ros2_rolling/install/rosidl_cmake/lib/python3.8/site-packages:/home/jakeluo/Software/ros2_rolling/install/rosidl_parser/lib/python3.8/site-packages:/home/jakeluo/Software/ros2_rolling/install/rosidl_adapter/lib/python3.8/site-packages:/home/jakeluo/Software/ros2_rolling/build/rosidl_cli:/home/jakeluo/Software/ros2_rolling/install/rosidl_cli/lib/python3.8/site-packages:/home/jakeluo/Software/ros2_rolling/install/resource_retriever/lib/python3.8/site-packages:/home/jakeluo/Software/ros2_rolling/install/rcutils/lib/python3.8/site-packages:/home/jakeluo/Software/ros2_rolling/install/qt_gui_py_common/lib/python3.8/site-packages:/home/jakeluo/Software/ros2_rolling/install/qt_dotgraph/lib/python3.8/site-packages:/home/jakeluo/Software/ros2_rolling/install/python_qt_binding/lib/python3.8/site-packages:/home/jakeluo/Software/ros2_rolling/build/launch_yaml:/home/jakeluo/Software/ros2_rolling/install/launch_yaml/lib/python3.8/site-packages:/home/jakeluo/Software/ros2_rolling/build/launch_xml:/home/jakeluo/Software/ros2_rolling/install/launch_xml/lib/python3.8/site-packages:/home/jakeluo/Software/ros2_rolling/build/launch_testing:/home/jakeluo/Software/ros2_rolling/install/launch_testing/lib/python3.8/site-packages:/home/jakeluo/Software/ros2_rolling/build/launch:/home/jakeluo/Software/ros2_rolling/install/launch/lib/python3.8/site-packages:/home/jakeluo/Software/ros2_rolling/build/osrf_pycommon:/home/jakeluo/Software/ros2_rolling/install/osrf_pycommon/lib/python3.8/site-packages:/home/jakeluo/Software/ros2_rolling/install/ament_cmake_google_benchmark/lib/python3.8/site-packages:/home/jakeluo/Software/ros2_rolling/build/domain_coordinator:/home/jakeluo/Software/ros2_rolling/install/domain_coordinator/lib/python3.8/site-packages:/home/jakeluo/Software/ros2_rolling/build/ament_xmllint:/home/jakeluo/Software/ros2_rolling/install/ament_xmllint/lib/python3.8/site-packages:/home/jakeluo/Software/ros2_rolling/build/ament_pyflakes:/home/jakeluo/Software/ros2_rolling/install/ament_pyflakes/lib/python3.8/site-packages:/home/jakeluo/Software/ros2_rolling/build/ament_pycodestyle:/home/jakeluo/Software/ros2_rolling/install/ament_pycodestyle/lib/python3.8/site-packages:/home/jakeluo/Software/ros2_rolling/build/ament_pep257:/home/jakeluo/Software/ros2_rolling/install/ament_pep257/lib/python3.8/site-packages:/home/jakeluo/Software/ros2_rolling/build/ament_pclint:/home/jakeluo/Software/ros2_rolling/install/ament_pclint/lib/python3.8/site-packages:/home/jakeluo/Software/ros2_rolling/install/ament_cmake_test/lib/python3.8/site-packages:/home/jakeluo/Software/ros2_rolling/build/ament_package:/home/jakeluo/Software/ros2_rolling/install/ament_package/lib/python3.8/site-packages:/home/jakeluo/Software/ros2_rolling/build/ament_mypy:/home/jakeluo/Software/ros2_rolling/install/ament_mypy/lib/python3.8/site-packages:/home/jakeluo/Software/ros2_rolling/build/ament_lint_cmake:/home/jakeluo/Software/ros2_rolling/install/ament_lint_cmake/lib/python3.8/site-packages:/home/jakeluo/Software/ros2_rolling/build/ament_flake8:/home/jakeluo/Software/ros2_rolling/install/ament_flake8/lib/python3.8/site-packages:/home/jakeluo/Software/ros2_rolling/build/ament_copyright:/home/jakeluo/Software/ros2_rolling/install/ament_copyright/lib/python3.8/site-packages:/home/jakeluo/Software/ros2_rolling/build/ament_lint:/home/jakeluo/Software/ros2_rolling/install/ament_lint/lib/python3.8/site-packages:/home/jakeluo/Software/ros2_rolling/build/ament_index_python:/home/jakeluo/Software/ros2_rolling/install/ament_index_python/lib/python3.8/site-packages:/home/jakeluo/Software/ros2_rolling/build/ament_cpplint:/home/jakeluo/Software/ros2_rolling/install/ament_cpplint/lib/python3.8/site-packages:/home/jakeluo/Software/ros2_rolling/build/ament_cppcheck:/home/jakeluo/Software/ros2_rolling/install/ament_cppcheck/lib/python3.8/site-packages:/home/jakeluo/Software/ros2_rolling/build/ament_clang_tidy:/home/jakeluo/Software/ros2_rolling/install/ament_clang_tidy/lib/python3.8/site-packages:/home/jakeluo/Software/ros2_rolling/build/ament_clang_format:/home/jakeluo/Software/ros2_rolling/install/ament_clang_format/lib/python3.8/site-packages /usr/bin/cmake --build /home/jakeluo/Documents/MonitoringSystemRos2/src/build/openpose -- -j12 -l12
