-- Found ament_cmake: 1.1.4 (/home/jakeluo/Software/ros2_rolling/install/ament_cmake/share/ament_cmake/cmake)
-- Found rclcpp: 13.0.0 (/home/jakeluo/Software/ros2_rolling/install/rclcpp/share/rclcpp/cmake)
-- Using all available rosidl_typesupport_c: rosidl_typesupport_introspection_c;rosidl_typesupport_fastrtps_c
-- Found rosidl_adapter: 2.5.0 (/home/jakeluo/Software/ros2_rolling/install/rosidl_adapter/share/rosidl_adapter/cmake)
-- Using all available rosidl_typesupport_cpp: rosidl_typesupport_introspection_cpp;rosidl_typesupport_fastrtps_cpp
-- Found rmw_implementation_cmake: 5.0.0 (/home/jakeluo/Software/ros2_rolling/install/rmw_implementation_cmake/share/rmw_implementation_cmake/cmake)
-- Found rmw_cyclonedds_cpp: 0.24.0 (/home/jakeluo/Software/ros2_rolling/install/rmw_cyclonedds_cpp/share/rmw_cyclonedds_cpp/cmake)
-- Using RMW implementation 'rmw_cyclonedds_cpp' as default
-- Found droneinterfaces: 0.0.0 (/home/jakeluo/Documents/MonitoringSystemRos2/install/droneinterfaces/share/droneinterfaces/cmake)
-- Found ament_lint_auto: 0.11.2 (/home/jakeluo/Software/ros2_rolling/install/ament_lint_auto/share/ament_lint_auto/cmake)
-- Added test 'copyright' to check source files copyright and LICENSE
-- Added test 'cppcheck' to perform static code analysis on C / C++ code
-- Configured cppcheck include dirs: $<BUILD_INTERFACE:/home/jakeluo/Documents/MonitoringSystemRos2/src/droneutility/include>
-- Configured cppcheck exclude dirs and/or files: 
-- Added test 'cpplint' to check C / C++ code against the Google style
-- Configured cpplint exclude dirs and/or files: 
-- Added test 'lint_cmake' to check CMake code style
-- Added test 'uncrustify' to check C / C++ code style
-- Configured uncrustify additional arguments: 
-- Added test 'xmllint' to check XML markup files
-- Configuring done
-- Generating done
-- Build files have been written to: /home/jakeluo/Documents/MonitoringSystemRos2/build/droneutility
[35m[1mScanning dependencies of target drone[0m
[35m[1mScanning dependencies of target dronemanager[0m
[ 25%] Built target send
[ 50%] Built target recv
[ 62%] [32mBuilding CXX object CMakeFiles/drone.dir/src/drone.cpp.o[0m
[ 75%] [32mBuilding CXX object CMakeFiles/dronemanager.dir/src/droneManager.cpp.o[0m
[01m[K/home/jakeluo/Documents/MonitoringSystemRos2/src/droneutility/src/droneManager.cpp:132:6:[m[K [01;31m[Kerror: [m[Kno declaration matches ‘[01m[Kvoid dronenamespace::DroneManager::droneController(std::shared_ptr<droneinterfaces::srv::DroneRegister_Request_<std::allocator<void> > >, std::shared_ptr<droneinterfaces::srv::DroneRegister_Response_<std::allocator<void> > >)[m[K’
  132 | void [01;31m[KDroneManager[m[K::droneController(const std::shared_ptr<droneinterfaces::srv::DroneRegister::Request> request,
      |      [01;31m[K^~~~~~~~~~~~[m[K
In file included from [01m[K/home/jakeluo/Documents/MonitoringSystemRos2/src/droneutility/src/droneManager.cpp:1[m[K:
[01m[K/home/jakeluo/Documents/MonitoringSystemRos2/src/droneutility/include/droneManager.hpp:54:14:[m[K [01;36m[Knote: [m[Kcandidate is: ‘[01m[Kvoid dronenamespace::DroneManager::droneController(std::shared_ptr<droneinterfaces::srv::DroneController_Request_<std::allocator<void> > >, std::shared_ptr<droneinterfaces::srv::DroneController_Response_<std::allocator<void> > >)[m[K’
   54 |         void [01;36m[KdroneController[m[K(const std::shared_ptr<droneinterfaces::srv::DroneController::Request> request,
      |              [01;36m[K^~~~~~~~~~~~~~~[m[K
[01m[K/home/jakeluo/Documents/MonitoringSystemRos2/src/droneutility/include/droneManager.hpp:28:11:[m[K [01;36m[Knote: [m[K‘[01m[Kclass dronenamespace::DroneManager[m[K’ defined here
   28 |     class [01;36m[KDroneManager[m[K
      |           [01;36m[K^~~~~~~~~~~~[m[K
make[2]: *** [CMakeFiles/dronemanager.dir/build.make:63：CMakeFiles/dronemanager.dir/src/droneManager.cpp.o] 错误 1
make[1]: *** [CMakeFiles/Makefile2:111：CMakeFiles/dronemanager.dir/all] 错误 2
make[1]: *** 正在等待未完成的任务....
[ 87%] [32m[1mLinking CXX executable drone[0m
[ 87%] Built target drone
make: *** [Makefile:141：all] 错误 2
