[01m[K/home/jakeluo/Documents/MonitoringSystemRos2/src/test1/src/test1.cpp:[m[K In function â€˜[01m[Kint main(int, char**)[m[Kâ€™:
[01m[K/home/jakeluo/Documents/MonitoringSystemRos2/src/test1/src/test1.cpp:45:3:[m[K [01;31m[Kerror: [m[Kâ€˜[01m[Kclose[m[Kâ€™ was not declared in this scope; did you mean â€˜[01m[Kpclose[m[Kâ€™?
   45 |   [01;31m[Kclose[m[K(server_fd);
      |   [01;31m[K^~~~~[m[K
      |   [32m[Kpclose[m[K
[01m[K/home/jakeluo/Documents/MonitoringSystemRos2/src/test1/src/test1.cpp:35:18:[m[K [01;35m[Kwarning: [m[Kunused variable â€˜[01m[Kret[m[Kâ€™ [[01;35m[K-Wunused-variable[m[K]
   35 |   int server_fd, [01;35m[Kret[m[K;
      |                  [01;35m[K^~~[m[K
[01m[K/home/jakeluo/Documents/MonitoringSystemRos2/src/test1/src/test1.cpp:36:22:[m[K [01;35m[Kwarning: [m[Kunused variable â€˜[01m[Kser_addr[m[Kâ€™ [[01;35m[K-Wunused-variable[m[K]
   36 |   struct sockaddr_in [01;35m[Kser_addr[m[K;
      |                      [01;35m[K^~~~~~~~[m[K
[01m[K/home/jakeluo/Documents/MonitoringSystemRos2/src/test1/src/test1.cpp:33:14:[m[K [01;35m[Kwarning: [m[Kunused parameter â€˜[01m[Kargc[m[Kâ€™ [[01;35m[K-Wunused-parameter[m[K]
   33 | int main([01;35m[Kint argc[m[K, char ** argv)
      |          [01;35m[K~~~~^~~~[m[K
[01m[K/home/jakeluo/Documents/MonitoringSystemRos2/src/test1/src/test1.cpp:33:28:[m[K [01;35m[Kwarning: [m[Kunused parameter â€˜[01m[Kargv[m[Kâ€™ [[01;35m[K-Wunused-parameter[m[K]
   33 | int main(int argc, [01;35m[Kchar ** argv[m[K)
      |                    [01;35m[K~~~~~~~~^~~~[m[K
make[2]: *** [CMakeFiles/test1.dir/build.make:63ï¼šCMakeFiles/test1.dir/src/test1.cpp.o] é”™è¯¯ 1
make[1]: *** [CMakeFiles/Makefile2:78ï¼šCMakeFiles/test1.dir/all] é”™è¯¯ 2
make: *** [Makefile:141ï¼šall] é”™è¯¯ 2
