/usr/bin/ld: CMakeFiles/test1.dir/src/test1.cpp.o: in function `std::thread::thread<void (&)(int&), std::reference_wrapper<int>, void>(void (&)(int&), std::reference_wrapper<int>&&)':
test1.cpp:(.text._ZNSt6threadC2IRFvRiEJSt17reference_wrapperIiEEvEEOT_DpOT0_[_ZNSt6threadC5IRFvRiEJSt17reference_wrapperIiEEvEEOT_DpOT0_]+0x37): undefined reference to `pthread_create'
collect2: error: ld returned 1 exit status
make[2]: *** [CMakeFiles/test1.dir/build.make:84：test1] 错误 1
make[1]: *** [CMakeFiles/Makefile2:78：CMakeFiles/test1.dir/all] 错误 2
make: *** [Makefile:141：all] 错误 2
