[0.529s] Invoking command in '/home/jakeluo/Documents/MonitoringSystemRos2/src/build/qt': CMAKE_PREFIX_PATH=/home/jakeluo/Documents/MonitoringSystemRos2/src/install/droneinterfaces:/home/jakeluo/Documents/MonitoringSystemRos2/src/install/qt:/home/jakeluo/Documents/MonitoringSystemRos2/src/install/droneutility:/home/jakeluo/Software/ros2_rolling/install/rosbag2:/home/jakeluo/Software/ros2_rolling/install/rosbag2_compression_zstd:/home/jakeluo/Software/ros2_rolling/install/zstd_vendor:/home/jakeluo/Software/ros2_rolling/install/rviz_visual_testing_framework:/home/jakeluo/Software/ros2_rolling/install/rviz2:/home/jakeluo/Software/ros2_rolling/install/rviz_default_plugins:/home/jakeluo/Software/ros2_rolling/install/rviz_common:/home/jakeluo/Software/ros2_rolling/install/rosbag2_py:/home/jakeluo/Software/ros2_rolling/install/rosbag2_transport:/home/jakeluo/Software/ros2_rolling/install/rosbag2_performance_benchmarking:/home/jakeluo/Software/ros2_rolling/install/rosbag2_compression:/home/jakeluo/Software/ros2_rolling/install/rosbag2_cpp:/home/jakeluo/Software/ros2_rolling/install/rosbag2_storage_default_plugins:/home/jakeluo/Software/ros2_rolling/install/rosbag2_storage:/home/jakeluo/Software/ros2_rolling/install/image_common:/home/jakeluo/Software/ros2_rolling/install/camera_info_manager:/home/jakeluo/Software/ros2_rolling/install/camera_calibration_parsers:/home/jakeluo/Software/ros2_rolling/install/yaml_cpp_vendor:/home/jakeluo/Software/ros2_rolling/install/ros1_bridge:/home/jakeluo/Software/ros2_rolling/install/interactive_markers:/home/jakeluo/Software/ros2_rolling/install/common_interfaces:/home/jakeluo/Software/ros2_rolling/install/visualization_msgs:/home/jakeluo/Software/ros2_rolling/install/dummy_robot_bringup:/home/jakeluo/Software/ros2_rolling/install/robot_state_publisher:/home/jakeluo/Software/ros2_rolling/install/kdl_parser:/home/jakeluo/Software/ros2_rolling/install/urdf:/home/jakeluo/Software/ros2_rolling/install/urdfdom:/home/jakeluo/Software/ros2_rolling/install/urdf_parser_plugin:/home/jakeluo/Software/ros2_rolling/install/urdfdom_headers:/home/jakeluo/Software/ros2_rolling/install/turtlesim:/home/jakeluo/Software/ros2_rolling/install/geometry2:/home/jakeluo/Software/ros2_rolling/install/tf2_sensor_msgs:/home/jakeluo/Software/ros2_rolling/install/test_tf2:/home/jakeluo/Software/ros2_rolling/install/tf2_kdl:/home/jakeluo/Software/ros2_rolling/install/tf2_geometry_msgs:/home/jakeluo/Software/ros2_rolling/install/tf2_eigen:/home/jakeluo/Software/ros2_rolling/install/tf2_bullet:/home/jakeluo/Software/ros2_rolling/install/tf2_ros:/home/jakeluo/Software/ros2_rolling/install/tf2_py:/home/jakeluo/Software/ros2_rolling/install/tf2_msgs:/home/jakeluo/Software/ros2_rolling/install/test_msgs:/home/jakeluo/Software/ros2_rolling/install/sros2_cmake:/home/jakeluo/Software/ros2_rolling/install/ros2cli_common_extensions:/home/jakeluo/Software/ros2_rolling/install/rqt_py_common:/home/jakeluo/Software/ros2_rolling/install/ros_testing:/home/jakeluo/Software/ros2_rolling/install/ros2cli_test_interfaces:/home/jakeluo/Software/ros2_rolling/install/quality_of_service_demo_cpp:/home/jakeluo/Software/ros2_rolling/install/image_transport:/home/jakeluo/Software/ros2_rolling/install/message_filters:/home/jakeluo/Software/ros2_rolling/install/demo_nodes_cpp:/home/jakeluo/Software/ros2_rolling/install/composition:/home/jakeluo/Software/ros2_rolling/install/laser_geometry:/home/jakeluo/Software/ros2_rolling/install/rclpy:/home/jakeluo/Software/ros2_rolling/install/examples_rclcpp_minimal_action_server:/home/jakeluo/Software/ros2_rolling/install/examples_rclcpp_minimal_action_client:/home/jakeluo/Software/ros2_rolling/install/action_tutorials_cpp:/home/jakeluo/Software/ros2_rolling/install/rclcpp_action:/home/jakeluo/Software/ros2_rolling/install/rcl_action:/home/jakeluo/Software/ros2_rolling/install/examples_rclcpp_wait_set:/home/jakeluo/Software/ros2_rolling/install/examples_rclcpp_minimal_service:/home/jakeluo/Software/ros2_rolling/install/examples_rclcpp_minimal_client:/home/jakeluo/Software/ros2_rolling/install/examples_rclcpp_async_client:/home/jakeluo/Software/ros2_rolling/install/example_interfaces:/home/jakeluo/Software/ros2_rolling/install/action_tutorials_interfaces:/home/jakeluo/Software/ros2_rolling/install/action_msgs:/home/jakeluo/Software/ros2_rolling/install/unique_identifier_msgs:/home/jakeluo/Software/ros2_rolling/install/ament_lint_common:/home/jakeluo/Software/ros2_rolling/install/ament_cmake_uncrustify:/home/jakeluo/Software/ros2_rolling/install/uncrustify_vendor:/home/jakeluo/Software/ros2_rolling/install/trajectory_msgs:/home/jakeluo/Software/ros2_rolling/install/topic_statistics_demo:/home/jakeluo/Software/ros2_rolling/install/pendulum_control:/home/jakeluo/Software/ros2_rolling/install/tlsf_cpp:/home/jakeluo/Software/ros2_rolling/install/test_tracetools:/home/jakeluo/Software/ros2_rolling/install/rqt_gui_cpp:/home/jakeluo/Software/ros2_rolling/install/rosbag2_test_common:/home/jakeluo/Software/ros2_rolling/install/ros2lifecycle_test_fixtures:/home/jakeluo/Software/ros2_rolling/install/lifecycle:/home/jakeluo/Software/ros2_rolling/install/rclcpp_lifecycle:/home/jakeluo/Software/ros2_rolling/install/logging_demo:/home/jakeluo/Software/ros2_rolling/install/image_tools:/home/jakeluo/Software/ros2_rolling/install/examples_rclcpp_minimal_subscriber:/home/jakeluo/Software/ros2_rolling/install/examples_rclcpp_minimal_composition:/home/jakeluo/Software/ros2_rolling/install/demo_nodes_cpp_native:/home/jakeluo/Software/ros2_rolling/install/rclcpp_components:/home/jakeluo/Software/ros2_rolling/install/intra_process_demo:/home/jakeluo/Software/ros2_rolling/install/examples_rclcpp_multithreaded_executor:/home/jakeluo/Software/ros2_rolling/install/examples_rclcpp_minimal_timer:/home/jakeluo/Software/ros2_rolling/install/examples_rclcpp_minimal_publisher:/home/jakeluo/Software/ros2_rolling/install/examples_rclcpp_cbg_executor:/home/jakeluo/Software/ros2_rolling/install/dummy_sensors:/home/jakeluo/Software/ros2_rolling/install/dummy_map_server:/home/jakeluo/Software/ros2_rolling/install/rclcpp:/home/jakeluo/Software/ros2_rolling/install/rcl_lifecycle:/home/jakeluo/Software/ros2_rolling/install/libstatistics_collector:/home/jakeluo/Software/ros2_rolling/install/rcl:/home/jakeluo/Software/ros2_rolling/install/rmw_implementation:/home/jakeluo/Software/ros2_rolling/install/rmw_cyclonedds_cpp:/home/jakeluo/Software/ros2_rolling/install/tracetools:/home/jakeluo/Software/ros2_rolling/install/tlsf:/home/jakeluo/Software/ros2_rolling/install/tinyxml_vendor:/home/jakeluo/Software/ros2_rolling/install/qt_gui_core:/home/jakeluo/Software/ros2_rolling/install/qt_gui_cpp:/home/jakeluo/Software/ros2_rolling/install/pluginlib:/home/jakeluo/Software/ros2_rolling/install/tinyxml2_vendor:/home/jakeluo/Software/ros2_rolling/install/tf2_eigen_kdl:/home/jakeluo/Software/ros2_rolling/install/tf2:/home/jakeluo/Software/ros2_rolling/install/test_security:/home/jakeluo/Software/ros2_rolling/install/test_rmw_implementation:/home/jakeluo/Software/ros2_rolling/install/test_rclcpp:/home/jakeluo/Software/ros2_rolling/install/test_quality_of_service:/home/jakeluo/Software/ros2_rolling/install/test_launch_testing:/home/jakeluo/Software/ros2_rolling/install/test_interface_files:/home/jakeluo/Software/ros2_rolling/install/test_communication:/home/jakeluo/Software/ros2_rolling/install/test_cli_remapping:/home/jakeluo/Software/ros2_rolling/install/test_cli:/home/jakeluo/Software/ros2_rolling/install/qt_gui_app:/home/jakeluo/Software/ros2_rolling/install/qt_gui:/home/jakeluo/Software/ros2_rolling/install/tango_icons_vendor:/home/jakeluo/Software/ros2_rolling/install/stereo_msgs:/home/jakeluo/Software/ros2_rolling/install/std_srvs:/home/jakeluo/Software/ros2_rolling/install/shape_msgs:/home/jakeluo/Software/ros2_rolling/install/map_msgs:/home/jakeluo/Software/ros2_rolling/install/sensor_msgs:/home/jakeluo/Software/ros2_rolling/install/nav_msgs:/home/jakeluo/Software/ros2_rolling/install/diagnostic_msgs:/home/jakeluo/Software/ros2_rolling/install/geometry_msgs:/home/jakeluo/Software/ros2_rolling/install/actionlib_msgs:/home/jakeluo/Software/ros2_rolling/install/std_msgs:/home/jakeluo/Software/ros2_rolling/install/statistics_msgs:/home/jakeluo/Software/ros2_rolling/install/sqlite3_vendor:/home/jakeluo/Software/ros2_rolling/install/rcl_logging_spdlog:/home/jakeluo/Software/ros2_rolling/install/spdlog_vendor:/home/jakeluo/Software/ros2_rolling/install/shared_queues_vendor:/home/jakeluo/Software/ros2_rolling/install/rviz_rendering_tests:/home/jakeluo/Software/ros2_rolling/install/rviz_rendering:/home/jakeluo/Software/ros2_rolling/install/rviz_ogre_vendor:/home/jakeluo/Software/ros2_rolling/install/rviz_assimp_vendor:/home/jakeluo/Software/ros2_rolling/install/rttest:/home/jakeluo/Software/ros2_rolling/install/rmw_connextddsmicro:/home/jakeluo/Software/ros2_rolling/install/rmw_connextdds:/home/jakeluo/Software/ros2_rolling/install/rmw_connextdds_common:/home/jakeluo/Software/ros2_rolling/install/rti_connext_dds_cmake_module:/home/jakeluo/Software/ros2_rolling/install/rosgraph_msgs:/home/jakeluo/Software/ros2_rolling/install/rosbag2_interfaces:/home/jakeluo/Software/ros2_rolling/install/rmw_fastrtps_dynamic_cpp:/home/jakeluo/Software/ros2_rolling/install/rmw_fastrtps_cpp:/home/jakeluo/Software/ros2_rolling/install/rmw_fastrtps_shared_cpp:/home/jakeluo/Software/ros2_rolling/install/rmw_dds_common:/home/jakeluo/Software/ros2_rolling/install/composition_interfaces:/home/jakeluo/Software/ros2_rolling/install/rcl_interfaces:/home/jakeluo/Software/ros2_rolling/install/pendulum_msgs:/home/jakeluo/Software/ros2_rolling/install/lifecycle_msgs:/home/jakeluo/Software/ros2_rolling/install/builtin_interfaces:/home/jakeluo/Software/ros2_rolling/install/rosidl_default_runtime:/home/jakeluo/Software/ros2_rolling/install/rosidl_default_generators:/home/jakeluo/Software/ros2_rolling/install/rosidl_generator_py:/home/jakeluo/Software/ros2_rolling/install/rosidl_typesupport_cpp:/home/jakeluo/Software/ros2_rolling/install/rosidl_typesupport_introspection_cpp:/home/jakeluo/Software/ros2_rolling/install/rosidl_typesupport_c:/home/jakeluo/Software/ros2_rolling/install/rosidl_typesupport_introspection_c:/home/jakeluo/Software/ros2_rolling/install/rosidl_typesupport_fastrtps_c:/home/jakeluo/Software/ros2_rolling/install/rosidl_typesupport_fastrtps_cpp:/home/jakeluo/Software/ros2_rolling/install/rcl_yaml_param_parser:/home/jakeluo/Software/ros2_rolling/install/rmw:/home/jakeluo/Software/ros2_rolling/install/rosidl_runtime_c:/home/jakeluo/Software/ros2_rolling/install/rosidl_generator_cpp:/home/jakeluo/Software/ros2_rolling/install/rosidl_generator_c:/home/jakeluo/Software/ros2_rolling/install/rosidl_typesupport_interface:/home/jakeluo/Software/ros2_rolling/install/rosidl_runtime_cpp:/home/jakeluo/Software/ros2_rolling/install/rosidl_generator_dds_idl:/home/jakeluo/Software/ros2_rolling/install/rosidl_cmake:/home/jakeluo/Software/ros2_rolling/install/rosidl_parser:/home/jakeluo/Software/ros2_rolling/install/rosidl_adapter:/home/jakeluo/Software/ros2_rolling/install/rosbag2_tests:/home/jakeluo/Software/ros2_rolling/install/ros_environment:/home/jakeluo/Software/ros2_rolling/install/rmw_implementation_cmake:/home/jakeluo/Software/ros2_rolling/install/resource_retriever:/home/jakeluo/Software/ros2_rolling/install/class_loader:/home/jakeluo/Software/ros2_rolling/install/rcpputils:/home/jakeluo/Software/ros2_rolling/install/rcl_logging_noop:/home/jakeluo/Software/ros2_rolling/install/rcl_logging_interface:/home/jakeluo/Software/ros2_rolling/install/rcutils:/home/jakeluo/Software/ros2_rolling/install/qt_gui_py_common:/home/jakeluo/Software/ros2_rolling/install/qt_dotgraph:/home/jakeluo/Software/ros2_rolling/install/python_qt_binding:/home/jakeluo/Software/ros2_rolling/install/launch_testing_ament_cmake:/home/jakeluo/Software/ros2_rolling/install/python_cmake_module:/home/jakeluo/Software/ros2_rolling/install/pybind11_vendor:/home/jakeluo/Software/ros2_rolling/install/performance_test_fixture:/home/jakeluo/Software/ros2_rolling/install/osrf_testing_tools_cpp:/home/jakeluo/Software/ros2_rolling/install/orocos_kdl:/home/jakeluo/Software/ros2_rolling/install/mimick_vendor:/home/jakeluo/Software/ros2_rolling/install/libyaml_vendor:/home/jakeluo/Software/ros2_rolling/install/libcurl_vendor:/home/jakeluo/Software/ros2_rolling/install/keyboard_handler:/home/jakeluo/Software/ros2_rolling/install/cyclonedds:/home/jakeluo/Software/ros2_rolling/install/iceoryx_utils:/home/jakeluo/Software/ros2_rolling/install/iceoryx_posh:/home/jakeluo/Software/ros2_rolling/install/iceoryx_binding_c:/home/jakeluo/Software/ros2_rolling/install/ament_cmake_ros:/home/jakeluo/Software/ros2_rolling/install/ament_cmake_gmock:/home/jakeluo/Software/ros2_rolling/install/gmock_vendor:/home/jakeluo/Software/ros2_rolling/install/ament_cmake_gtest:/home/jakeluo/Software/ros2_rolling/install/gtest_vendor:/home/jakeluo/Software/ros2_rolling/install/ament_cmake_google_benchmark:/home/jakeluo/Software/ros2_rolling/install/google_benchmark_vendor:/home/jakeluo/Software/ros2_rolling/install/fastrtps:/home/jakeluo/Software/ros2_rolling/install/foonathan_memory_vendor:/home/jakeluo/Software/ros2_rolling/install/fastrtps_cmake_module:/home/jakeluo/Software/ros2_rolling/install/fastcdr:/home/jakeluo/Software/ros2_rolling/install/eigen3_cmake_module:/home/jakeluo/Software/ros2_rolling/install/console_bridge_vendor:/home/jakeluo/Software/ros2_rolling/install/ament_cmake_xmllint:/home/jakeluo/Software/ros2_rolling/install/ament_cmake_pyflakes:/home/jakeluo/Software/ros2_rolling/install/ament_cmake_pycodestyle:/home/jakeluo/Software/ros2_rolling/install/ament_cmake_pep257:/home/jakeluo/Software/ros2_rolling/install/ament_cmake_pclint:/home/jakeluo/Software/ros2_rolling/install/ament_lint_auto:/home/jakeluo/Software/ros2_rolling/install/ament_cmake_auto:/home/jakeluo/Software/ros2_rolling/install/ament_cmake:/home/jakeluo/Software/ros2_rolling/install/ament_cmake_version:/home/jakeluo/Software/ros2_rolling/install/ament_cmake_pytest:/home/jakeluo/Software/ros2_rolling/install/ament_cmake_nose:/home/jakeluo/Software/ros2_rolling/install/ament_cmake_mypy:/home/jakeluo/Software/ros2_rolling/install/ament_cmake_lint_cmake:/home/jakeluo/Software/ros2_rolling/install/ament_cmake_flake8:/home/jakeluo/Software/ros2_rolling/install/ament_cmake_cpplint:/home/jakeluo/Software/ros2_rolling/install/ament_cmake_cppcheck:/home/jakeluo/Software/ros2_rolling/install/ament_cmake_copyright:/home/jakeluo/Software/ros2_rolling/install/ament_cmake_clang_tidy:/home/jakeluo/Software/ros2_rolling/install/ament_cmake_clang_format:/home/jakeluo/Software/ros2_rolling/install/ament_cmake_test:/home/jakeluo/Software/ros2_rolling/install/ament_cmake_target_dependencies:/home/jakeluo/Software/ros2_rolling/install/ament_cmake_python:/home/jakeluo/Software/ros2_rolling/install/ament_cmake_export_dependencies:/home/jakeluo/Software/ros2_rolling/install/ament_cmake_libraries:/home/jakeluo/Software/ros2_rolling/install/ament_cmake_include_directories:/home/jakeluo/Software/ros2_rolling/install/ament_cmake_gen_version_h:/home/jakeluo/Software/ros2_rolling/install/ament_cmake_export_targets:/home/jakeluo/Software/ros2_rolling/install/ament_cmake_export_link_flags:/home/jakeluo/Software/ros2_rolling/install/ament_cmake_export_interfaces:/home/jakeluo/Software/ros2_rolling/install/ament_cmake_export_libraries:/home/jakeluo/Software/ros2_rolling/install/ament_cmake_export_include_directories:/home/jakeluo/Software/ros2_rolling/install/ament_cmake_export_definitions:/home/jakeluo/Software/ros2_rolling/install/ament_cmake_core:/home/jakeluo/Software/ros2_rolling/install/ament_index_cpp:/home/jakeluo/Documents/MonitoringSystemRos2/src/install/humanpose:/home/jakeluo/Software/ros2_rolling/install/rqt_bag_plugins:/home/jakeluo/Software/ros2_rolling/install/rqt_bag:/home/jakeluo/Software/ros2_rolling/install/ros2bag:/home/jakeluo/Software/ros2_rolling/install/tracetools_test:/home/jakeluo/Software/ros2_rolling/install/tracetools_launch:/home/jakeluo/Software/ros2_rolling/install/topic_monitor:/home/jakeluo/Software/ros2_rolling/install/tf2_tools:/home/jakeluo/Software/ros2_rolling/install/examples_tf2_py:/home/jakeluo/Software/ros2_rolling/install/tf2_ros_py:/home/jakeluo/Software/ros2_rolling/install/sros2:/home/jakeluo/Software/ros2_rolling/install/rqt_topic:/home/jakeluo/Software/ros2_rolling/install/rqt_top:/home/jakeluo/Software/ros2_rolling/install/rqt_srv:/home/jakeluo/Software/ros2_rolling/install/rqt_shell:/home/jakeluo/Software/ros2_rolling/install/rqt_service_caller:/home/jakeluo/Software/ros2_rolling/install/rqt_reconfigure:/home/jakeluo/Software/ros2_rolling/install/rqt_py_console:/home/jakeluo/Software/ros2_rolling/install/rqt_publisher:/home/jakeluo/Software/ros2_rolling/install/rqt_plot:/home/jakeluo/Software/ros2_rolling/install/rqt_action:/home/jakeluo/Software/ros2_rolling/install/rqt_msg:/home/jakeluo/Software/ros2_rolling/install/rqt_console:/home/jakeluo/Software/ros2_rolling/install/rqt:/home/jakeluo/Software/ros2_rolling/install/rqt_graph:/home/jakeluo/Software/ros2_rolling/install/rqt_gui_py:/home/jakeluo/Software/ros2_rolling/install/rqt_gui:/home/jakeluo/Software/ros2_rolling/install/ros2trace:/home/jakeluo/Software/ros2_rolling/install/ros2topic:/home/jakeluo/Software/ros2_rolling/install/ros2test:/home/jakeluo/Software/ros2_rolling/install/ros2component:/home/jakeluo/Software/ros2_rolling/install/ros2param:/home/jakeluo/Software/ros2_rolling/install/ros2lifecycle:/home/jakeluo/Software/ros2_rolling/install/ros2service:/home/jakeluo/Software/ros2_rolling/install/ros2run:/home/jakeluo/Software/ros2_rolling/install/ros2launch:/home/jakeluo/Software/ros2_rolling/install/ros2pkg:/home/jakeluo/Software/ros2_rolling/install/ros2node:/home/jakeluo/Software/ros2_rolling/install/ros2multicast:/home/jakeluo/Software/ros2_rolling/install/ros2interface:/home/jakeluo/Software/ros2_rolling/install/ros2doctor:/home/jakeluo/Software/ros2_rolling/install/ros2action:/home/jakeluo/Software/ros2_rolling/install/ros2cli:/home/jakeluo/Software/ros2_rolling/install/quality_of_service_demo_py:/home/jakeluo/Software/ros2_rolling/install/launch_testing_ros:/home/jakeluo/Software/ros2_rolling/install/launch_ros:/home/jakeluo/Software/ros2_rolling/install/examples_rclpy_pointcloud_publisher:/home/jakeluo/Software/ros2_rolling/install/examples_rclpy_minimal_subscriber:/home/jakeluo/Software/ros2_rolling/install/examples_rclpy_minimal_service:/home/jakeluo/Software/ros2_rolling/install/examples_rclpy_minimal_publisher:/home/jakeluo/Software/ros2_rolling/install/examples_rclpy_minimal_client:/home/jakeluo/Software/ros2_rolling/install/examples_rclpy_minimal_action_server:/home/jakeluo/Software/ros2_rolling/install/examples_rclpy_minimal_action_client:/home/jakeluo/Software/ros2_rolling/install/examples_rclpy_guard_conditions:/home/jakeluo/Software/ros2_rolling/install/examples_rclpy_executors:/home/jakeluo/Software/ros2_rolling/install/demo_nodes_py:/home/jakeluo/Software/ros2_rolling/install/action_tutorials_py:/home/jakeluo/Software/ros2_rolling/install/ament_uncrustify:/home/jakeluo/Software/ros2_rolling/install/tracetools_trace:/home/jakeluo/Software/ros2_rolling/install/tracetools_read:/home/jakeluo/Software/ros2_rolling/install/test_launch_ros:/home/jakeluo/Software/ros2_rolling/install/sensor_msgs_py:/home/jakeluo/Software/ros2_rolling/install/rpyutils:/home/jakeluo/Software/ros2_rolling/install/rosidl_runtime_py:/home/jakeluo/Software/ros2_rolling/install/rosidl_cli:/home/jakeluo/Software/ros2_rolling/install/launch_yaml:/home/jakeluo/Software/ros2_rolling/install/launch_xml:/home/jakeluo/Software/ros2_rolling/install/launch_testing:/home/jakeluo/Software/ros2_rolling/install/launch:/home/jakeluo/Software/ros2_rolling/install/osrf_pycommon:/home/jakeluo/Software/ros2_rolling/install/domain_coordinator:/home/jakeluo/Software/ros2_rolling/install/ament_xmllint:/home/jakeluo/Software/ros2_rolling/install/ament_pyflakes:/home/jakeluo/Software/ros2_rolling/install/ament_pycodestyle:/home/jakeluo/Software/ros2_rolling/install/ament_pep257:/home/jakeluo/Software/ros2_rolling/install/ament_pclint:/home/jakeluo/Software/ros2_rolling/install/ament_package:/home/jakeluo/Software/ros2_rolling/install/ament_mypy:/home/jakeluo/Software/ros2_rolling/install/ament_lint_cmake:/home/jakeluo/Software/ros2_rolling/install/ament_flake8:/home/jakeluo/Software/ros2_rolling/install/ament_copyright:/home/jakeluo/Software/ros2_rolling/install/ament_lint:/home/jakeluo/Software/ros2_rolling/install/ament_index_python:/home/jakeluo/Software/ros2_rolling/install/ament_cpplint:/home/jakeluo/Software/ros2_rolling/install/ament_cppcheck:/home/jakeluo/Software/ros2_rolling/install/ament_clang_tidy:/home/jakeluo/Software/ros2_rolling/install/ament_clang_format LD_LIBRARY_PATH=/home/jakeluo/Documents/MonitoringSystemRos2/src/install/droneinterfaces/lib:/home/jakeluo/Software/ros2_rolling/install/rosbag2_compression_zstd/lib:/home/jakeluo/Software/ros2_rolling/install/zstd_vendor/lib:/home/jakeluo/Software/ros2_rolling/install/rviz_default_plugins/lib:/home/jakeluo/Software/ros2_rolling/install/rviz_common/lib:/home/jakeluo/Software/ros2_rolling/install/rosbag2_transport/lib:/home/jakeluo/Software/ros2_rolling/install/rosbag2_compression/lib:/home/jakeluo/Software/ros2_rolling/install/rosbag2_cpp/lib:/home/jakeluo/Software/ros2_rolling/install/rosbag2_storage_default_plugins/lib:/home/jakeluo/Software/ros2_rolling/install/rosbag2_storage/lib:/home/jakeluo/Software/ros2_rolling/install/camera_info_manager/lib:/home/jakeluo/Software/ros2_rolling/install/camera_calibration_parsers/lib:/home/jakeluo/Software/ros2_rolling/install/yaml_cpp_vendor/opt/yaml_cpp_vendor/lib:/home/jakeluo/Software/ros2_rolling/install/interactive_markers/lib:/home/jakeluo/Software/ros2_rolling/install/visualization_msgs/lib:/home/jakeluo/Software/ros2_rolling/install/robot_state_publisher/lib:/home/jakeluo/Software/ros2_rolling/install/kdl_parser/lib:/home/jakeluo/Software/ros2_rolling/install/urdf/lib:/home/jakeluo/Software/ros2_rolling/install/urdfdom/lib:/home/jakeluo/Software/ros2_rolling/install/turtlesim/lib:/home/jakeluo/Software/ros2_rolling/install/tf2_ros/lib:/home/jakeluo/Software/ros2_rolling/install/tf2_msgs/lib:/home/jakeluo/Software/ros2_rolling/install/test_msgs/lib:/home/jakeluo/Software/ros2_rolling/install/ros2cli_test_interfaces/lib:/home/jakeluo/Software/ros2_rolling/install/quality_of_service_demo_cpp/lib:/home/jakeluo/Software/ros2_rolling/install/image_transport/lib:/home/jakeluo/Software/ros2_rolling/install/message_filters/lib:/home/jakeluo/Software/ros2_rolling/install/demo_nodes_cpp/lib:/home/jakeluo/Software/ros2_rolling/install/composition/lib:/home/jakeluo/Software/ros2_rolling/install/laser_geometry/lib:/home/jakeluo/Software/ros2_rolling/install/rclpy/lib:/home/jakeluo/Software/ros2_rolling/install/action_tutorials_cpp/lib:/home/jakeluo/Software/ros2_rolling/install/rclcpp_action/lib:/home/jakeluo/Software/ros2_rolling/install/rcl_action/lib:/home/jakeluo/Software/ros2_rolling/install/examples_rclcpp_wait_set/lib:/home/jakeluo/Software/ros2_rolling/install/example_interfaces/lib:/home/jakeluo/Software/ros2_rolling/install/action_tutorials_interfaces/lib:/home/jakeluo/Software/ros2_rolling/install/action_msgs/lib:/home/jakeluo/Software/ros2_rolling/install/unique_identifier_msgs/lib:/home/jakeluo/Software/ros2_rolling/install/trajectory_msgs/lib:/home/jakeluo/Software/ros2_rolling/install/rqt_gui_cpp/lib:/home/jakeluo/Software/ros2_rolling/install/rclcpp_lifecycle/lib:/home/jakeluo/Software/ros2_rolling/install/logging_demo/lib:/home/jakeluo/Software/ros2_rolling/install/image_tools/lib:/home/jakeluo/Software/ros2_rolling/install/examples_rclcpp_minimal_subscriber/lib:/home/jakeluo/Software/ros2_rolling/install/examples_rclcpp_minimal_composition/lib:/home/jakeluo/Software/ros2_rolling/install/demo_nodes_cpp_native/lib:/home/jakeluo/Software/ros2_rolling/install/rclcpp_components/lib:/home/jakeluo/Software/ros2_rolling/install/rclcpp/lib:/home/jakeluo/Software/ros2_rolling/install/rcl_lifecycle/lib:/home/jakeluo/Software/ros2_rolling/install/libstatistics_collector/lib:/home/jakeluo/Software/ros2_rolling/install/rcl/lib:/home/jakeluo/Software/ros2_rolling/install/rmw_implementation/lib:/home/jakeluo/Software/ros2_rolling/install/rmw_cyclonedds_cpp/lib:/home/jakeluo/Software/ros2_rolling/install/tracetools/lib:/home/jakeluo/Software/ros2_rolling/install/tlsf/lib:/home/jakeluo/Software/ros2_rolling/install/qt_gui_cpp/lib:/home/jakeluo/Software/ros2_rolling/install/tf2_eigen_kdl/lib:/home/jakeluo/Software/ros2_rolling/install/tf2/lib:/home/jakeluo/Software/ros2_rolling/install/stereo_msgs/lib:/home/jakeluo/Software/ros2_rolling/install/std_srvs/lib:/home/jakeluo/Software/ros2_rolling/install/shape_msgs/lib:/home/jakeluo/Software/ros2_rolling/install/map_msgs/lib:/home/jakeluo/Software/ros2_rolling/install/sensor_msgs/lib:/home/jakeluo/Software/ros2_rolling/install/nav_msgs/lib:/home/jakeluo/Software/ros2_rolling/install/diagnostic_msgs/lib:/home/jakeluo/Software/ros2_rolling/install/geometry_msgs/lib:/home/jakeluo/Software/ros2_rolling/install/actionlib_msgs/lib:/home/jakeluo/Software/ros2_rolling/install/std_msgs/lib:/home/jakeluo/Software/ros2_rolling/install/statistics_msgs/lib:/home/jakeluo/Software/ros2_rolling/install/rcl_logging_spdlog/lib:/home/jakeluo/Software/ros2_rolling/install/rviz_rendering/lib:/home/jakeluo/Software/ros2_rolling/install/rviz_ogre_vendor/opt/rviz_ogre_vendor/lib:/home/jakeluo/Software/ros2_rolling/install/rttest/lib:/home/jakeluo/Software/ros2_rolling/install/rosgraph_msgs/lib:/home/jakeluo/Software/ros2_rolling/install/rosbag2_interfaces/lib:/home/jakeluo/Software/ros2_rolling/install/rmw_fastrtps_dynamic_cpp/lib:/home/jakeluo/Software/ros2_rolling/install/rmw_fastrtps_cpp/lib:/home/jakeluo/Software/ros2_rolling/install/rmw_fastrtps_shared_cpp/lib:/home/jakeluo/Software/ros2_rolling/install/rmw_dds_common/lib:/home/jakeluo/Software/ros2_rolling/install/composition_interfaces/lib:/home/jakeluo/Software/ros2_rolling/install/rcl_interfaces/lib:/home/jakeluo/Software/ros2_rolling/install/pendulum_msgs/lib:/home/jakeluo/Software/ros2_rolling/install/lifecycle_msgs/lib:/home/jakeluo/Software/ros2_rolling/install/builtin_interfaces/lib:/home/jakeluo/Software/ros2_rolling/install/rosidl_typesupport_cpp/lib:/home/jakeluo/Software/ros2_rolling/install/rosidl_typesupport_introspection_cpp/lib:/home/jakeluo/Software/ros2_rolling/install/rosidl_typesupport_c/lib:/home/jakeluo/Software/ros2_rolling/install/rosidl_typesupport_introspection_c/lib:/home/jakeluo/Software/ros2_rolling/install/rosidl_typesupport_fastrtps_c/lib:/home/jakeluo/Software/ros2_rolling/install/rosidl_typesupport_fastrtps_cpp/lib:/home/jakeluo/Software/ros2_rolling/install/rcl_yaml_param_parser/lib:/home/jakeluo/Software/ros2_rolling/install/rmw/lib:/home/jakeluo/Software/ros2_rolling/install/rosidl_runtime_c/lib:/home/jakeluo/Software/ros2_rolling/install/resource_retriever/lib:/home/jakeluo/Software/ros2_rolling/install/class_loader/lib:/home/jakeluo/Software/ros2_rolling/install/rcpputils/lib:/home/jakeluo/Software/ros2_rolling/install/rcl_logging_noop/lib:/home/jakeluo/Software/ros2_rolling/install/rcl_logging_interface/lib:/home/jakeluo/Software/ros2_rolling/install/rcutils/lib:/home/jakeluo/Software/ros2_rolling/install/performance_test_fixture/lib:/home/jakeluo/Software/ros2_rolling/install/osrf_testing_tools_cpp/lib:/home/jakeluo/Software/ros2_rolling/install/orocos_kdl/lib:/home/jakeluo/Software/ros2_rolling/install/mimick_vendor/lib:/home/jakeluo/Software/ros2_rolling/install/libyaml_vendor/lib:/home/jakeluo/Software/ros2_rolling/install/keyboard_handler/lib:/home/jakeluo/Software/ros2_rolling/install/cyclonedds/lib:/home/jakeluo/Software/ros2_rolling/install/iceoryx_utils/lib:/home/jakeluo/Software/ros2_rolling/install/iceoryx_posh/lib:/home/jakeluo/Software/ros2_rolling/install/iceoryx_binding_c/lib:/home/jakeluo/Software/ros2_rolling/install/google_benchmark_vendor/lib:/home/jakeluo/Software/ros2_rolling/install/fastrtps/lib:/home/jakeluo/Software/ros2_rolling/install/fastcdr/lib:/home/jakeluo/Software/ros2_rolling/install/console_bridge_vendor/lib:/home/jakeluo/Software/ros2_rolling/install/ament_index_cpp/lib:/usr/local/cuda-11.2/targets/x86_64-linux/lib PYTHONPATH=/home/jakeluo/Documents/MonitoringSystemRos2/src/install/droneinterfaces/lib/python3.8/site-packages:/home/jakeluo/Documents/MonitoringSystemRos2/src/install/humanpose/lib/python3.8/site-packages:/home/jakeluo/Software/ros2_rolling/build/rqt_bag_plugins/src:/home/jakeluo/Software/ros2_rolling/install/rqt_bag_plugins/lib/python3.8/site-packages:/home/jakeluo/Software/ros2_rolling/build/rqt_bag/src:/home/jakeluo/Software/ros2_rolling/install/rqt_bag/lib/python3.8/site-packages:/home/jakeluo/Software/ros2_rolling/build/ros2bag:/home/jakeluo/Software/ros2_rolling/install/ros2bag/lib/python3.8/site-packages:/home/jakeluo/Software/ros2_rolling/install/rosbag2_py/lib/python3.8/site-packages:/home/jakeluo/Software/ros2_rolling/install/interactive_markers/lib/python3.8/site-packages:/home/jakeluo/Software/ros2_rolling/install/visualization_msgs/lib/python3.8/site-packages:/home/jakeluo/Software/ros2_rolling/install/turtlesim/lib/python3.8/site-packages:/home/jakeluo/Software/ros2_rolling/build/tracetools_test:/home/jakeluo/Software/ros2_rolling/install/tracetools_test/lib/python3.8/site-packages:/home/jakeluo/Software/ros2_rolling/build/tracetools_launch:/home/jakeluo/Software/ros2_rolling/install/tracetools_launch/lib/python3.8/site-packages:/home/jakeluo/Software/ros2_rolling/build/topic_monitor:/home/jakeluo/Software/ros2_rolling/install/topic_monitor/lib/python3.8/site-packages:/home/jakeluo/Software/ros2_rolling/build/tf2_tools:/home/jakeluo/Software/ros2_rolling/install/tf2_tools/lib/python3.8/site-packages:/home/jakeluo/Software/ros2_rolling/install/tf2_kdl/lib/python3.8/site-packages:/home/jakeluo/Software/ros2_rolling/build/examples_tf2_py:/home/jakeluo/Software/ros2_rolling/install/examples_tf2_py/lib/python3.8/site-packages:/home/jakeluo/Software/ros2_rolling/build/tf2_ros_py:/home/jakeluo/Software/ros2_rolling/install/tf2_ros_py/lib/python3.8/site-packages:/home/jakeluo/Software/ros2_rolling/install/tf2_py/lib/python3.8/site-packages:/home/jakeluo/Software/ros2_rolling/install/tf2_msgs/lib/python3.8/site-packages:/home/jakeluo/Software/ros2_rolling/install/test_msgs/lib/python3.8/site-packages:/home/jakeluo/Software/ros2_rolling/build/sros2:/home/jakeluo/Software/ros2_rolling/install/sros2/lib/python3.8/site-packages:/home/jakeluo/Software/ros2_rolling/build/rqt_topic/src:/home/jakeluo/Software/ros2_rolling/install/rqt_topic/lib/python3.8/site-packages:/home/jakeluo/Software/ros2_rolling/build/rqt_top/src:/home/jakeluo/Software/ros2_rolling/install/rqt_top/lib/python3.8/site-packages:/home/jakeluo/Software/ros2_rolling/build/rqt_srv/src:/home/jakeluo/Software/ros2_rolling/install/rqt_srv/lib/python3.8/site-packages:/home/jakeluo/Software/ros2_rolling/build/rqt_shell/src:/home/jakeluo/Software/ros2_rolling/install/rqt_shell/lib/python3.8/site-packages:/home/jakeluo/Software/ros2_rolling/build/rqt_service_caller/src:/home/jakeluo/Software/ros2_rolling/install/rqt_service_caller/lib/python3.8/site-packages:/home/jakeluo/Software/ros2_rolling/build/rqt_reconfigure/src:/home/jakeluo/Software/ros2_rolling/install/rqt_reconfigure/lib/python3.8/site-packages:/home/jakeluo/Software/ros2_rolling/build/rqt_py_console/src:/home/jakeluo/Software/ros2_rolling/install/rqt_py_console/lib/python3.8/site-packages:/home/jakeluo/Software/ros2_rolling/build/rqt_publisher/src:/home/jakeluo/Software/ros2_rolling/install/rqt_publisher/lib/python3.8/site-packages:/home/jakeluo/Software/ros2_rolling/build/rqt_plot/src:/home/jakeluo/Software/ros2_rolling/install/rqt_plot/lib/python3.8/site-packages:/home/jakeluo/Software/ros2_rolling/build/rqt_action/src:/home/jakeluo/Software/ros2_rolling/install/rqt_action/lib/python3.8/site-packages:/home/jakeluo/Software/ros2_rolling/build/rqt_msg/src:/home/jakeluo/Software/ros2_rolling/install/rqt_msg/lib/python3.8/site-packages:/home/jakeluo/Software/ros2_rolling/build/rqt_console/src:/home/jakeluo/Software/ros2_rolling/install/rqt_console/lib/python3.8/site-packages:/home/jakeluo/Software/ros2_rolling/build/rqt:/home/jakeluo/Software/ros2_rolling/install/rqt/lib/python3.8/site-packages:/home/jakeluo/Software/ros2_rolling/install/rqt_py_common/lib/python3.8/site-packages:/home/jakeluo/Software/ros2_rolling/build/rqt_graph/src:/home/jakeluo/Software/ros2_rolling/install/rqt_graph/lib/python3.8/site-packages:/home/jakeluo/Software/ros2_rolling/build/rqt_gui_py/src:/home/jakeluo/Software/ros2_rolling/install/rqt_gui_py/lib/python3.8/site-packages:/home/jakeluo/Software/ros2_rolling/build/rqt_gui/src:/home/jakeluo/Software/ros2_rolling/install/rqt_gui/lib/python3.8/site-packages:/home/jakeluo/Software/ros2_rolling/build/ros2trace:/home/jakeluo/Software/ros2_rolling/install/ros2trace/lib/python3.8/site-packages:/home/jakeluo/Software/ros2_rolling/build/ros2topic:/home/jakeluo/Software/ros2_rolling/install/ros2topic/lib/python3.8/site-packages:/home/jakeluo/Software/ros2_rolling/build/ros2test:/home/jakeluo/Software/ros2_rolling/install/ros2test/lib/python3.8/site-packages:/home/jakeluo/Software/ros2_rolling/build/ros2component:/home/jakeluo/Software/ros2_rolling/install/ros2component/lib/python3.8/site-packages:/home/jakeluo/Software/ros2_rolling/build/ros2param:/home/jakeluo/Software/ros2_rolling/install/ros2param/lib/python3.8/site-packages:/home/jakeluo/Software/ros2_rolling/build/ros2lifecycle:/home/jakeluo/Software/ros2_rolling/install/ros2lifecycle/lib/python3.8/site-packages:/home/jakeluo/Software/ros2_rolling/build/ros2service:/home/jakeluo/Software/ros2_rolling/install/ros2service/lib/python3.8/site-packages:/home/jakeluo/Software/ros2_rolling/build/ros2run:/home/jakeluo/Software/ros2_rolling/install/ros2run/lib/python3.8/site-packages:/home/jakeluo/Software/ros2_rolling/build/ros2launch:/home/jakeluo/Software/ros2_rolling/install/ros2launch/lib/python3.8/site-packages:/home/jakeluo/Software/ros2_rolling/build/ros2pkg:/home/jakeluo/Software/ros2_rolling/install/ros2pkg/lib/python3.8/site-packages:/home/jakeluo/Software/ros2_rolling/build/ros2node:/home/jakeluo/Software/ros2_rolling/install/ros2node/lib/python3.8/site-packages:/home/jakeluo/Software/ros2_rolling/build/ros2multicast:/home/jakeluo/Software/ros2_rolling/install/ros2multicast/lib/python3.8/site-packages:/home/jakeluo/Software/ros2_rolling/build/ros2interface:/home/jakeluo/Software/ros2_rolling/install/ros2interface/lib/python3.8/site-packages:/home/jakeluo/Software/ros2_rolling/build/ros2doctor:/home/jakeluo/Software/ros2_rolling/install/ros2doctor/lib/python3.8/site-packages:/home/jakeluo/Software/ros2_rolling/install/ros2cli_test_interfaces/lib/python3.8/site-packages:/home/jakeluo/Software/ros2_rolling/build/ros2action:/home/jakeluo/Software/ros2_rolling/install/ros2action/lib/python3.8/site-packages:/home/jakeluo/Software/ros2_rolling/build/ros2cli:/home/jakeluo/Software/ros2_rolling/install/ros2cli/lib/python3.8/site-packages:/home/jakeluo/Software/ros2_rolling/build/quality_of_service_demo_py:/home/jakeluo/Software/ros2_rolling/install/quality_of_service_demo_py/lib/python3.8/site-packages:/home/jakeluo/Software/ros2_rolling/install/message_filters/lib/python3.8/site-packages:/home/jakeluo/Software/ros2_rolling/build/launch_testing_ros:/home/jakeluo/Software/ros2_rolling/install/launch_testing_ros/lib/python3.8/site-packages:/home/jakeluo/Software/ros2_rolling/build/launch_ros:/home/jakeluo/Software/ros2_rolling/install/launch_ros/lib/python3.8/site-packages:/home/jakeluo/Software/ros2_rolling/install/laser_geometry/lib/python3.8/site-packages:/home/jakeluo/Software/ros2_rolling/build/examples_rclpy_pointcloud_publisher:/home/jakeluo/Software/ros2_rolling/install/examples_rclpy_pointcloud_publisher/lib/python3.8/site-packages:/home/jakeluo/Software/ros2_rolling/build/examples_rclpy_minimal_subscriber:/home/jakeluo/Software/ros2_rolling/install/examples_rclpy_minimal_subscriber/lib/python3.8/site-packages:/home/jakeluo/Software/ros2_rolling/build/examples_rclpy_minimal_service:/home/jakeluo/Software/ros2_rolling/install/examples_rclpy_minimal_service/lib/python3.8/site-packages:/home/jakeluo/Software/ros2_rolling/build/examples_rclpy_minimal_publisher:/home/jakeluo/Software/ros2_rolling/install/examples_rclpy_minimal_publisher/lib/python3.8/site-packages:/home/jakeluo/Software/ros2_rolling/build/examples_rclpy_minimal_client:/home/jakeluo/Software/ros2_rolling/install/examples_rclpy_minimal_client/lib/python3.8/site-packages:/home/jakeluo/Software/ros2_rolling/build/examples_rclpy_minimal_action_server:/home/jakeluo/Software/ros2_rolling/install/examples_rclpy_minimal_action_server/lib/python3.8/site-packages:/home/jakeluo/Software/ros2_rolling/build/examples_rclpy_minimal_action_client:/home/jakeluo/Software/ros2_rolling/install/examples_rclpy_minimal_action_client/lib/python3.8/site-packages:/home/jakeluo/Software/ros2_rolling/build/examples_rclpy_guard_conditions:/home/jakeluo/Software/ros2_rolling/install/examples_rclpy_guard_conditions/lib/python3.8/site-packages:/home/jakeluo/Software/ros2_rolling/build/examples_rclpy_executors:/home/jakeluo/Software/ros2_rolling/install/examples_rclpy_executors/lib/python3.8/site-packages:/home/jakeluo/Software/ros2_rolling/build/demo_nodes_py:/home/jakeluo/Software/ros2_rolling/install/demo_nodes_py/lib/python3.8/site-packages:/home/jakeluo/Software/ros2_rolling/build/action_tutorials_py:/home/jakeluo/Software/ros2_rolling/install/action_tutorials_py/lib/python3.8/site-packages:/home/jakeluo/Software/ros2_rolling/install/rclpy/lib/python3.8/site-packages:/home/jakeluo/Software/ros2_rolling/install/example_interfaces/lib/python3.8/site-packages:/home/jakeluo/Software/ros2_rolling/install/action_tutorials_interfaces/lib/python3.8/site-packages:/home/jakeluo/Software/ros2_rolling/install/action_msgs/lib/python3.8/site-packages:/home/jakeluo/Software/ros2_rolling/install/unique_identifier_msgs/lib/python3.8/site-packages:/home/jakeluo/Software/ros2_rolling/build/ament_uncrustify:/home/jakeluo/Software/ros2_rolling/install/ament_uncrustify/lib/python3.8/site-packages:/home/jakeluo/Software/ros2_rolling/install/trajectory_msgs/lib/python3.8/site-packages:/home/jakeluo/Software/ros2_rolling/build/tracetools_trace:/home/jakeluo/Software/ros2_rolling/install/tracetools_trace/lib/python3.8/site-packages:/home/jakeluo/Software/ros2_rolling/build/tracetools_read:/home/jakeluo/Software/ros2_rolling/install/tracetools_read/lib/python3.8/site-packages:/home/jakeluo/Software/ros2_rolling/install/logging_demo/lib/python3.8/site-packages:/home/jakeluo/Software/ros2_rolling/install/libstatistics_collector/lib/python3.8/site-packages:/home/jakeluo/Software/ros2_rolling/install/qt_gui_cpp/lib/python3.8/site-packages:/home/jakeluo/Software/ros2_rolling/build/test_launch_ros:/home/jakeluo/Software/ros2_rolling/install/test_launch_ros/lib/python3.8/site-packages:/home/jakeluo/Software/ros2_rolling/install/qt_gui/lib/python3.8/site-packages:/home/jakeluo/Software/ros2_rolling/install/stereo_msgs/lib/python3.8/site-packages:/home/jakeluo/Software/ros2_rolling/install/std_srvs/lib/python3.8/site-packages:/home/jakeluo/Software/ros2_rolling/install/shape_msgs/lib/python3.8/site-packages:/home/jakeluo/Software/ros2_rolling/build/sensor_msgs_py:/home/jakeluo/Software/ros2_rolling/install/sensor_msgs_py/lib/python3.8/site-packages:/home/jakeluo/Software/ros2_rolling/install/map_msgs/lib/python3.8/site-packages:/home/jakeluo/Software/ros2_rolling/install/sensor_msgs/lib/python3.8/site-packages:/home/jakeluo/Software/ros2_rolling/install/nav_msgs/lib/python3.8/site-packages:/home/jakeluo/Software/ros2_rolling/install/diagnostic_msgs/lib/python3.8/site-packages:/home/jakeluo/Software/ros2_rolling/install/geometry_msgs/lib/python3.8/site-packages:/home/jakeluo/Software/ros2_rolling/install/actionlib_msgs/lib/python3.8/site-packages:/home/jakeluo/Software/ros2_rolling/install/std_msgs/lib/python3.8/site-packages:/home/jakeluo/Software/ros2_rolling/install/statistics_msgs/lib/python3.8/site-packages:/home/jakeluo/Software/ros2_rolling/install/rosgraph_msgs/lib/python3.8/site-packages:/home/jakeluo/Software/ros2_rolling/install/rosbag2_interfaces/lib/python3.8/site-packages:/home/jakeluo/Software/ros2_rolling/install/rmw_dds_common/lib/python3.8/site-packages:/home/jakeluo/Software/ros2_rolling/install/composition_interfaces/lib/python3.8/site-packages:/home/jakeluo/Software/ros2_rolling/install/rcl_interfaces/lib/python3.8/site-packages:/home/jakeluo/Software/ros2_rolling/install/pendulum_msgs/lib/python3.8/site-packages:/home/jakeluo/Software/ros2_rolling/install/lifecycle_msgs/lib/python3.8/site-packages:/home/jakeluo/Software/ros2_rolling/install/builtin_interfaces/lib/python3.8/site-packages:/home/jakeluo/Software/ros2_rolling/install/rosidl_generator_py/lib/python3.8/site-packages:/home/jakeluo/Software/ros2_rolling/build/rpyutils:/home/jakeluo/Software/ros2_rolling/install/rpyutils/lib/python3.8/site-packages:/home/jakeluo/Software/ros2_rolling/install/rosidl_typesupport_cpp/lib/python3.8/site-packages:/home/jakeluo/Software/ros2_rolling/install/rosidl_typesupport_introspection_cpp/lib/python3.8/site-packages:/home/jakeluo/Software/ros2_rolling/install/rosidl_typesupport_c/lib/python3.8/site-packages:/home/jakeluo/Software/ros2_rolling/install/rosidl_typesupport_introspection_c/lib/python3.8/site-packages:/home/jakeluo/Software/ros2_rolling/install/rosidl_typesupport_fastrtps_c/lib/python3.8/site-packages:/home/jakeluo/Software/ros2_rolling/install/rosidl_typesupport_fastrtps_cpp/lib/python3.8/site-packages:/home/jakeluo/Software/ros2_rolling/install/rosidl_generator_cpp/lib/python3.8/site-packages:/home/jakeluo/Software/ros2_rolling/install/rosidl_generator_c/lib/python3.8/site-packages:/home/jakeluo/Software/ros2_rolling/build/rosidl_runtime_py:/home/jakeluo/Software/ros2_rolling/install/rosidl_runtime_py/lib/python3.8/site-packages:/home/jakeluo/Software/ros2_rolling/install/rosidl_generator_dds_idl/lib/python3.8/site-packages:/home/jakeluo/Software/ros2_rolling/install/rosidl_cmake/lib/python3.8/site-packages:/home/jakeluo/Software/ros2_rolling/install/rosidl_parser/lib/python3.8/site-packages:/home/jakeluo/Software/ros2_rolling/install/rosidl_adapter/lib/python3.8/site-packages:/home/jakeluo/Software/ros2_rolling/build/rosidl_cli:/home/jakeluo/Software/ros2_rolling/install/rosidl_cli/lib/python3.8/site-packages:/home/jakeluo/Software/ros2_rolling/install/resource_retriever/lib/python3.8/site-packages:/home/jakeluo/Software/ros2_rolling/install/rcutils/lib/python3.8/site-packages:/home/jakeluo/Software/ros2_rolling/install/qt_gui_py_common/lib/python3.8/site-packages:/home/jakeluo/Software/ros2_rolling/install/qt_dotgraph/lib/python3.8/site-packages:/home/jakeluo/Software/ros2_rolling/install/python_qt_binding/lib/python3.8/site-packages:/home/jakeluo/Software/ros2_rolling/build/launch_yaml:/home/jakeluo/Software/ros2_rolling/install/launch_yaml/lib/python3.8/site-packages:/home/jakeluo/Software/ros2_rolling/build/launch_xml:/home/jakeluo/Software/ros2_rolling/install/launch_xml/lib/python3.8/site-packages:/home/jakeluo/Software/ros2_rolling/build/launch_testing:/home/jakeluo/Software/ros2_rolling/install/launch_testing/lib/python3.8/site-packages:/home/jakeluo/Software/ros2_rolling/build/launch:/home/jakeluo/Software/ros2_rolling/install/launch/lib/python3.8/site-packages:/home/jakeluo/Software/ros2_rolling/build/osrf_pycommon:/home/jakeluo/Software/ros2_rolling/install/osrf_pycommon/lib/python3.8/site-packages:/home/jakeluo/Software/ros2_rolling/install/ament_cmake_google_benchmark/lib/python3.8/site-packages:/home/jakeluo/Software/ros2_rolling/build/domain_coordinator:/home/jakeluo/Software/ros2_rolling/install/domain_coordinator/lib/python3.8/site-packages:/home/jakeluo/Software/ros2_rolling/build/ament_xmllint:/home/jakeluo/Software/ros2_rolling/install/ament_xmllint/lib/python3.8/site-packages:/home/jakeluo/Software/ros2_rolling/build/ament_pyflakes:/home/jakeluo/Software/ros2_rolling/install/ament_pyflakes/lib/python3.8/site-packages:/home/jakeluo/Software/ros2_rolling/build/ament_pycodestyle:/home/jakeluo/Software/ros2_rolling/install/ament_pycodestyle/lib/python3.8/site-packages:/home/jakeluo/Software/ros2_rolling/build/ament_pep257:/home/jakeluo/Software/ros2_rolling/install/ament_pep257/lib/python3.8/site-packages:/home/jakeluo/Software/ros2_rolling/build/ament_pclint:/home/jakeluo/Software/ros2_rolling/install/ament_pclint/lib/python3.8/site-packages:/home/jakeluo/Software/ros2_rolling/install/ament_cmake_test/lib/python3.8/site-packages:/home/jakeluo/Software/ros2_rolling/build/ament_package:/home/jakeluo/Software/ros2_rolling/install/ament_package/lib/python3.8/site-packages:/home/jakeluo/Software/ros2_rolling/build/ament_mypy:/home/jakeluo/Software/ros2_rolling/install/ament_mypy/lib/python3.8/site-packages:/home/jakeluo/Software/ros2_rolling/build/ament_lint_cmake:/home/jakeluo/Software/ros2_rolling/install/ament_lint_cmake/lib/python3.8/site-packages:/home/jakeluo/Software/ros2_rolling/build/ament_flake8:/home/jakeluo/Software/ros2_rolling/install/ament_flake8/lib/python3.8/site-packages:/home/jakeluo/Software/ros2_rolling/build/ament_copyright:/home/jakeluo/Software/ros2_rolling/install/ament_copyright/lib/python3.8/site-packages:/home/jakeluo/Software/ros2_rolling/build/ament_lint:/home/jakeluo/Software/ros2_rolling/install/ament_lint/lib/python3.8/site-packages:/home/jakeluo/Software/ros2_rolling/build/ament_index_python:/home/jakeluo/Software/ros2_rolling/install/ament_index_python/lib/python3.8/site-packages:/home/jakeluo/Software/ros2_rolling/build/ament_cpplint:/home/jakeluo/Software/ros2_rolling/install/ament_cpplint/lib/python3.8/site-packages:/home/jakeluo/Software/ros2_rolling/build/ament_cppcheck:/home/jakeluo/Software/ros2_rolling/install/ament_cppcheck/lib/python3.8/site-packages:/home/jakeluo/Software/ros2_rolling/build/ament_clang_tidy:/home/jakeluo/Software/ros2_rolling/install/ament_clang_tidy/lib/python3.8/site-packages:/home/jakeluo/Software/ros2_rolling/build/ament_clang_format:/home/jakeluo/Software/ros2_rolling/install/ament_clang_format/lib/python3.8/site-packages /usr/bin/cmake --build /home/jakeluo/Documents/MonitoringSystemRos2/src/build/qt -- -j12 -l12
[0.632s] [ 11%] [34m[1mAutomatic MOC and UIC for target gui[0m
[0.671s] [ 11%] Built target gui_autogen
[0.704s] [35m[1mScanning dependencies of target gui[0m
[0.798s] [ 22%] [32mBuilding CXX object CMakeFiles/gui.dir/src/mainwindow.cpp.o[0m
[1.217s] In file included from [01m[K/home/jakeluo/Documents/MonitoringSystemRos2/src/qt/include/qt/mainwindow.h:36[m[K,
[1.217s]                  from [01m[K/home/jakeluo/Documents/MonitoringSystemRos2/src/qt/src/mainwindow.cpp:1[m[K:
[1.217s] [01m[K/home/jakeluo/Documents/MonitoringSystemRos2/src/qt/include/targetPosition.h:1:[m[K [01;35m[Kwarning: [m[Kignoring #pragma   [[01;35m[K-Wunknown-pragmas[m[K]
[1.217s]     1 | #pragma
[1.217s]       | 
[5.277s] [01m[K/home/jakeluo/Documents/MonitoringSystemRos2/src/qt/src/mainwindow.cpp:[m[K In member function â€˜[01m[Kvoid MainWindow::feedback_callback(rclcpp_action::ClientGoalHandle<droneinterfaces::action::GoPoint>::SharedPtr, std::shared_ptr<const droneinterfaces::action::GoPoint_Feedback_<std::allocator<void> > >)[m[Kâ€™:
[5.277s] [01m[K/home/jakeluo/Documents/MonitoringSystemRos2/src/qt/src/mainwindow.cpp:514:77:[m[K [01;35m[Kwarning: [m[Kunused parameter â€˜[01m[Kfeedback[m[Kâ€™ [[01;35m[K-Wunused-parameter[m[K]
[5.277s]   514 | [01;35m[Knst std::shared_ptr<const droneinterfaces::action::GoPoint::Feedback> feedback[m[K)
[5.277s]       | [01;35m[K~~~~~~~~~~~~~~~~~~~~~~~~~~~~~~~~~~~~~~~~~~~~~~~~~~~~~~~~~~~~~~~~~~~~~~^~~~~~~~[m[K
[5.278s] 
[5.316s] [01m[K/home/jakeluo/Documents/MonitoringSystemRos2/src/qt/src/mainwindow.cpp:[m[K In member function â€˜[01m[Kvoid MainWindow::frameCallback1(droneinterfaces::msg::FrameArray_<std::allocator<void> >::SharedPtr)[m[Kâ€™:
[5.329s] [01m[K/home/jakeluo/Documents/MonitoringSystemRos2/src/qt/src/mainwindow.cpp:1017:36:[m[K [01;35m[Kwarning: [m[Kunknown conversion type character â€˜[01m[KY[m[Kâ€™ in format [[01;35m[K-Wformat=[m[K]
[5.330s]  1017 |         sprintf(time_string1, "t1-%[01;35m[KY[m[K-%B-%d-%T.jpg", curr_tm1);
[5.331s]       |                                    [01;35m[K^[m[K
[5.331s] [01m[K/home/jakeluo/Documents/MonitoringSystemRos2/src/qt/src/mainwindow.cpp:1017:39:[m[K [01;35m[Kwarning: [m[Kunknown conversion type character â€˜[01m[KB[m[Kâ€™ in format [[01;35m[K-Wformat=[m[K]
[5.331s]  1017 |         sprintf(time_string1, "t1-%Y-%[01;35m[KB[m[K-%d-%T.jpg", curr_tm1);
[5.332s]       |                                       [01;35m[K^[m[K
[5.333s] [01m[K/home/jakeluo/Documents/MonitoringSystemRos2/src/qt/src/mainwindow.cpp:1017:42:[m[K [01;35m[Kwarning: [m[Kformat â€˜[01m[K%d[m[Kâ€™ expects argument of type â€˜[01m[Kint[m[Kâ€™, but argument 3 has type â€˜[01m[Ktm*[m[Kâ€™ [[01;35m[K-Wformat=[m[K]
[5.333s]  1017 |         sprintf(time_string1, "t1-%Y-%B-[01;35m[K%d[m[K-%T.jpg", [32m[Kcurr_tm1[m[K);
[5.333s]       |                                         [01;35m[K~^[m[K          [32m[K~~~~~~~~[m[K
[5.333s]       |                                          [01;35m[K|[m[K          [32m[K|[m[K
[5.333s]       |                                          [01;35m[Kint[m[K        [32m[Ktm*[m[K
[5.333s] [01m[K/home/jakeluo/Documents/MonitoringSystemRos2/src/qt/src/mainwindow.cpp:1017:45:[m[K [01;35m[Kwarning: [m[Kunknown conversion type character â€˜[01m[KT[m[Kâ€™ in format [[01;35m[K-Wformat=[m[K]
[5.333s]  1017 |         sprintf(time_string1, "t1-%Y-%B-%d-%[01;35m[KT[m[K.jpg", curr_tm1);
[5.333s]       |                                             [01;35m[K^[m[K
[5.333s] [01m[K/home/jakeluo/Documents/MonitoringSystemRos2/src/qt/src/mainwindow.cpp:1018:36:[m[K [01;31m[Kerror: [m[Kno matching function for call to â€˜[01m[Kwrite(char [100], cv::Mat&)[m[Kâ€™
[5.334s]  1018 |         cv::write(time_string1, im1[01;31m[K)[m[K;
[5.334s]       |                                    [01;31m[K^[m[K
[5.334s] In file included from [01m[K/usr/local/include/opencv2/core.hpp:60[m[K,
[5.334s]                  from [01m[K/usr/local/include/opencv2/core/core.hpp:48[m[K,
[5.334s]                  from [01m[K/home/jakeluo/Documents/MonitoringSystemRos2/src/qt/include/qt/mainwindow.h:6[m[K,
[5.334s]                  from [01m[K/home/jakeluo/Documents/MonitoringSystemRos2/src/qt/src/mainwindow.cpp:1[m[K:
[5.334s] [01m[K/usr/local/include/opencv2/core/persistence.hpp:697:17:[m[K [01;36m[Knote: [m[Kcandidate: â€˜[01m[Kvoid cv::write(cv::FileStorage&, const cv::String&, int)[m[Kâ€™
[5.334s]   697 | CV_EXPORTS void [01;36m[Kwrite[m[K( FileStorage& fs, const String& name, int value );
[5.334s]       |                 [01;36m[K^~~~~[m[K
[5.334s] [01m[K/usr/local/include/opencv2/core/persistence.hpp:697:17:[m[K [01;36m[Knote: [m[K  candidate expects 3 arguments, 2 provided
[5.335s] [01m[K/usr/local/include/opencv2/core/persistence.hpp:698:17:[m[K [01;36m[Knote: [m[Kcandidate: â€˜[01m[Kvoid cv::write(cv::FileStorage&, const cv::String&, float)[m[Kâ€™
[5.335s]   698 | CV_EXPORTS void [01;36m[Kwrite[m[K( FileStorage& fs, const String& name, float value );
[5.335s]       |                 [01;36m[K^~~~~[m[K
[5.335s] [01m[K/usr/local/include/opencv2/core/persistence.hpp:698:17:[m[K [01;36m[Knote: [m[K  candidate expects 3 arguments, 2 provided
[5.335s] [01m[K/usr/local/include/opencv2/core/persistence.hpp:699:17:[m[K [01;36m[Knote: [m[Kcandidate: â€˜[01m[Kvoid cv::write(cv::FileStorage&, const cv::String&, double)[m[Kâ€™
[5.335s]   699 | CV_EXPORTS void [01;36m[Kwrite[m[K( FileStorage& fs, const String& name, double value );
[5.335s]       |                 [01;36m[K^~~~~[m[K
[5.335s] [01m[K/usr/local/include/opencv2/core/persistence.hpp:699:17:[m[K [01;36m[Knote: [m[K  candidate expects 3 arguments, 2 provided
[5.335s] [01m[K/usr/local/include/opencv2/core/persistence.hpp:700:17:[m[K [01;36m[Knote: [m[Kcandidate: â€˜[01m[Kvoid cv::write(cv::FileStorage&, const cv::String&, const cv::String&)[m[Kâ€™
[5.335s]   700 | CV_EXPORTS void [01;36m[Kwrite[m[K( FileStorage& fs, const String& name, const String& value );
[5.335s]       |                 [01;36m[K^~~~~[m[K
[5.336s] [01m[K/usr/local/include/opencv2/core/persistence.hpp:700:17:[m[K [01;36m[Knote: [m[K  candidate expects 3 arguments, 2 provided
[5.336s] [01m[K/usr/local/include/opencv2/core/persistence.hpp:701:17:[m[K [01;36m[Knote: [m[Kcandidate: â€˜[01m[Kvoid cv::write(cv::FileStorage&, const cv::String&, const cv::Mat&)[m[Kâ€™
[5.336s]   701 | CV_EXPORTS void [01;36m[Kwrite[m[K( FileStorage& fs, const String& name, const Mat& value );
[5.336s]       |                 [01;36m[K^~~~~[m[K
[5.336s] [01m[K/usr/local/include/opencv2/core/persistence.hpp:701:17:[m[K [01;36m[Knote: [m[K  candidate expects 3 arguments, 2 provided
[5.336s] [01m[K/usr/local/include/opencv2/core/persistence.hpp:702:17:[m[K [01;36m[Knote: [m[Kcandidate: â€˜[01m[Kvoid cv::write(cv::FileStorage&, const cv::String&, const cv::SparseMat&)[m[Kâ€™
[5.336s]   702 | CV_EXPORTS void [01;36m[Kwrite[m[K( FileStorage& fs, const String& name, const SparseMat& value );
[5.336s]       |                 [01;36m[K^~~~~[m[K
[5.336s] [01m[K/usr/local/include/opencv2/core/persistence.hpp:702:17:[m[K [01;36m[Knote: [m[K  candidate expects 3 arguments, 2 provided
[5.336s] [01m[K/usr/local/include/opencv2/core/persistence.hpp:704:17:[m[K [01;36m[Knote: [m[Kcandidate: â€˜[01m[Kvoid cv::write(cv::FileStorage&, const cv::String&, const std::vector<cv::KeyPoint>&)[m[Kâ€™
[5.337s]   704 | CV_EXPORTS void [01;36m[Kwrite[m[K( FileStorage& fs, const String& name, const std::vector<KeyPoint>& value);
[5.337s]       |                 [01;36m[K^~~~~[m[K
[5.337s] [01m[K/usr/local/include/opencv2/core/persistence.hpp:704:17:[m[K [01;36m[Knote: [m[K  candidate expects 3 arguments, 2 provided
[5.337s] [01m[K/usr/local/include/opencv2/core/persistence.hpp:705:17:[m[K [01;36m[Knote: [m[Kcandidate: â€˜[01m[Kvoid cv::write(cv::FileStorage&, const cv::String&, const std::vector<cv::DMatch>&)[m[Kâ€™
[5.337s]   705 | CV_EXPORTS void [01;36m[Kwrite[m[K( FileStorage& fs, const String& name, const std::vector<DMatch>& value);
[5.337s]       |                 [01;36m[K^~~~~[m[K
[5.337s] [01m[K/usr/local/include/opencv2/core/persistence.hpp:705:17:[m[K [01;36m[Knote: [m[K  candidate expects 3 arguments, 2 provided
[5.337s] [01m[K/usr/local/include/opencv2/core/persistence.hpp:876:6:[m[K [01;36m[Knote: [m[Kcandidate: â€˜[01m[Ktemplate<class _Tp> void cv::write(cv::FileStorage&, const _Tp&)[m[Kâ€™
[5.337s]   876 | void [01;36m[Kwrite[m[K(FileStorage& fs, const _Tp& value)
[5.337s]       |      [01;36m[K^~~~~[m[K
[5.337s] [01m[K/usr/local/include/opencv2/core/persistence.hpp:876:6:[m[K [01;36m[Knote: [m[K  template argument deduction/substitution failed:
[5.338s] [01m[K/home/jakeluo/Documents/MonitoringSystemRos2/src/qt/src/mainwindow.cpp:1018:19:[m[K [01;36m[Knote: [m[K  cannot convert â€˜[01m[K((MainWindow*)this)->MainWindow::time_string1[m[Kâ€™ (type â€˜[01m[Kchar [100][m[Kâ€™) to type â€˜[01m[Kcv::FileStorage&[m[Kâ€™
[5.338s]  1018 |         cv::write([01;36m[Ktime_string1[m[K, im1);
[5.338s]       |                   [01;36m[K^~~~~~~~~~~~[m[K
[5.338s] In file included from [01m[K/usr/local/include/opencv2/core.hpp:60[m[K,
[5.338s]                  from [01m[K/usr/local/include/opencv2/core/core.hpp:48[m[K,
[5.338s]                  from [01m[K/home/jakeluo/Documents/MonitoringSystemRos2/src/qt/include/qt/mainwindow.h:6[m[K,
[5.338s]                  from [01m[K/home/jakeluo/Documents/MonitoringSystemRos2/src/qt/src/mainwindow.cpp:1[m[K:
[5.338s] [01m[K/usr/local/include/opencv2/core/persistence.hpp:906:6:[m[K [01;36m[Knote: [m[Kcandidate: â€˜[01m[Ktemplate<class _Tp> void cv::write(cv::FileStorage&, const cv::Point_<_Tp>&)[m[Kâ€™
[5.338s]   906 | void [01;36m[Kwrite[m[K(FileStorage& fs, const Point_<_Tp>& pt )
[5.338s]       |      [01;36m[K^~~~~[m[K
[5.339s] [01m[K/usr/local/include/opencv2/core/persistence.hpp:906:6:[m[K [01;36m[Knote: [m[K  template argument deduction/substitution failed:
[5.339s] [01m[K/home/jakeluo/Documents/MonitoringSystemRos2/src/qt/src/mainwindow.cpp:1018:36:[m[K [01;36m[Knote: [m[K  â€˜[01m[Kcv::Mat[m[Kâ€™ is not derived from â€˜[01m[Kconst cv::Point_<_Tp>[m[Kâ€™
[5.339s]  1018 |         cv::write(time_string1, im1[01;36m[K)[m[K;
[5.339s]       |                                    [01;36m[K^[m[K
[5.339s] In file included from [01m[K/usr/local/include/opencv2/core.hpp:60[m[K,
[5.339s]                  from [01m[K/usr/local/include/opencv2/core/core.hpp:48[m[K,
[5.339s]                  from [01m[K/home/jakeluo/Documents/MonitoringSystemRos2/src/qt/include/qt/mainwindow.h:6[m[K,
[5.339s]                  from [01m[K/home/jakeluo/Documents/MonitoringSystemRos2/src/qt/src/mainwindow.cpp:1[m[K:
[5.339s] [01m[K/usr/local/include/opencv2/core/persistence.hpp:913:6:[m[K [01;36m[Knote: [m[Kcandidate: â€˜[01m[Ktemplate<class _Tp> void cv::write(cv::FileStorage&, const cv::Point3_<_Tp>&)[m[Kâ€™
[5.339s]   913 | void [01;36m[Kwrite[m[K(FileStorage& fs, const Point3_<_Tp>& pt )
[5.340s]       |      [01;36m[K^~~~~[m[K
[5.340s] [01m[K/usr/local/include/opencv2/core/persistence.hpp:913:6:[m[K [01;36m[Knote: [m[K  template argument deduction/substitution failed:
[5.340s] [01m[K/home/jakeluo/Documents/MonitoringSystemRos2/src/qt/src/mainwindow.cpp:1018:36:[m[K [01;36m[Knote: [m[K  â€˜[01m[Kcv::Mat[m[Kâ€™ is not derived from â€˜[01m[Kconst cv::Point3_<_Tp>[m[Kâ€™
[5.340s]  1018 |         cv::write(time_string1, im1[01;36m[K)[m[K;
[5.340s]       |                                    [01;36m[K^[m[K
[5.340s] In file included from [01m[K/usr/local/include/opencv2/core.hpp:60[m[K,
[5.340s]                  from [01m[K/usr/local/include/opencv2/core/core.hpp:48[m[K,
[5.340s]                  from [01m[K/home/jakeluo/Documents/MonitoringSystemRos2/src/qt/include/qt/mainwindow.h:6[m[K,
[5.340s]                  from [01m[K/home/jakeluo/Documents/MonitoringSystemRos2/src/qt/src/mainwindow.cpp:1[m[K:
[5.341s] [01m[K/usr/local/include/opencv2/core/persistence.hpp:921:6:[m[K [01;36m[Knote: [m[Kcandidate: â€˜[01m[Ktemplate<class _Tp> void cv::write(cv::FileStorage&, const cv::Size_<_Tp>&)[m[Kâ€™
[5.341s]   921 | void [01;36m[Kwrite[m[K(FileStorage& fs, const Size_<_Tp>& sz )
[5.341s]       |      [01;36m[K^~~~~[m[K
[5.341s] [01m[K/usr/local/include/opencv2/core/persistence.hpp:921:6:[m[K [01;36m[Knote: [m[K  template argument deduction/substitution failed:
[5.341s] [01m[K/home/jakeluo/Documents/MonitoringSystemRos2/src/qt/src/mainwindow.cpp:1018:36:[m[K [01;36m[Knote: [m[K  â€˜[01m[Kcv::Mat[m[Kâ€™ is not derived from â€˜[01m[Kconst cv::Size_<_Tp>[m[Kâ€™
[5.341s]  1018 |         cv::write(time_string1, im1[01;36m[K)[m[K;
[5.341s]       |                                    [01;36m[K^[m[K
[5.341s] In file included from [01m[K/usr/local/include/opencv2/core.hpp:60[m[K,
[5.341s]                  from [01m[K/usr/local/include/opencv2/core/core.hpp:48[m[K,
[5.342s]                  from [01m[K/home/jakeluo/Documents/MonitoringSystemRos2/src/qt/include/qt/mainwindow.h:6[m[K,
[5.342s]                  from [01m[K/home/jakeluo/Documents/MonitoringSystemRos2/src/qt/src/mainwindow.cpp:1[m[K:
[5.342s] [01m[K/usr/local/include/opencv2/core/persistence.hpp:928:6:[m[K [01;36m[Knote: [m[Kcandidate: â€˜[01m[Ktemplate<class _Tp> void cv::write(cv::FileStorage&, const cv::Complex<_Tp>&)[m[Kâ€™
[5.342s]   928 | void [01;36m[Kwrite[m[K(FileStorage& fs, const Complex<_Tp>& c )
[5.342s]       |      [01;36m[K^~~~~[m[K
[5.342s] [01m[K/usr/local/include/opencv2/core/persistence.hpp:928:6:[m[K [01;36m[Knote: [m[K  template argument deduction/substitution failed:
[5.342s] [01m[K/home/jakeluo/Documents/MonitoringSystemRos2/src/qt/src/mainwindow.cpp:1018:36:[m[K [01;36m[Knote: [m[K  â€˜[01m[Kcv::Mat[m[Kâ€™ is not derived from â€˜[01m[Kconst cv::Complex<_Tp>[m[Kâ€™
[5.342s]  1018 |         cv::write(time_string1, im1[01;36m[K)[m[K;
[5.342s]       |                                    [01;36m[K^[m[K
[5.342s] In file included from [01m[K/usr/local/include/opencv2/core.hpp:60[m[K,
[5.343s]                  from [01m[K/usr/local/include/opencv2/core/core.hpp:48[m[K,
[5.343s]                  from [01m[K/home/jakeluo/Documents/MonitoringSystemRos2/src/qt/include/qt/mainwindow.h:6[m[K,
[5.343s]                  from [01m[K/home/jakeluo/Documents/MonitoringSystemRos2/src/qt/src/mainwindow.cpp:1[m[K:
[5.343s] [01m[K/usr/local/include/opencv2/core/persistence.hpp:935:6:[m[K [01;36m[Knote: [m[Kcandidate: â€˜[01m[Ktemplate<class _Tp> void cv::write(cv::FileStorage&, const cv::Rect_<_Tp>&)[m[Kâ€™
[5.343s]   935 | void [01;36m[Kwrite[m[K(FileStorage& fs, const Rect_<_Tp>& r )
[5.343s]       |      [01;36m[K^~~~~[m[K
[5.343s] [01m[K/usr/local/include/opencv2/core/persistence.hpp:935:6:[m[K [01;36m[Knote: [m[K  template argument deduction/substitution failed:
[5.343s] [01m[K/home/jakeluo/Documents/MonitoringSystemRos2/src/qt/src/mainwindow.cpp:1018:36:[m[K [01;36m[Knote: [m[K  â€˜[01m[Kcv::Mat[m[Kâ€™ is not derived from â€˜[01m[Kconst cv::Rect_<_Tp>[m[Kâ€™
[5.343s]  1018 |         cv::write(time_string1, im1[01;36m[K)[m[K;
[5.343s]       |                                    [01;36m[K^[m[K
[5.344s] In file included from [01m[K/usr/local/include/opencv2/core.hpp:60[m[K,
[5.344s]                  from [01m[K/usr/local/include/opencv2/core/core.hpp:48[m[K,
[5.344s]                  from [01m[K/home/jakeluo/Documents/MonitoringSystemRos2/src/qt/include/qt/mainwindow.h:6[m[K,
[5.344s]                  from [01m[K/home/jakeluo/Documents/MonitoringSystemRos2/src/qt/src/mainwindow.cpp:1[m[K:
[5.344s] [01m[K/usr/local/include/opencv2/core/persistence.hpp:944:6:[m[K [01;36m[Knote: [m[Kcandidate: â€˜[01m[Ktemplate<class _Tp, int cn> void cv::write(cv::FileStorage&, const cv::Vec<_Tp, m>&)[m[Kâ€™
[5.344s]   944 | void [01;36m[Kwrite[m[K(FileStorage& fs, const Vec<_Tp, cn>& v )
[5.344s]       |      [01;36m[K^~~~~[m[K
[5.344s] [01m[K/usr/local/include/opencv2/core/persistence.hpp:944:6:[m[K [01;36m[Knote: [m[K  template argument deduction/substitution failed:
[5.344s] [01m[K/home/jakeluo/Documents/MonitoringSystemRos2/src/qt/src/mainwindow.cpp:1018:36:[m[K [01;36m[Knote: [m[K  â€˜[01m[Kcv::Mat[m[Kâ€™ is not derived from â€˜[01m[Kconst cv::Vec<_Tp, m>[m[Kâ€™
[5.344s]  1018 |         cv::write(time_string1, im1[01;36m[K)[m[K;
[5.345s]       |                                    [01;36m[K^[m[K
[5.345s] In file included from [01m[K/usr/local/include/opencv2/core.hpp:60[m[K,
[5.345s]                  from [01m[K/usr/local/include/opencv2/core/core.hpp:48[m[K,
[5.345s]                  from [01m[K/home/jakeluo/Documents/MonitoringSystemRos2/src/qt/include/qt/mainwindow.h:6[m[K,
[5.345s]                  from [01m[K/home/jakeluo/Documents/MonitoringSystemRos2/src/qt/src/mainwindow.cpp:1[m[K:
[5.345s] [01m[K/usr/local/include/opencv2/core/persistence.hpp:951:6:[m[K [01;36m[Knote: [m[Kcandidate: â€˜[01m[Ktemplate<class _Tp> void cv::write(cv::FileStorage&, const cv::Scalar_<_Tp>&)[m[Kâ€™
[5.345s]   951 | void [01;36m[Kwrite[m[K(FileStorage& fs, const Scalar_<_Tp>& s )
[5.345s]       |      [01;36m[K^~~~~[m[K
[5.345s] [01m[K/usr/local/include/opencv2/core/persistence.hpp:951:6:[m[K [01;36m[Knote: [m[K  template argument deduction/substitution failed:
[5.345s] [01m[K/home/jakeluo/Documents/MonitoringSystemRos2/src/qt/src/mainwindow.cpp:1018:36:[m[K [01;36m[Knote: [m[K  â€˜[01m[Kcv::Mat[m[Kâ€™ is not derived from â€˜[01m[Kconst cv::Scalar_<_Tp>[m[Kâ€™
[5.346s]  1018 |         cv::write(time_string1, im1[01;36m[K)[m[K;
[5.346s]       |                                    [01;36m[K^[m[K
[5.346s] In file included from [01m[K/usr/local/include/opencv2/core.hpp:60[m[K,
[5.346s]                  from [01m[K/usr/local/include/opencv2/core/core.hpp:48[m[K,
[5.346s]                  from [01m[K/home/jakeluo/Documents/MonitoringSystemRos2/src/qt/include/qt/mainwindow.h:6[m[K,
[5.346s]                  from [01m[K/home/jakeluo/Documents/MonitoringSystemRos2/src/qt/src/mainwindow.cpp:1[m[K:
[5.346s] [01m[K/usr/local/include/opencv2/core/persistence.hpp:960:6:[m[K [01;36m[Knote: [m[Kcandidate: â€˜[01m[Kvoid cv::write(cv::FileStorage&, const cv::Range&)[m[Kâ€™
[5.346s]   960 | void [01;36m[Kwrite[m[K(FileStorage& fs, const Range& r )
[5.346s]       |      [01;36m[K^~~~~[m[K
[5.347s] [01m[K/usr/local/include/opencv2/core/persistence.hpp:960:25:[m[K [01;36m[Knote: [m[K  no known conversion for argument 1 from â€˜[01m[Kchar [100][m[Kâ€™ to â€˜[01m[Kcv::FileStorage&[m[Kâ€™
[5.347s]   960 | void write([01;36m[KFileStorage& fs[m[K, const Range& r )
[5.347s]       |            [01;36m[K~~~~~~~~~~~~~^~[m[K
[5.347s] [01m[K/usr/local/include/opencv2/core/persistence.hpp:967:6:[m[K [01;36m[Knote: [m[Kcandidate: â€˜[01m[Ktemplate<class _Tp> void cv::write(cv::FileStorage&, const std::vector<T>&)[m[Kâ€™
[5.347s]   967 | void [01;36m[Kwrite[m[K( FileStorage& fs, const std::vector<_Tp>& vec )
[5.347s]       |      [01;36m[K^~~~~[m[K
[5.347s] [01m[K/usr/local/include/opencv2/core/persistence.hpp:967:6:[m[K [01;36m[Knote: [m[K  template argument deduction/substitution failed:
[5.347s] [01m[K/home/jakeluo/Documents/MonitoringSystemRos2/src/qt/src/mainwindow.cpp:1018:36:[m[K [01;36m[Knote: [m[K  â€˜[01m[Kcv::Mat[m[Kâ€™ is not derived from â€˜[01m[Kconst std::vector<T>[m[Kâ€™
[5.347s]  1018 |         cv::write(time_string1, im1[01;36m[K)[m[K;
[5.347s]       |                                    [01;36m[K^[m[K
[5.348s] In file included from [01m[K/usr/local/include/opencv2/core.hpp:60[m[K,
[5.348s]                  from [01m[K/usr/local/include/opencv2/core/core.hpp:48[m[K,
[5.348s]                  from [01m[K/home/jakeluo/Documents/MonitoringSystemRos2/src/qt/include/qt/mainwindow.h:6[m[K,
[5.348s]                  from [01m[K/home/jakeluo/Documents/MonitoringSystemRos2/src/qt/src/mainwindow.cpp:1[m[K:
[5.348s] [01m[K/usr/local/include/opencv2/core/persistence.hpp:974:6:[m[K [01;36m[Knote: [m[Kcandidate: â€˜[01m[Ktemplate<class _Tp> void cv::write(cv::FileStorage&, const cv::String&, const cv::Point_<_Tp>&)[m[Kâ€™
[5.348s]   974 | void [01;36m[Kwrite[m[K(FileStorage& fs, const String& name, const Point_<_Tp>& pt )
[5.348s]       |      [01;36m[K^~~~~[m[K
[5.348s] [01m[K/usr/local/include/opencv2/core/persistence.hpp:974:6:[m[K [01;36m[Knote: [m[K  template argument deduction/substitution failed:
[5.348s] [01m[K/home/jakeluo/Documents/MonitoringSystemRos2/src/qt/src/mainwindow.cpp:1018:36:[m[K [01;36m[Knote: [m[K  candidate expects 3 arguments, 2 provided
[5.348s]  1018 |         cv::write(time_string1, im1[01;36m[K)[m[K;
[5.349s]       |                                    [01;36m[K^[m[K
[5.349s] In file included from [01m[K/usr/local/include/opencv2/core.hpp:60[m[K,
[5.349s]                  from [01m[K/usr/local/include/opencv2/core/core.hpp:48[m[K,
[5.349s]                  from [01m[K/home/jakeluo/Documents/MonitoringSystemRos2/src/qt/include/qt/mainwindow.h:6[m[K,
[5.349s]                  from [01m[K/home/jakeluo/Documents/MonitoringSystemRos2/src/qt/src/mainwindow.cpp:1[m[K:
[5.349s] [01m[K/usr/local/include/opencv2/core/persistence.hpp:981:6:[m[K [01;36m[Knote: [m[Kcandidate: â€˜[01m[Ktemplate<class _Tp> void cv::write(cv::FileStorage&, const cv::String&, const cv::Point3_<_Tp>&)[m[Kâ€™
[5.349s]   981 | void [01;36m[Kwrite[m[K(FileStorage& fs, const String& name, const Point3_<_Tp>& pt )
[5.349s]       |      [01;36m[K^~~~~[m[K
[5.349s] [01m[K/usr/local/include/opencv2/core/persistence.hpp:981:6:[m[K [01;36m[Knote: [m[K  template argument deduction/substitution failed:
[5.349s] [01m[K/home/jakeluo/Documents/MonitoringSystemRos2/src/qt/src/mainwindow.cpp:1018:36:[m[K [01;36m[Knote: [m[K  candidate expects 3 arguments, 2 provided
[5.350s]  1018 |         cv::write(time_string1, im1[01;36m[K)[m[K;
[5.350s]       |                                    [01;36m[K^[m[K
[5.350s] In file included from [01m[K/usr/local/include/opencv2/core.hpp:60[m[K,
[5.350s]                  from [01m[K/usr/local/include/opencv2/core/core.hpp:48[m[K,
[5.350s]                  from [01m[K/home/jakeluo/Documents/MonitoringSystemRos2/src/qt/include/qt/mainwindow.h:6[m[K,
[5.350s]                  from [01m[K/home/jakeluo/Documents/MonitoringSystemRos2/src/qt/src/mainwindow.cpp:1[m[K:
[5.350s] [01m[K/usr/local/include/opencv2/core/persistence.hpp:988:6:[m[K [01;36m[Knote: [m[Kcandidate: â€˜[01m[Ktemplate<class _Tp> void cv::write(cv::FileStorage&, const cv::String&, const cv::Size_<_Tp>&)[m[Kâ€™
[5.350s]   988 | void [01;36m[Kwrite[m[K(FileStorage& fs, const String& name, const Size_<_Tp>& sz )
[5.350s]       |      [01;36m[K^~~~~[m[K
[5.350s] [01m[K/usr/local/include/opencv2/core/persistence.hpp:988:6:[m[K [01;36m[Knote: [m[K  template argument deduction/substitution failed:
[5.351s] [01m[K/home/jakeluo/Documents/MonitoringSystemRos2/src/qt/src/mainwindow.cpp:1018:36:[m[K [01;36m[Knote: [m[K  candidate expects 3 arguments, 2 provided
[5.351s]  1018 |         cv::write(time_string1, im1[01;36m[K)[m[K;
[5.351s]       |                                    [01;36m[K^[m[K
[5.351s] In file included from [01m[K/usr/local/include/opencv2/core.hpp:60[m[K,
[5.351s]                  from [01m[K/usr/local/include/opencv2/core/core.hpp:48[m[K,
[5.351s]                  from [01m[K/home/jakeluo/Documents/MonitoringSystemRos2/src/qt/include/qt/mainwindow.h:6[m[K,
[5.351s]                  from [01m[K/home/jakeluo/Documents/MonitoringSystemRos2/src/qt/src/mainwindow.cpp:1[m[K:
[5.351s] [01m[K/usr/local/include/opencv2/core/persistence.hpp:995:6:[m[K [01;36m[Knote: [m[Kcandidate: â€˜[01m[Ktemplate<class _Tp> void cv::write(cv::FileStorage&, const cv::String&, const cv::Complex<_Tp>&)[m[Kâ€™
[5.351s]   995 | void [01;36m[Kwrite[m[K(FileStorage& fs, const String& name, const Complex<_Tp>& c )
[5.351s]       |      [01;36m[K^~~~~[m[K
[5.352s] [01m[K/usr/local/include/opencv2/core/persistence.hpp:995:6:[m[K [01;36m[Knote: [m[K  template argument deduction/substitution failed:
[5.352s] [01m[K/home/jakeluo/Documents/MonitoringSystemRos2/src/qt/src/mainwindow.cpp:1018:36:[m[K [01;36m[Knote: [m[K  candidate expects 3 arguments, 2 provided
[5.352s]  1018 |         cv::write(time_string1, im1[01;36m[K)[m[K;
[5.352s]       |                                    [01;36m[K^[m[K
[5.352s] In file included from [01m[K/usr/local/include/opencv2/core.hpp:60[m[K,
[5.352s]                  from [01m[K/usr/local/include/opencv2/core/core.hpp:48[m[K,
[5.352s]                  from [01m[K/home/jakeluo/Documents/MonitoringSystemRos2/src/qt/include/qt/mainwindow.h:6[m[K,
[5.352s]                  from [01m[K/home/jakeluo/Documents/MonitoringSystemRos2/src/qt/src/mainwindow.cpp:1[m[K:
[5.352s] [01m[K/usr/local/include/opencv2/core/persistence.hpp:1002:6:[m[K [01;36m[Knote: [m[Kcandidate: â€˜[01m[Ktemplate<class _Tp> void cv::write(cv::FileStorage&, const cv::String&, const cv::Rect_<_Tp>&)[m[Kâ€™
[5.352s]  1002 | void [01;36m[Kwrite[m[K(FileStorage& fs, const String& name, const Rect_<_Tp>& r )
[5.352s]       |      [01;36m[K^~~~~[m[K
[5.353s] [01m[K/usr/local/include/opencv2/core/persistence.hpp:1002:6:[m[K [01;36m[Knote: [m[K  template argument deduction/substitution failed:
[5.353s] [01m[K/home/jakeluo/Documents/MonitoringSystemRos2/src/qt/src/mainwindow.cpp:1018:36:[m[K [01;36m[Knote: [m[K  candidate expects 3 arguments, 2 provided
[5.353s]  1018 |         cv::write(time_string1, im1[01;36m[K)[m[K;
[5.353s]       |                                    [01;36m[K^[m[K
[5.353s] In file included from [01m[K/usr/local/include/opencv2/core.hpp:60[m[K,
[5.353s]                  from [01m[K/usr/local/include/opencv2/core/core.hpp:48[m[K,
[5.353s]                  from [01m[K/home/jakeluo/Documents/MonitoringSystemRos2/src/qt/include/qt/mainwindow.h:6[m[K,
[5.353s]                  from [01m[K/home/jakeluo/Documents/MonitoringSystemRos2/src/qt/src/mainwindow.cpp:1[m[K:
[5.353s] [01m[K/usr/local/include/opencv2/core/persistence.hpp:1009:6:[m[K [01;36m[Knote: [m[Kcandidate: â€˜[01m[Ktemplate<class _Tp, int cn> void cv::write(cv::FileStorage&, const cv::String&, const cv::Vec<_Tp, m>&)[m[Kâ€™
[5.354s]  1009 | void [01;36m[Kwrite[m[K(FileStorage& fs, const String& name, const Vec<_Tp, cn>& v )
[5.354s]       |      [01;36m[K^~~~~[m[K
[5.354s] [01m[K/usr/local/include/opencv2/core/persistence.hpp:1009:6:[m[K [01;36m[Knote: [m[K  template argument deduction/substitution failed:
[5.354s] [01m[K/home/jakeluo/Documents/MonitoringSystemRos2/src/qt/src/mainwindow.cpp:1018:36:[m[K [01;36m[Knote: [m[K  candidate expects 3 arguments, 2 provided
[5.354s]  1018 |         cv::write(time_string1, im1[01;36m[K)[m[K;
[5.354s]       |                                    [01;36m[K^[m[K
[5.354s] In file included from [01m[K/usr/local/include/opencv2/core.hpp:60[m[K,
[5.354s]                  from [01m[K/usr/local/include/opencv2/core/core.hpp:48[m[K,
[5.354s]                  from [01m[K/home/jakeluo/Documents/MonitoringSystemRos2/src/qt/include/qt/mainwindow.h:6[m[K,
[5.354s]                  from [01m[K/home/jakeluo/Documents/MonitoringSystemRos2/src/qt/src/mainwindow.cpp:1[m[K:
[5.355s] [01m[K/usr/local/include/opencv2/core/persistence.hpp:1016:6:[m[K [01;36m[Knote: [m[Kcandidate: â€˜[01m[Ktemplate<class _Tp> void cv::write(cv::FileStorage&, const cv::String&, const cv::Scalar_<_Tp>&)[m[Kâ€™
[5.355s]  1016 | void [01;36m[Kwrite[m[K(FileStorage& fs, const String& name, const Scalar_<_Tp>& s )
[5.355s]       |      [01;36m[K^~~~~[m[K
[5.355s] [01m[K/usr/local/include/opencv2/core/persistence.hpp:1016:6:[m[K [01;36m[Knote: [m[K  template argument deduction/substitution failed:
[5.355s] [01m[K/home/jakeluo/Documents/MonitoringSystemRos2/src/qt/src/mainwindow.cpp:1018:36:[m[K [01;36m[Knote: [m[K  candidate expects 3 arguments, 2 provided
[5.355s]  1018 |         cv::write(time_string1, im1[01;36m[K)[m[K;
[5.355s]       |                                    [01;36m[K^[m[K
[5.355s] In file included from [01m[K/usr/local/include/opencv2/core.hpp:60[m[K,
[5.355s]                  from [01m[K/usr/local/include/opencv2/core/core.hpp:48[m[K,
[5.355s]                  from [01m[K/home/jakeluo/Documents/MonitoringSystemRos2/src/qt/include/qt/mainwindow.h:6[m[K,
[5.356s]                  from [01m[K/home/jakeluo/Documents/MonitoringSystemRos2/src/qt/src/mainwindow.cpp:1[m[K:
[5.356s] [01m[K/usr/local/include/opencv2/core/persistence.hpp:1023:6:[m[K [01;36m[Knote: [m[Kcandidate: â€˜[01m[Kvoid cv::write(cv::FileStorage&, const cv::String&, const cv::Range&)[m[Kâ€™
[5.356s]  1023 | void [01;36m[Kwrite[m[K(FileStorage& fs, const String& name, const Range& r )
[5.356s]       |      [01;36m[K^~~~~[m[K
[5.356s] [01m[K/usr/local/include/opencv2/core/persistence.hpp:1023:6:[m[K [01;36m[Knote: [m[K  candidate expects 3 arguments, 2 provided
[5.356s] [01m[K/usr/local/include/opencv2/core/persistence.hpp:1030:6:[m[K [01;36m[Knote: [m[Kcandidate: â€˜[01m[Kvoid cv::write(cv::FileStorage&, const cv::String&, const cv::KeyPoint&)[m[Kâ€™
[5.356s]  1030 | void [01;36m[Kwrite[m[K(FileStorage& fs, const String& name, const KeyPoint& kpt)
[5.356s]       |      [01;36m[K^~~~~[m[K
[5.356s] [01m[K/usr/local/include/opencv2/core/persistence.hpp:1030:6:[m[K [01;36m[Knote: [m[K  candidate expects 3 arguments, 2 provided
[5.356s] [01m[K/usr/local/include/opencv2/core/persistence.hpp:1043:6:[m[K [01;36m[Knote: [m[Kcandidate: â€˜[01m[Kvoid cv::write(cv::FileStorage&, const cv::String&, const cv::DMatch&)[m[Kâ€™
[5.357s]  1043 | void [01;36m[Kwrite[m[K(FileStorage& fs, const String& name, const DMatch& m)
[5.357s]       |      [01;36m[K^~~~~[m[K
[5.357s] [01m[K/usr/local/include/opencv2/core/persistence.hpp:1043:6:[m[K [01;36m[Knote: [m[K  candidate expects 3 arguments, 2 provided
[5.357s] [01m[K/usr/local/include/opencv2/core/persistence.hpp:1053:6:[m[K [01;36m[Knote: [m[Kcandidate: â€˜[01m[Ktemplate<class _Tp> void cv::write(cv::FileStorage&, const cv::String&, const std::vector<T>&)[m[Kâ€™
[5.357s]  1053 | void [01;36m[Kwrite[m[K( FileStorage& fs, const String& name, const std::vector<_Tp>& vec )
[5.357s]       |      [01;36m[K^~~~~[m[K
[5.357s] [01m[K/usr/local/include/opencv2/core/persistence.hpp:1053:6:[m[K [01;36m[Knote: [m[K  template argument deduction/substitution failed:
[5.357s] [01m[K/home/jakeluo/Documents/MonitoringSystemRos2/src/qt/src/mainwindow.cpp:1018:36:[m[K [01;36m[Knote: [m[K  candidate expects 3 arguments, 2 provided
[5.357s]  1018 |         cv::write(time_string1, im1[01;36m[K)[m[K;
[5.357s]       |                                    [01;36m[K^[m[K
[5.357s] In file included from [01m[K/usr/local/include/opencv2/core.hpp:60[m[K,
[5.358s]                  from [01m[K/usr/local/include/opencv2/core/core.hpp:48[m[K,
[5.358s]                  from [01m[K/home/jakeluo/Documents/MonitoringSystemRos2/src/qt/include/qt/mainwindow.h:6[m[K,
[5.358s]                  from [01m[K/home/jakeluo/Documents/MonitoringSystemRos2/src/qt/src/mainwindow.cpp:1[m[K:
[5.358s] [01m[K/usr/local/include/opencv2/core/persistence.hpp:1060:6:[m[K [01;36m[Knote: [m[Kcandidate: â€˜[01m[Ktemplate<class _Tp> void cv::write(cv::FileStorage&, const cv::String&, const std::vector<std::vector<T> >&)[m[Kâ€™
[5.358s]  1060 | void [01;36m[Kwrite[m[K( FileStorage& fs, const String& name, const std::vector< std::vector<_Tp> >& vec )
[5.358s]       |      [01;36m[K^~~~~[m[K
[5.358s] [01m[K/usr/local/include/opencv2/core/persistence.hpp:1060:6:[m[K [01;36m[Knote: [m[K  template argument deduction/substitution failed:
[5.358s] [01m[K/home/jakeluo/Documents/MonitoringSystemRos2/src/qt/src/mainwindow.cpp:1018:36:[m[K [01;36m[Knote: [m[K  candidate expects 3 arguments, 2 provided
[5.358s]  1018 |         cv::write(time_string1, im1[01;36m[K)[m[K;
[5.358s]       |                                    [01;36m[K^[m[K
[5.359s] In file included from [01m[K/usr/local/include/opencv2/core.hpp:60[m[K,
[5.359s]                  from [01m[K/usr/local/include/opencv2/core/core.hpp:48[m[K,
[5.359s]                  from [01m[K/home/jakeluo/Documents/MonitoringSystemRos2/src/qt/include/qt/mainwindow.h:6[m[K,
[5.359s]                  from [01m[K/home/jakeluo/Documents/MonitoringSystemRos2/src/qt/src/mainwindow.cpp:1[m[K:
[5.359s] [01m[K/usr/local/include/opencv2/core/persistence.hpp:1073:20:[m[K [01;36m[Knote: [m[Kcandidate: â€˜[01m[Kvoid cv::write(cv::FileStorage&, const cv::KeyPoint&)[m[Kâ€™
[5.359s]  1073 | static inline void [01;36m[Kwrite[m[K(FileStorage& fs, const KeyPoint& kpt) { write(fs, String(), kpt); }
[5.359s]       |                    [01;36m[K^~~~~[m[K
[5.359s] [01m[K/usr/local/include/opencv2/core/persistence.hpp:1073:39:[m[K [01;36m[Knote: [m[K  no known conversion for argument 1 from â€˜[01m[Kchar [100][m[Kâ€™ to â€˜[01m[Kcv::FileStorage&[m[Kâ€™
[5.359s]  1073 | static inline void write([01;36m[KFileStorage& fs[m[K, const KeyPoint& kpt) { write(fs, String(), kpt); }
[5.359s]       |                          [01;36m[K~~~~~~~~~~~~~^~[m[K
[5.360s] [01m[K/usr/local/include/opencv2/core/persistence.hpp:1074:20:[m[K [01;36m[Knote: [m[Kcandidate: â€˜[01m[Kvoid cv::write(cv::FileStorage&, const cv::DMatch&)[m[Kâ€™
[5.360s]  1074 | static inline void [01;36m[Kwrite[m[K(FileStorage& fs, const DMatch& m) { write(fs, String(), m); }
[5.360s]       |                    [01;36m[K^~~~~[m[K
[5.360s] [01m[K/usr/local/include/opencv2/core/persistence.hpp:1074:39:[m[K [01;36m[Knote: [m[K  no known conversion for argument 1 from â€˜[01m[Kchar [100][m[Kâ€™ to â€˜[01m[Kcv::FileStorage&[m[Kâ€™
[5.360s]  1074 | static inline void write([01;36m[KFileStorage& fs[m[K, const DMatch& m) { write(fs, String(), m); }
[5.360s]       |                          [01;36m[K~~~~~~~~~~~~~^~[m[K
[5.360s] [01m[K/usr/local/include/opencv2/core/persistence.hpp:1075:20:[m[K [01;36m[Knote: [m[Kcandidate: â€˜[01m[Kvoid cv::write(cv::FileStorage&, const std::vector<cv::KeyPoint>&)[m[Kâ€™
[5.360s]  1075 | static inline void [01;36m[Kwrite[m[K(FileStorage& fs, const std::vector<KeyPoint>& vec)
[5.360s]       |                    [01;36m[K^~~~~[m[K
[5.360s] [01m[K/usr/local/include/opencv2/core/persistence.hpp:1075:39:[m[K [01;36m[Knote: [m[K  no known conversion for argument 1 from â€˜[01m[Kchar [100][m[Kâ€™ to â€˜[01m[Kcv::FileStorage&[m[Kâ€™
[5.361s]  1075 | static inline void write([01;36m[KFileStorage& fs[m[K, const std::vector<KeyPoint>& vec)
[5.361s]       |                          [01;36m[K~~~~~~~~~~~~~^~[m[K
[5.361s] [01m[K/usr/local/include/opencv2/core/persistence.hpp:1080:20:[m[K [01;36m[Knote: [m[Kcandidate: â€˜[01m[Kvoid cv::write(cv::FileStorage&, const std::vector<cv::DMatch>&)[m[Kâ€™
[5.361s]  1080 | static inline void [01;36m[Kwrite[m[K(FileStorage& fs, const std::vector<DMatch>& vec)
[5.361s]       |                    [01;36m[K^~~~~[m[K
[5.361s] [01m[K/usr/local/include/opencv2/core/persistence.hpp:1080:39:[m[K [01;36m[Knote: [m[K  no known conversion for argument 1 from â€˜[01m[Kchar [100][m[Kâ€™ to â€˜[01m[Kcv::FileStorage&[m[Kâ€™
[5.361s]  1080 | static inline void write([01;36m[KFileStorage& fs[m[K, const std::vector<DMatch>& vec)
[5.361s]       |                          [01;36m[K~~~~~~~~~~~~~^~[m[K
[5.361s] [01m[K/home/jakeluo/Documents/MonitoringSystemRos2/src/qt/src/mainwindow.cpp:[m[K In member function â€˜[01m[Kvoid MainWindow::frameCallback2(droneinterfaces::msg::FrameArray_<std::allocator<void> >::SharedPtr)[m[Kâ€™:
[5.361s] [01m[K/home/jakeluo/Documents/MonitoringSystemRos2/src/qt/src/mainwindow.cpp:1080:38:[m[K [01;31m[Kerror: [m[Kno match for â€˜[01m[Koperator=[m[Kâ€™ (operand types are â€˜[01m[Ktm[m[Kâ€™ and â€˜[01m[Ktm*[m[Kâ€™)
[5.362s]  1080 |      curr_tm2 = localtime(&curr_time2[01;31m[K)[m[K;
[5.362s]       |                                      [01;31m[K^[m[K
[5.362s] In file included from [01m[K/usr/include/time.h:39[m[K,
[5.362s]                  from [01m[K/usr/include/pthread.h:23[m[K,
[5.362s]                  from [01m[K/usr/include/x86_64-linux-gnu/c++/9/bits/gthr-default.h:35[m[K,
[5.362s]                  from [01m[K/usr/include/x86_64-linux-gnu/c++/9/bits/gthr.h:148[m[K,
[5.362s]                  from [01m[K/usr/include/c++/9/ext/atomicity.h:35[m[K,
[5.362s]                  from [01m[K/usr/include/c++/9/bits/basic_string.h:39[m[K,
[5.362s]                  from [01m[K/usr/include/c++/9/string:55[m[K,
[5.362s]                  from [01m[K/usr/include/c++/9/stdexcept:39[m[K,
[5.363s]                  from [01m[K/usr/include/c++/9/array:39[m[K,
[5.363s]                  from [01m[K/usr/include/c++/9/tuple:39[m[K,
[5.363s]                  from [01m[K/usr/include/c++/9/functional:54[m[K,
[5.363s]                  from [01m[K/usr/include/c++/9/pstl/glue_algorithm_defs.h:13[m[K,
[5.363s]                  from [01m[K/usr/include/c++/9/algorithm:71[m[K,
[5.363s]                  from [01m[K/usr/include/x86_64-linux-gnu/qt5/QtCore/qglobal.h:142[m[K,
[5.363s]                  from [01m[K/usr/include/x86_64-linux-gnu/qt5/QtGui/qtguiglobal.h:43[m[K,
[5.363s]                  from [01m[K/usr/include/x86_64-linux-gnu/qt5/QtWidgets/qtwidgetsglobal.h:43[m[K,
[5.363s]                  from [01m[K/usr/include/x86_64-linux-gnu/qt5/QtWidgets/qmainwindow.h:43[m[K,
[5.363s]                  from [01m[K/usr/include/x86_64-linux-gnu/qt5/QtWidgets/QMainWindow:1[m[K,
[5.364s]                  from [01m[K/home/jakeluo/Documents/MonitoringSystemRos2/src/qt/include/qt/mainwindow.h:4[m[K,
[5.364s]                  from [01m[K/home/jakeluo/Documents/MonitoringSystemRos2/src/qt/src/mainwindow.cpp:1[m[K:
[5.364s] [01m[K/usr/include/x86_64-linux-gnu/bits/types/struct_tm.h:7:8:[m[K [01;36m[Knote: [m[Kcandidate: â€˜[01m[Kconstexpr tm& tm::operator=(const tm&)[m[Kâ€™
[5.364s]     7 | struct [01;36m[Ktm[m[K
[5.364s]       |        [01;36m[K^~[m[K
[5.364s] [01m[K/usr/include/x86_64-linux-gnu/bits/types/struct_tm.h:7:8:[m[K [01;36m[Knote: [m[K  no known conversion for argument 1 from â€˜[01m[Ktm*[m[Kâ€™ to â€˜[01m[Kconst tm&[m[Kâ€™
[5.364s] [01m[K/usr/include/x86_64-linux-gnu/bits/types/struct_tm.h:7:8:[m[K [01;36m[Knote: [m[Kcandidate: â€˜[01m[Kconstexpr tm& tm::operator=(tm&&)[m[Kâ€™
[5.364s] [01m[K/usr/include/x86_64-linux-gnu/bits/types/struct_tm.h:7:8:[m[K [01;36m[Knote: [m[K  no known conversion for argument 1 from â€˜[01m[Ktm*[m[Kâ€™ to â€˜[01m[Ktm&&[m[Kâ€™
[5.364s] [01m[K/home/jakeluo/Documents/MonitoringSystemRos2/src/qt/src/mainwindow.cpp:1081:36:[m[K [01;35m[Kwarning: [m[Kunknown conversion type character â€˜[01m[KY[m[Kâ€™ in format [[01;35m[K-Wformat=[m[K]
[5.364s]  1081 |         sprintf(time_string2, "t2-%[01;35m[KY[m[K-%B-%d-%T.jpg", curr_tm2);
[5.364s]       |                                    [01;35m[K^[m[K
[5.364s] [01m[K/home/jakeluo/Documents/MonitoringSystemRos2/src/qt/src/mainwindow.cpp:1081:39:[m[K [01;35m[Kwarning: [m[Kunknown conversion type character â€˜[01m[KB[m[Kâ€™ in format [[01;35m[K-Wformat=[m[K]
[5.364s]  1081 |         sprintf(time_string2, "t2-%Y-%[01;35m[KB[m[K-%d-%T.jpg", curr_tm2);
[5.365s]       |                                       [01;35m[K^[m[K
[5.365s] [01m[K/home/jakeluo/Documents/MonitoringSystemRos2/src/qt/src/mainwindow.cpp:1081:42:[m[K [01;35m[Kwarning: [m[Kformat â€˜[01m[K%d[m[Kâ€™ expects argument of type â€˜[01m[Kint[m[Kâ€™, but argument 3 has type â€˜[01m[Ktm[m[Kâ€™ [[01;35m[K-Wformat=[m[K]
[5.365s]  1081 |         sprintf(time_string2, "t2-%Y-%B-[01;35m[K%d[m[K-%T.jpg", [32m[Kcurr_tm2[m[K);
[5.365s]       |                                         [01;35m[K~^[m[K          [32m[K~~~~~~~~[m[K
[5.365s]       |                                          [01;35m[K|[m[K          [32m[K|[m[K
[5.365s]       |                                          [01;35m[Kint[m[K        [32m[Ktm[m[K
[5.365s] [01m[K/home/jakeluo/Documents/MonitoringSystemRos2/src/qt/src/mainwindow.cpp:1081:45:[m[K [01;35m[Kwarning: [m[Kunknown conversion type character â€˜[01m[KT[m[Kâ€™ in format [[01;35m[K-Wformat=[m[K]
[5.365s]  1081 |         sprintf(time_string2, "t2-%Y-%B-%d-%[01;35m[KT[m[K.jpg", curr_tm2);
[5.365s]       |                                             [01;35m[K^[m[K
[5.365s] [01m[K/home/jakeluo/Documents/MonitoringSystemRos2/src/qt/src/mainwindow.cpp:1082:36:[m[K [01;31m[Kerror: [m[Kno matching function for call to â€˜[01m[Kwrite(char [100], cv::Mat&)[m[Kâ€™
[5.365s]  1082 |         cv::write(time_string2, im2[01;31m[K)[m[K;
[5.365s]       |                                    [01;31m[K^[m[K
[5.365s] In file included from [01m[K/usr/local/include/opencv2/core.hpp:60[m[K,
[5.365s]                  from [01m[K/usr/local/include/opencv2/core/core.hpp:48[m[K,
[5.366s]                  from [01m[K/home/jakeluo/Documents/MonitoringSystemRos2/src/qt/include/qt/mainwindow.h:6[m[K,
[5.366s]                  from [01m[K/home/jakeluo/Documents/MonitoringSystemRos2/src/qt/src/mainwindow.cpp:1[m[K:
[5.366s] [01m[K/usr/local/include/opencv2/core/persistence.hpp:697:17:[m[K [01;36m[Knote: [m[Kcandidate: â€˜[01m[Kvoid cv::write(cv::FileStorage&, const cv::String&, int)[m[Kâ€™
[5.366s]   697 | CV_EXPORTS void [01;36m[Kwrite[m[K( FileStorage& fs, const String& name, int value );
[5.366s]       |                 [01;36m[K^~~~~[m[K
[5.366s] [01m[K/usr/local/include/opencv2/core/persistence.hpp:697:17:[m[K [01;36m[Knote: [m[K  candidate expects 3 arguments, 2 provided
[5.366s] [01m[K/usr/local/include/opencv2/core/persistence.hpp:698:17:[m[K [01;36m[Knote: [m[Kcandidate: â€˜[01m[Kvoid cv::write(cv::FileStorage&, const cv::String&, float)[m[Kâ€™
[5.366s]   698 | CV_EXPORTS void [01;36m[Kwrite[m[K( FileStorage& fs, const String& name, float value );
[5.366s]       |                 [01;36m[K^~~~~[m[K
[5.366s] [01m[K/usr/local/include/opencv2/core/persistence.hpp:698:17:[m[K [01;36m[Knote: [m[K  candidate expects 3 arguments, 2 provided
[5.366s] [01m[K/usr/local/include/opencv2/core/persistence.hpp:699:17:[m[K [01;36m[Knote: [m[Kcandidate: â€˜[01m[Kvoid cv::write(cv::FileStorage&, const cv::String&, double)[m[Kâ€™
[5.366s]   699 | CV_EXPORTS void [01;36m[Kwrite[m[K( FileStorage& fs, const String& name, double value );
[5.366s]       |                 [01;36m[K^~~~~[m[K
[5.367s] [01m[K/usr/local/include/opencv2/core/persistence.hpp:699:17:[m[K [01;36m[Knote: [m[K  candidate expects 3 arguments, 2 provided
[5.367s] [01m[K/usr/local/include/opencv2/core/persistence.hpp:700:17:[m[K [01;36m[Knote: [m[Kcandidate: â€˜[01m[Kvoid cv::write(cv::FileStorage&, const cv::String&, const cv::String&)[m[Kâ€™
[5.367s]   700 | CV_EXPORTS void [01;36m[Kwrite[m[K( FileStorage& fs, const String& name, const String& value );
[5.367s]       |                 [01;36m[K^~~~~[m[K
[5.367s] [01m[K/usr/local/include/opencv2/core/persistence.hpp:700:17:[m[K [01;36m[Knote: [m[K  candidate expects 3 arguments, 2 provided
[5.367s] [01m[K/usr/local/include/opencv2/core/persistence.hpp:701:17:[m[K [01;36m[Knote: [m[Kcandidate: â€˜[01m[Kvoid cv::write(cv::FileStorage&, const cv::String&, const cv::Mat&)[m[Kâ€™
[5.367s]   701 | CV_EXPORTS void [01;36m[Kwrite[m[K( FileStorage& fs, const String& name, const Mat& value );
[5.367s]       |                 [01;36m[K^~~~~[m[K
[5.367s] [01m[K/usr/local/include/opencv2/core/persistence.hpp:701:17:[m[K [01;36m[Knote: [m[K  candidate expects 3 arguments, 2 provided
[5.367s] [01m[K/usr/local/include/opencv2/core/persistence.hpp:702:17:[m[K [01;36m[Knote: [m[Kcandidate: â€˜[01m[Kvoid cv::write(cv::FileStorage&, const cv::String&, const cv::SparseMat&)[m[Kâ€™
[5.367s]   702 | CV_EXPORTS void [01;36m[Kwrite[m[K( FileStorage& fs, const String& name, const SparseMat& value );
[5.367s]       |                 [01;36m[K^~~~~[m[K
[5.367s] [01m[K/usr/local/include/opencv2/core/persistence.hpp:702:17:[m[K [01;36m[Knote: [m[K  candidate expects 3 arguments, 2 provided
[5.367s] [01m[K/usr/local/include/opencv2/core/persistence.hpp:704:17:[m[K [01;36m[Knote: [m[Kcandidate: â€˜[01m[Kvoid cv::write(cv::FileStorage&, const cv::String&, const std::vector<cv::KeyPoint>&)[m[Kâ€™
[5.368s]   704 | CV_EXPORTS void [01;36m[Kwrite[m[K( FileStorage& fs, const String& name, const std::vector<KeyPoint>& value);
[5.368s]       |                 [01;36m[K^~~~~[m[K
[5.368s] [01m[K/usr/local/include/opencv2/core/persistence.hpp:704:17:[m[K [01;36m[Knote: [m[K  candidate expects 3 arguments, 2 provided
[5.368s] [01m[K/usr/local/include/opencv2/core/persistence.hpp:705:17:[m[K [01;36m[Knote: [m[Kcandidate: â€˜[01m[Kvoid cv::write(cv::FileStorage&, const cv::String&, const std::vector<cv::DMatch>&)[m[Kâ€™
[5.368s]   705 | CV_EXPORTS void [01;36m[Kwrite[m[K( FileStorage& fs, const String& name, const std::vector<DMatch>& value);
[5.368s]       |                 [01;36m[K^~~~~[m[K
[5.368s] [01m[K/usr/local/include/opencv2/core/persistence.hpp:705:17:[m[K [01;36m[Knote: [m[K  candidate expects 3 arguments, 2 provided
[5.368s] [01m[K/usr/local/include/opencv2/core/persistence.hpp:876:6:[m[K [01;36m[Knote: [m[Kcandidate: â€˜[01m[Ktemplate<class _Tp> void cv::write(cv::FileStorage&, const _Tp&)[m[Kâ€™
[5.368s]   876 | void [01;36m[Kwrite[m[K(FileStorage& fs, const _Tp& value)
[5.368s]       |      [01;36m[K^~~~~[m[K
[5.368s] [01m[K/usr/local/include/opencv2/core/persistence.hpp:876:6:[m[K [01;36m[Knote: [m[K  template argument deduction/substitution failed:
[5.368s] [01m[K/home/jakeluo/Documents/MonitoringSystemRos2/src/qt/src/mainwindow.cpp:1082:19:[m[K [01;36m[Knote: [m[K  cannot convert â€˜[01m[K((MainWindow*)this)->MainWindow::time_string2[m[Kâ€™ (type â€˜[01m[Kchar [100][m[Kâ€™) to type â€˜[01m[Kcv::FileStorage&[m[Kâ€™
[5.368s]  1082 |         cv::write([01;36m[Ktime_string2[m[K, im2);
[5.369s]       |                   [01;36m[K^~~~~~~~~~~~[m[K
[5.369s] In file included from [01m[K/usr/local/include/opencv2/core.hpp:60[m[K,
[5.369s]                  from [01m[K/usr/local/include/opencv2/core/core.hpp:48[m[K,
[5.369s]                  from [01m[K/home/jakeluo/Documents/MonitoringSystemRos2/src/qt/include/qt/mainwindow.h:6[m[K,
[5.369s]                  from [01m[K/home/jakeluo/Documents/MonitoringSystemRos2/src/qt/src/mainwindow.cpp:1[m[K:
[5.369s] [01m[K/usr/local/include/opencv2/core/persistence.hpp:906:6:[m[K [01;36m[Knote: [m[Kcandidate: â€˜[01m[Ktemplate<class _Tp> void cv::write(cv::FileStorage&, const cv::Point_<_Tp>&)[m[Kâ€™
[5.369s]   906 | void [01;36m[Kwrite[m[K(FileStorage& fs, const Point_<_Tp>& pt )
[5.369s]       |      [01;36m[K^~~~~[m[K
[5.369s] [01m[K/usr/local/include/opencv2/core/persistence.hpp:906:6:[m[K [01;36m[Knote: [m[K  template argument deduction/substitution failed:
[5.369s] [01m[K/home/jakeluo/Documents/MonitoringSystemRos2/src/qt/src/mainwindow.cpp:1082:36:[m[K [01;36m[Knote: [m[K  â€˜[01m[Kcv::Mat[m[Kâ€™ is not derived from â€˜[01m[Kconst cv::Point_<_Tp>[m[Kâ€™
[5.369s]  1082 |         cv::write(time_string2, im2[01;36m[K)[m[K;
[5.369s]       |                                    [01;36m[K^[m[K
[5.369s] In file included from [01m[K/usr/local/include/opencv2/core.hpp:60[m[K,
[5.369s]                  from [01m[K/usr/local/include/opencv2/core/core.hpp:48[m[K,
[5.369s]                  from [01m[K/home/jakeluo/Documents/MonitoringSystemRos2/src/qt/include/qt/mainwindow.h:6[m[K,
[5.369s]                  from [01m[K/home/jakeluo/Documents/MonitoringSystemRos2/src/qt/src/mainwindow.cpp:1[m[K:
[5.369s] [01m[K/usr/local/include/opencv2/core/persistence.hpp:913:6:[m[K [01;36m[Knote: [m[Kcandidate: â€˜[01m[Ktemplate<class _Tp> void cv::write(cv::FileStorage&, const cv::Point3_<_Tp>&)[m[Kâ€™
[5.369s]   913 | void [01;36m[Kwrite[m[K(FileStorage& fs, const Point3_<_Tp>& pt )
[5.370s]       |      [01;36m[K^~~~~[m[K
[5.370s] [01m[K/usr/local/include/opencv2/core/persistence.hpp:913:6:[m[K [01;36m[Knote: [m[K  template argument deduction/substitution failed:
[5.370s] [01m[K/home/jakeluo/Documents/MonitoringSystemRos2/src/qt/src/mainwindow.cpp:1082:36:[m[K [01;36m[Knote: [m[K  â€˜[01m[Kcv::Mat[m[Kâ€™ is not derived from â€˜[01m[Kconst cv::Point3_<_Tp>[m[Kâ€™
[5.370s]  1082 |         cv::write(time_string2, im2[01;36m[K)[m[K;
[5.370s]       |                                    [01;36m[K^[m[K
[5.370s] In file included from [01m[K/usr/local/include/opencv2/core.hpp:60[m[K,
[5.370s]                  from [01m[K/usr/local/include/opencv2/core/core.hpp:48[m[K,
[5.370s]                  from [01m[K/home/jakeluo/Documents/MonitoringSystemRos2/src/qt/include/qt/mainwindow.h:6[m[K,
[5.370s]                  from [01m[K/home/jakeluo/Documents/MonitoringSystemRos2/src/qt/src/mainwindow.cpp:1[m[K:
[5.370s] [01m[K/usr/local/include/opencv2/core/persistence.hpp:921:6:[m[K [01;36m[Knote: [m[Kcandidate: â€˜[01m[Ktemplate<class _Tp> void cv::write(cv::FileStorage&, const cv::Size_<_Tp>&)[m[Kâ€™
[5.370s]   921 | void [01;36m[Kwrite[m[K(FileStorage& fs, const Size_<_Tp>& sz )
[5.370s]       |      [01;36m[K^~~~~[m[K
[5.370s] [01m[K/usr/local/include/opencv2/core/persistence.hpp:921:6:[m[K [01;36m[Knote: [m[K  template argument deduction/substitution failed:
[5.370s] [01m[K/home/jakeluo/Documents/MonitoringSystemRos2/src/qt/src/mainwindow.cpp:1082:36:[m[K [01;36m[Knote: [m[K  â€˜[01m[Kcv::Mat[m[Kâ€™ is not derived from â€˜[01m[Kconst cv::Size_<_Tp>[m[Kâ€™
[5.370s]  1082 |         cv::write(time_string2, im2[01;36m[K)[m[K;
[5.370s]       |                                    [01;36m[K^[m[K
[5.370s] In file included from [01m[K/usr/local/include/opencv2/core.hpp:60[m[K,
[5.370s]                  from [01m[K/usr/local/include/opencv2/core/core.hpp:48[m[K,
[5.370s]                  from [01m[K/home/jakeluo/Documents/MonitoringSystemRos2/src/qt/include/qt/mainwindow.h:6[m[K,
[5.371s]                  from [01m[K/home/jakeluo/Documents/MonitoringSystemRos2/src/qt/src/mainwindow.cpp:1[m[K:
[5.371s] [01m[K/usr/local/include/opencv2/core/persistence.hpp:928:6:[m[K [01;36m[Knote: [m[Kcandidate: â€˜[01m[Ktemplate<class _Tp> void cv::write(cv::FileStorage&, const cv::Complex<_Tp>&)[m[Kâ€™
[5.371s]   928 | void [01;36m[Kwrite[m[K(FileStorage& fs, const Complex<_Tp>& c )
[5.371s]       |      [01;36m[K^~~~~[m[K
[5.371s] [01m[K/usr/local/include/opencv2/core/persistence.hpp:928:6:[m[K [01;36m[Knote: [m[K  template argument deduction/substitution failed:
[5.371s] [01m[K/home/jakeluo/Documents/MonitoringSystemRos2/src/qt/src/mainwindow.cpp:1082:36:[m[K [01;36m[Knote: [m[K  â€˜[01m[Kcv::Mat[m[Kâ€™ is not derived from â€˜[01m[Kconst cv::Complex<_Tp>[m[Kâ€™
[5.371s]  1082 |         cv::write(time_string2, im2[01;36m[K)[m[K;
[5.371s]       |                                    [01;36m[K^[m[K
[5.371s] In file included from [01m[K/usr/local/include/opencv2/core.hpp:60[m[K,
[5.371s]                  from [01m[K/usr/local/include/opencv2/core/core.hpp:48[m[K,
[5.371s]                  from [01m[K/home/jakeluo/Documents/MonitoringSystemRos2/src/qt/include/qt/mainwindow.h:6[m[K,
[5.371s]                  from [01m[K/home/jakeluo/Documents/MonitoringSystemRos2/src/qt/src/mainwindow.cpp:1[m[K:
[5.371s] [01m[K/usr/local/include/opencv2/core/persistence.hpp:935:6:[m[K [01;36m[Knote: [m[Kcandidate: â€˜[01m[Ktemplate<class _Tp> void cv::write(cv::FileStorage&, const cv::Rect_<_Tp>&)[m[Kâ€™
[5.371s]   935 | void [01;36m[Kwrite[m[K(FileStorage& fs, const Rect_<_Tp>& r )
[5.371s]       |      [01;36m[K^~~~~[m[K
[5.371s] [01m[K/usr/local/include/opencv2/core/persistence.hpp:935:6:[m[K [01;36m[Knote: [m[K  template argument deduction/substitution failed:
[5.371s] [01m[K/home/jakeluo/Documents/MonitoringSystemRos2/src/qt/src/mainwindow.cpp:1082:36:[m[K [01;36m[Knote: [m[K  â€˜[01m[Kcv::Mat[m[Kâ€™ is not derived from â€˜[01m[Kconst cv::Rect_<_Tp>[m[Kâ€™
[5.371s]  1082 |         cv::write(time_string2, im2[01;36m[K)[m[K;
[5.372s]       |                                    [01;36m[K^[m[K
[5.372s] In file included from [01m[K/usr/local/include/opencv2/core.hpp:60[m[K,
[5.372s]                  from [01m[K/usr/local/include/opencv2/core/core.hpp:48[m[K,
[5.372s]                  from [01m[K/home/jakeluo/Documents/MonitoringSystemRos2/src/qt/include/qt/mainwindow.h:6[m[K,
[5.372s]                  from [01m[K/home/jakeluo/Documents/MonitoringSystemRos2/src/qt/src/mainwindow.cpp:1[m[K:
[5.372s] [01m[K/usr/local/include/opencv2/core/persistence.hpp:944:6:[m[K [01;36m[Knote: [m[Kcandidate: â€˜[01m[Ktemplate<class _Tp, int cn> void cv::write(cv::FileStorage&, const cv::Vec<_Tp, m>&)[m[Kâ€™
[5.372s]   944 | void [01;36m[Kwrite[m[K(FileStorage& fs, const Vec<_Tp, cn>& v )
[5.372s]       |      [01;36m[K^~~~~[m[K
[5.372s] [01m[K/usr/local/include/opencv2/core/persistence.hpp:944:6:[m[K [01;36m[Knote: [m[K  template argument deduction/substitution failed:
[5.372s] [01m[K/home/jakeluo/Documents/MonitoringSystemRos2/src/qt/src/mainwindow.cpp:1082:36:[m[K [01;36m[Knote: [m[K  â€˜[01m[Kcv::Mat[m[Kâ€™ is not derived from â€˜[01m[Kconst cv::Vec<_Tp, m>[m[Kâ€™
[5.372s]  1082 |         cv::write(time_string2, im2[01;36m[K)[m[K;
[5.372s]       |                                    [01;36m[K^[m[K
[5.372s] In file included from [01m[K/usr/local/include/opencv2/core.hpp:60[m[K,
[5.372s]                  from [01m[K/usr/local/include/opencv2/core/core.hpp:48[m[K,
[5.372s]                  from [01m[K/home/jakeluo/Documents/MonitoringSystemRos2/src/qt/include/qt/mainwindow.h:6[m[K,
[5.372s]                  from [01m[K/home/jakeluo/Documents/MonitoringSystemRos2/src/qt/src/mainwindow.cpp:1[m[K:
[5.372s] [01m[K/usr/local/include/opencv2/core/persistence.hpp:951:6:[m[K [01;36m[Knote: [m[Kcandidate: â€˜[01m[Ktemplate<class _Tp> void cv::write(cv::FileStorage&, const cv::Scalar_<_Tp>&)[m[Kâ€™
[5.372s]   951 | void [01;36m[Kwrite[m[K(FileStorage& fs, const Scalar_<_Tp>& s )
[5.373s]       |      [01;36m[K^~~~~[m[K
[5.373s] [01m[K/usr/local/include/opencv2/core/persistence.hpp:951:6:[m[K [01;36m[Knote: [m[K  template argument deduction/substitution failed:
[5.373s] [01m[K/home/jakeluo/Documents/MonitoringSystemRos2/src/qt/src/mainwindow.cpp:1082:36:[m[K [01;36m[Knote: [m[K  â€˜[01m[Kcv::Mat[m[Kâ€™ is not derived from â€˜[01m[Kconst cv::Scalar_<_Tp>[m[Kâ€™
[5.373s]  1082 |         cv::write(time_string2, im2[01;36m[K)[m[K;
[5.373s]       |                                    [01;36m[K^[m[K
[5.373s] In file included from [01m[K/usr/local/include/opencv2/core.hpp:60[m[K,
[5.373s]                  from [01m[K/usr/local/include/opencv2/core/core.hpp:48[m[K,
[5.373s]                  from [01m[K/home/jakeluo/Documents/MonitoringSystemRos2/src/qt/include/qt/mainwindow.h:6[m[K,
[5.373s]                  from [01m[K/home/jakeluo/Documents/MonitoringSystemRos2/src/qt/src/mainwindow.cpp:1[m[K:
[5.373s] [01m[K/usr/local/include/opencv2/core/persistence.hpp:960:6:[m[K [01;36m[Knote: [m[Kcandidate: â€˜[01m[Kvoid cv::write(cv::FileStorage&, const cv::Range&)[m[Kâ€™
[5.373s]   960 | void [01;36m[Kwrite[m[K(FileStorage& fs, const Range& r )
[5.373s]       |      [01;36m[K^~~~~[m[K
[5.373s] [01m[K/usr/local/include/opencv2/core/persistence.hpp:960:25:[m[K [01;36m[Knote: [m[K  no known conversion for argument 1 from â€˜[01m[Kchar [100][m[Kâ€™ to â€˜[01m[Kcv::FileStorage&[m[Kâ€™
[5.373s]   960 | void write([01;36m[KFileStorage& fs[m[K, const Range& r )
[5.373s]       |            [01;36m[K~~~~~~~~~~~~~^~[m[K
[5.373s] [01m[K/usr/local/include/opencv2/core/persistence.hpp:967:6:[m[K [01;36m[Knote: [m[Kcandidate: â€˜[01m[Ktemplate<class _Tp> void cv::write(cv::FileStorage&, const std::vector<T>&)[m[Kâ€™
[5.373s]   967 | void [01;36m[Kwrite[m[K( FileStorage& fs, const std::vector<_Tp>& vec )
[5.373s]       |      [01;36m[K^~~~~[m[K
[5.373s] [01m[K/usr/local/include/opencv2/core/persistence.hpp:967:6:[m[K [01;36m[Knote: [m[K  template argument deduction/substitution failed:
[5.374s] [01m[K/home/jakeluo/Documents/MonitoringSystemRos2/src/qt/src/mainwindow.cpp:1082:36:[m[K [01;36m[Knote: [m[K  â€˜[01m[Kcv::Mat[m[Kâ€™ is not derived from â€˜[01m[Kconst std::vector<T>[m[Kâ€™
[5.374s]  1082 |         cv::write(time_string2, im2[01;36m[K)[m[K;
[5.374s]       |                                    [01;36m[K^[m[K
[5.374s] In file included from [01m[K/usr/local/include/opencv2/core.hpp:60[m[K,
[5.374s]                  from [01m[K/usr/local/include/opencv2/core/core.hpp:48[m[K,
[5.374s]                  from [01m[K/home/jakeluo/Documents/MonitoringSystemRos2/src/qt/include/qt/mainwindow.h:6[m[K,
[5.374s]                  from [01m[K/home/jakeluo/Documents/MonitoringSystemRos2/src/qt/src/mainwindow.cpp:1[m[K:
[5.374s] [01m[K/usr/local/include/opencv2/core/persistence.hpp:974:6:[m[K [01;36m[Knote: [m[Kcandidate: â€˜[01m[Ktemplate<class _Tp> void cv::write(cv::FileStorage&, const cv::String&, const cv::Point_<_Tp>&)[m[Kâ€™
[5.374s]   974 | void [01;36m[Kwrite[m[K(FileStorage& fs, const String& name, const Point_<_Tp>& pt )
[5.374s]       |      [01;36m[K^~~~~[m[K
[5.374s] [01m[K/usr/local/include/opencv2/core/persistence.hpp:974:6:[m[K [01;36m[Knote: [m[K  template argument deduction/substitution failed:
[5.374s] [01m[K/home/jakeluo/Documents/MonitoringSystemRos2/src/qt/src/mainwindow.cpp:1082:36:[m[K [01;36m[Knote: [m[K  candidate expects 3 arguments, 2 provided
[5.374s]  1082 |         cv::write(time_string2, im2[01;36m[K)[m[K;
[5.374s]       |                                    [01;36m[K^[m[K
[5.374s] In file included from [01m[K/usr/local/include/opencv2/core.hpp:60[m[K,
[5.374s]                  from [01m[K/usr/local/include/opencv2/core/core.hpp:48[m[K,
[5.374s]                  from [01m[K/home/jakeluo/Documents/MonitoringSystemRos2/src/qt/include/qt/mainwindow.h:6[m[K,
[5.374s]                  from [01m[K/home/jakeluo/Documents/MonitoringSystemRos2/src/qt/src/mainwindow.cpp:1[m[K:
[5.375s] [01m[K/usr/local/include/opencv2/core/persistence.hpp:981:6:[m[K [01;36m[Knote: [m[Kcandidate: â€˜[01m[Ktemplate<class _Tp> void cv::write(cv::FileStorage&, const cv::String&, const cv::Point3_<_Tp>&)[m[Kâ€™
[5.375s]   981 | void [01;36m[Kwrite[m[K(FileStorage& fs, const String& name, const Point3_<_Tp>& pt )
[5.375s]       |      [01;36m[K^~~~~[m[K
[5.375s] [01m[K/usr/local/include/opencv2/core/persistence.hpp:981:6:[m[K [01;36m[Knote: [m[K  template argument deduction/substitution failed:
[5.375s] [01m[K/home/jakeluo/Documents/MonitoringSystemRos2/src/qt/src/mainwindow.cpp:1082:36:[m[K [01;36m[Knote: [m[K  candidate expects 3 arguments, 2 provided
[5.375s]  1082 |         cv::write(time_string2, im2[01;36m[K)[m[K;
[5.375s]       |                                    [01;36m[K^[m[K
[5.375s] In file included from [01m[K/usr/local/include/opencv2/core.hpp:60[m[K,
[5.375s]                  from [01m[K/usr/local/include/opencv2/core/core.hpp:48[m[K,
[5.375s]                  from [01m[K/home/jakeluo/Documents/MonitoringSystemRos2/src/qt/include/qt/mainwindow.h:6[m[K,
[5.375s]                  from [01m[K/home/jakeluo/Documents/MonitoringSystemRos2/src/qt/src/mainwindow.cpp:1[m[K:
[5.375s] [01m[K/usr/local/include/opencv2/core/persistence.hpp:988:6:[m[K [01;36m[Knote: [m[Kcandidate: â€˜[01m[Ktemplate<class _Tp> void cv::write(cv::FileStorage&, const cv::String&, const cv::Size_<_Tp>&)[m[Kâ€™
[5.375s]   988 | void [01;36m[Kwrite[m[K(FileStorage& fs, const String& name, const Size_<_Tp>& sz )
[5.375s]       |      [01;36m[K^~~~~[m[K
[5.375s] [01m[K/usr/local/include/opencv2/core/persistence.hpp:988:6:[m[K [01;36m[Knote: [m[K  template argument deduction/substitution failed:
[5.375s] [01m[K/home/jakeluo/Documents/MonitoringSystemRos2/src/qt/src/mainwindow.cpp:1082:36:[m[K [01;36m[Knote: [m[K  candidate expects 3 arguments, 2 provided
[5.375s]  1082 |         cv::write(time_string2, im2[01;36m[K)[m[K;
[5.375s]       |                                    [01;36m[K^[m[K
[5.376s] In file included from [01m[K/usr/local/include/opencv2/core.hpp:60[m[K,
[5.376s]                  from [01m[K/usr/local/include/opencv2/core/core.hpp:48[m[K,
[5.376s]                  from [01m[K/home/jakeluo/Documents/MonitoringSystemRos2/src/qt/include/qt/mainwindow.h:6[m[K,
[5.376s]                  from [01m[K/home/jakeluo/Documents/MonitoringSystemRos2/src/qt/src/mainwindow.cpp:1[m[K:
[5.376s] [01m[K/usr/local/include/opencv2/core/persistence.hpp:995:6:[m[K [01;36m[Knote: [m[Kcandidate: â€˜[01m[Ktemplate<class _Tp> void cv::write(cv::FileStorage&, const cv::String&, const cv::Complex<_Tp>&)[m[Kâ€™
[5.376s]   995 | void [01;36m[Kwrite[m[K(FileStorage& fs, const String& name, const Complex<_Tp>& c )
[5.376s]       |      [01;36m[K^~~~~[m[K
[5.376s] [01m[K/usr/local/include/opencv2/core/persistence.hpp:995:6:[m[K [01;36m[Knote: [m[K  template argument deduction/substitution failed:
[5.376s] [01m[K/home/jakeluo/Documents/MonitoringSystemRos2/src/qt/src/mainwindow.cpp:1082:36:[m[K [01;36m[Knote: [m[K  candidate expects 3 arguments, 2 provided
[5.376s]  1082 |         cv::write(time_string2, im2[01;36m[K)[m[K;
[5.376s]       |                                    [01;36m[K^[m[K
[5.376s] In file included from [01m[K/usr/local/include/opencv2/core.hpp:60[m[K,
[5.376s]                  from [01m[K/usr/local/include/opencv2/core/core.hpp:48[m[K,
[5.376s]                  from [01m[K/home/jakeluo/Documents/MonitoringSystemRos2/src/qt/include/qt/mainwindow.h:6[m[K,
[5.376s]                  from [01m[K/home/jakeluo/Documents/MonitoringSystemRos2/src/qt/src/mainwindow.cpp:1[m[K:
[5.376s] [01m[K/usr/local/include/opencv2/core/persistence.hpp:1002:6:[m[K [01;36m[Knote: [m[Kcandidate: â€˜[01m[Ktemplate<class _Tp> void cv::write(cv::FileStorage&, const cv::String&, const cv::Rect_<_Tp>&)[m[Kâ€™
[5.376s]  1002 | void [01;36m[Kwrite[m[K(FileStorage& fs, const String& name, const Rect_<_Tp>& r )
[5.377s]       |      [01;36m[K^~~~~[m[K
[5.377s] [01m[K/usr/local/include/opencv2/core/persistence.hpp:1002:6:[m[K [01;36m[Knote: [m[K  template argument deduction/substitution failed:
[5.377s] [01m[K/home/jakeluo/Documents/MonitoringSystemRos2/src/qt/src/mainwindow.cpp:1082:36:[m[K [01;36m[Knote: [m[K  candidate expects 3 arguments, 2 provided
[5.377s]  1082 |         cv::write(time_string2, im2[01;36m[K)[m[K;
[5.377s]       |                                    [01;36m[K^[m[K
[5.377s] In file included from [01m[K/usr/local/include/opencv2/core.hpp:60[m[K,
[5.377s]                  from [01m[K/usr/local/include/opencv2/core/core.hpp:48[m[K,
[5.377s]                  from [01m[K/home/jakeluo/Documents/MonitoringSystemRos2/src/qt/include/qt/mainwindow.h:6[m[K,
[5.377s]                  from [01m[K/home/jakeluo/Documents/MonitoringSystemRos2/src/qt/src/mainwindow.cpp:1[m[K:
[5.377s] [01m[K/usr/local/include/opencv2/core/persistence.hpp:1009:6:[m[K [01;36m[Knote: [m[Kcandidate: â€˜[01m[Ktemplate<class _Tp, int cn> void cv::write(cv::FileStorage&, const cv::String&, const cv::Vec<_Tp, m>&)[m[Kâ€™
[5.377s]  1009 | void [01;36m[Kwrite[m[K(FileStorage& fs, const String& name, const Vec<_Tp, cn>& v )
[5.377s]       |      [01;36m[K^~~~~[m[K
[5.377s] [01m[K/usr/local/include/opencv2/core/persistence.hpp:1009:6:[m[K [01;36m[Knote: [m[K  template argument deduction/substitution failed:
[5.377s] [01m[K/home/jakeluo/Documents/MonitoringSystemRos2/src/qt/src/mainwindow.cpp:1082:36:[m[K [01;36m[Knote: [m[K  candidate expects 3 arguments, 2 provided
[5.377s]  1082 |         cv::write(time_string2, im2[01;36m[K)[m[K;
[5.377s]       |                                    [01;36m[K^[m[K
[5.377s] In file included from [01m[K/usr/local/include/opencv2/core.hpp:60[m[K,
[5.377s]                  from [01m[K/usr/local/include/opencv2/core/core.hpp:48[m[K,
[5.378s]                  from [01m[K/home/jakeluo/Documents/MonitoringSystemRos2/src/qt/include/qt/mainwindow.h:6[m[K,
[5.378s]                  from [01m[K/home/jakeluo/Documents/MonitoringSystemRos2/src/qt/src/mainwindow.cpp:1[m[K:
[5.378s] [01m[K/usr/local/include/opencv2/core/persistence.hpp:1016:6:[m[K [01;36m[Knote: [m[Kcandidate: â€˜[01m[Ktemplate<class _Tp> void cv::write(cv::FileStorage&, const cv::String&, const cv::Scalar_<_Tp>&)[m[Kâ€™
[5.378s]  1016 | void [01;36m[Kwrite[m[K(FileStorage& fs, const String& name, const Scalar_<_Tp>& s )
[5.378s]       |      [01;36m[K^~~~~[m[K
[5.378s] [01m[K/usr/local/include/opencv2/core/persistence.hpp:1016:6:[m[K [01;36m[Knote: [m[K  template argument deduction/substitution failed:
[5.378s] [01m[K/home/jakeluo/Documents/MonitoringSystemRos2/src/qt/src/mainwindow.cpp:1082:36:[m[K [01;36m[Knote: [m[K  candidate expects 3 arguments, 2 provided
[5.378s]  1082 |         cv::write(time_string2, im2[01;36m[K)[m[K;
[5.378s]       |                                    [01;36m[K^[m[K
[5.378s] In file included from [01m[K/usr/local/include/opencv2/core.hpp:60[m[K,
[5.378s]                  from [01m[K/usr/local/include/opencv2/core/core.hpp:48[m[K,
[5.378s]                  from [01m[K/home/jakeluo/Documents/MonitoringSystemRos2/src/qt/include/qt/mainwindow.h:6[m[K,
[5.378s]                  from [01m[K/home/jakeluo/Documents/MonitoringSystemRos2/src/qt/src/mainwindow.cpp:1[m[K:
[5.378s] [01m[K/usr/local/include/opencv2/core/persistence.hpp:1023:6:[m[K [01;36m[Knote: [m[Kcandidate: â€˜[01m[Kvoid cv::write(cv::FileStorage&, const cv::String&, const cv::Range&)[m[Kâ€™
[5.378s]  1023 | void [01;36m[Kwrite[m[K(FileStorage& fs, const String& name, const Range& r )
[5.378s]       |      [01;36m[K^~~~~[m[K
[5.378s] [01m[K/usr/local/include/opencv2/core/persistence.hpp:1023:6:[m[K [01;36m[Knote: [m[K  candidate expects 3 arguments, 2 provided
[5.378s] [01m[K/usr/local/include/opencv2/core/persistence.hpp:1030:6:[m[K [01;36m[Knote: [m[Kcandidate: â€˜[01m[Kvoid cv::write(cv::FileStorage&, const cv::String&, const cv::KeyPoint&)[m[Kâ€™
[5.379s]  1030 | void [01;36m[Kwrite[m[K(FileStorage& fs, const String& name, const KeyPoint& kpt)
[5.379s]       |      [01;36m[K^~~~~[m[K
[5.379s] [01m[K/usr/local/include/opencv2/core/persistence.hpp:1030:6:[m[K [01;36m[Knote: [m[K  candidate expects 3 arguments, 2 provided
[5.379s] [01m[K/usr/local/include/opencv2/core/persistence.hpp:1043:6:[m[K [01;36m[Knote: [m[Kcandidate: â€˜[01m[Kvoid cv::write(cv::FileStorage&, const cv::String&, const cv::DMatch&)[m[Kâ€™
[5.379s]  1043 | void [01;36m[Kwrite[m[K(FileStorage& fs, const String& name, const DMatch& m)
[5.379s]       |      [01;36m[K^~~~~[m[K
[5.379s] [01m[K/usr/local/include/opencv2/core/persistence.hpp:1043:6:[m[K [01;36m[Knote: [m[K  candidate expects 3 arguments, 2 provided
[5.379s] [01m[K/usr/local/include/opencv2/core/persistence.hpp:1053:6:[m[K [01;36m[Knote: [m[Kcandidate: â€˜[01m[Ktemplate<class _Tp> void cv::write(cv::FileStorage&, const cv::String&, const std::vector<T>&)[m[Kâ€™
[5.379s]  1053 | void [01;36m[Kwrite[m[K( FileStorage& fs, const String& name, const std::vector<_Tp>& vec )
[5.379s]       |      [01;36m[K^~~~~[m[K
[5.379s] [01m[K/usr/local/include/opencv2/core/persistence.hpp:1053:6:[m[K [01;36m[Knote: [m[K  template argument deduction/substitution failed:
[5.379s] [01m[K/home/jakeluo/Documents/MonitoringSystemRos2/src/qt/src/mainwindow.cpp:1082:36:[m[K [01;36m[Knote: [m[K  candidate expects 3 arguments, 2 provided
[5.379s]  1082 |         cv::write(time_string2, im2[01;36m[K)[m[K;
[5.379s]       |                                    [01;36m[K^[m[K
[5.379s] In file included from [01m[K/usr/local/include/opencv2/core.hpp:60[m[K,
[5.379s]                  from [01m[K/usr/local/include/opencv2/core/core.hpp:48[m[K,
[5.379s]                  from [01m[K/home/jakeluo/Documents/MonitoringSystemRos2/src/qt/include/qt/mainwindow.h:6[m[K,
[5.379s]                  from [01m[K/home/jakeluo/Documents/MonitoringSystemRos2/src/qt/src/mainwindow.cpp:1[m[K:
[5.379s] [01m[K/usr/local/include/opencv2/core/persistence.hpp:1060:6:[m[K [01;36m[Knote: [m[Kcandidate: â€˜[01m[Ktemplate<class _Tp> void cv::write(cv::FileStorage&, const cv::String&, const std::vector<std::vector<T> >&)[m[Kâ€™
[5.380s]  1060 | void [01;36m[Kwrite[m[K( FileStorage& fs, const String& name, const std::vector< std::vector<_Tp> >& vec )
[5.380s]       |      [01;36m[K^~~~~[m[K
[5.380s] [01m[K/usr/local/include/opencv2/core/persistence.hpp:1060:6:[m[K [01;36m[Knote: [m[K  template argument deduction/substitution failed:
[5.380s] [01m[K/home/jakeluo/Documents/MonitoringSystemRos2/src/qt/src/mainwindow.cpp:1082:36:[m[K [01;36m[Knote: [m[K  candidate expects 3 arguments, 2 provided
[5.380s]  1082 |         cv::write(time_string2, im2[01;36m[K)[m[K;
[5.380s]       |                                    [01;36m[K^[m[K
[5.380s] In file included from [01m[K/usr/local/include/opencv2/core.hpp:60[m[K,
[5.380s]                  from [01m[K/usr/local/include/opencv2/core/core.hpp:48[m[K,
[5.380s]                  from [01m[K/home/jakeluo/Documents/MonitoringSystemRos2/src/qt/include/qt/mainwindow.h:6[m[K,
[5.380s]                  from [01m[K/home/jakeluo/Documents/MonitoringSystemRos2/src/qt/src/mainwindow.cpp:1[m[K:
[5.380s] [01m[K/usr/local/include/opencv2/core/persistence.hpp:1073:20:[m[K [01;36m[Knote: [m[Kcandidate: â€˜[01m[Kvoid cv::write(cv::FileStorage&, const cv::KeyPoint&)[m[Kâ€™
[5.380s]  1073 | static inline void [01;36m[Kwrite[m[K(FileStorage& fs, const KeyPoint& kpt) { write(fs, String(), kpt); }
[5.380s]       |                    [01;36m[K^~~~~[m[K
[5.380s] [01m[K/usr/local/include/opencv2/core/persistence.hpp:1073:39:[m[K [01;36m[Knote: [m[K  no known conversion for argument 1 from â€˜[01m[Kchar [100][m[Kâ€™ to â€˜[01m[Kcv::FileStorage&[m[Kâ€™
[5.380s]  1073 | static inline void write([01;36m[KFileStorage& fs[m[K, const KeyPoint& kpt) { write(fs, String(), kpt); }
[5.380s]       |                          [01;36m[K~~~~~~~~~~~~~^~[m[K
[5.380s] [01m[K/usr/local/include/opencv2/core/persistence.hpp:1074:20:[m[K [01;36m[Knote: [m[Kcandidate: â€˜[01m[Kvoid cv::write(cv::FileStorage&, const cv::DMatch&)[m[Kâ€™
[5.380s]  1074 | static inline void [01;36m[Kwrite[m[K(FileStorage& fs, const DMatch& m) { write(fs, String(), m); }
[5.381s]       |                    [01;36m[K^~~~~[m[K
[5.381s] [01m[K/usr/local/include/opencv2/core/persistence.hpp:1074:39:[m[K [01;36m[Knote: [m[K  no known conversion for argument 1 from â€˜[01m[Kchar [100][m[Kâ€™ to â€˜[01m[Kcv::FileStorage&[m[Kâ€™
[5.381s]  1074 | static inline void write([01;36m[KFileStorage& fs[m[K, const DMatch& m) { write(fs, String(), m); }
[5.381s]       |                          [01;36m[K~~~~~~~~~~~~~^~[m[K
[5.381s] [01m[K/usr/local/include/opencv2/core/persistence.hpp:1075:20:[m[K [01;36m[Knote: [m[Kcandidate: â€˜[01m[Kvoid cv::write(cv::FileStorage&, const std::vector<cv::KeyPoint>&)[m[Kâ€™
[5.381s]  1075 | static inline void [01;36m[Kwrite[m[K(FileStorage& fs, const std::vector<KeyPoint>& vec)
[5.381s]       |                    [01;36m[K^~~~~[m[K
[5.381s] [01m[K/usr/local/include/opencv2/core/persistence.hpp:1075:39:[m[K [01;36m[Knote: [m[K  no known conversion for argument 1 from â€˜[01m[Kchar [100][m[Kâ€™ to â€˜[01m[Kcv::FileStorage&[m[Kâ€™
[5.381s]  1075 | static inline void write([01;36m[KFileStorage& fs[m[K, const std::vector<KeyPoint>& vec)
[5.381s]       |                          [01;36m[K~~~~~~~~~~~~~^~[m[K
[5.381s] [01m[K/usr/local/include/opencv2/core/persistence.hpp:1080:20:[m[K [01;36m[Knote: [m[Kcandidate: â€˜[01m[Kvoid cv::write(cv::FileStorage&, const std::vector<cv::DMatch>&)[m[Kâ€™
[5.381s]  1080 | static inline void [01;36m[Kwrite[m[K(FileStorage& fs, const std::vector<DMatch>& vec)
[5.381s]       |                    [01;36m[K^~~~~[m[K
[5.381s] [01m[K/usr/local/include/opencv2/core/persistence.hpp:1080:39:[m[K [01;36m[Knote: [m[K  no known conversion for argument 1 from â€˜[01m[Kchar [100][m[Kâ€™ to â€˜[01m[Kcv::FileStorage&[m[Kâ€™
[5.381s]  1080 | static inline void write([01;36m[KFileStorage& fs[m[K, const std::vector<DMatch>& vec)
[5.381s]       |                          [01;36m[K~~~~~~~~~~~~~^~[m[K
[10.976s] make[2]: *** [CMakeFiles/gui.dir/build.make:93ï¼šCMakeFiles/gui.dir/src/mainwindow.cpp.o] é”™è¯¯ 1
[10.976s] make[1]: *** [CMakeFiles/Makefile2:79ï¼šCMakeFiles/gui.dir/all] é”™è¯¯ 2
[10.976s] make: *** [Makefile:141ï¼šall] é”™è¯¯ 2
[10.978s] Invoked command in '/home/jakeluo/Documents/MonitoringSystemRos2/src/build/qt' returned '2': CMAKE_PREFIX_PATH=/home/jakeluo/Documents/MonitoringSystemRos2/src/install/droneinterfaces:/home/jakeluo/Documents/MonitoringSystemRos2/src/install/qt:/home/jakeluo/Documents/MonitoringSystemRos2/src/install/droneutility:/home/jakeluo/Software/ros2_rolling/install/rosbag2:/home/jakeluo/Software/ros2_rolling/install/rosbag2_compression_zstd:/home/jakeluo/Software/ros2_rolling/install/zstd_vendor:/home/jakeluo/Software/ros2_rolling/install/rviz_visual_testing_framework:/home/jakeluo/Software/ros2_rolling/install/rviz2:/home/jakeluo/Software/ros2_rolling/install/rviz_default_plugins:/home/jakeluo/Software/ros2_rolling/install/rviz_common:/home/jakeluo/Software/ros2_rolling/install/rosbag2_py:/home/jakeluo/Software/ros2_rolling/install/rosbag2_transport:/home/jakeluo/Software/ros2_rolling/install/rosbag2_performance_benchmarking:/home/jakeluo/Software/ros2_rolling/install/rosbag2_compression:/home/jakeluo/Software/ros2_rolling/install/rosbag2_cpp:/home/jakeluo/Software/ros2_rolling/install/rosbag2_storage_default_plugins:/home/jakeluo/Software/ros2_rolling/install/rosbag2_storage:/home/jakeluo/Software/ros2_rolling/install/image_common:/home/jakeluo/Software/ros2_rolling/install/camera_info_manager:/home/jakeluo/Software/ros2_rolling/install/camera_calibration_parsers:/home/jakeluo/Software/ros2_rolling/install/yaml_cpp_vendor:/home/jakeluo/Software/ros2_rolling/install/ros1_bridge:/home/jakeluo/Software/ros2_rolling/install/interactive_markers:/home/jakeluo/Software/ros2_rolling/install/common_interfaces:/home/jakeluo/Software/ros2_rolling/install/visualization_msgs:/home/jakeluo/Software/ros2_rolling/install/dummy_robot_bringup:/home/jakeluo/Software/ros2_rolling/install/robot_state_publisher:/home/jakeluo/Software/ros2_rolling/install/kdl_parser:/home/jakeluo/Software/ros2_rolling/install/urdf:/home/jakeluo/Software/ros2_rolling/install/urdfdom:/home/jakeluo/Software/ros2_rolling/install/urdf_parser_plugin:/home/jakeluo/Software/ros2_rolling/install/urdfdom_headers:/home/jakeluo/Software/ros2_rolling/install/turtlesim:/home/jakeluo/Software/ros2_rolling/install/geometry2:/home/jakeluo/Software/ros2_rolling/install/tf2_sensor_msgs:/home/jakeluo/Software/ros2_rolling/install/test_tf2:/home/jakeluo/Software/ros2_rolling/install/tf2_kdl:/home/jakeluo/Software/ros2_rolling/install/tf2_geometry_msgs:/home/jakeluo/Software/ros2_rolling/install/tf2_eigen:/home/jakeluo/Software/ros2_rolling/install/tf2_bullet:/home/jakeluo/Software/ros2_rolling/install/tf2_ros:/home/jakeluo/Software/ros2_rolling/install/tf2_py:/home/jakeluo/Software/ros2_rolling/install/tf2_msgs:/home/jakeluo/Software/ros2_rolling/install/test_msgs:/home/jakeluo/Software/ros2_rolling/install/sros2_cmake:/home/jakeluo/Software/ros2_rolling/install/ros2cli_common_extensions:/home/jakeluo/Software/ros2_rolling/install/rqt_py_common:/home/jakeluo/Software/ros2_rolling/install/ros_testing:/home/jakeluo/Software/ros2_rolling/install/ros2cli_test_interfaces:/home/jakeluo/Software/ros2_rolling/install/quality_of_service_demo_cpp:/home/jakeluo/Software/ros2_rolling/install/image_transport:/home/jakeluo/Software/ros2_rolling/install/message_filters:/home/jakeluo/Software/ros2_rolling/install/demo_nodes_cpp:/home/jakeluo/Software/ros2_rolling/install/composition:/home/jakeluo/Software/ros2_rolling/install/laser_geometry:/home/jakeluo/Software/ros2_rolling/install/rclpy:/home/jakeluo/Software/ros2_rolling/install/examples_rclcpp_minimal_action_server:/home/jakeluo/Software/ros2_rolling/install/examples_rclcpp_minimal_action_client:/home/jakeluo/Software/ros2_rolling/install/action_tutorials_cpp:/home/jakeluo/Software/ros2_rolling/install/rclcpp_action:/home/jakeluo/Software/ros2_rolling/install/rcl_action:/home/jakeluo/Software/ros2_rolling/install/examples_rclcpp_wait_set:/home/jakeluo/Software/ros2_rolling/install/examples_rclcpp_minimal_service:/home/jakeluo/Software/ros2_rolling/install/examples_rclcpp_minimal_client:/home/jakeluo/Software/ros2_rolling/install/examples_rclcpp_async_client:/home/jakeluo/Software/ros2_rolling/install/example_interfaces:/home/jakeluo/Software/ros2_rolling/install/action_tutorials_interfaces:/home/jakeluo/Software/ros2_rolling/install/action_msgs:/home/jakeluo/Software/ros2_rolling/install/unique_identifier_msgs:/home/jakeluo/Software/ros2_rolling/install/ament_lint_common:/home/jakeluo/Software/ros2_rolling/install/ament_cmake_uncrustify:/home/jakeluo/Software/ros2_rolling/install/uncrustify_vendor:/home/jakeluo/Software/ros2_rolling/install/trajectory_msgs:/home/jakeluo/Software/ros2_rolling/install/topic_statistics_demo:/home/jakeluo/Software/ros2_rolling/install/pendulum_control:/home/jakeluo/Software/ros2_rolling/install/tlsf_cpp:/home/jakeluo/Software/ros2_rolling/install/test_tracetools:/home/jakeluo/Software/ros2_rolling/install/rqt_gui_cpp:/home/jakeluo/Software/ros2_rolling/install/rosbag2_test_common:/home/jakeluo/Software/ros2_rolling/install/ros2lifecycle_test_fixtures:/home/jakeluo/Software/ros2_rolling/install/lifecycle:/home/jakeluo/Software/ros2_rolling/install/rclcpp_lifecycle:/home/jakeluo/Software/ros2_rolling/install/logging_demo:/home/jakeluo/Software/ros2_rolling/install/image_tools:/home/jakeluo/Software/ros2_rolling/install/examples_rclcpp_minimal_subscriber:/home/jakeluo/Software/ros2_rolling/install/examples_rclcpp_minimal_composition:/home/jakeluo/Software/ros2_rolling/install/demo_nodes_cpp_native:/home/jakeluo/Software/ros2_rolling/install/rclcpp_components:/home/jakeluo/Software/ros2_rolling/install/intra_process_demo:/home/jakeluo/Software/ros2_rolling/install/examples_rclcpp_multithreaded_executor:/home/jakeluo/Software/ros2_rolling/install/examples_rclcpp_minimal_timer:/home/jakeluo/Software/ros2_rolling/install/examples_rclcpp_minimal_publisher:/home/jakeluo/Software/ros2_rolling/install/examples_rclcpp_cbg_executor:/home/jakeluo/Software/ros2_rolling/install/dummy_sensors:/home/jakeluo/Software/ros2_rolling/install/dummy_map_server:/home/jakeluo/Software/ros2_rolling/install/rclcpp:/home/jakeluo/Software/ros2_rolling/install/rcl_lifecycle:/home/jakeluo/Software/ros2_rolling/install/libstatistics_collector:/home/jakeluo/Software/ros2_rolling/install/rcl:/home/jakeluo/Software/ros2_rolling/install/rmw_implementation:/home/jakeluo/Software/ros2_rolling/install/rmw_cyclonedds_cpp:/home/jakeluo/Software/ros2_rolling/install/tracetools:/home/jakeluo/Software/ros2_rolling/install/tlsf:/home/jakeluo/Software/ros2_rolling/install/tinyxml_vendor:/home/jakeluo/Software/ros2_rolling/install/qt_gui_core:/home/jakeluo/Software/ros2_rolling/install/qt_gui_cpp:/home/jakeluo/Software/ros2_rolling/install/pluginlib:/home/jakeluo/Software/ros2_rolling/install/tinyxml2_vendor:/home/jakeluo/Software/ros2_rolling/install/tf2_eigen_kdl:/home/jakeluo/Software/ros2_rolling/install/tf2:/home/jakeluo/Software/ros2_rolling/install/test_security:/home/jakeluo/Software/ros2_rolling/install/test_rmw_implementation:/home/jakeluo/Software/ros2_rolling/install/test_rclcpp:/home/jakeluo/Software/ros2_rolling/install/test_quality_of_service:/home/jakeluo/Software/ros2_rolling/install/test_launch_testing:/home/jakeluo/Software/ros2_rolling/install/test_interface_files:/home/jakeluo/Software/ros2_rolling/install/test_communication:/home/jakeluo/Software/ros2_rolling/install/test_cli_remapping:/home/jakeluo/Software/ros2_rolling/install/test_cli:/home/jakeluo/Software/ros2_rolling/install/qt_gui_app:/home/jakeluo/Software/ros2_rolling/install/qt_gui:/home/jakeluo/Software/ros2_rolling/install/tango_icons_vendor:/home/jakeluo/Software/ros2_rolling/install/stereo_msgs:/home/jakeluo/Software/ros2_rolling/install/std_srvs:/home/jakeluo/Software/ros2_rolling/install/shape_msgs:/home/jakeluo/Software/ros2_rolling/install/map_msgs:/home/jakeluo/Software/ros2_rolling/install/sensor_msgs:/home/jakeluo/Software/ros2_rolling/install/nav_msgs:/home/jakeluo/Software/ros2_rolling/install/diagnostic_msgs:/home/jakeluo/Software/ros2_rolling/install/geometry_msgs:/home/jakeluo/Software/ros2_rolling/install/actionlib_msgs:/home/jakeluo/Software/ros2_rolling/install/std_msgs:/home/jakeluo/Software/ros2_rolling/install/statistics_msgs:/home/jakeluo/Software/ros2_rolling/install/sqlite3_vendor:/home/jakeluo/Software/ros2_rolling/install/rcl_logging_spdlog:/home/jakeluo/Software/ros2_rolling/install/spdlog_vendor:/home/jakeluo/Software/ros2_rolling/install/shared_queues_vendor:/home/jakeluo/Software/ros2_rolling/install/rviz_rendering_tests:/home/jakeluo/Software/ros2_rolling/install/rviz_rendering:/home/jakeluo/Software/ros2_rolling/install/rviz_ogre_vendor:/home/jakeluo/Software/ros2_rolling/install/rviz_assimp_vendor:/home/jakeluo/Software/ros2_rolling/install/rttest:/home/jakeluo/Software/ros2_rolling/install/rmw_connextddsmicro:/home/jakeluo/Software/ros2_rolling/install/rmw_connextdds:/home/jakeluo/Software/ros2_rolling/install/rmw_connextdds_common:/home/jakeluo/Software/ros2_rolling/install/rti_connext_dds_cmake_module:/home/jakeluo/Software/ros2_rolling/install/rosgraph_msgs:/home/jakeluo/Software/ros2_rolling/install/rosbag2_interfaces:/home/jakeluo/Software/ros2_rolling/install/rmw_fastrtps_dynamic_cpp:/home/jakeluo/Software/ros2_rolling/install/rmw_fastrtps_cpp:/home/jakeluo/Software/ros2_rolling/install/rmw_fastrtps_shared_cpp:/home/jakeluo/Software/ros2_rolling/install/rmw_dds_common:/home/jakeluo/Software/ros2_rolling/install/composition_interfaces:/home/jakeluo/Software/ros2_rolling/install/rcl_interfaces:/home/jakeluo/Software/ros2_rolling/install/pendulum_msgs:/home/jakeluo/Software/ros2_rolling/install/lifecycle_msgs:/home/jakeluo/Software/ros2_rolling/install/builtin_interfaces:/home/jakeluo/Software/ros2_rolling/install/rosidl_default_runtime:/home/jakeluo/Software/ros2_rolling/install/rosidl_default_generators:/home/jakeluo/Software/ros2_rolling/install/rosidl_generator_py:/home/jakeluo/Software/ros2_rolling/install/rosidl_typesupport_cpp:/home/jakeluo/Software/ros2_rolling/install/rosidl_typesupport_introspection_cpp:/home/jakeluo/Software/ros2_rolling/install/rosidl_typesupport_c:/home/jakeluo/Software/ros2_rolling/install/rosidl_typesupport_introspection_c:/home/jakeluo/Software/ros2_rolling/install/rosidl_typesupport_fastrtps_c:/home/jakeluo/Software/ros2_rolling/install/rosidl_typesupport_fastrtps_cpp:/home/jakeluo/Software/ros2_rolling/install/rcl_yaml_param_parser:/home/jakeluo/Software/ros2_rolling/install/rmw:/home/jakeluo/Software/ros2_rolling/install/rosidl_runtime_c:/home/jakeluo/Software/ros2_rolling/install/rosidl_generator_cpp:/home/jakeluo/Software/ros2_rolling/install/rosidl_generator_c:/home/jakeluo/Software/ros2_rolling/install/rosidl_typesupport_interface:/home/jakeluo/Software/ros2_rolling/install/rosidl_runtime_cpp:/home/jakeluo/Software/ros2_rolling/install/rosidl_generator_dds_idl:/home/jakeluo/Software/ros2_rolling/install/rosidl_cmake:/home/jakeluo/Software/ros2_rolling/install/rosidl_parser:/home/jakeluo/Software/ros2_rolling/install/rosidl_adapter:/home/jakeluo/Software/ros2_rolling/install/rosbag2_tests:/home/jakeluo/Software/ros2_rolling/install/ros_environment:/home/jakeluo/Software/ros2_rolling/install/rmw_implementation_cmake:/home/jakeluo/Software/ros2_rolling/install/resource_retriever:/home/jakeluo/Software/ros2_rolling/install/class_loader:/home/jakeluo/Software/ros2_rolling/install/rcpputils:/home/jakeluo/Software/ros2_rolling/install/rcl_logging_noop:/home/jakeluo/Software/ros2_rolling/install/rcl_logging_interface:/home/jakeluo/Software/ros2_rolling/install/rcutils:/home/jakeluo/Software/ros2_rolling/install/qt_gui_py_common:/home/jakeluo/Software/ros2_rolling/install/qt_dotgraph:/home/jakeluo/Software/ros2_rolling/install/python_qt_binding:/home/jakeluo/Software/ros2_rolling/install/launch_testing_ament_cmake:/home/jakeluo/Software/ros2_rolling/install/python_cmake_module:/home/jakeluo/Software/ros2_rolling/install/pybind11_vendor:/home/jakeluo/Software/ros2_rolling/install/performance_test_fixture:/home/jakeluo/Software/ros2_rolling/install/osrf_testing_tools_cpp:/home/jakeluo/Software/ros2_rolling/install/orocos_kdl:/home/jakeluo/Software/ros2_rolling/install/mimick_vendor:/home/jakeluo/Software/ros2_rolling/install/libyaml_vendor:/home/jakeluo/Software/ros2_rolling/install/libcurl_vendor:/home/jakeluo/Software/ros2_rolling/install/keyboard_handler:/home/jakeluo/Software/ros2_rolling/install/cyclonedds:/home/jakeluo/Software/ros2_rolling/install/iceoryx_utils:/home/jakeluo/Software/ros2_rolling/install/iceoryx_posh:/home/jakeluo/Software/ros2_rolling/install/iceoryx_binding_c:/home/jakeluo/Software/ros2_rolling/install/ament_cmake_ros:/home/jakeluo/Software/ros2_rolling/install/ament_cmake_gmock:/home/jakeluo/Software/ros2_rolling/install/gmock_vendor:/home/jakeluo/Software/ros2_rolling/install/ament_cmake_gtest:/home/jakeluo/Software/ros2_rolling/install/gtest_vendor:/home/jakeluo/Software/ros2_rolling/install/ament_cmake_google_benchmark:/home/jakeluo/Software/ros2_rolling/install/google_benchmark_vendor:/home/jakeluo/Software/ros2_rolling/install/fastrtps:/home/jakeluo/Software/ros2_rolling/install/foonathan_memory_vendor:/home/jakeluo/Software/ros2_rolling/install/fastrtps_cmake_module:/home/jakeluo/Software/ros2_rolling/install/fastcdr:/home/jakeluo/Software/ros2_rolling/install/eigen3_cmake_module:/home/jakeluo/Software/ros2_rolling/install/console_bridge_vendor:/home/jakeluo/Software/ros2_rolling/install/ament_cmake_xmllint:/home/jakeluo/Software/ros2_rolling/install/ament_cmake_pyflakes:/home/jakeluo/Software/ros2_rolling/install/ament_cmake_pycodestyle:/home/jakeluo/Software/ros2_rolling/install/ament_cmake_pep257:/home/jakeluo/Software/ros2_rolling/install/ament_cmake_pclint:/home/jakeluo/Software/ros2_rolling/install/ament_lint_auto:/home/jakeluo/Software/ros2_rolling/install/ament_cmake_auto:/home/jakeluo/Software/ros2_rolling/install/ament_cmake:/home/jakeluo/Software/ros2_rolling/install/ament_cmake_version:/home/jakeluo/Software/ros2_rolling/install/ament_cmake_pytest:/home/jakeluo/Software/ros2_rolling/install/ament_cmake_nose:/home/jakeluo/Software/ros2_rolling/install/ament_cmake_mypy:/home/jakeluo/Software/ros2_rolling/install/ament_cmake_lint_cmake:/home/jakeluo/Software/ros2_rolling/install/ament_cmake_flake8:/home/jakeluo/Software/ros2_rolling/install/ament_cmake_cpplint:/home/jakeluo/Software/ros2_rolling/install/ament_cmake_cppcheck:/home/jakeluo/Software/ros2_rolling/install/ament_cmake_copyright:/home/jakeluo/Software/ros2_rolling/install/ament_cmake_clang_tidy:/home/jakeluo/Software/ros2_rolling/install/ament_cmake_clang_format:/home/jakeluo/Software/ros2_rolling/install/ament_cmake_test:/home/jakeluo/Software/ros2_rolling/install/ament_cmake_target_dependencies:/home/jakeluo/Software/ros2_rolling/install/ament_cmake_python:/home/jakeluo/Software/ros2_rolling/install/ament_cmake_export_dependencies:/home/jakeluo/Software/ros2_rolling/install/ament_cmake_libraries:/home/jakeluo/Software/ros2_rolling/install/ament_cmake_include_directories:/home/jakeluo/Software/ros2_rolling/install/ament_cmake_gen_version_h:/home/jakeluo/Software/ros2_rolling/install/ament_cmake_export_targets:/home/jakeluo/Software/ros2_rolling/install/ament_cmake_export_link_flags:/home/jakeluo/Software/ros2_rolling/install/ament_cmake_export_interfaces:/home/jakeluo/Software/ros2_rolling/install/ament_cmake_export_libraries:/home/jakeluo/Software/ros2_rolling/install/ament_cmake_export_include_directories:/home/jakeluo/Software/ros2_rolling/install/ament_cmake_export_definitions:/home/jakeluo/Software/ros2_rolling/install/ament_cmake_core:/home/jakeluo/Software/ros2_rolling/install/ament_index_cpp:/home/jakeluo/Documents/MonitoringSystemRos2/src/install/humanpose:/home/jakeluo/Software/ros2_rolling/install/rqt_bag_plugins:/home/jakeluo/Software/ros2_rolling/install/rqt_bag:/home/jakeluo/Software/ros2_rolling/install/ros2bag:/home/jakeluo/Software/ros2_rolling/install/tracetools_test:/home/jakeluo/Software/ros2_rolling/install/tracetools_launch:/home/jakeluo/Software/ros2_rolling/install/topic_monitor:/home/jakeluo/Software/ros2_rolling/install/tf2_tools:/home/jakeluo/Software/ros2_rolling/install/examples_tf2_py:/home/jakeluo/Software/ros2_rolling/install/tf2_ros_py:/home/jakeluo/Software/ros2_rolling/install/sros2:/home/jakeluo/Software/ros2_rolling/install/rqt_topic:/home/jakeluo/Software/ros2_rolling/install/rqt_top:/home/jakeluo/Software/ros2_rolling/install/rqt_srv:/home/jakeluo/Software/ros2_rolling/install/rqt_shell:/home/jakeluo/Software/ros2_rolling/install/rqt_service_caller:/home/jakeluo/Software/ros2_rolling/install/rqt_reconfigure:/home/jakeluo/Software/ros2_rolling/install/rqt_py_console:/home/jakeluo/Software/ros2_rolling/install/rqt_publisher:/home/jakeluo/Software/ros2_rolling/install/rqt_plot:/home/jakeluo/Software/ros2_rolling/install/rqt_action:/home/jakeluo/Software/ros2_rolling/install/rqt_msg:/home/jakeluo/Software/ros2_rolling/install/rqt_console:/home/jakeluo/Software/ros2_rolling/install/rqt:/home/jakeluo/Software/ros2_rolling/install/rqt_graph:/home/jakeluo/Software/ros2_rolling/install/rqt_gui_py:/home/jakeluo/Software/ros2_rolling/install/rqt_gui:/home/jakeluo/Software/ros2_rolling/install/ros2trace:/home/jakeluo/Software/ros2_rolling/install/ros2topic:/home/jakeluo/Software/ros2_rolling/install/ros2test:/home/jakeluo/Software/ros2_rolling/install/ros2component:/home/jakeluo/Software/ros2_rolling/install/ros2param:/home/jakeluo/Software/ros2_rolling/install/ros2lifecycle:/home/jakeluo/Software/ros2_rolling/install/ros2service:/home/jakeluo/Software/ros2_rolling/install/ros2run:/home/jakeluo/Software/ros2_rolling/install/ros2launch:/home/jakeluo/Software/ros2_rolling/install/ros2pkg:/home/jakeluo/Software/ros2_rolling/install/ros2node:/home/jakeluo/Software/ros2_rolling/install/ros2multicast:/home/jakeluo/Software/ros2_rolling/install/ros2interface:/home/jakeluo/Software/ros2_rolling/install/ros2doctor:/home/jakeluo/Software/ros2_rolling/install/ros2action:/home/jakeluo/Software/ros2_rolling/install/ros2cli:/home/jakeluo/Software/ros2_rolling/install/quality_of_service_demo_py:/home/jakeluo/Software/ros2_rolling/install/launch_testing_ros:/home/jakeluo/Software/ros2_rolling/install/launch_ros:/home/jakeluo/Software/ros2_rolling/install/examples_rclpy_pointcloud_publisher:/home/jakeluo/Software/ros2_rolling/install/examples_rclpy_minimal_subscriber:/home/jakeluo/Software/ros2_rolling/install/examples_rclpy_minimal_service:/home/jakeluo/Software/ros2_rolling/install/examples_rclpy_minimal_publisher:/home/jakeluo/Software/ros2_rolling/install/examples_rclpy_minimal_client:/home/jakeluo/Software/ros2_rolling/install/examples_rclpy_minimal_action_server:/home/jakeluo/Software/ros2_rolling/install/examples_rclpy_minimal_action_client:/home/jakeluo/Software/ros2_rolling/install/examples_rclpy_guard_conditions:/home/jakeluo/Software/ros2_rolling/install/examples_rclpy_executors:/home/jakeluo/Software/ros2_rolling/install/demo_nodes_py:/home/jakeluo/Software/ros2_rolling/install/action_tutorials_py:/home/jakeluo/Software/ros2_rolling/install/ament_uncrustify:/home/jakeluo/Software/ros2_rolling/install/tracetools_trace:/home/jakeluo/Software/ros2_rolling/install/tracetools_read:/home/jakeluo/Software/ros2_rolling/install/test_launch_ros:/home/jakeluo/Software/ros2_rolling/install/sensor_msgs_py:/home/jakeluo/Software/ros2_rolling/install/rpyutils:/home/jakeluo/Software/ros2_rolling/install/rosidl_runtime_py:/home/jakeluo/Software/ros2_rolling/install/rosidl_cli:/home/jakeluo/Software/ros2_rolling/install/launch_yaml:/home/jakeluo/Software/ros2_rolling/install/launch_xml:/home/jakeluo/Software/ros2_rolling/install/launch_testing:/home/jakeluo/Software/ros2_rolling/install/launch:/home/jakeluo/Software/ros2_rolling/install/osrf_pycommon:/home/jakeluo/Software/ros2_rolling/install/domain_coordinator:/home/jakeluo/Software/ros2_rolling/install/ament_xmllint:/home/jakeluo/Software/ros2_rolling/install/ament_pyflakes:/home/jakeluo/Software/ros2_rolling/install/ament_pycodestyle:/home/jakeluo/Software/ros2_rolling/install/ament_pep257:/home/jakeluo/Software/ros2_rolling/install/ament_pclint:/home/jakeluo/Software/ros2_rolling/install/ament_package:/home/jakeluo/Software/ros2_rolling/install/ament_mypy:/home/jakeluo/Software/ros2_rolling/install/ament_lint_cmake:/home/jakeluo/Software/ros2_rolling/install/ament_flake8:/home/jakeluo/Software/ros2_rolling/install/ament_copyright:/home/jakeluo/Software/ros2_rolling/install/ament_lint:/home/jakeluo/Software/ros2_rolling/install/ament_index_python:/home/jakeluo/Software/ros2_rolling/install/ament_cpplint:/home/jakeluo/Software/ros2_rolling/install/ament_cppcheck:/home/jakeluo/Software/ros2_rolling/install/ament_clang_tidy:/home/jakeluo/Software/ros2_rolling/install/ament_clang_format LD_LIBRARY_PATH=/home/jakeluo/Documents/MonitoringSystemRos2/src/install/droneinterfaces/lib:/home/jakeluo/Software/ros2_rolling/install/rosbag2_compression_zstd/lib:/home/jakeluo/Software/ros2_rolling/install/zstd_vendor/lib:/home/jakeluo/Software/ros2_rolling/install/rviz_default_plugins/lib:/home/jakeluo/Software/ros2_rolling/install/rviz_common/lib:/home/jakeluo/Software/ros2_rolling/install/rosbag2_transport/lib:/home/jakeluo/Software/ros2_rolling/install/rosbag2_compression/lib:/home/jakeluo/Software/ros2_rolling/install/rosbag2_cpp/lib:/home/jakeluo/Software/ros2_rolling/install/rosbag2_storage_default_plugins/lib:/home/jakeluo/Software/ros2_rolling/install/rosbag2_storage/lib:/home/jakeluo/Software/ros2_rolling/install/camera_info_manager/lib:/home/jakeluo/Software/ros2_rolling/install/camera_calibration_parsers/lib:/home/jakeluo/Software/ros2_rolling/install/yaml_cpp_vendor/opt/yaml_cpp_vendor/lib:/home/jakeluo/Software/ros2_rolling/install/interactive_markers/lib:/home/jakeluo/Software/ros2_rolling/install/visualization_msgs/lib:/home/jakeluo/Software/ros2_rolling/install/robot_state_publisher/lib:/home/jakeluo/Software/ros2_rolling/install/kdl_parser/lib:/home/jakeluo/Software/ros2_rolling/install/urdf/lib:/home/jakeluo/Software/ros2_rolling/install/urdfdom/lib:/home/jakeluo/Software/ros2_rolling/install/turtlesim/lib:/home/jakeluo/Software/ros2_rolling/install/tf2_ros/lib:/home/jakeluo/Software/ros2_rolling/install/tf2_msgs/lib:/home/jakeluo/Software/ros2_rolling/install/test_msgs/lib:/home/jakeluo/Software/ros2_rolling/install/ros2cli_test_interfaces/lib:/home/jakeluo/Software/ros2_rolling/install/quality_of_service_demo_cpp/lib:/home/jakeluo/Software/ros2_rolling/install/image_transport/lib:/home/jakeluo/Software/ros2_rolling/install/message_filters/lib:/home/jakeluo/Software/ros2_rolling/install/demo_nodes_cpp/lib:/home/jakeluo/Software/ros2_rolling/install/composition/lib:/home/jakeluo/Software/ros2_rolling/install/laser_geometry/lib:/home/jakeluo/Software/ros2_rolling/install/rclpy/lib:/home/jakeluo/Software/ros2_rolling/install/action_tutorials_cpp/lib:/home/jakeluo/Software/ros2_rolling/install/rclcpp_action/lib:/home/jakeluo/Software/ros2_rolling/install/rcl_action/lib:/home/jakeluo/Software/ros2_rolling/install/examples_rclcpp_wait_set/lib:/home/jakeluo/Software/ros2_rolling/install/example_interfaces/lib:/home/jakeluo/Software/ros2_rolling/install/action_tutorials_interfaces/lib:/home/jakeluo/Software/ros2_rolling/install/action_msgs/lib:/home/jakeluo/Software/ros2_rolling/install/unique_identifier_msgs/lib:/home/jakeluo/Software/ros2_rolling/install/trajectory_msgs/lib:/home/jakeluo/Software/ros2_rolling/install/rqt_gui_cpp/lib:/home/jakeluo/Software/ros2_rolling/install/rclcpp_lifecycle/lib:/home/jakeluo/Software/ros2_rolling/install/logging_demo/lib:/home/jakeluo/Software/ros2_rolling/install/image_tools/lib:/home/jakeluo/Software/ros2_rolling/install/examples_rclcpp_minimal_subscriber/lib:/home/jakeluo/Software/ros2_rolling/install/examples_rclcpp_minimal_composition/lib:/home/jakeluo/Software/ros2_rolling/install/demo_nodes_cpp_native/lib:/home/jakeluo/Software/ros2_rolling/install/rclcpp_components/lib:/home/jakeluo/Software/ros2_rolling/install/rclcpp/lib:/home/jakeluo/Software/ros2_rolling/install/rcl_lifecycle/lib:/home/jakeluo/Software/ros2_rolling/install/libstatistics_collector/lib:/home/jakeluo/Software/ros2_rolling/install/rcl/lib:/home/jakeluo/Software/ros2_rolling/install/rmw_implementation/lib:/home/jakeluo/Software/ros2_rolling/install/rmw_cyclonedds_cpp/lib:/home/jakeluo/Software/ros2_rolling/install/tracetools/lib:/home/jakeluo/Software/ros2_rolling/install/tlsf/lib:/home/jakeluo/Software/ros2_rolling/install/qt_gui_cpp/lib:/home/jakeluo/Software/ros2_rolling/install/tf2_eigen_kdl/lib:/home/jakeluo/Software/ros2_rolling/install/tf2/lib:/home/jakeluo/Software/ros2_rolling/install/stereo_msgs/lib:/home/jakeluo/Software/ros2_rolling/install/std_srvs/lib:/home/jakeluo/Software/ros2_rolling/install/shape_msgs/lib:/home/jakeluo/Software/ros2_rolling/install/map_msgs/lib:/home/jakeluo/Software/ros2_rolling/install/sensor_msgs/lib:/home/jakeluo/Software/ros2_rolling/install/nav_msgs/lib:/home/jakeluo/Software/ros2_rolling/install/diagnostic_msgs/lib:/home/jakeluo/Software/ros2_rolling/install/geometry_msgs/lib:/home/jakeluo/Software/ros2_rolling/install/actionlib_msgs/lib:/home/jakeluo/Software/ros2_rolling/install/std_msgs/lib:/home/jakeluo/Software/ros2_rolling/install/statistics_msgs/lib:/home/jakeluo/Software/ros2_rolling/install/rcl_logging_spdlog/lib:/home/jakeluo/Software/ros2_rolling/install/rviz_rendering/lib:/home/jakeluo/Software/ros2_rolling/install/rviz_ogre_vendor/opt/rviz_ogre_vendor/lib:/home/jakeluo/Software/ros2_rolling/install/rttest/lib:/home/jakeluo/Software/ros2_rolling/install/rosgraph_msgs/lib:/home/jakeluo/Software/ros2_rolling/install/rosbag2_interfaces/lib:/home/jakeluo/Software/ros2_rolling/install/rmw_fastrtps_dynamic_cpp/lib:/home/jakeluo/Software/ros2_rolling/install/rmw_fastrtps_cpp/lib:/home/jakeluo/Software/ros2_rolling/install/rmw_fastrtps_shared_cpp/lib:/home/jakeluo/Software/ros2_rolling/install/rmw_dds_common/lib:/home/jakeluo/Software/ros2_rolling/install/composition_interfaces/lib:/home/jakeluo/Software/ros2_rolling/install/rcl_interfaces/lib:/home/jakeluo/Software/ros2_rolling/install/pendulum_msgs/lib:/home/jakeluo/Software/ros2_rolling/install/lifecycle_msgs/lib:/home/jakeluo/Software/ros2_rolling/install/builtin_interfaces/lib:/home/jakeluo/Software/ros2_rolling/install/rosidl_typesupport_cpp/lib:/home/jakeluo/Software/ros2_rolling/install/rosidl_typesupport_introspection_cpp/lib:/home/jakeluo/Software/ros2_rolling/install/rosidl_typesupport_c/lib:/home/jakeluo/Software/ros2_rolling/install/rosidl_typesupport_introspection_c/lib:/home/jakeluo/Software/ros2_rolling/install/rosidl_typesupport_fastrtps_c/lib:/home/jakeluo/Software/ros2_rolling/install/rosidl_typesupport_fastrtps_cpp/lib:/home/jakeluo/Software/ros2_rolling/install/rcl_yaml_param_parser/lib:/home/jakeluo/Software/ros2_rolling/install/rmw/lib:/home/jakeluo/Software/ros2_rolling/install/rosidl_runtime_c/lib:/home/jakeluo/Software/ros2_rolling/install/resource_retriever/lib:/home/jakeluo/Software/ros2_rolling/install/class_loader/lib:/home/jakeluo/Software/ros2_rolling/install/rcpputils/lib:/home/jakeluo/Software/ros2_rolling/install/rcl_logging_noop/lib:/home/jakeluo/Software/ros2_rolling/install/rcl_logging_interface/lib:/home/jakeluo/Software/ros2_rolling/install/rcutils/lib:/home/jakeluo/Software/ros2_rolling/install/performance_test_fixture/lib:/home/jakeluo/Software/ros2_rolling/install/osrf_testing_tools_cpp/lib:/home/jakeluo/Software/ros2_rolling/install/orocos_kdl/lib:/home/jakeluo/Software/ros2_rolling/install/mimick_vendor/lib:/home/jakeluo/Software/ros2_rolling/install/libyaml_vendor/lib:/home/jakeluo/Software/ros2_rolling/install/keyboard_handler/lib:/home/jakeluo/Software/ros2_rolling/install/cyclonedds/lib:/home/jakeluo/Software/ros2_rolling/install/iceoryx_utils/lib:/home/jakeluo/Software/ros2_rolling/install/iceoryx_posh/lib:/home/jakeluo/Software/ros2_rolling/install/iceoryx_binding_c/lib:/home/jakeluo/Software/ros2_rolling/install/google_benchmark_vendor/lib:/home/jakeluo/Software/ros2_rolling/install/fastrtps/lib:/home/jakeluo/Software/ros2_rolling/install/fastcdr/lib:/home/jakeluo/Software/ros2_rolling/install/console_bridge_vendor/lib:/home/jakeluo/Software/ros2_rolling/install/ament_index_cpp/lib:/usr/local/cuda-11.2/targets/x86_64-linux/lib PYTHONPATH=/home/jakeluo/Documents/MonitoringSystemRos2/src/install/droneinterfaces/lib/python3.8/site-packages:/home/jakeluo/Documents/MonitoringSystemRos2/src/install/humanpose/lib/python3.8/site-packages:/home/jakeluo/Software/ros2_rolling/build/rqt_bag_plugins/src:/home/jakeluo/Software/ros2_rolling/install/rqt_bag_plugins/lib/python3.8/site-packages:/home/jakeluo/Software/ros2_rolling/build/rqt_bag/src:/home/jakeluo/Software/ros2_rolling/install/rqt_bag/lib/python3.8/site-packages:/home/jakeluo/Software/ros2_rolling/build/ros2bag:/home/jakeluo/Software/ros2_rolling/install/ros2bag/lib/python3.8/site-packages:/home/jakeluo/Software/ros2_rolling/install/rosbag2_py/lib/python3.8/site-packages:/home/jakeluo/Software/ros2_rolling/install/interactive_markers/lib/python3.8/site-packages:/home/jakeluo/Software/ros2_rolling/install/visualization_msgs/lib/python3.8/site-packages:/home/jakeluo/Software/ros2_rolling/install/turtlesim/lib/python3.8/site-packages:/home/jakeluo/Software/ros2_rolling/build/tracetools_test:/home/jakeluo/Software/ros2_rolling/install/tracetools_test/lib/python3.8/site-packages:/home/jakeluo/Software/ros2_rolling/build/tracetools_launch:/home/jakeluo/Software/ros2_rolling/install/tracetools_launch/lib/python3.8/site-packages:/home/jakeluo/Software/ros2_rolling/build/topic_monitor:/home/jakeluo/Software/ros2_rolling/install/topic_monitor/lib/python3.8/site-packages:/home/jakeluo/Software/ros2_rolling/build/tf2_tools:/home/jakeluo/Software/ros2_rolling/install/tf2_tools/lib/python3.8/site-packages:/home/jakeluo/Software/ros2_rolling/install/tf2_kdl/lib/python3.8/site-packages:/home/jakeluo/Software/ros2_rolling/build/examples_tf2_py:/home/jakeluo/Software/ros2_rolling/install/examples_tf2_py/lib/python3.8/site-packages:/home/jakeluo/Software/ros2_rolling/build/tf2_ros_py:/home/jakeluo/Software/ros2_rolling/install/tf2_ros_py/lib/python3.8/site-packages:/home/jakeluo/Software/ros2_rolling/install/tf2_py/lib/python3.8/site-packages:/home/jakeluo/Software/ros2_rolling/install/tf2_msgs/lib/python3.8/site-packages:/home/jakeluo/Software/ros2_rolling/install/test_msgs/lib/python3.8/site-packages:/home/jakeluo/Software/ros2_rolling/build/sros2:/home/jakeluo/Software/ros2_rolling/install/sros2/lib/python3.8/site-packages:/home/jakeluo/Software/ros2_rolling/build/rqt_topic/src:/home/jakeluo/Software/ros2_rolling/install/rqt_topic/lib/python3.8/site-packages:/home/jakeluo/Software/ros2_rolling/build/rqt_top/src:/home/jakeluo/Software/ros2_rolling/install/rqt_top/lib/python3.8/site-packages:/home/jakeluo/Software/ros2_rolling/build/rqt_srv/src:/home/jakeluo/Software/ros2_rolling/install/rqt_srv/lib/python3.8/site-packages:/home/jakeluo/Software/ros2_rolling/build/rqt_shell/src:/home/jakeluo/Software/ros2_rolling/install/rqt_shell/lib/python3.8/site-packages:/home/jakeluo/Software/ros2_rolling/build/rqt_service_caller/src:/home/jakeluo/Software/ros2_rolling/install/rqt_service_caller/lib/python3.8/site-packages:/home/jakeluo/Software/ros2_rolling/build/rqt_reconfigure/src:/home/jakeluo/Software/ros2_rolling/install/rqt_reconfigure/lib/python3.8/site-packages:/home/jakeluo/Software/ros2_rolling/build/rqt_py_console/src:/home/jakeluo/Software/ros2_rolling/install/rqt_py_console/lib/python3.8/site-packages:/home/jakeluo/Software/ros2_rolling/build/rqt_publisher/src:/home/jakeluo/Software/ros2_rolling/install/rqt_publisher/lib/python3.8/site-packages:/home/jakeluo/Software/ros2_rolling/build/rqt_plot/src:/home/jakeluo/Software/ros2_rolling/install/rqt_plot/lib/python3.8/site-packages:/home/jakeluo/Software/ros2_rolling/build/rqt_action/src:/home/jakeluo/Software/ros2_rolling/install/rqt_action/lib/python3.8/site-packages:/home/jakeluo/Software/ros2_rolling/build/rqt_msg/src:/home/jakeluo/Software/ros2_rolling/install/rqt_msg/lib/python3.8/site-packages:/home/jakeluo/Software/ros2_rolling/build/rqt_console/src:/home/jakeluo/Software/ros2_rolling/install/rqt_console/lib/python3.8/site-packages:/home/jakeluo/Software/ros2_rolling/build/rqt:/home/jakeluo/Software/ros2_rolling/install/rqt/lib/python3.8/site-packages:/home/jakeluo/Software/ros2_rolling/install/rqt_py_common/lib/python3.8/site-packages:/home/jakeluo/Software/ros2_rolling/build/rqt_graph/src:/home/jakeluo/Software/ros2_rolling/install/rqt_graph/lib/python3.8/site-packages:/home/jakeluo/Software/ros2_rolling/build/rqt_gui_py/src:/home/jakeluo/Software/ros2_rolling/install/rqt_gui_py/lib/python3.8/site-packages:/home/jakeluo/Software/ros2_rolling/build/rqt_gui/src:/home/jakeluo/Software/ros2_rolling/install/rqt_gui/lib/python3.8/site-packages:/home/jakeluo/Software/ros2_rolling/build/ros2trace:/home/jakeluo/Software/ros2_rolling/install/ros2trace/lib/python3.8/site-packages:/home/jakeluo/Software/ros2_rolling/build/ros2topic:/home/jakeluo/Software/ros2_rolling/install/ros2topic/lib/python3.8/site-packages:/home/jakeluo/Software/ros2_rolling/build/ros2test:/home/jakeluo/Software/ros2_rolling/install/ros2test/lib/python3.8/site-packages:/home/jakeluo/Software/ros2_rolling/build/ros2component:/home/jakeluo/Software/ros2_rolling/install/ros2component/lib/python3.8/site-packages:/home/jakeluo/Software/ros2_rolling/build/ros2param:/home/jakeluo/Software/ros2_rolling/install/ros2param/lib/python3.8/site-packages:/home/jakeluo/Software/ros2_rolling/build/ros2lifecycle:/home/jakeluo/Software/ros2_rolling/install/ros2lifecycle/lib/python3.8/site-packages:/home/jakeluo/Software/ros2_rolling/build/ros2service:/home/jakeluo/Software/ros2_rolling/install/ros2service/lib/python3.8/site-packages:/home/jakeluo/Software/ros2_rolling/build/ros2run:/home/jakeluo/Software/ros2_rolling/install/ros2run/lib/python3.8/site-packages:/home/jakeluo/Software/ros2_rolling/build/ros2launch:/home/jakeluo/Software/ros2_rolling/install/ros2launch/lib/python3.8/site-packages:/home/jakeluo/Software/ros2_rolling/build/ros2pkg:/home/jakeluo/Software/ros2_rolling/install/ros2pkg/lib/python3.8/site-packages:/home/jakeluo/Software/ros2_rolling/build/ros2node:/home/jakeluo/Software/ros2_rolling/install/ros2node/lib/python3.8/site-packages:/home/jakeluo/Software/ros2_rolling/build/ros2multicast:/home/jakeluo/Software/ros2_rolling/install/ros2multicast/lib/python3.8/site-packages:/home/jakeluo/Software/ros2_rolling/build/ros2interface:/home/jakeluo/Software/ros2_rolling/install/ros2interface/lib/python3.8/site-packages:/home/jakeluo/Software/ros2_rolling/build/ros2doctor:/home/jakeluo/Software/ros2_rolling/install/ros2doctor/lib/python3.8/site-packages:/home/jakeluo/Software/ros2_rolling/install/ros2cli_test_interfaces/lib/python3.8/site-packages:/home/jakeluo/Software/ros2_rolling/build/ros2action:/home/jakeluo/Software/ros2_rolling/install/ros2action/lib/python3.8/site-packages:/home/jakeluo/Software/ros2_rolling/build/ros2cli:/home/jakeluo/Software/ros2_rolling/install/ros2cli/lib/python3.8/site-packages:/home/jakeluo/Software/ros2_rolling/build/quality_of_service_demo_py:/home/jakeluo/Software/ros2_rolling/install/quality_of_service_demo_py/lib/python3.8/site-packages:/home/jakeluo/Software/ros2_rolling/install/message_filters/lib/python3.8/site-packages:/home/jakeluo/Software/ros2_rolling/build/launch_testing_ros:/home/jakeluo/Software/ros2_rolling/install/launch_testing_ros/lib/python3.8/site-packages:/home/jakeluo/Software/ros2_rolling/build/launch_ros:/home/jakeluo/Software/ros2_rolling/install/launch_ros/lib/python3.8/site-packages:/home/jakeluo/Software/ros2_rolling/install/laser_geometry/lib/python3.8/site-packages:/home/jakeluo/Software/ros2_rolling/build/examples_rclpy_pointcloud_publisher:/home/jakeluo/Software/ros2_rolling/install/examples_rclpy_pointcloud_publisher/lib/python3.8/site-packages:/home/jakeluo/Software/ros2_rolling/build/examples_rclpy_minimal_subscriber:/home/jakeluo/Software/ros2_rolling/install/examples_rclpy_minimal_subscriber/lib/python3.8/site-packages:/home/jakeluo/Software/ros2_rolling/build/examples_rclpy_minimal_service:/home/jakeluo/Software/ros2_rolling/install/examples_rclpy_minimal_service/lib/python3.8/site-packages:/home/jakeluo/Software/ros2_rolling/build/examples_rclpy_minimal_publisher:/home/jakeluo/Software/ros2_rolling/install/examples_rclpy_minimal_publisher/lib/python3.8/site-packages:/home/jakeluo/Software/ros2_rolling/build/examples_rclpy_minimal_client:/home/jakeluo/Software/ros2_rolling/install/examples_rclpy_minimal_client/lib/python3.8/site-packages:/home/jakeluo/Software/ros2_rolling/build/examples_rclpy_minimal_action_server:/home/jakeluo/Software/ros2_rolling/install/examples_rclpy_minimal_action_server/lib/python3.8/site-packages:/home/jakeluo/Software/ros2_rolling/build/examples_rclpy_minimal_action_client:/home/jakeluo/Software/ros2_rolling/install/examples_rclpy_minimal_action_client/lib/python3.8/site-packages:/home/jakeluo/Software/ros2_rolling/build/examples_rclpy_guard_conditions:/home/jakeluo/Software/ros2_rolling/install/examples_rclpy_guard_conditions/lib/python3.8/site-packages:/home/jakeluo/Software/ros2_rolling/build/examples_rclpy_executors:/home/jakeluo/Software/ros2_rolling/install/examples_rclpy_executors/lib/python3.8/site-packages:/home/jakeluo/Software/ros2_rolling/build/demo_nodes_py:/home/jakeluo/Software/ros2_rolling/install/demo_nodes_py/lib/python3.8/site-packages:/home/jakeluo/Software/ros2_rolling/build/action_tutorials_py:/home/jakeluo/Software/ros2_rolling/install/action_tutorials_py/lib/python3.8/site-packages:/home/jakeluo/Software/ros2_rolling/install/rclpy/lib/python3.8/site-packages:/home/jakeluo/Software/ros2_rolling/install/example_interfaces/lib/python3.8/site-packages:/home/jakeluo/Software/ros2_rolling/install/action_tutorials_interfaces/lib/python3.8/site-packages:/home/jakeluo/Software/ros2_rolling/install/action_msgs/lib/python3.8/site-packages:/home/jakeluo/Software/ros2_rolling/install/unique_identifier_msgs/lib/python3.8/site-packages:/home/jakeluo/Software/ros2_rolling/build/ament_uncrustify:/home/jakeluo/Software/ros2_rolling/install/ament_uncrustify/lib/python3.8/site-packages:/home/jakeluo/Software/ros2_rolling/install/trajectory_msgs/lib/python3.8/site-packages:/home/jakeluo/Software/ros2_rolling/build/tracetools_trace:/home/jakeluo/Software/ros2_rolling/install/tracetools_trace/lib/python3.8/site-packages:/home/jakeluo/Software/ros2_rolling/build/tracetools_read:/home/jakeluo/Software/ros2_rolling/install/tracetools_read/lib/python3.8/site-packages:/home/jakeluo/Software/ros2_rolling/install/logging_demo/lib/python3.8/site-packages:/home/jakeluo/Software/ros2_rolling/install/libstatistics_collector/lib/python3.8/site-packages:/home/jakeluo/Software/ros2_rolling/install/qt_gui_cpp/lib/python3.8/site-packages:/home/jakeluo/Software/ros2_rolling/build/test_launch_ros:/home/jakeluo/Software/ros2_rolling/install/test_launch_ros/lib/python3.8/site-packages:/home/jakeluo/Software/ros2_rolling/install/qt_gui/lib/python3.8/site-packages:/home/jakeluo/Software/ros2_rolling/install/stereo_msgs/lib/python3.8/site-packages:/home/jakeluo/Software/ros2_rolling/install/std_srvs/lib/python3.8/site-packages:/home/jakeluo/Software/ros2_rolling/install/shape_msgs/lib/python3.8/site-packages:/home/jakeluo/Software/ros2_rolling/build/sensor_msgs_py:/home/jakeluo/Software/ros2_rolling/install/sensor_msgs_py/lib/python3.8/site-packages:/home/jakeluo/Software/ros2_rolling/install/map_msgs/lib/python3.8/site-packages:/home/jakeluo/Software/ros2_rolling/install/sensor_msgs/lib/python3.8/site-packages:/home/jakeluo/Software/ros2_rolling/install/nav_msgs/lib/python3.8/site-packages:/home/jakeluo/Software/ros2_rolling/install/diagnostic_msgs/lib/python3.8/site-packages:/home/jakeluo/Software/ros2_rolling/install/geometry_msgs/lib/python3.8/site-packages:/home/jakeluo/Software/ros2_rolling/install/actionlib_msgs/lib/python3.8/site-packages:/home/jakeluo/Software/ros2_rolling/install/std_msgs/lib/python3.8/site-packages:/home/jakeluo/Software/ros2_rolling/install/statistics_msgs/lib/python3.8/site-packages:/home/jakeluo/Software/ros2_rolling/install/rosgraph_msgs/lib/python3.8/site-packages:/home/jakeluo/Software/ros2_rolling/install/rosbag2_interfaces/lib/python3.8/site-packages:/home/jakeluo/Software/ros2_rolling/install/rmw_dds_common/lib/python3.8/site-packages:/home/jakeluo/Software/ros2_rolling/install/composition_interfaces/lib/python3.8/site-packages:/home/jakeluo/Software/ros2_rolling/install/rcl_interfaces/lib/python3.8/site-packages:/home/jakeluo/Software/ros2_rolling/install/pendulum_msgs/lib/python3.8/site-packages:/home/jakeluo/Software/ros2_rolling/install/lifecycle_msgs/lib/python3.8/site-packages:/home/jakeluo/Software/ros2_rolling/install/builtin_interfaces/lib/python3.8/site-packages:/home/jakeluo/Software/ros2_rolling/install/rosidl_generator_py/lib/python3.8/site-packages:/home/jakeluo/Software/ros2_rolling/build/rpyutils:/home/jakeluo/Software/ros2_rolling/install/rpyutils/lib/python3.8/site-packages:/home/jakeluo/Software/ros2_rolling/install/rosidl_typesupport_cpp/lib/python3.8/site-packages:/home/jakeluo/Software/ros2_rolling/install/rosidl_typesupport_introspection_cpp/lib/python3.8/site-packages:/home/jakeluo/Software/ros2_rolling/install/rosidl_typesupport_c/lib/python3.8/site-packages:/home/jakeluo/Software/ros2_rolling/install/rosidl_typesupport_introspection_c/lib/python3.8/site-packages:/home/jakeluo/Software/ros2_rolling/install/rosidl_typesupport_fastrtps_c/lib/python3.8/site-packages:/home/jakeluo/Software/ros2_rolling/install/rosidl_typesupport_fastrtps_cpp/lib/python3.8/site-packages:/home/jakeluo/Software/ros2_rolling/install/rosidl_generator_cpp/lib/python3.8/site-packages:/home/jakeluo/Software/ros2_rolling/install/rosidl_generator_c/lib/python3.8/site-packages:/home/jakeluo/Software/ros2_rolling/build/rosidl_runtime_py:/home/jakeluo/Software/ros2_rolling/install/rosidl_runtime_py/lib/python3.8/site-packages:/home/jakeluo/Software/ros2_rolling/install/rosidl_generator_dds_idl/lib/python3.8/site-packages:/home/jakeluo/Software/ros2_rolling/install/rosidl_cmake/lib/python3.8/site-packages:/home/jakeluo/Software/ros2_rolling/install/rosidl_parser/lib/python3.8/site-packages:/home/jakeluo/Software/ros2_rolling/install/rosidl_adapter/lib/python3.8/site-packages:/home/jakeluo/Software/ros2_rolling/build/rosidl_cli:/home/jakeluo/Software/ros2_rolling/install/rosidl_cli/lib/python3.8/site-packages:/home/jakeluo/Software/ros2_rolling/install/resource_retriever/lib/python3.8/site-packages:/home/jakeluo/Software/ros2_rolling/install/rcutils/lib/python3.8/site-packages:/home/jakeluo/Software/ros2_rolling/install/qt_gui_py_common/lib/python3.8/site-packages:/home/jakeluo/Software/ros2_rolling/install/qt_dotgraph/lib/python3.8/site-packages:/home/jakeluo/Software/ros2_rolling/install/python_qt_binding/lib/python3.8/site-packages:/home/jakeluo/Software/ros2_rolling/build/launch_yaml:/home/jakeluo/Software/ros2_rolling/install/launch_yaml/lib/python3.8/site-packages:/home/jakeluo/Software/ros2_rolling/build/launch_xml:/home/jakeluo/Software/ros2_rolling/install/launch_xml/lib/python3.8/site-packages:/home/jakeluo/Software/ros2_rolling/build/launch_testing:/home/jakeluo/Software/ros2_rolling/install/launch_testing/lib/python3.8/site-packages:/home/jakeluo/Software/ros2_rolling/build/launch:/home/jakeluo/Software/ros2_rolling/install/launch/lib/python3.8/site-packages:/home/jakeluo/Software/ros2_rolling/build/osrf_pycommon:/home/jakeluo/Software/ros2_rolling/install/osrf_pycommon/lib/python3.8/site-packages:/home/jakeluo/Software/ros2_rolling/install/ament_cmake_google_benchmark/lib/python3.8/site-packages:/home/jakeluo/Software/ros2_rolling/build/domain_coordinator:/home/jakeluo/Software/ros2_rolling/install/domain_coordinator/lib/python3.8/site-packages:/home/jakeluo/Software/ros2_rolling/build/ament_xmllint:/home/jakeluo/Software/ros2_rolling/install/ament_xmllint/lib/python3.8/site-packages:/home/jakeluo/Software/ros2_rolling/build/ament_pyflakes:/home/jakeluo/Software/ros2_rolling/install/ament_pyflakes/lib/python3.8/site-packages:/home/jakeluo/Software/ros2_rolling/build/ament_pycodestyle:/home/jakeluo/Software/ros2_rolling/install/ament_pycodestyle/lib/python3.8/site-packages:/home/jakeluo/Software/ros2_rolling/build/ament_pep257:/home/jakeluo/Software/ros2_rolling/install/ament_pep257/lib/python3.8/site-packages:/home/jakeluo/Software/ros2_rolling/build/ament_pclint:/home/jakeluo/Software/ros2_rolling/install/ament_pclint/lib/python3.8/site-packages:/home/jakeluo/Software/ros2_rolling/install/ament_cmake_test/lib/python3.8/site-packages:/home/jakeluo/Software/ros2_rolling/build/ament_package:/home/jakeluo/Software/ros2_rolling/install/ament_package/lib/python3.8/site-packages:/home/jakeluo/Software/ros2_rolling/build/ament_mypy:/home/jakeluo/Software/ros2_rolling/install/ament_mypy/lib/python3.8/site-packages:/home/jakeluo/Software/ros2_rolling/build/ament_lint_cmake:/home/jakeluo/Software/ros2_rolling/install/ament_lint_cmake/lib/python3.8/site-packages:/home/jakeluo/Software/ros2_rolling/build/ament_flake8:/home/jakeluo/Software/ros2_rolling/install/ament_flake8/lib/python3.8/site-packages:/home/jakeluo/Software/ros2_rolling/build/ament_copyright:/home/jakeluo/Software/ros2_rolling/install/ament_copyright/lib/python3.8/site-packages:/home/jakeluo/Software/ros2_rolling/build/ament_lint:/home/jakeluo/Software/ros2_rolling/install/ament_lint/lib/python3.8/site-packages:/home/jakeluo/Software/ros2_rolling/build/ament_index_python:/home/jakeluo/Software/ros2_rolling/install/ament_index_python/lib/python3.8/site-packages:/home/jakeluo/Software/ros2_rolling/build/ament_cpplint:/home/jakeluo/Software/ros2_rolling/install/ament_cpplint/lib/python3.8/site-packages:/home/jakeluo/Software/ros2_rolling/build/ament_cppcheck:/home/jakeluo/Software/ros2_rolling/install/ament_cppcheck/lib/python3.8/site-packages:/home/jakeluo/Software/ros2_rolling/build/ament_clang_tidy:/home/jakeluo/Software/ros2_rolling/install/ament_clang_tidy/lib/python3.8/site-packages:/home/jakeluo/Software/ros2_rolling/build/ament_clang_format:/home/jakeluo/Software/ros2_rolling/install/ament_clang_format/lib/python3.8/site-packages /usr/bin/cmake --build /home/jakeluo/Documents/MonitoringSystemRos2/src/build/qt -- -j12 -l12
