[35m[1mScanning dependencies of target test1[0m
[ 50%] [32mBuilding CXX object CMakeFiles/test1.dir/src/test1.cpp.o[0m
In file included from [01m[K/home/jakeluo/Documents/MonitoringSystemRos2/src/test1/src/test1.cpp:6[m[K:
/usr/include/c++/9/thread: In instantiation of â€˜[01m[Kstd::thread::thread(_Callable&&, _Args&& ...) [with _Callable = void (&)(int&); _Args = {int&}; <template-parameter-1-3> = void][m[Kâ€™:
[01m[K/home/jakeluo/Documents/MonitoringSystemRos2/src/test1/src/test1.cpp:59:51:[m[K   required from here
[01m[K/usr/include/c++/9/thread:120:44:[m[K [01;31m[Kerror: [m[Kstatic assertion failed: std::thread arguments must be invocable after conversion to rvalues
  120 |           typename decay<_Args>::type...>::[01;31m[Kvalue[m[K,
      |                                            [01;31m[K^~~~~[m[K
/usr/include/c++/9/thread: In instantiation of â€˜[01m[Kstruct std::thread::_Invoker<std::tuple<void (*)(int&), int> >[m[Kâ€™:
[01m[K/usr/include/c++/9/thread:131:22:[m[K   required from â€˜[01m[Kstd::thread::thread(_Callable&&, _Args&& ...) [with _Callable = void (&)(int&); _Args = {int&}; <template-parameter-1-3> = void][m[Kâ€™
[01m[K/home/jakeluo/Documents/MonitoringSystemRos2/src/test1/src/test1.cpp:59:51:[m[K   required from here
[01m[K/usr/include/c++/9/thread:243:4:[m[K [01;31m[Kerror: [m[Kno type named â€˜[01m[Ktype[m[Kâ€™ in â€˜[01m[Kstruct std::thread::_Invoker<std::tuple<void (*)(int&), int> >::__result<std::tuple<void (*)(int&), int> >[m[Kâ€™
  243 |    [01;31m[K_M_invoke[m[K(_Index_tuple<_Ind...>)
      |    [01;31m[K^~~~~~~~~[m[K
[01m[K/usr/include/c++/9/thread:247:2:[m[K [01;31m[Kerror: [m[Kno type named â€˜[01m[Ktype[m[Kâ€™ in â€˜[01m[Kstruct std::thread::_Invoker<std::tuple<void (*)(int&), int> >::__result<std::tuple<void (*)(int&), int> >[m[Kâ€™
  247 |  [01;31m[Koperator[m[K()()
      |  [01;31m[K^~~~~~~~[m[K
make[2]: *** [CMakeFiles/test1.dir/build.make:63ï¼šCMakeFiles/test1.dir/src/test1.cpp.o] é”™è¯¯ 1
make[1]: *** [CMakeFiles/Makefile2:78ï¼šCMakeFiles/test1.dir/all] é”™è¯¯ 2
make: *** [Makefile:141ï¼šall] é”™è¯¯ 2
