-- The C compiler identification is GNU 9.3.0
-- The CXX compiler identification is GNU 9.3.0
-- Check for working C compiler: /usr/bin/cc
-- Check for working C compiler: /usr/bin/cc -- works
-- Detecting C compiler ABI info
-- Detecting C compiler ABI info - done
-- Detecting C compile features
-- Detecting C compile features - done
-- Check for working CXX compiler: /usr/bin/c++
-- Check for working CXX compiler: /usr/bin/c++ -- works
-- Detecting CXX compiler ABI info
-- Detecting CXX compiler ABI info - done
-- Detecting CXX compile features
-- Detecting CXX compile features - done
-- Found ament_cmake: 1.1.4 (/home/jakeluo/Software/ros2_rolling/install/ament_cmake/share/ament_cmake/cmake)
-- Found Python3: /usr/bin/python3.8 (found version "3.8.10") found components: Interpreter 
-- Found ament_lint_auto: 0.11.2 (/home/jakeluo/Software/ros2_rolling/install/ament_lint_auto/share/ament_lint_auto/cmake)
-- Added test 'copyright' to check source files copyright and LICENSE
-- Added test 'cppcheck' to perform static code analysis on C / C++ code
-- Configured cppcheck include dirs: $<BUILD_INTERFACE:/home/jakeluo/Documents/MonitoringSystemRos2/src/test1/include>
-- Configured cppcheck exclude dirs and/or files: 
-- Added test 'cpplint' to check C / C++ code against the Google style
-- Configured cpplint exclude dirs and/or files: 
-- Added test 'lint_cmake' to check CMake code style
-- Added test 'uncrustify' to check C / C++ code style
-- Configured uncrustify additional arguments: 
-- Added test 'xmllint' to check XML markup files
-- Configuring done
-- Generating done
-- Build files have been written to: /home/jakeluo/Documents/MonitoringSystemRos2/build/test1
[35m[1mScanning dependencies of target test1[0m
[ 50%] [32mBuilding CXX object CMakeFiles/test1.dir/src/test1.cpp.o[0m
[01m[K/home/jakeluo/Documents/MonitoringSystemRos2/src/test1/src/test1.cpp:[m[K In function â€˜[01m[Kvoid handle_udp_msg(int)[m[Kâ€™:
[01m[K/home/jakeluo/Documents/MonitoringSystemRos2/src/test1/src/test1.cpp:17:5:[m[K [01;31m[Kerror: [m[Kâ€˜[01m[Kmemset[m[Kâ€™ was not declared in this scope
   17 |     [01;31m[Kmemset[m[K(buf, 0, BUF_LEN);
      |     [01;31m[K^~~~~~[m[K
[01m[K/home/jakeluo/Documents/MonitoringSystemRos2/src/test1/src/test1.cpp:6:1:[m[K [01;36m[Knote: [m[Kâ€˜[01m[Kmemset[m[Kâ€™ is defined in header â€˜[01m[K<cstring>[m[Kâ€™; did you forget to â€˜[01m[K#include <cstring>[m[Kâ€™?
    5 | #include <string>
  +++ |+[32m[K#include <cstring>[m[K
    6 | 
[01m[K/home/jakeluo/Documents/MonitoringSystemRos2/src/test1/src/test1.cpp:13:7:[m[K [01;35m[Kwarning: [m[Kunused variable â€˜[01m[Kcount[m[Kâ€™ [[01;35m[K-Wunused-variable[m[K]
   13 |   int [01;35m[Kcount[m[K;
      |       [01;35m[K^~~~~[m[K
[01m[K/home/jakeluo/Documents/MonitoringSystemRos2/src/test1/src/test1.cpp:9:25:[m[K [01;35m[Kwarning: [m[Kunused parameter â€˜[01m[Kfd[m[Kâ€™ [[01;35m[K-Wunused-parameter[m[K]
    9 | void handle_udp_msg([01;35m[Kint fd[m[K)
      |                     [01;35m[K~~~~^~[m[K
make[2]: *** [CMakeFiles/test1.dir/build.make:63ï¼šCMakeFiles/test1.dir/src/test1.cpp.o] é”™è¯¯ 1
make[1]: *** [CMakeFiles/Makefile2:78ï¼šCMakeFiles/test1.dir/all] é”™è¯¯ 2
make: *** [Makefile:141ï¼šall] é”™è¯¯ 2
