[ 11%] [34m[1mAutomatic MOC and UIC for target gui[0m
[ 11%] Built target gui_autogen
[ 22%] [34m[1mGenerating include/qt/moc_mainwindow.cpp[0m
[35m[1mScanning dependencies of target gui[0m
[ 33%] [32mBuilding CXX object CMakeFiles/gui.dir/src/main.cpp.o[0m
[ 44%] [32mBuilding CXX object CMakeFiles/gui.dir/src/mainwindow.cpp.o[0m
[ 55%] [32mBuilding CXX object CMakeFiles/gui.dir/include/qt/moc_mainwindow.cpp.o[0m
In file included from [01m[K/home/jakeluo/Documents/MonitoringSystemRos2/src/build/qt/include/qt/moc_mainwindow.cpp:9[m[K:
[01m[K/home/jakeluo/Documents/MonitoringSystemRos2/src/build/qt/include/qt/../../../../qt/include/qt/mainwindow.h:3:[m[K [01;35m[Kwarning: [m[Kignoring #pragma   [[01;35m[K-Wunknown-pragmas[m[K]
    3 | #pragma
      | 
In file included from [01m[K/home/jakeluo/Documents/MonitoringSystemRos2/src/qt/src/mainwindow.cpp:1[m[K:
[01m[K/home/jakeluo/Documents/MonitoringSystemRos2/src/qt/include/qt/mainwindow.h:3:[m[K [01;35m[Kwarning: [m[Kignoring #pragma   [[01;35m[K-Wunknown-pragmas[m[K]
    3 | #pragma
      | 
In file included from [01m[K/home/jakeluo/Documents/MonitoringSystemRos2/src/qt/src/main.cpp:1[m[K:
[01m[K/home/jakeluo/Documents/MonitoringSystemRos2/src/qt/include/qt/mainwindow.h:3:[m[K [01;35m[Kwarning: [m[Kignoring #pragma   [[01;35m[K-Wunknown-pragmas[m[K]
    3 | #pragma
      | 
In file included from [01m[K/home/jakeluo/Documents/MonitoringSystemRos2/src/qt/include/qt/mainwindow.h:38[m[K,
                 from [01m[K/home/jakeluo/Documents/MonitoringSystemRos2/src/qt/src/mainwindow.cpp:1[m[K:
[01m[K/home/jakeluo/Documents/MonitoringSystemRos2/src/qt/include/CameraAndPhyPointTransformer.h:1:[m[K [01;35m[Kwarning: [m[Kignoring #pragma   [[01;35m[K-Wunknown-pragmas[m[K]
    1 | #pragma
      | 
In file included from [01m[K/home/jakeluo/Documents/MonitoringSystemRos2/src/build/qt/include/qt/../../../../qt/include/qt/mainwindow.h:38[m[K,
                 from [01m[K/home/jakeluo/Documents/MonitoringSystemRos2/src/build/qt/include/qt/moc_mainwindow.cpp:9[m[K:
[01m[K/home/jakeluo/Documents/MonitoringSystemRos2/src/qt/include/CameraAndPhyPointTransformer.h:1:[m[K [01;35m[Kwarning: [m[Kignoring #pragma   [[01;35m[K-Wunknown-pragmas[m[K]
    1 | #pragma
      | 
In file included from [01m[K/home/jakeluo/Documents/MonitoringSystemRos2/src/qt/include/qt/mainwindow.h:38[m[K,
                 from [01m[K/home/jakeluo/Documents/MonitoringSystemRos2/src/qt/src/main.cpp:1[m[K:
[01m[K/home/jakeluo/Documents/MonitoringSystemRos2/src/qt/include/CameraAndPhyPointTransformer.h:1:[m[K [01;35m[Kwarning: [m[Kignoring #pragma   [[01;35m[K-Wunknown-pragmas[m[K]
    1 | #pragma
      | 
[01m[K/home/jakeluo/Documents/MonitoringSystemRos2/src/qt/src/mainwindow.cpp:[m[K In member function â€˜[01m[Kvoid MainWindow::feedback_callback(rclcpp_action::ClientGoalHandle<droneinterfaces::action::GoPoint>::SharedPtr, std::shared_ptr<const droneinterfaces::action::GoPoint_Feedback_<std::allocator<void> > >)[m[Kâ€™:
[01m[K/home/jakeluo/Documents/MonitoringSystemRos2/src/qt/src/mainwindow.cpp:550:77:[m[K [01;35m[Kwarning: [m[Kunused parameter â€˜[01m[Kfeedback[m[Kâ€™ [[01;35m[K-Wunused-parameter[m[K]
  550 |     [01;35m[Kconst std::shared_ptr<const droneinterfaces::action::GoPoint::Feedback> feedback[m[K)
      |     [01;35m[K~~~~~~~~~~~~~~~~~~~~~~~~~~~~~~~~~~~~~~~~~~~~~~~~~~~~~~~~~~~~~~~~~~~~~~~~^~~~~~~~[m[K
[01m[K/home/jakeluo/Documents/MonitoringSystemRos2/src/qt/src/mainwindow.cpp:[m[K In member function â€˜[01m[Kvoid MainWindow::positionCallback1(droneinterfaces::msg::PositionArray_<std::allocator<void> >::SharedPtr)[m[Kâ€™:
[01m[K/home/jakeluo/Documents/MonitoringSystemRos2/src/qt/src/mainwindow.cpp:630:17:[m[K [01;31m[Kerror: [m[Kâ€˜[01m[KEigen::Matrix4f[m[Kâ€™ {aka â€˜[01m[Kclass Eigen::Matrix<float, 4, 4>[m[Kâ€™} has no member named â€˜[01m[Kdate[m[Kâ€™; did you mean â€˜[01m[Kdata[m[Kâ€™?
  630 |     memcpy(TCW1.[01;31m[Kdate[m[K(), msg->tcw.data(), 56);
      |                 [01;31m[K^~~~[m[K
      |                 [32m[Kdata[m[K
[01m[K/home/jakeluo/Documents/MonitoringSystemRos2/src/qt/src/mainwindow.cpp:632:26:[m[K [01;31m[Kerror: [m[Kclass template argument deduction failed:
  632 |     std::array(float, 4UL[01;31m[K)[m[K tmp = {1200.f, 0.f, 1800.f, 1.f};
      |                          [01;31m[K^[m[K
[01m[K/home/jakeluo/Documents/MonitoringSystemRos2/src/qt/src/mainwindow.cpp:632:26:[m[K [01;31m[Kerror: [m[Kno matching function for call to â€˜[01m[Karray()[m[Kâ€™
In file included from [01m[K/usr/include/c++/9/tuple:39[m[K,
                 from [01m[K/usr/include/c++/9/functional:54[m[K,
                 from [01m[K/usr/include/c++/9/pstl/glue_algorithm_defs.h:13[m[K,
                 from [01m[K/usr/include/c++/9/algorithm:71[m[K,
                 from [01m[K/usr/include/x86_64-linux-gnu/qt5/QtCore/qglobal.h:142[m[K,
                 from [01m[K/usr/include/x86_64-linux-gnu/qt5/QtGui/qtguiglobal.h:43[m[K,
                 from [01m[K/usr/include/x86_64-linux-gnu/qt5/QtWidgets/qtwidgetsglobal.h:43[m[K,
                 from [01m[K/usr/include/x86_64-linux-gnu/qt5/QtWidgets/qmainwindow.h:43[m[K,
                 from [01m[K/usr/include/x86_64-linux-gnu/qt5/QtWidgets/QMainWindow:1[m[K,
                 from [01m[K/home/jakeluo/Documents/MonitoringSystemRos2/src/qt/include/qt/mainwindow.h:5[m[K,
                 from [01m[K/home/jakeluo/Documents/MonitoringSystemRos2/src/qt/src/mainwindow.cpp:1[m[K:
[01m[K/usr/include/c++/9/array:244:5:[m[K [01;36m[Knote: [m[Kcandidate: â€˜[01m[Ktemplate<class _Tp, class ... _Up> std::array(_Tp, _Up ...)-> std::array<typename std::enable_if<(is_same_v<_Tp, _Up> && ...), _Tp>::type, (1 + sizeof... (_Up))>[m[Kâ€™
  244 |     [01;36m[Karray[m[K(_Tp, _Up...)
      |     [01;36m[K^~~~~[m[K
[01m[K/usr/include/c++/9/array:244:5:[m[K [01;36m[Knote: [m[K  template argument deduction/substitution failed:
[01m[K/home/jakeluo/Documents/MonitoringSystemRos2/src/qt/src/mainwindow.cpp:632:26:[m[K [01;36m[Knote: [m[K  candidate expects at least 1 argument, 0 provided
  632 |     std::array(float, 4UL[01;36m[K)[m[K tmp = {1200.f, 0.f, 1800.f, 1.f};
      |                          [01;36m[K^[m[K
[01m[K/home/jakeluo/Documents/MonitoringSystemRos2/src/qt/src/mainwindow.cpp:632:26:[m[K [01;31m[Kerror: [m[Kexpression list treated as compound expression in functional cast [[01;31m[K-fpermissive[m[K]
[01m[K/home/jakeluo/Documents/MonitoringSystemRos2/src/qt/src/mainwindow.cpp:632:15:[m[K [01;31m[Kerror: [m[Kmissing template arguments before â€˜[01m[K([m[Kâ€™ token
  632 |     std::array[01;31m[K([m[Kfloat, 4UL) tmp = {1200.f, 0.f, 1800.f, 1.f};
      |               [01;31m[K^[m[K
[01m[K/home/jakeluo/Documents/MonitoringSystemRos2/src/qt/src/mainwindow.cpp:632:16:[m[K [01;31m[Kerror: [m[Kexpected primary-expression before â€˜[01m[Kfloat[m[Kâ€™
  632 |     std::array([01;31m[Kfloat[m[K, 4UL) tmp = {1200.f, 0.f, 1800.f, 1.f};
      |                [01;31m[K^~~~~[m[K
[01m[K/home/jakeluo/Documents/MonitoringSystemRos2/src/qt/src/mainwindow.cpp:633:50:[m[K [01;31m[Kerror: [m[Kâ€˜[01m[Ktmp[m[Kâ€™ was not declared in this scope; did you mean â€˜[01m[Ktm[m[Kâ€™?
  633 |     auto result = targetPosition->getCameraPoint([01;31m[Ktmp[m[K);
      |                                                  [01;31m[K^~~[m[K
      |                                                  [32m[Ktm[m[K
[01m[K/home/jakeluo/Documents/MonitoringSystemRos2/src/qt/src/mainwindow.cpp:634:59:[m[K [01;31m[Kerror: [m[Kexpected primary-expression before â€˜[01m[K,[m[Kâ€™ token
  634 |     std::cout<<"camera point:"<<result[0]<<" "<<result[1]<[01;31m[K,[m[Kstd::endl;
      |                                                           [01;31m[K^[m[K
[01m[K/home/jakeluo/Documents/MonitoringSystemRos2/src/qt/src/mainwindow.cpp:[m[K In member function â€˜[01m[Kvoid MainWindow::positionCallback2(droneinterfaces::msg::PositionArray_<std::allocator<void> >::SharedPtr)[m[Kâ€™:
[01m[K/home/jakeluo/Documents/MonitoringSystemRos2/src/qt/src/mainwindow.cpp:644:17:[m[K [01;31m[Kerror: [m[Kâ€˜[01m[KEigen::Matrix4f[m[Kâ€™ {aka â€˜[01m[Kclass Eigen::Matrix<float, 4, 4>[m[Kâ€™} has no member named â€˜[01m[Kdate[m[Kâ€™; did you mean â€˜[01m[Kdata[m[Kâ€™?
  644 |     memcpy(TCW2.[01;31m[Kdate[m[K(), msg->tcw.data(), 56);
      |                 [01;31m[K^~~~[m[K
      |                 [32m[Kdata[m[K
[01m[K/home/jakeluo/Documents/MonitoringSystemRos2/src/qt/src/mainwindow.cpp:646:26:[m[K [01;31m[Kerror: [m[Kclass template argument deduction failed:
  646 |     std::array(float, 4UL[01;31m[K)[m[K tmp = {1200.f, 0.f, 1800.f, 1.f};
      |                          [01;31m[K^[m[K
[01m[K/home/jakeluo/Documents/MonitoringSystemRos2/src/qt/src/mainwindow.cpp:646:26:[m[K [01;31m[Kerror: [m[Kno matching function for call to â€˜[01m[Karray()[m[Kâ€™
In file included from [01m[K/usr/include/c++/9/tuple:39[m[K,
                 from [01m[K/usr/include/c++/9/functional:54[m[K,
                 from [01m[K/usr/include/c++/9/pstl/glue_algorithm_defs.h:13[m[K,
                 from [01m[K/usr/include/c++/9/algorithm:71[m[K,
                 from [01m[K/usr/include/x86_64-linux-gnu/qt5/QtCore/qglobal.h:142[m[K,
                 from [01m[K/usr/include/x86_64-linux-gnu/qt5/QtGui/qtguiglobal.h:43[m[K,
                 from [01m[K/usr/include/x86_64-linux-gnu/qt5/QtWidgets/qtwidgetsglobal.h:43[m[K,
                 from [01m[K/usr/include/x86_64-linux-gnu/qt5/QtWidgets/qmainwindow.h:43[m[K,
                 from [01m[K/usr/include/x86_64-linux-gnu/qt5/QtWidgets/QMainWindow:1[m[K,
                 from [01m[K/home/jakeluo/Documents/MonitoringSystemRos2/src/qt/include/qt/mainwindow.h:5[m[K,
                 from [01m[K/home/jakeluo/Documents/MonitoringSystemRos2/src/qt/src/mainwindow.cpp:1[m[K:
[01m[K/usr/include/c++/9/array:244:5:[m[K [01;36m[Knote: [m[Kcandidate: â€˜[01m[Ktemplate<class _Tp, class ... _Up> std::array(_Tp, _Up ...)-> std::array<typename std::enable_if<(is_same_v<_Tp, _Up> && ...), _Tp>::type, (1 + sizeof... (_Up))>[m[Kâ€™
  244 |     [01;36m[Karray[m[K(_Tp, _Up...)
      |     [01;36m[K^~~~~[m[K
[01m[K/usr/include/c++/9/array:244:5:[m[K [01;36m[Knote: [m[K  template argument deduction/substitution failed:
[01m[K/home/jakeluo/Documents/MonitoringSystemRos2/src/qt/src/mainwindow.cpp:646:26:[m[K [01;36m[Knote: [m[K  candidate expects at least 1 argument, 0 provided
  646 |     std::array(float, 4UL[01;36m[K)[m[K tmp = {1200.f, 0.f, 1800.f, 1.f};
      |                          [01;36m[K^[m[K
[01m[K/home/jakeluo/Documents/MonitoringSystemRos2/src/qt/src/mainwindow.cpp:646:26:[m[K [01;31m[Kerror: [m[Kexpression list treated as compound expression in functional cast [[01;31m[K-fpermissive[m[K]
[01m[K/home/jakeluo/Documents/MonitoringSystemRos2/src/qt/src/mainwindow.cpp:646:15:[m[K [01;31m[Kerror: [m[Kmissing template arguments before â€˜[01m[K([m[Kâ€™ token
  646 |     std::array[01;31m[K([m[Kfloat, 4UL) tmp = {1200.f, 0.f, 1800.f, 1.f};
      |               [01;31m[K^[m[K
[01m[K/home/jakeluo/Documents/MonitoringSystemRos2/src/qt/src/mainwindow.cpp:646:16:[m[K [01;31m[Kerror: [m[Kexpected primary-expression before â€˜[01m[Kfloat[m[Kâ€™
  646 |     std::array([01;31m[Kfloat[m[K, 4UL) tmp = {1200.f, 0.f, 1800.f, 1.f};
      |                [01;31m[K^~~~~[m[K
[01m[K/home/jakeluo/Documents/MonitoringSystemRos2/src/qt/src/mainwindow.cpp:647:50:[m[K [01;31m[Kerror: [m[Kâ€˜[01m[Ktmp[m[Kâ€™ was not declared in this scope; did you mean â€˜[01m[Ktm[m[Kâ€™?
  647 |     auto result = targetPosition->getCameraPoint([01;31m[Ktmp[m[K);
      |                                                  [01;31m[K^~~[m[K
      |                                                  [32m[Ktm[m[K
[01m[K/home/jakeluo/Documents/MonitoringSystemRos2/src/qt/src/mainwindow.cpp:648:59:[m[K [01;31m[Kerror: [m[Kexpected primary-expression before â€˜[01m[K,[m[Kâ€™ token
  648 |     std::cout<<"camera point:"<<result[0]<<" "<<result[1]<[01;31m[K,[m[Kstd::endl;
      |                                                           [01;31m[K^[m[K
make[2]: *** [CMakeFiles/gui.dir/build.make:93ï¼šCMakeFiles/gui.dir/src/mainwindow.cpp.o] é”™è¯¯ 1
make[1]: *** [CMakeFiles/Makefile2:79ï¼šCMakeFiles/gui.dir/all] é”™è¯¯ 2
make: *** [Makefile:141ï¼šall] é”™è¯¯ 2
