[0.272s] Invoking command in '/home/jakeluo/Documents/MonitoringSystemRos2/src/build/qt': AMENT_PREFIX_PATH=/home/jakeluo/Documents/MonitoringSystemRos2/src/install/droneinterfaces CMAKE_PREFIX_PATH=/home/jakeluo/Documents/MonitoringSystemRos2/src/install/droneinterfaces LD_LIBRARY_PATH=/home/jakeluo/Documents/MonitoringSystemRos2/src/install/droneinterfaces/lib${LD_LIBRARY_PATH} PYTHONPATH=/home/jakeluo/Documents/MonitoringSystemRos2/src/install/droneinterfaces/lib/python3.8/site-packages /usr/bin/cmake --build /home/jakeluo/Documents/MonitoringSystemRos2/src/build/qt -- -j12 -l12
[0.296s] -- Found ament_cmake: 1.1.4 (/home/jakeluo/Software/ros2_rolling/install/ament_cmake/share/ament_cmake/cmake)
[0.510s] Traceback (most recent call last):
[0.510s]   File "/home/jakeluo/Software/ros2_rolling/install/ament_cmake_core/share/ament_cmake_core/cmake/package_templates/templates_2_cmake.py", line 21, in <module>
[0.510s]     from ament_package.templates import get_environment_hook_template_path
[0.510s] ModuleNotFoundError: No module named 'ament_package'
[0.531s] CMake Error at /home/jakeluo/Software/ros2_rolling/install/ament_cmake_core/share/ament_cmake_core/cmake/ament_cmake_package_templates-extras.cmake:41 (message):
[0.531s]   execute_process(/usr/bin/python3.8
[0.531s]   /home/jakeluo/Software/ros2_rolling/install/ament_cmake_core/share/ament_cmake_core/cmake/package_templates/templates_2_cmake.py
[0.531s]   /home/jakeluo/Documents/MonitoringSystemRos2/src/build/qt/ament_cmake_package_templates/templates.cmake)
[0.532s]   returned error code 1
[0.532s] Call Stack (most recent call first):
[0.532s]   /home/jakeluo/Software/ros2_rolling/install/ament_cmake_core/share/ament_cmake_core/cmake/ament_cmake_coreConfig.cmake:41 (include)
[0.532s]   /home/jakeluo/Software/ros2_rolling/install/ament_cmake/share/ament_cmake/cmake/ament_cmake_export_dependencies-extras.cmake:15 (find_package)
[0.532s]   /home/jakeluo/Software/ros2_rolling/install/ament_cmake/share/ament_cmake/cmake/ament_cmakeConfig.cmake:41 (include)
[0.532s]   CMakeLists.txt:11 (find_package)
[0.532s] 
[0.532s] 
[0.532s] -- Configuring incomplete, errors occurred!
[0.532s] See also "/home/jakeluo/Documents/MonitoringSystemRos2/src/build/qt/CMakeFiles/CMakeOutput.log".
[0.532s] See also "/home/jakeluo/Documents/MonitoringSystemRos2/src/build/qt/CMakeFiles/CMakeError.log".
[0.534s] make: *** [Makefile:370：cmake_check_build_system] 错误 1
[0.537s] Invoked command in '/home/jakeluo/Documents/MonitoringSystemRos2/src/build/qt' returned '2': AMENT_PREFIX_PATH=/home/jakeluo/Documents/MonitoringSystemRos2/src/install/droneinterfaces CMAKE_PREFIX_PATH=/home/jakeluo/Documents/MonitoringSystemRos2/src/install/droneinterfaces LD_LIBRARY_PATH=/home/jakeluo/Documents/MonitoringSystemRos2/src/install/droneinterfaces/lib${LD_LIBRARY_PATH} PYTHONPATH=/home/jakeluo/Documents/MonitoringSystemRos2/src/install/droneinterfaces/lib/python3.8/site-packages /usr/bin/cmake --build /home/jakeluo/Documents/MonitoringSystemRos2/src/build/qt -- -j12 -l12
