-- Found ament_cmake: 1.1.4 (/home/jakeluo/Software/ros2_rolling/install/ament_cmake/share/ament_cmake/cmake)
Traceback (most recent call last):
  File "/home/jakeluo/Software/ros2_rolling/install/ament_cmake_core/share/ament_cmake_core/cmake/package_templates/templates_2_cmake.py", line 21, in <module>
    from ament_package.templates import get_environment_hook_template_path
ModuleNotFoundError: No module named 'ament_package'
CMake Error at /home/jakeluo/Software/ros2_rolling/install/ament_cmake_core/share/ament_cmake_core/cmake/ament_cmake_package_templates-extras.cmake:41 (message):
  execute_process(/usr/bin/python3.8
  /home/jakeluo/Software/ros2_rolling/install/ament_cmake_core/share/ament_cmake_core/cmake/package_templates/templates_2_cmake.py
  /home/jakeluo/Documents/MonitoringSystemRos2/src/build/qt/ament_cmake_package_templates/templates.cmake)
  returned error code 1
Call Stack (most recent call first):
  /home/jakeluo/Software/ros2_rolling/install/ament_cmake_core/share/ament_cmake_core/cmake/ament_cmake_coreConfig.cmake:41 (include)
  /home/jakeluo/Software/ros2_rolling/install/ament_cmake/share/ament_cmake/cmake/ament_cmake_export_dependencies-extras.cmake:15 (find_package)
  /home/jakeluo/Software/ros2_rolling/install/ament_cmake/share/ament_cmake/cmake/ament_cmakeConfig.cmake:41 (include)
  CMakeLists.txt:11 (find_package)


-- Configuring incomplete, errors occurred!
See also "/home/jakeluo/Documents/MonitoringSystemRos2/src/build/qt/CMakeFiles/CMakeOutput.log".
See also "/home/jakeluo/Documents/MonitoringSystemRos2/src/build/qt/CMakeFiles/CMakeError.log".
make: *** [Makefile:430：cmake_check_build_system] 错误 1
